#! /usr/bin/vvp
:ivl_version "11.0 (stable)";
:ivl_delay_selection "TYPICAL";
:vpi_time_precision + 0;
:vpi_module "/usr/lib/x86_64-linux-gnu/ivl/system.vpi";
:vpi_module "/usr/lib/x86_64-linux-gnu/ivl/vhdl_sys.vpi";
:vpi_module "/usr/lib/x86_64-linux-gnu/ivl/vhdl_textio.vpi";
:vpi_module "/usr/lib/x86_64-linux-gnu/ivl/v2005_math.vpi";
:vpi_module "/usr/lib/x86_64-linux-gnu/ivl/va_math.vpi";
S_0x565104e7e3f0 .scope module, "tb_pc" "tb_pc" 2 2;
 .timescale 0 0;
v0x565104e9a890_0 .var "branch", 0 0;
v0x565104e9a980_0 .var "clk", 0 0;
v0x565104e9aa50_0 .var "pcbranch", 31 0;
v0x565104e9ab20_0 .var "pcupdate", 31 0;
v0x565104e9ac10_0 .net "pcupdated", 31 0, v0x565104e9a3d0_0;  1 drivers
v0x565104e9ad00_0 .var "reset", 0 0;
v0x565104e9ada0_0 .var "zero", 0 0;
S_0x565104e7e580 .scope module, "uut" "pc" 2 15, 3 10 0, S_0x565104e7e3f0;
 .timescale 0 0;
    .port_info 0 /INPUT 1 "clk";
    .port_info 1 /INPUT 1 "reset";
    .port_info 2 /INPUT 1 "branch";
    .port_info 3 /INPUT 1 "zero";
    .port_info 4 /INPUT 32 "pcbranch";
    .port_info 5 /INPUT 32 "pcupdate";
    .port_info 6 /OUTPUT 32 "pcupdated";
L_0x565104e9ae40 .functor AND 1, v0x565104e9a890_0, v0x565104e9ada0_0, C4<1>, C4<1>;
v0x565104e9a090_0 .net "branch", 0 0, v0x565104e9a890_0;  1 drivers
v0x565104e9a170_0 .net "clk", 0 0, v0x565104e9a980_0;  1 drivers
v0x565104e9a230_0 .net "pcbranch", 31 0, v0x565104e9aa50_0;  1 drivers
v0x565104e9a300_0 .net "pcupdate", 31 0, v0x565104e9ab20_0;  1 drivers
v0x565104e9a3d0_0 .var "pcupdated", 31 0;
v0x565104e9a4e0_0 .net "reset", 0 0, v0x565104e9ad00_0;  1 drivers
v0x565104e9a5a0_0 .net "select", 0 0, L_0x565104e9ae40;  1 drivers
v0x565104e9a640_0 .net "x", 31 0, L_0x565104e9afa0;  1 drivers
v0x565104e9a710_0 .net "zero", 0 0, v0x565104e9ada0_0;  1 drivers
E_0x565104e7dbc0 .event posedge, v0x565104e9a4e0_0, v0x565104e9a170_0;
S_0x565104e819e0 .scope module, "m1" "mux2" 3 24, 3 1 0, S_0x565104e7e580;
 .timescale 0 0;
    .port_info 0 /INPUT 32 "in0";
    .port_info 1 /INPUT 32 "in1";
    .port_info 2 /INPUT 1 "sel";
    .port_info 3 /OUTPUT 32 "out";
v0x565104e7e810_0 .net "in0", 31 0, v0x565104e9ab20_0;  alias, 1 drivers
v0x565104e99d80_0 .net "in1", 31 0, v0x565104e9aa50_0;  alias, 1 drivers
v0x565104e99e60_0 .net "out", 31 0, L_0x565104e9afa0;  alias, 1 drivers
v0x565104e99f20_0 .net "sel", 0 0, L_0x565104e9ae40;  alias, 1 drivers
L_0x565104e9afa0 .functor MUXZ 32, v0x565104e9ab20_0, v0x565104e9aa50_0, L_0x565104e9ae40, C4<>;
    .scope S_0x565104e7e580;
T_0 ;
    %wait E_0x565104e7dbc0;
    %load/vec4 v0x565104e9a4e0_0;
    %flag_set/vec4 8;
    %jmp/0xz  T_0.0, 8;
    %pushi/vec4 0, 0, 32;
    %assign/vec4 v0x565104e9a3d0_0, 0;
    %jmp T_0.1;
T_0.0 ;
    %load/vec4 v0x565104e9a640_0;
    %assign/vec4 v0x565104e9a3d0_0, 0;
T_0.1 ;
    %jmp T_0;
    .thread T_0;
    .scope S_0x565104e7e3f0;
T_1 ;
    %delay 5, 0;
    %load/vec4 v0x565104e9a980_0;
    %inv;
    %store/vec4 v0x565104e9a980_0, 0, 1;
    %jmp T_1;
    .thread T_1;
    .scope S_0x565104e7e3f0;
T_2 ;
    %pushi/vec4 0, 0, 1;
    %store/vec4 v0x565104e9a980_0, 0, 1;
    %pushi/vec4 0, 0, 1;
    %store/vec4 v0x565104e9ad00_0, 0, 1;
    %pushi/vec4 0, 0, 1;
    %store/vec4 v0x565104e9a890_0, 0, 1;
    %pushi/vec4 0, 0, 1;
    %store/vec4 v0x565104e9ada0_0, 0, 1;
    %pushi/vec4 4, 0, 32;
    %store/vec4 v0x565104e9aa50_0, 0, 32;
    %pushi/vec4 8, 0, 32;
    %store/vec4 v0x565104e9ab20_0, 0, 32;
    %delay 5, 0;
    %pushi/vec4 1, 0, 1;
    %store/vec4 v0x565104e9ad00_0, 0, 1;
    %delay 10, 0;
    %pushi/vec4 0, 0, 1;
    %store/vec4 v0x565104e9ad00_0, 0, 1;
    %delay 10, 0;
    %pushi/vec4 0, 0, 1;
    %store/vec4 v0x565104e9a890_0, 0, 1;
    %pushi/vec4 0, 0, 1;
    %store/vec4 v0x565104e9ada0_0, 0, 1;
    %delay 10, 0;
    %delay 10, 0;
    %pushi/vec4 1, 0, 1;
    %store/vec4 v0x565104e9a890_0, 0, 1;
    %pushi/vec4 1, 0, 1;
    %store/vec4 v0x565104e9ada0_0, 0, 1;
    %delay 10, 0;
    %delay 10, 0;
    %pushi/vec4 1, 0, 1;
    %store/vec4 v0x565104e9a890_0, 0, 1;
    %pushi/vec4 0, 0, 1;
    %store/vec4 v0x565104e9ada0_0, 0, 1;
    %delay 10, 0;
    %delay 10, 0;
    %pushi/vec4 1, 0, 1;
    %store/vec4 v0x565104e9ad00_0, 0, 1;
    %delay 10, 0;
    %pushi/vec4 0, 0, 1;
    %store/vec4 v0x565104e9ad00_0, 0, 1;
    %delay 10, 0;
    %vpi_call 2 63 "$finish" {0 0 0};
    %end;
    .thread T_2;
    .scope S_0x565104e7e3f0;
T_3 ;
    %vpi_call 2 68 "$monitor", "Time: %0t, Reset: %b, Branch: %b, Zero: %b, pcupdated: %h", $time, v0x565104e9ad00_0, v0x565104e9a890_0, v0x565104e9ada0_0, v0x565104e9ac10_0 {0 0 0};
    %end;
    .thread T_3;
# The file index is used to find the file name in the following table.
:file_names 4;
    "N/A";
    "<interactive>";
    "pc_tb.v";
    "./pc.v";
