#! /usr/bin/vvp
:ivl_version "11.0 (stable)";
:ivl_delay_selection "TYPICAL";
:vpi_time_precision + 0;
:vpi_module "/usr/lib/x86_64-linux-gnu/ivl/system.vpi";
:vpi_module "/usr/lib/x86_64-linux-gnu/ivl/vhdl_sys.vpi";
:vpi_module "/usr/lib/x86_64-linux-gnu/ivl/vhdl_textio.vpi";
:vpi_module "/usr/lib/x86_64-linux-gnu/ivl/v2005_math.vpi";
:vpi_module "/usr/lib/x86_64-linux-gnu/ivl/va_math.vpi";
S_0x55be411a6d90 .scope module, "instr_mem" "instr_mem" 2 1;
 .timescale 0 0;
    .port_info 0 /INPUT 32 "pc";
    .port_info 1 /OUTPUT 32 "instr";
    .port_info 2 /OUTPUT 32 "ifid_instr";
v0x55be411a87b0_0 .var "ifid_instr", 31 0;
v0x55be411a8ba0_0 .var "instr", 31 0;
v0x55be41211b00 .array "memory", 1023 0, 31 0;
o0x7f79654a9078 .functor BUFZ 32, C4<zzzzzzzzzzzzzzzzzzzzzzzzzzzzzzzz>; HiZ drive
v0x55be4121bbb0_0 .net "pc", 31 0, o0x7f79654a9078;  0 drivers
v0x55be41211b00_0 .array/port v0x55be41211b00, 0;
v0x55be41211b00_1 .array/port v0x55be41211b00, 1;
v0x55be41211b00_2 .array/port v0x55be41211b00, 2;
E_0x55be411e02a0/0 .event edge, v0x55be4121bbb0_0, v0x55be41211b00_0, v0x55be41211b00_1, v0x55be41211b00_2;
v0x55be41211b00_3 .array/port v0x55be41211b00, 3;
v0x55be41211b00_4 .array/port v0x55be41211b00, 4;
v0x55be41211b00_5 .array/port v0x55be41211b00, 5;
v0x55be41211b00_6 .array/port v0x55be41211b00, 6;
E_0x55be411e02a0/1 .event edge, v0x55be41211b00_3, v0x55be41211b00_4, v0x55be41211b00_5, v0x55be41211b00_6;
v0x55be41211b00_7 .array/port v0x55be41211b00, 7;
v0x55be41211b00_8 .array/port v0x55be41211b00, 8;
v0x55be41211b00_9 .array/port v0x55be41211b00, 9;
v0x55be41211b00_10 .array/port v0x55be41211b00, 10;
E_0x55be411e02a0/2 .event edge, v0x55be41211b00_7, v0x55be41211b00_8, v0x55be41211b00_9, v0x55be41211b00_10;
v0x55be41211b00_11 .array/port v0x55be41211b00, 11;
v0x55be41211b00_12 .array/port v0x55be41211b00, 12;
v0x55be41211b00_13 .array/port v0x55be41211b00, 13;
v0x55be41211b00_14 .array/port v0x55be41211b00, 14;
E_0x55be411e02a0/3 .event edge, v0x55be41211b00_11, v0x55be41211b00_12, v0x55be41211b00_13, v0x55be41211b00_14;
v0x55be41211b00_15 .array/port v0x55be41211b00, 15;
v0x55be41211b00_16 .array/port v0x55be41211b00, 16;
v0x55be41211b00_17 .array/port v0x55be41211b00, 17;
v0x55be41211b00_18 .array/port v0x55be41211b00, 18;
E_0x55be411e02a0/4 .event edge, v0x55be41211b00_15, v0x55be41211b00_16, v0x55be41211b00_17, v0x55be41211b00_18;
v0x55be41211b00_19 .array/port v0x55be41211b00, 19;
v0x55be41211b00_20 .array/port v0x55be41211b00, 20;
v0x55be41211b00_21 .array/port v0x55be41211b00, 21;
v0x55be41211b00_22 .array/port v0x55be41211b00, 22;
E_0x55be411e02a0/5 .event edge, v0x55be41211b00_19, v0x55be41211b00_20, v0x55be41211b00_21, v0x55be41211b00_22;
v0x55be41211b00_23 .array/port v0x55be41211b00, 23;
v0x55be41211b00_24 .array/port v0x55be41211b00, 24;
v0x55be41211b00_25 .array/port v0x55be41211b00, 25;
v0x55be41211b00_26 .array/port v0x55be41211b00, 26;
E_0x55be411e02a0/6 .event edge, v0x55be41211b00_23, v0x55be41211b00_24, v0x55be41211b00_25, v0x55be41211b00_26;
v0x55be41211b00_27 .array/port v0x55be41211b00, 27;
v0x55be41211b00_28 .array/port v0x55be41211b00, 28;
v0x55be41211b00_29 .array/port v0x55be41211b00, 29;
v0x55be41211b00_30 .array/port v0x55be41211b00, 30;
E_0x55be411e02a0/7 .event edge, v0x55be41211b00_27, v0x55be41211b00_28, v0x55be41211b00_29, v0x55be41211b00_30;
v0x55be41211b00_31 .array/port v0x55be41211b00, 31;
v0x55be41211b00_32 .array/port v0x55be41211b00, 32;
v0x55be41211b00_33 .array/port v0x55be41211b00, 33;
v0x55be41211b00_34 .array/port v0x55be41211b00, 34;
E_0x55be411e02a0/8 .event edge, v0x55be41211b00_31, v0x55be41211b00_32, v0x55be41211b00_33, v0x55be41211b00_34;
v0x55be41211b00_35 .array/port v0x55be41211b00, 35;
v0x55be41211b00_36 .array/port v0x55be41211b00, 36;
v0x55be41211b00_37 .array/port v0x55be41211b00, 37;
v0x55be41211b00_38 .array/port v0x55be41211b00, 38;
E_0x55be411e02a0/9 .event edge, v0x55be41211b00_35, v0x55be41211b00_36, v0x55be41211b00_37, v0x55be41211b00_38;
v0x55be41211b00_39 .array/port v0x55be41211b00, 39;
v0x55be41211b00_40 .array/port v0x55be41211b00, 40;
v0x55be41211b00_41 .array/port v0x55be41211b00, 41;
v0x55be41211b00_42 .array/port v0x55be41211b00, 42;
E_0x55be411e02a0/10 .event edge, v0x55be41211b00_39, v0x55be41211b00_40, v0x55be41211b00_41, v0x55be41211b00_42;
v0x55be41211b00_43 .array/port v0x55be41211b00, 43;
v0x55be41211b00_44 .array/port v0x55be41211b00, 44;
v0x55be41211b00_45 .array/port v0x55be41211b00, 45;
v0x55be41211b00_46 .array/port v0x55be41211b00, 46;
E_0x55be411e02a0/11 .event edge, v0x55be41211b00_43, v0x55be41211b00_44, v0x55be41211b00_45, v0x55be41211b00_46;
v0x55be41211b00_47 .array/port v0x55be41211b00, 47;
v0x55be41211b00_48 .array/port v0x55be41211b00, 48;
v0x55be41211b00_49 .array/port v0x55be41211b00, 49;
v0x55be41211b00_50 .array/port v0x55be41211b00, 50;
E_0x55be411e02a0/12 .event edge, v0x55be41211b00_47, v0x55be41211b00_48, v0x55be41211b00_49, v0x55be41211b00_50;
v0x55be41211b00_51 .array/port v0x55be41211b00, 51;
v0x55be41211b00_52 .array/port v0x55be41211b00, 52;
v0x55be41211b00_53 .array/port v0x55be41211b00, 53;
v0x55be41211b00_54 .array/port v0x55be41211b00, 54;
E_0x55be411e02a0/13 .event edge, v0x55be41211b00_51, v0x55be41211b00_52, v0x55be41211b00_53, v0x55be41211b00_54;
v0x55be41211b00_55 .array/port v0x55be41211b00, 55;
v0x55be41211b00_56 .array/port v0x55be41211b00, 56;
v0x55be41211b00_57 .array/port v0x55be41211b00, 57;
v0x55be41211b00_58 .array/port v0x55be41211b00, 58;
E_0x55be411e02a0/14 .event edge, v0x55be41211b00_55, v0x55be41211b00_56, v0x55be41211b00_57, v0x55be41211b00_58;
v0x55be41211b00_59 .array/port v0x55be41211b00, 59;
v0x55be41211b00_60 .array/port v0x55be41211b00, 60;
v0x55be41211b00_61 .array/port v0x55be41211b00, 61;
v0x55be41211b00_62 .array/port v0x55be41211b00, 62;
E_0x55be411e02a0/15 .event edge, v0x55be41211b00_59, v0x55be41211b00_60, v0x55be41211b00_61, v0x55be41211b00_62;
v0x55be41211b00_63 .array/port v0x55be41211b00, 63;
v0x55be41211b00_64 .array/port v0x55be41211b00, 64;
v0x55be41211b00_65 .array/port v0x55be41211b00, 65;
v0x55be41211b00_66 .array/port v0x55be41211b00, 66;
E_0x55be411e02a0/16 .event edge, v0x55be41211b00_63, v0x55be41211b00_64, v0x55be41211b00_65, v0x55be41211b00_66;
v0x55be41211b00_67 .array/port v0x55be41211b00, 67;
v0x55be41211b00_68 .array/port v0x55be41211b00, 68;
v0x55be41211b00_69 .array/port v0x55be41211b00, 69;
v0x55be41211b00_70 .array/port v0x55be41211b00, 70;
E_0x55be411e02a0/17 .event edge, v0x55be41211b00_67, v0x55be41211b00_68, v0x55be41211b00_69, v0x55be41211b00_70;
v0x55be41211b00_71 .array/port v0x55be41211b00, 71;
v0x55be41211b00_72 .array/port v0x55be41211b00, 72;
v0x55be41211b00_73 .array/port v0x55be41211b00, 73;
v0x55be41211b00_74 .array/port v0x55be41211b00, 74;
E_0x55be411e02a0/18 .event edge, v0x55be41211b00_71, v0x55be41211b00_72, v0x55be41211b00_73, v0x55be41211b00_74;
v0x55be41211b00_75 .array/port v0x55be41211b00, 75;
v0x55be41211b00_76 .array/port v0x55be41211b00, 76;
v0x55be41211b00_77 .array/port v0x55be41211b00, 77;
v0x55be41211b00_78 .array/port v0x55be41211b00, 78;
E_0x55be411e02a0/19 .event edge, v0x55be41211b00_75, v0x55be41211b00_76, v0x55be41211b00_77, v0x55be41211b00_78;
v0x55be41211b00_79 .array/port v0x55be41211b00, 79;
v0x55be41211b00_80 .array/port v0x55be41211b00, 80;
v0x55be41211b00_81 .array/port v0x55be41211b00, 81;
v0x55be41211b00_82 .array/port v0x55be41211b00, 82;
E_0x55be411e02a0/20 .event edge, v0x55be41211b00_79, v0x55be41211b00_80, v0x55be41211b00_81, v0x55be41211b00_82;
v0x55be41211b00_83 .array/port v0x55be41211b00, 83;
v0x55be41211b00_84 .array/port v0x55be41211b00, 84;
v0x55be41211b00_85 .array/port v0x55be41211b00, 85;
v0x55be41211b00_86 .array/port v0x55be41211b00, 86;
E_0x55be411e02a0/21 .event edge, v0x55be41211b00_83, v0x55be41211b00_84, v0x55be41211b00_85, v0x55be41211b00_86;
v0x55be41211b00_87 .array/port v0x55be41211b00, 87;
v0x55be41211b00_88 .array/port v0x55be41211b00, 88;
v0x55be41211b00_89 .array/port v0x55be41211b00, 89;
v0x55be41211b00_90 .array/port v0x55be41211b00, 90;
E_0x55be411e02a0/22 .event edge, v0x55be41211b00_87, v0x55be41211b00_88, v0x55be41211b00_89, v0x55be41211b00_90;
v0x55be41211b00_91 .array/port v0x55be41211b00, 91;
v0x55be41211b00_92 .array/port v0x55be41211b00, 92;
v0x55be41211b00_93 .array/port v0x55be41211b00, 93;
v0x55be41211b00_94 .array/port v0x55be41211b00, 94;
E_0x55be411e02a0/23 .event edge, v0x55be41211b00_91, v0x55be41211b00_92, v0x55be41211b00_93, v0x55be41211b00_94;
v0x55be41211b00_95 .array/port v0x55be41211b00, 95;
v0x55be41211b00_96 .array/port v0x55be41211b00, 96;
v0x55be41211b00_97 .array/port v0x55be41211b00, 97;
v0x55be41211b00_98 .array/port v0x55be41211b00, 98;
E_0x55be411e02a0/24 .event edge, v0x55be41211b00_95, v0x55be41211b00_96, v0x55be41211b00_97, v0x55be41211b00_98;
v0x55be41211b00_99 .array/port v0x55be41211b00, 99;
v0x55be41211b00_100 .array/port v0x55be41211b00, 100;
v0x55be41211b00_101 .array/port v0x55be41211b00, 101;
v0x55be41211b00_102 .array/port v0x55be41211b00, 102;
E_0x55be411e02a0/25 .event edge, v0x55be41211b00_99, v0x55be41211b00_100, v0x55be41211b00_101, v0x55be41211b00_102;
v0x55be41211b00_103 .array/port v0x55be41211b00, 103;
v0x55be41211b00_104 .array/port v0x55be41211b00, 104;
v0x55be41211b00_105 .array/port v0x55be41211b00, 105;
v0x55be41211b00_106 .array/port v0x55be41211b00, 106;
E_0x55be411e02a0/26 .event edge, v0x55be41211b00_103, v0x55be41211b00_104, v0x55be41211b00_105, v0x55be41211b00_106;
v0x55be41211b00_107 .array/port v0x55be41211b00, 107;
v0x55be41211b00_108 .array/port v0x55be41211b00, 108;
v0x55be41211b00_109 .array/port v0x55be41211b00, 109;
v0x55be41211b00_110 .array/port v0x55be41211b00, 110;
E_0x55be411e02a0/27 .event edge, v0x55be41211b00_107, v0x55be41211b00_108, v0x55be41211b00_109, v0x55be41211b00_110;
v0x55be41211b00_111 .array/port v0x55be41211b00, 111;
v0x55be41211b00_112 .array/port v0x55be41211b00, 112;
v0x55be41211b00_113 .array/port v0x55be41211b00, 113;
v0x55be41211b00_114 .array/port v0x55be41211b00, 114;
E_0x55be411e02a0/28 .event edge, v0x55be41211b00_111, v0x55be41211b00_112, v0x55be41211b00_113, v0x55be41211b00_114;
v0x55be41211b00_115 .array/port v0x55be41211b00, 115;
v0x55be41211b00_116 .array/port v0x55be41211b00, 116;
v0x55be41211b00_117 .array/port v0x55be41211b00, 117;
v0x55be41211b00_118 .array/port v0x55be41211b00, 118;
E_0x55be411e02a0/29 .event edge, v0x55be41211b00_115, v0x55be41211b00_116, v0x55be41211b00_117, v0x55be41211b00_118;
v0x55be41211b00_119 .array/port v0x55be41211b00, 119;
v0x55be41211b00_120 .array/port v0x55be41211b00, 120;
v0x55be41211b00_121 .array/port v0x55be41211b00, 121;
v0x55be41211b00_122 .array/port v0x55be41211b00, 122;
E_0x55be411e02a0/30 .event edge, v0x55be41211b00_119, v0x55be41211b00_120, v0x55be41211b00_121, v0x55be41211b00_122;
v0x55be41211b00_123 .array/port v0x55be41211b00, 123;
v0x55be41211b00_124 .array/port v0x55be41211b00, 124;
v0x55be41211b00_125 .array/port v0x55be41211b00, 125;
v0x55be41211b00_126 .array/port v0x55be41211b00, 126;
E_0x55be411e02a0/31 .event edge, v0x55be41211b00_123, v0x55be41211b00_124, v0x55be41211b00_125, v0x55be41211b00_126;
v0x55be41211b00_127 .array/port v0x55be41211b00, 127;
v0x55be41211b00_128 .array/port v0x55be41211b00, 128;
v0x55be41211b00_129 .array/port v0x55be41211b00, 129;
v0x55be41211b00_130 .array/port v0x55be41211b00, 130;
E_0x55be411e02a0/32 .event edge, v0x55be41211b00_127, v0x55be41211b00_128, v0x55be41211b00_129, v0x55be41211b00_130;
v0x55be41211b00_131 .array/port v0x55be41211b00, 131;
v0x55be41211b00_132 .array/port v0x55be41211b00, 132;
v0x55be41211b00_133 .array/port v0x55be41211b00, 133;
v0x55be41211b00_134 .array/port v0x55be41211b00, 134;
E_0x55be411e02a0/33 .event edge, v0x55be41211b00_131, v0x55be41211b00_132, v0x55be41211b00_133, v0x55be41211b00_134;
v0x55be41211b00_135 .array/port v0x55be41211b00, 135;
v0x55be41211b00_136 .array/port v0x55be41211b00, 136;
v0x55be41211b00_137 .array/port v0x55be41211b00, 137;
v0x55be41211b00_138 .array/port v0x55be41211b00, 138;
E_0x55be411e02a0/34 .event edge, v0x55be41211b00_135, v0x55be41211b00_136, v0x55be41211b00_137, v0x55be41211b00_138;
v0x55be41211b00_139 .array/port v0x55be41211b00, 139;
v0x55be41211b00_140 .array/port v0x55be41211b00, 140;
v0x55be41211b00_141 .array/port v0x55be41211b00, 141;
v0x55be41211b00_142 .array/port v0x55be41211b00, 142;
E_0x55be411e02a0/35 .event edge, v0x55be41211b00_139, v0x55be41211b00_140, v0x55be41211b00_141, v0x55be41211b00_142;
v0x55be41211b00_143 .array/port v0x55be41211b00, 143;
v0x55be41211b00_144 .array/port v0x55be41211b00, 144;
v0x55be41211b00_145 .array/port v0x55be41211b00, 145;
v0x55be41211b00_146 .array/port v0x55be41211b00, 146;
E_0x55be411e02a0/36 .event edge, v0x55be41211b00_143, v0x55be41211b00_144, v0x55be41211b00_145, v0x55be41211b00_146;
v0x55be41211b00_147 .array/port v0x55be41211b00, 147;
v0x55be41211b00_148 .array/port v0x55be41211b00, 148;
v0x55be41211b00_149 .array/port v0x55be41211b00, 149;
v0x55be41211b00_150 .array/port v0x55be41211b00, 150;
E_0x55be411e02a0/37 .event edge, v0x55be41211b00_147, v0x55be41211b00_148, v0x55be41211b00_149, v0x55be41211b00_150;
v0x55be41211b00_151 .array/port v0x55be41211b00, 151;
v0x55be41211b00_152 .array/port v0x55be41211b00, 152;
v0x55be41211b00_153 .array/port v0x55be41211b00, 153;
v0x55be41211b00_154 .array/port v0x55be41211b00, 154;
E_0x55be411e02a0/38 .event edge, v0x55be41211b00_151, v0x55be41211b00_152, v0x55be41211b00_153, v0x55be41211b00_154;
v0x55be41211b00_155 .array/port v0x55be41211b00, 155;
v0x55be41211b00_156 .array/port v0x55be41211b00, 156;
v0x55be41211b00_157 .array/port v0x55be41211b00, 157;
v0x55be41211b00_158 .array/port v0x55be41211b00, 158;
E_0x55be411e02a0/39 .event edge, v0x55be41211b00_155, v0x55be41211b00_156, v0x55be41211b00_157, v0x55be41211b00_158;
v0x55be41211b00_159 .array/port v0x55be41211b00, 159;
v0x55be41211b00_160 .array/port v0x55be41211b00, 160;
v0x55be41211b00_161 .array/port v0x55be41211b00, 161;
v0x55be41211b00_162 .array/port v0x55be41211b00, 162;
E_0x55be411e02a0/40 .event edge, v0x55be41211b00_159, v0x55be41211b00_160, v0x55be41211b00_161, v0x55be41211b00_162;
v0x55be41211b00_163 .array/port v0x55be41211b00, 163;
v0x55be41211b00_164 .array/port v0x55be41211b00, 164;
v0x55be41211b00_165 .array/port v0x55be41211b00, 165;
v0x55be41211b00_166 .array/port v0x55be41211b00, 166;
E_0x55be411e02a0/41 .event edge, v0x55be41211b00_163, v0x55be41211b00_164, v0x55be41211b00_165, v0x55be41211b00_166;
v0x55be41211b00_167 .array/port v0x55be41211b00, 167;
v0x55be41211b00_168 .array/port v0x55be41211b00, 168;
v0x55be41211b00_169 .array/port v0x55be41211b00, 169;
v0x55be41211b00_170 .array/port v0x55be41211b00, 170;
E_0x55be411e02a0/42 .event edge, v0x55be41211b00_167, v0x55be41211b00_168, v0x55be41211b00_169, v0x55be41211b00_170;
v0x55be41211b00_171 .array/port v0x55be41211b00, 171;
v0x55be41211b00_172 .array/port v0x55be41211b00, 172;
v0x55be41211b00_173 .array/port v0x55be41211b00, 173;
v0x55be41211b00_174 .array/port v0x55be41211b00, 174;
E_0x55be411e02a0/43 .event edge, v0x55be41211b00_171, v0x55be41211b00_172, v0x55be41211b00_173, v0x55be41211b00_174;
v0x55be41211b00_175 .array/port v0x55be41211b00, 175;
v0x55be41211b00_176 .array/port v0x55be41211b00, 176;
v0x55be41211b00_177 .array/port v0x55be41211b00, 177;
v0x55be41211b00_178 .array/port v0x55be41211b00, 178;
E_0x55be411e02a0/44 .event edge, v0x55be41211b00_175, v0x55be41211b00_176, v0x55be41211b00_177, v0x55be41211b00_178;
v0x55be41211b00_179 .array/port v0x55be41211b00, 179;
v0x55be41211b00_180 .array/port v0x55be41211b00, 180;
v0x55be41211b00_181 .array/port v0x55be41211b00, 181;
v0x55be41211b00_182 .array/port v0x55be41211b00, 182;
E_0x55be411e02a0/45 .event edge, v0x55be41211b00_179, v0x55be41211b00_180, v0x55be41211b00_181, v0x55be41211b00_182;
v0x55be41211b00_183 .array/port v0x55be41211b00, 183;
v0x55be41211b00_184 .array/port v0x55be41211b00, 184;
v0x55be41211b00_185 .array/port v0x55be41211b00, 185;
v0x55be41211b00_186 .array/port v0x55be41211b00, 186;
E_0x55be411e02a0/46 .event edge, v0x55be41211b00_183, v0x55be41211b00_184, v0x55be41211b00_185, v0x55be41211b00_186;
v0x55be41211b00_187 .array/port v0x55be41211b00, 187;
v0x55be41211b00_188 .array/port v0x55be41211b00, 188;
v0x55be41211b00_189 .array/port v0x55be41211b00, 189;
v0x55be41211b00_190 .array/port v0x55be41211b00, 190;
E_0x55be411e02a0/47 .event edge, v0x55be41211b00_187, v0x55be41211b00_188, v0x55be41211b00_189, v0x55be41211b00_190;
v0x55be41211b00_191 .array/port v0x55be41211b00, 191;
v0x55be41211b00_192 .array/port v0x55be41211b00, 192;
v0x55be41211b00_193 .array/port v0x55be41211b00, 193;
v0x55be41211b00_194 .array/port v0x55be41211b00, 194;
E_0x55be411e02a0/48 .event edge, v0x55be41211b00_191, v0x55be41211b00_192, v0x55be41211b00_193, v0x55be41211b00_194;
v0x55be41211b00_195 .array/port v0x55be41211b00, 195;
v0x55be41211b00_196 .array/port v0x55be41211b00, 196;
v0x55be41211b00_197 .array/port v0x55be41211b00, 197;
v0x55be41211b00_198 .array/port v0x55be41211b00, 198;
E_0x55be411e02a0/49 .event edge, v0x55be41211b00_195, v0x55be41211b00_196, v0x55be41211b00_197, v0x55be41211b00_198;
v0x55be41211b00_199 .array/port v0x55be41211b00, 199;
v0x55be41211b00_200 .array/port v0x55be41211b00, 200;
v0x55be41211b00_201 .array/port v0x55be41211b00, 201;
v0x55be41211b00_202 .array/port v0x55be41211b00, 202;
E_0x55be411e02a0/50 .event edge, v0x55be41211b00_199, v0x55be41211b00_200, v0x55be41211b00_201, v0x55be41211b00_202;
v0x55be41211b00_203 .array/port v0x55be41211b00, 203;
v0x55be41211b00_204 .array/port v0x55be41211b00, 204;
v0x55be41211b00_205 .array/port v0x55be41211b00, 205;
v0x55be41211b00_206 .array/port v0x55be41211b00, 206;
E_0x55be411e02a0/51 .event edge, v0x55be41211b00_203, v0x55be41211b00_204, v0x55be41211b00_205, v0x55be41211b00_206;
v0x55be41211b00_207 .array/port v0x55be41211b00, 207;
v0x55be41211b00_208 .array/port v0x55be41211b00, 208;
v0x55be41211b00_209 .array/port v0x55be41211b00, 209;
v0x55be41211b00_210 .array/port v0x55be41211b00, 210;
E_0x55be411e02a0/52 .event edge, v0x55be41211b00_207, v0x55be41211b00_208, v0x55be41211b00_209, v0x55be41211b00_210;
v0x55be41211b00_211 .array/port v0x55be41211b00, 211;
v0x55be41211b00_212 .array/port v0x55be41211b00, 212;
v0x55be41211b00_213 .array/port v0x55be41211b00, 213;
v0x55be41211b00_214 .array/port v0x55be41211b00, 214;
E_0x55be411e02a0/53 .event edge, v0x55be41211b00_211, v0x55be41211b00_212, v0x55be41211b00_213, v0x55be41211b00_214;
v0x55be41211b00_215 .array/port v0x55be41211b00, 215;
v0x55be41211b00_216 .array/port v0x55be41211b00, 216;
v0x55be41211b00_217 .array/port v0x55be41211b00, 217;
v0x55be41211b00_218 .array/port v0x55be41211b00, 218;
E_0x55be411e02a0/54 .event edge, v0x55be41211b00_215, v0x55be41211b00_216, v0x55be41211b00_217, v0x55be41211b00_218;
v0x55be41211b00_219 .array/port v0x55be41211b00, 219;
v0x55be41211b00_220 .array/port v0x55be41211b00, 220;
v0x55be41211b00_221 .array/port v0x55be41211b00, 221;
v0x55be41211b00_222 .array/port v0x55be41211b00, 222;
E_0x55be411e02a0/55 .event edge, v0x55be41211b00_219, v0x55be41211b00_220, v0x55be41211b00_221, v0x55be41211b00_222;
v0x55be41211b00_223 .array/port v0x55be41211b00, 223;
v0x55be41211b00_224 .array/port v0x55be41211b00, 224;
v0x55be41211b00_225 .array/port v0x55be41211b00, 225;
v0x55be41211b00_226 .array/port v0x55be41211b00, 226;
E_0x55be411e02a0/56 .event edge, v0x55be41211b00_223, v0x55be41211b00_224, v0x55be41211b00_225, v0x55be41211b00_226;
v0x55be41211b00_227 .array/port v0x55be41211b00, 227;
v0x55be41211b00_228 .array/port v0x55be41211b00, 228;
v0x55be41211b00_229 .array/port v0x55be41211b00, 229;
v0x55be41211b00_230 .array/port v0x55be41211b00, 230;
E_0x55be411e02a0/57 .event edge, v0x55be41211b00_227, v0x55be41211b00_228, v0x55be41211b00_229, v0x55be41211b00_230;
v0x55be41211b00_231 .array/port v0x55be41211b00, 231;
v0x55be41211b00_232 .array/port v0x55be41211b00, 232;
v0x55be41211b00_233 .array/port v0x55be41211b00, 233;
v0x55be41211b00_234 .array/port v0x55be41211b00, 234;
E_0x55be411e02a0/58 .event edge, v0x55be41211b00_231, v0x55be41211b00_232, v0x55be41211b00_233, v0x55be41211b00_234;
v0x55be41211b00_235 .array/port v0x55be41211b00, 235;
v0x55be41211b00_236 .array/port v0x55be41211b00, 236;
v0x55be41211b00_237 .array/port v0x55be41211b00, 237;
v0x55be41211b00_238 .array/port v0x55be41211b00, 238;
E_0x55be411e02a0/59 .event edge, v0x55be41211b00_235, v0x55be41211b00_236, v0x55be41211b00_237, v0x55be41211b00_238;
v0x55be41211b00_239 .array/port v0x55be41211b00, 239;
v0x55be41211b00_240 .array/port v0x55be41211b00, 240;
v0x55be41211b00_241 .array/port v0x55be41211b00, 241;
v0x55be41211b00_242 .array/port v0x55be41211b00, 242;
E_0x55be411e02a0/60 .event edge, v0x55be41211b00_239, v0x55be41211b00_240, v0x55be41211b00_241, v0x55be41211b00_242;
v0x55be41211b00_243 .array/port v0x55be41211b00, 243;
v0x55be41211b00_244 .array/port v0x55be41211b00, 244;
v0x55be41211b00_245 .array/port v0x55be41211b00, 245;
v0x55be41211b00_246 .array/port v0x55be41211b00, 246;
E_0x55be411e02a0/61 .event edge, v0x55be41211b00_243, v0x55be41211b00_244, v0x55be41211b00_245, v0x55be41211b00_246;
v0x55be41211b00_247 .array/port v0x55be41211b00, 247;
v0x55be41211b00_248 .array/port v0x55be41211b00, 248;
v0x55be41211b00_249 .array/port v0x55be41211b00, 249;
v0x55be41211b00_250 .array/port v0x55be41211b00, 250;
E_0x55be411e02a0/62 .event edge, v0x55be41211b00_247, v0x55be41211b00_248, v0x55be41211b00_249, v0x55be41211b00_250;
v0x55be41211b00_251 .array/port v0x55be41211b00, 251;
v0x55be41211b00_252 .array/port v0x55be41211b00, 252;
v0x55be41211b00_253 .array/port v0x55be41211b00, 253;
v0x55be41211b00_254 .array/port v0x55be41211b00, 254;
E_0x55be411e02a0/63 .event edge, v0x55be41211b00_251, v0x55be41211b00_252, v0x55be41211b00_253, v0x55be41211b00_254;
v0x55be41211b00_255 .array/port v0x55be41211b00, 255;
v0x55be41211b00_256 .array/port v0x55be41211b00, 256;
v0x55be41211b00_257 .array/port v0x55be41211b00, 257;
v0x55be41211b00_258 .array/port v0x55be41211b00, 258;
E_0x55be411e02a0/64 .event edge, v0x55be41211b00_255, v0x55be41211b00_256, v0x55be41211b00_257, v0x55be41211b00_258;
v0x55be41211b00_259 .array/port v0x55be41211b00, 259;
v0x55be41211b00_260 .array/port v0x55be41211b00, 260;
v0x55be41211b00_261 .array/port v0x55be41211b00, 261;
v0x55be41211b00_262 .array/port v0x55be41211b00, 262;
E_0x55be411e02a0/65 .event edge, v0x55be41211b00_259, v0x55be41211b00_260, v0x55be41211b00_261, v0x55be41211b00_262;
v0x55be41211b00_263 .array/port v0x55be41211b00, 263;
v0x55be41211b00_264 .array/port v0x55be41211b00, 264;
v0x55be41211b00_265 .array/port v0x55be41211b00, 265;
v0x55be41211b00_266 .array/port v0x55be41211b00, 266;
E_0x55be411e02a0/66 .event edge, v0x55be41211b00_263, v0x55be41211b00_264, v0x55be41211b00_265, v0x55be41211b00_266;
v0x55be41211b00_267 .array/port v0x55be41211b00, 267;
v0x55be41211b00_268 .array/port v0x55be41211b00, 268;
v0x55be41211b00_269 .array/port v0x55be41211b00, 269;
v0x55be41211b00_270 .array/port v0x55be41211b00, 270;
E_0x55be411e02a0/67 .event edge, v0x55be41211b00_267, v0x55be41211b00_268, v0x55be41211b00_269, v0x55be41211b00_270;
v0x55be41211b00_271 .array/port v0x55be41211b00, 271;
v0x55be41211b00_272 .array/port v0x55be41211b00, 272;
v0x55be41211b00_273 .array/port v0x55be41211b00, 273;
v0x55be41211b00_274 .array/port v0x55be41211b00, 274;
E_0x55be411e02a0/68 .event edge, v0x55be41211b00_271, v0x55be41211b00_272, v0x55be41211b00_273, v0x55be41211b00_274;
v0x55be41211b00_275 .array/port v0x55be41211b00, 275;
v0x55be41211b00_276 .array/port v0x55be41211b00, 276;
v0x55be41211b00_277 .array/port v0x55be41211b00, 277;
v0x55be41211b00_278 .array/port v0x55be41211b00, 278;
E_0x55be411e02a0/69 .event edge, v0x55be41211b00_275, v0x55be41211b00_276, v0x55be41211b00_277, v0x55be41211b00_278;
v0x55be41211b00_279 .array/port v0x55be41211b00, 279;
v0x55be41211b00_280 .array/port v0x55be41211b00, 280;
v0x55be41211b00_281 .array/port v0x55be41211b00, 281;
v0x55be41211b00_282 .array/port v0x55be41211b00, 282;
E_0x55be411e02a0/70 .event edge, v0x55be41211b00_279, v0x55be41211b00_280, v0x55be41211b00_281, v0x55be41211b00_282;
v0x55be41211b00_283 .array/port v0x55be41211b00, 283;
v0x55be41211b00_284 .array/port v0x55be41211b00, 284;
v0x55be41211b00_285 .array/port v0x55be41211b00, 285;
v0x55be41211b00_286 .array/port v0x55be41211b00, 286;
E_0x55be411e02a0/71 .event edge, v0x55be41211b00_283, v0x55be41211b00_284, v0x55be41211b00_285, v0x55be41211b00_286;
v0x55be41211b00_287 .array/port v0x55be41211b00, 287;
v0x55be41211b00_288 .array/port v0x55be41211b00, 288;
v0x55be41211b00_289 .array/port v0x55be41211b00, 289;
v0x55be41211b00_290 .array/port v0x55be41211b00, 290;
E_0x55be411e02a0/72 .event edge, v0x55be41211b00_287, v0x55be41211b00_288, v0x55be41211b00_289, v0x55be41211b00_290;
v0x55be41211b00_291 .array/port v0x55be41211b00, 291;
v0x55be41211b00_292 .array/port v0x55be41211b00, 292;
v0x55be41211b00_293 .array/port v0x55be41211b00, 293;
v0x55be41211b00_294 .array/port v0x55be41211b00, 294;
E_0x55be411e02a0/73 .event edge, v0x55be41211b00_291, v0x55be41211b00_292, v0x55be41211b00_293, v0x55be41211b00_294;
v0x55be41211b00_295 .array/port v0x55be41211b00, 295;
v0x55be41211b00_296 .array/port v0x55be41211b00, 296;
v0x55be41211b00_297 .array/port v0x55be41211b00, 297;
v0x55be41211b00_298 .array/port v0x55be41211b00, 298;
E_0x55be411e02a0/74 .event edge, v0x55be41211b00_295, v0x55be41211b00_296, v0x55be41211b00_297, v0x55be41211b00_298;
v0x55be41211b00_299 .array/port v0x55be41211b00, 299;
v0x55be41211b00_300 .array/port v0x55be41211b00, 300;
v0x55be41211b00_301 .array/port v0x55be41211b00, 301;
v0x55be41211b00_302 .array/port v0x55be41211b00, 302;
E_0x55be411e02a0/75 .event edge, v0x55be41211b00_299, v0x55be41211b00_300, v0x55be41211b00_301, v0x55be41211b00_302;
v0x55be41211b00_303 .array/port v0x55be41211b00, 303;
v0x55be41211b00_304 .array/port v0x55be41211b00, 304;
v0x55be41211b00_305 .array/port v0x55be41211b00, 305;
v0x55be41211b00_306 .array/port v0x55be41211b00, 306;
E_0x55be411e02a0/76 .event edge, v0x55be41211b00_303, v0x55be41211b00_304, v0x55be41211b00_305, v0x55be41211b00_306;
v0x55be41211b00_307 .array/port v0x55be41211b00, 307;
v0x55be41211b00_308 .array/port v0x55be41211b00, 308;
v0x55be41211b00_309 .array/port v0x55be41211b00, 309;
v0x55be41211b00_310 .array/port v0x55be41211b00, 310;
E_0x55be411e02a0/77 .event edge, v0x55be41211b00_307, v0x55be41211b00_308, v0x55be41211b00_309, v0x55be41211b00_310;
v0x55be41211b00_311 .array/port v0x55be41211b00, 311;
v0x55be41211b00_312 .array/port v0x55be41211b00, 312;
v0x55be41211b00_313 .array/port v0x55be41211b00, 313;
v0x55be41211b00_314 .array/port v0x55be41211b00, 314;
E_0x55be411e02a0/78 .event edge, v0x55be41211b00_311, v0x55be41211b00_312, v0x55be41211b00_313, v0x55be41211b00_314;
v0x55be41211b00_315 .array/port v0x55be41211b00, 315;
v0x55be41211b00_316 .array/port v0x55be41211b00, 316;
v0x55be41211b00_317 .array/port v0x55be41211b00, 317;
v0x55be41211b00_318 .array/port v0x55be41211b00, 318;
E_0x55be411e02a0/79 .event edge, v0x55be41211b00_315, v0x55be41211b00_316, v0x55be41211b00_317, v0x55be41211b00_318;
v0x55be41211b00_319 .array/port v0x55be41211b00, 319;
v0x55be41211b00_320 .array/port v0x55be41211b00, 320;
v0x55be41211b00_321 .array/port v0x55be41211b00, 321;
v0x55be41211b00_322 .array/port v0x55be41211b00, 322;
E_0x55be411e02a0/80 .event edge, v0x55be41211b00_319, v0x55be41211b00_320, v0x55be41211b00_321, v0x55be41211b00_322;
v0x55be41211b00_323 .array/port v0x55be41211b00, 323;
v0x55be41211b00_324 .array/port v0x55be41211b00, 324;
v0x55be41211b00_325 .array/port v0x55be41211b00, 325;
v0x55be41211b00_326 .array/port v0x55be41211b00, 326;
E_0x55be411e02a0/81 .event edge, v0x55be41211b00_323, v0x55be41211b00_324, v0x55be41211b00_325, v0x55be41211b00_326;
v0x55be41211b00_327 .array/port v0x55be41211b00, 327;
v0x55be41211b00_328 .array/port v0x55be41211b00, 328;
v0x55be41211b00_329 .array/port v0x55be41211b00, 329;
v0x55be41211b00_330 .array/port v0x55be41211b00, 330;
E_0x55be411e02a0/82 .event edge, v0x55be41211b00_327, v0x55be41211b00_328, v0x55be41211b00_329, v0x55be41211b00_330;
v0x55be41211b00_331 .array/port v0x55be41211b00, 331;
v0x55be41211b00_332 .array/port v0x55be41211b00, 332;
v0x55be41211b00_333 .array/port v0x55be41211b00, 333;
v0x55be41211b00_334 .array/port v0x55be41211b00, 334;
E_0x55be411e02a0/83 .event edge, v0x55be41211b00_331, v0x55be41211b00_332, v0x55be41211b00_333, v0x55be41211b00_334;
v0x55be41211b00_335 .array/port v0x55be41211b00, 335;
v0x55be41211b00_336 .array/port v0x55be41211b00, 336;
v0x55be41211b00_337 .array/port v0x55be41211b00, 337;
v0x55be41211b00_338 .array/port v0x55be41211b00, 338;
E_0x55be411e02a0/84 .event edge, v0x55be41211b00_335, v0x55be41211b00_336, v0x55be41211b00_337, v0x55be41211b00_338;
v0x55be41211b00_339 .array/port v0x55be41211b00, 339;
v0x55be41211b00_340 .array/port v0x55be41211b00, 340;
v0x55be41211b00_341 .array/port v0x55be41211b00, 341;
v0x55be41211b00_342 .array/port v0x55be41211b00, 342;
E_0x55be411e02a0/85 .event edge, v0x55be41211b00_339, v0x55be41211b00_340, v0x55be41211b00_341, v0x55be41211b00_342;
v0x55be41211b00_343 .array/port v0x55be41211b00, 343;
v0x55be41211b00_344 .array/port v0x55be41211b00, 344;
v0x55be41211b00_345 .array/port v0x55be41211b00, 345;
v0x55be41211b00_346 .array/port v0x55be41211b00, 346;
E_0x55be411e02a0/86 .event edge, v0x55be41211b00_343, v0x55be41211b00_344, v0x55be41211b00_345, v0x55be41211b00_346;
v0x55be41211b00_347 .array/port v0x55be41211b00, 347;
v0x55be41211b00_348 .array/port v0x55be41211b00, 348;
v0x55be41211b00_349 .array/port v0x55be41211b00, 349;
v0x55be41211b00_350 .array/port v0x55be41211b00, 350;
E_0x55be411e02a0/87 .event edge, v0x55be41211b00_347, v0x55be41211b00_348, v0x55be41211b00_349, v0x55be41211b00_350;
v0x55be41211b00_351 .array/port v0x55be41211b00, 351;
v0x55be41211b00_352 .array/port v0x55be41211b00, 352;
v0x55be41211b00_353 .array/port v0x55be41211b00, 353;
v0x55be41211b00_354 .array/port v0x55be41211b00, 354;
E_0x55be411e02a0/88 .event edge, v0x55be41211b00_351, v0x55be41211b00_352, v0x55be41211b00_353, v0x55be41211b00_354;
v0x55be41211b00_355 .array/port v0x55be41211b00, 355;
v0x55be41211b00_356 .array/port v0x55be41211b00, 356;
v0x55be41211b00_357 .array/port v0x55be41211b00, 357;
v0x55be41211b00_358 .array/port v0x55be41211b00, 358;
E_0x55be411e02a0/89 .event edge, v0x55be41211b00_355, v0x55be41211b00_356, v0x55be41211b00_357, v0x55be41211b00_358;
v0x55be41211b00_359 .array/port v0x55be41211b00, 359;
v0x55be41211b00_360 .array/port v0x55be41211b00, 360;
v0x55be41211b00_361 .array/port v0x55be41211b00, 361;
v0x55be41211b00_362 .array/port v0x55be41211b00, 362;
E_0x55be411e02a0/90 .event edge, v0x55be41211b00_359, v0x55be41211b00_360, v0x55be41211b00_361, v0x55be41211b00_362;
v0x55be41211b00_363 .array/port v0x55be41211b00, 363;
v0x55be41211b00_364 .array/port v0x55be41211b00, 364;
v0x55be41211b00_365 .array/port v0x55be41211b00, 365;
v0x55be41211b00_366 .array/port v0x55be41211b00, 366;
E_0x55be411e02a0/91 .event edge, v0x55be41211b00_363, v0x55be41211b00_364, v0x55be41211b00_365, v0x55be41211b00_366;
v0x55be41211b00_367 .array/port v0x55be41211b00, 367;
v0x55be41211b00_368 .array/port v0x55be41211b00, 368;
v0x55be41211b00_369 .array/port v0x55be41211b00, 369;
v0x55be41211b00_370 .array/port v0x55be41211b00, 370;
E_0x55be411e02a0/92 .event edge, v0x55be41211b00_367, v0x55be41211b00_368, v0x55be41211b00_369, v0x55be41211b00_370;
v0x55be41211b00_371 .array/port v0x55be41211b00, 371;
v0x55be41211b00_372 .array/port v0x55be41211b00, 372;
v0x55be41211b00_373 .array/port v0x55be41211b00, 373;
v0x55be41211b00_374 .array/port v0x55be41211b00, 374;
E_0x55be411e02a0/93 .event edge, v0x55be41211b00_371, v0x55be41211b00_372, v0x55be41211b00_373, v0x55be41211b00_374;
v0x55be41211b00_375 .array/port v0x55be41211b00, 375;
v0x55be41211b00_376 .array/port v0x55be41211b00, 376;
v0x55be41211b00_377 .array/port v0x55be41211b00, 377;
v0x55be41211b00_378 .array/port v0x55be41211b00, 378;
E_0x55be411e02a0/94 .event edge, v0x55be41211b00_375, v0x55be41211b00_376, v0x55be41211b00_377, v0x55be41211b00_378;
v0x55be41211b00_379 .array/port v0x55be41211b00, 379;
v0x55be41211b00_380 .array/port v0x55be41211b00, 380;
v0x55be41211b00_381 .array/port v0x55be41211b00, 381;
v0x55be41211b00_382 .array/port v0x55be41211b00, 382;
E_0x55be411e02a0/95 .event edge, v0x55be41211b00_379, v0x55be41211b00_380, v0x55be41211b00_381, v0x55be41211b00_382;
v0x55be41211b00_383 .array/port v0x55be41211b00, 383;
v0x55be41211b00_384 .array/port v0x55be41211b00, 384;
v0x55be41211b00_385 .array/port v0x55be41211b00, 385;
v0x55be41211b00_386 .array/port v0x55be41211b00, 386;
E_0x55be411e02a0/96 .event edge, v0x55be41211b00_383, v0x55be41211b00_384, v0x55be41211b00_385, v0x55be41211b00_386;
v0x55be41211b00_387 .array/port v0x55be41211b00, 387;
v0x55be41211b00_388 .array/port v0x55be41211b00, 388;
v0x55be41211b00_389 .array/port v0x55be41211b00, 389;
v0x55be41211b00_390 .array/port v0x55be41211b00, 390;
E_0x55be411e02a0/97 .event edge, v0x55be41211b00_387, v0x55be41211b00_388, v0x55be41211b00_389, v0x55be41211b00_390;
v0x55be41211b00_391 .array/port v0x55be41211b00, 391;
v0x55be41211b00_392 .array/port v0x55be41211b00, 392;
v0x55be41211b00_393 .array/port v0x55be41211b00, 393;
v0x55be41211b00_394 .array/port v0x55be41211b00, 394;
E_0x55be411e02a0/98 .event edge, v0x55be41211b00_391, v0x55be41211b00_392, v0x55be41211b00_393, v0x55be41211b00_394;
v0x55be41211b00_395 .array/port v0x55be41211b00, 395;
v0x55be41211b00_396 .array/port v0x55be41211b00, 396;
v0x55be41211b00_397 .array/port v0x55be41211b00, 397;
v0x55be41211b00_398 .array/port v0x55be41211b00, 398;
E_0x55be411e02a0/99 .event edge, v0x55be41211b00_395, v0x55be41211b00_396, v0x55be41211b00_397, v0x55be41211b00_398;
v0x55be41211b00_399 .array/port v0x55be41211b00, 399;
v0x55be41211b00_400 .array/port v0x55be41211b00, 400;
v0x55be41211b00_401 .array/port v0x55be41211b00, 401;
v0x55be41211b00_402 .array/port v0x55be41211b00, 402;
E_0x55be411e02a0/100 .event edge, v0x55be41211b00_399, v0x55be41211b00_400, v0x55be41211b00_401, v0x55be41211b00_402;
v0x55be41211b00_403 .array/port v0x55be41211b00, 403;
v0x55be41211b00_404 .array/port v0x55be41211b00, 404;
v0x55be41211b00_405 .array/port v0x55be41211b00, 405;
v0x55be41211b00_406 .array/port v0x55be41211b00, 406;
E_0x55be411e02a0/101 .event edge, v0x55be41211b00_403, v0x55be41211b00_404, v0x55be41211b00_405, v0x55be41211b00_406;
v0x55be41211b00_407 .array/port v0x55be41211b00, 407;
v0x55be41211b00_408 .array/port v0x55be41211b00, 408;
v0x55be41211b00_409 .array/port v0x55be41211b00, 409;
v0x55be41211b00_410 .array/port v0x55be41211b00, 410;
E_0x55be411e02a0/102 .event edge, v0x55be41211b00_407, v0x55be41211b00_408, v0x55be41211b00_409, v0x55be41211b00_410;
v0x55be41211b00_411 .array/port v0x55be41211b00, 411;
v0x55be41211b00_412 .array/port v0x55be41211b00, 412;
v0x55be41211b00_413 .array/port v0x55be41211b00, 413;
v0x55be41211b00_414 .array/port v0x55be41211b00, 414;
E_0x55be411e02a0/103 .event edge, v0x55be41211b00_411, v0x55be41211b00_412, v0x55be41211b00_413, v0x55be41211b00_414;
v0x55be41211b00_415 .array/port v0x55be41211b00, 415;
v0x55be41211b00_416 .array/port v0x55be41211b00, 416;
v0x55be41211b00_417 .array/port v0x55be41211b00, 417;
v0x55be41211b00_418 .array/port v0x55be41211b00, 418;
E_0x55be411e02a0/104 .event edge, v0x55be41211b00_415, v0x55be41211b00_416, v0x55be41211b00_417, v0x55be41211b00_418;
v0x55be41211b00_419 .array/port v0x55be41211b00, 419;
v0x55be41211b00_420 .array/port v0x55be41211b00, 420;
v0x55be41211b00_421 .array/port v0x55be41211b00, 421;
v0x55be41211b00_422 .array/port v0x55be41211b00, 422;
E_0x55be411e02a0/105 .event edge, v0x55be41211b00_419, v0x55be41211b00_420, v0x55be41211b00_421, v0x55be41211b00_422;
v0x55be41211b00_423 .array/port v0x55be41211b00, 423;
v0x55be41211b00_424 .array/port v0x55be41211b00, 424;
v0x55be41211b00_425 .array/port v0x55be41211b00, 425;
v0x55be41211b00_426 .array/port v0x55be41211b00, 426;
E_0x55be411e02a0/106 .event edge, v0x55be41211b00_423, v0x55be41211b00_424, v0x55be41211b00_425, v0x55be41211b00_426;
v0x55be41211b00_427 .array/port v0x55be41211b00, 427;
v0x55be41211b00_428 .array/port v0x55be41211b00, 428;
v0x55be41211b00_429 .array/port v0x55be41211b00, 429;
v0x55be41211b00_430 .array/port v0x55be41211b00, 430;
E_0x55be411e02a0/107 .event edge, v0x55be41211b00_427, v0x55be41211b00_428, v0x55be41211b00_429, v0x55be41211b00_430;
v0x55be41211b00_431 .array/port v0x55be41211b00, 431;
v0x55be41211b00_432 .array/port v0x55be41211b00, 432;
v0x55be41211b00_433 .array/port v0x55be41211b00, 433;
v0x55be41211b00_434 .array/port v0x55be41211b00, 434;
E_0x55be411e02a0/108 .event edge, v0x55be41211b00_431, v0x55be41211b00_432, v0x55be41211b00_433, v0x55be41211b00_434;
v0x55be41211b00_435 .array/port v0x55be41211b00, 435;
v0x55be41211b00_436 .array/port v0x55be41211b00, 436;
v0x55be41211b00_437 .array/port v0x55be41211b00, 437;
v0x55be41211b00_438 .array/port v0x55be41211b00, 438;
E_0x55be411e02a0/109 .event edge, v0x55be41211b00_435, v0x55be41211b00_436, v0x55be41211b00_437, v0x55be41211b00_438;
v0x55be41211b00_439 .array/port v0x55be41211b00, 439;
v0x55be41211b00_440 .array/port v0x55be41211b00, 440;
v0x55be41211b00_441 .array/port v0x55be41211b00, 441;
v0x55be41211b00_442 .array/port v0x55be41211b00, 442;
E_0x55be411e02a0/110 .event edge, v0x55be41211b00_439, v0x55be41211b00_440, v0x55be41211b00_441, v0x55be41211b00_442;
v0x55be41211b00_443 .array/port v0x55be41211b00, 443;
v0x55be41211b00_444 .array/port v0x55be41211b00, 444;
v0x55be41211b00_445 .array/port v0x55be41211b00, 445;
v0x55be41211b00_446 .array/port v0x55be41211b00, 446;
E_0x55be411e02a0/111 .event edge, v0x55be41211b00_443, v0x55be41211b00_444, v0x55be41211b00_445, v0x55be41211b00_446;
v0x55be41211b00_447 .array/port v0x55be41211b00, 447;
v0x55be41211b00_448 .array/port v0x55be41211b00, 448;
v0x55be41211b00_449 .array/port v0x55be41211b00, 449;
v0x55be41211b00_450 .array/port v0x55be41211b00, 450;
E_0x55be411e02a0/112 .event edge, v0x55be41211b00_447, v0x55be41211b00_448, v0x55be41211b00_449, v0x55be41211b00_450;
v0x55be41211b00_451 .array/port v0x55be41211b00, 451;
v0x55be41211b00_452 .array/port v0x55be41211b00, 452;
v0x55be41211b00_453 .array/port v0x55be41211b00, 453;
v0x55be41211b00_454 .array/port v0x55be41211b00, 454;
E_0x55be411e02a0/113 .event edge, v0x55be41211b00_451, v0x55be41211b00_452, v0x55be41211b00_453, v0x55be41211b00_454;
v0x55be41211b00_455 .array/port v0x55be41211b00, 455;
v0x55be41211b00_456 .array/port v0x55be41211b00, 456;
v0x55be41211b00_457 .array/port v0x55be41211b00, 457;
v0x55be41211b00_458 .array/port v0x55be41211b00, 458;
E_0x55be411e02a0/114 .event edge, v0x55be41211b00_455, v0x55be41211b00_456, v0x55be41211b00_457, v0x55be41211b00_458;
v0x55be41211b00_459 .array/port v0x55be41211b00, 459;
v0x55be41211b00_460 .array/port v0x55be41211b00, 460;
v0x55be41211b00_461 .array/port v0x55be41211b00, 461;
v0x55be41211b00_462 .array/port v0x55be41211b00, 462;
E_0x55be411e02a0/115 .event edge, v0x55be41211b00_459, v0x55be41211b00_460, v0x55be41211b00_461, v0x55be41211b00_462;
v0x55be41211b00_463 .array/port v0x55be41211b00, 463;
v0x55be41211b00_464 .array/port v0x55be41211b00, 464;
v0x55be41211b00_465 .array/port v0x55be41211b00, 465;
v0x55be41211b00_466 .array/port v0x55be41211b00, 466;
E_0x55be411e02a0/116 .event edge, v0x55be41211b00_463, v0x55be41211b00_464, v0x55be41211b00_465, v0x55be41211b00_466;
v0x55be41211b00_467 .array/port v0x55be41211b00, 467;
v0x55be41211b00_468 .array/port v0x55be41211b00, 468;
v0x55be41211b00_469 .array/port v0x55be41211b00, 469;
v0x55be41211b00_470 .array/port v0x55be41211b00, 470;
E_0x55be411e02a0/117 .event edge, v0x55be41211b00_467, v0x55be41211b00_468, v0x55be41211b00_469, v0x55be41211b00_470;
v0x55be41211b00_471 .array/port v0x55be41211b00, 471;
v0x55be41211b00_472 .array/port v0x55be41211b00, 472;
v0x55be41211b00_473 .array/port v0x55be41211b00, 473;
v0x55be41211b00_474 .array/port v0x55be41211b00, 474;
E_0x55be411e02a0/118 .event edge, v0x55be41211b00_471, v0x55be41211b00_472, v0x55be41211b00_473, v0x55be41211b00_474;
v0x55be41211b00_475 .array/port v0x55be41211b00, 475;
v0x55be41211b00_476 .array/port v0x55be41211b00, 476;
v0x55be41211b00_477 .array/port v0x55be41211b00, 477;
v0x55be41211b00_478 .array/port v0x55be41211b00, 478;
E_0x55be411e02a0/119 .event edge, v0x55be41211b00_475, v0x55be41211b00_476, v0x55be41211b00_477, v0x55be41211b00_478;
v0x55be41211b00_479 .array/port v0x55be41211b00, 479;
v0x55be41211b00_480 .array/port v0x55be41211b00, 480;
v0x55be41211b00_481 .array/port v0x55be41211b00, 481;
v0x55be41211b00_482 .array/port v0x55be41211b00, 482;
E_0x55be411e02a0/120 .event edge, v0x55be41211b00_479, v0x55be41211b00_480, v0x55be41211b00_481, v0x55be41211b00_482;
v0x55be41211b00_483 .array/port v0x55be41211b00, 483;
v0x55be41211b00_484 .array/port v0x55be41211b00, 484;
v0x55be41211b00_485 .array/port v0x55be41211b00, 485;
v0x55be41211b00_486 .array/port v0x55be41211b00, 486;
E_0x55be411e02a0/121 .event edge, v0x55be41211b00_483, v0x55be41211b00_484, v0x55be41211b00_485, v0x55be41211b00_486;
v0x55be41211b00_487 .array/port v0x55be41211b00, 487;
v0x55be41211b00_488 .array/port v0x55be41211b00, 488;
v0x55be41211b00_489 .array/port v0x55be41211b00, 489;
v0x55be41211b00_490 .array/port v0x55be41211b00, 490;
E_0x55be411e02a0/122 .event edge, v0x55be41211b00_487, v0x55be41211b00_488, v0x55be41211b00_489, v0x55be41211b00_490;
v0x55be41211b00_491 .array/port v0x55be41211b00, 491;
v0x55be41211b00_492 .array/port v0x55be41211b00, 492;
v0x55be41211b00_493 .array/port v0x55be41211b00, 493;
v0x55be41211b00_494 .array/port v0x55be41211b00, 494;
E_0x55be411e02a0/123 .event edge, v0x55be41211b00_491, v0x55be41211b00_492, v0x55be41211b00_493, v0x55be41211b00_494;
v0x55be41211b00_495 .array/port v0x55be41211b00, 495;
v0x55be41211b00_496 .array/port v0x55be41211b00, 496;
v0x55be41211b00_497 .array/port v0x55be41211b00, 497;
v0x55be41211b00_498 .array/port v0x55be41211b00, 498;
E_0x55be411e02a0/124 .event edge, v0x55be41211b00_495, v0x55be41211b00_496, v0x55be41211b00_497, v0x55be41211b00_498;
v0x55be41211b00_499 .array/port v0x55be41211b00, 499;
v0x55be41211b00_500 .array/port v0x55be41211b00, 500;
v0x55be41211b00_501 .array/port v0x55be41211b00, 501;
v0x55be41211b00_502 .array/port v0x55be41211b00, 502;
E_0x55be411e02a0/125 .event edge, v0x55be41211b00_499, v0x55be41211b00_500, v0x55be41211b00_501, v0x55be41211b00_502;
v0x55be41211b00_503 .array/port v0x55be41211b00, 503;
v0x55be41211b00_504 .array/port v0x55be41211b00, 504;
v0x55be41211b00_505 .array/port v0x55be41211b00, 505;
v0x55be41211b00_506 .array/port v0x55be41211b00, 506;
E_0x55be411e02a0/126 .event edge, v0x55be41211b00_503, v0x55be41211b00_504, v0x55be41211b00_505, v0x55be41211b00_506;
v0x55be41211b00_507 .array/port v0x55be41211b00, 507;
v0x55be41211b00_508 .array/port v0x55be41211b00, 508;
v0x55be41211b00_509 .array/port v0x55be41211b00, 509;
v0x55be41211b00_510 .array/port v0x55be41211b00, 510;
E_0x55be411e02a0/127 .event edge, v0x55be41211b00_507, v0x55be41211b00_508, v0x55be41211b00_509, v0x55be41211b00_510;
v0x55be41211b00_511 .array/port v0x55be41211b00, 511;
v0x55be41211b00_512 .array/port v0x55be41211b00, 512;
v0x55be41211b00_513 .array/port v0x55be41211b00, 513;
v0x55be41211b00_514 .array/port v0x55be41211b00, 514;
E_0x55be411e02a0/128 .event edge, v0x55be41211b00_511, v0x55be41211b00_512, v0x55be41211b00_513, v0x55be41211b00_514;
v0x55be41211b00_515 .array/port v0x55be41211b00, 515;
v0x55be41211b00_516 .array/port v0x55be41211b00, 516;
v0x55be41211b00_517 .array/port v0x55be41211b00, 517;
v0x55be41211b00_518 .array/port v0x55be41211b00, 518;
E_0x55be411e02a0/129 .event edge, v0x55be41211b00_515, v0x55be41211b00_516, v0x55be41211b00_517, v0x55be41211b00_518;
v0x55be41211b00_519 .array/port v0x55be41211b00, 519;
v0x55be41211b00_520 .array/port v0x55be41211b00, 520;
v0x55be41211b00_521 .array/port v0x55be41211b00, 521;
v0x55be41211b00_522 .array/port v0x55be41211b00, 522;
E_0x55be411e02a0/130 .event edge, v0x55be41211b00_519, v0x55be41211b00_520, v0x55be41211b00_521, v0x55be41211b00_522;
v0x55be41211b00_523 .array/port v0x55be41211b00, 523;
v0x55be41211b00_524 .array/port v0x55be41211b00, 524;
v0x55be41211b00_525 .array/port v0x55be41211b00, 525;
v0x55be41211b00_526 .array/port v0x55be41211b00, 526;
E_0x55be411e02a0/131 .event edge, v0x55be41211b00_523, v0x55be41211b00_524, v0x55be41211b00_525, v0x55be41211b00_526;
v0x55be41211b00_527 .array/port v0x55be41211b00, 527;
v0x55be41211b00_528 .array/port v0x55be41211b00, 528;
v0x55be41211b00_529 .array/port v0x55be41211b00, 529;
v0x55be41211b00_530 .array/port v0x55be41211b00, 530;
E_0x55be411e02a0/132 .event edge, v0x55be41211b00_527, v0x55be41211b00_528, v0x55be41211b00_529, v0x55be41211b00_530;
v0x55be41211b00_531 .array/port v0x55be41211b00, 531;
v0x55be41211b00_532 .array/port v0x55be41211b00, 532;
v0x55be41211b00_533 .array/port v0x55be41211b00, 533;
v0x55be41211b00_534 .array/port v0x55be41211b00, 534;
E_0x55be411e02a0/133 .event edge, v0x55be41211b00_531, v0x55be41211b00_532, v0x55be41211b00_533, v0x55be41211b00_534;
v0x55be41211b00_535 .array/port v0x55be41211b00, 535;
v0x55be41211b00_536 .array/port v0x55be41211b00, 536;
v0x55be41211b00_537 .array/port v0x55be41211b00, 537;
v0x55be41211b00_538 .array/port v0x55be41211b00, 538;
E_0x55be411e02a0/134 .event edge, v0x55be41211b00_535, v0x55be41211b00_536, v0x55be41211b00_537, v0x55be41211b00_538;
v0x55be41211b00_539 .array/port v0x55be41211b00, 539;
v0x55be41211b00_540 .array/port v0x55be41211b00, 540;
v0x55be41211b00_541 .array/port v0x55be41211b00, 541;
v0x55be41211b00_542 .array/port v0x55be41211b00, 542;
E_0x55be411e02a0/135 .event edge, v0x55be41211b00_539, v0x55be41211b00_540, v0x55be41211b00_541, v0x55be41211b00_542;
v0x55be41211b00_543 .array/port v0x55be41211b00, 543;
v0x55be41211b00_544 .array/port v0x55be41211b00, 544;
v0x55be41211b00_545 .array/port v0x55be41211b00, 545;
v0x55be41211b00_546 .array/port v0x55be41211b00, 546;
E_0x55be411e02a0/136 .event edge, v0x55be41211b00_543, v0x55be41211b00_544, v0x55be41211b00_545, v0x55be41211b00_546;
v0x55be41211b00_547 .array/port v0x55be41211b00, 547;
v0x55be41211b00_548 .array/port v0x55be41211b00, 548;
v0x55be41211b00_549 .array/port v0x55be41211b00, 549;
v0x55be41211b00_550 .array/port v0x55be41211b00, 550;
E_0x55be411e02a0/137 .event edge, v0x55be41211b00_547, v0x55be41211b00_548, v0x55be41211b00_549, v0x55be41211b00_550;
v0x55be41211b00_551 .array/port v0x55be41211b00, 551;
v0x55be41211b00_552 .array/port v0x55be41211b00, 552;
v0x55be41211b00_553 .array/port v0x55be41211b00, 553;
v0x55be41211b00_554 .array/port v0x55be41211b00, 554;
E_0x55be411e02a0/138 .event edge, v0x55be41211b00_551, v0x55be41211b00_552, v0x55be41211b00_553, v0x55be41211b00_554;
v0x55be41211b00_555 .array/port v0x55be41211b00, 555;
v0x55be41211b00_556 .array/port v0x55be41211b00, 556;
v0x55be41211b00_557 .array/port v0x55be41211b00, 557;
v0x55be41211b00_558 .array/port v0x55be41211b00, 558;
E_0x55be411e02a0/139 .event edge, v0x55be41211b00_555, v0x55be41211b00_556, v0x55be41211b00_557, v0x55be41211b00_558;
v0x55be41211b00_559 .array/port v0x55be41211b00, 559;
v0x55be41211b00_560 .array/port v0x55be41211b00, 560;
v0x55be41211b00_561 .array/port v0x55be41211b00, 561;
v0x55be41211b00_562 .array/port v0x55be41211b00, 562;
E_0x55be411e02a0/140 .event edge, v0x55be41211b00_559, v0x55be41211b00_560, v0x55be41211b00_561, v0x55be41211b00_562;
v0x55be41211b00_563 .array/port v0x55be41211b00, 563;
v0x55be41211b00_564 .array/port v0x55be41211b00, 564;
v0x55be41211b00_565 .array/port v0x55be41211b00, 565;
v0x55be41211b00_566 .array/port v0x55be41211b00, 566;
E_0x55be411e02a0/141 .event edge, v0x55be41211b00_563, v0x55be41211b00_564, v0x55be41211b00_565, v0x55be41211b00_566;
v0x55be41211b00_567 .array/port v0x55be41211b00, 567;
v0x55be41211b00_568 .array/port v0x55be41211b00, 568;
v0x55be41211b00_569 .array/port v0x55be41211b00, 569;
v0x55be41211b00_570 .array/port v0x55be41211b00, 570;
E_0x55be411e02a0/142 .event edge, v0x55be41211b00_567, v0x55be41211b00_568, v0x55be41211b00_569, v0x55be41211b00_570;
v0x55be41211b00_571 .array/port v0x55be41211b00, 571;
v0x55be41211b00_572 .array/port v0x55be41211b00, 572;
v0x55be41211b00_573 .array/port v0x55be41211b00, 573;
v0x55be41211b00_574 .array/port v0x55be41211b00, 574;
E_0x55be411e02a0/143 .event edge, v0x55be41211b00_571, v0x55be41211b00_572, v0x55be41211b00_573, v0x55be41211b00_574;
v0x55be41211b00_575 .array/port v0x55be41211b00, 575;
v0x55be41211b00_576 .array/port v0x55be41211b00, 576;
v0x55be41211b00_577 .array/port v0x55be41211b00, 577;
v0x55be41211b00_578 .array/port v0x55be41211b00, 578;
E_0x55be411e02a0/144 .event edge, v0x55be41211b00_575, v0x55be41211b00_576, v0x55be41211b00_577, v0x55be41211b00_578;
v0x55be41211b00_579 .array/port v0x55be41211b00, 579;
v0x55be41211b00_580 .array/port v0x55be41211b00, 580;
v0x55be41211b00_581 .array/port v0x55be41211b00, 581;
v0x55be41211b00_582 .array/port v0x55be41211b00, 582;
E_0x55be411e02a0/145 .event edge, v0x55be41211b00_579, v0x55be41211b00_580, v0x55be41211b00_581, v0x55be41211b00_582;
v0x55be41211b00_583 .array/port v0x55be41211b00, 583;
v0x55be41211b00_584 .array/port v0x55be41211b00, 584;
v0x55be41211b00_585 .array/port v0x55be41211b00, 585;
v0x55be41211b00_586 .array/port v0x55be41211b00, 586;
E_0x55be411e02a0/146 .event edge, v0x55be41211b00_583, v0x55be41211b00_584, v0x55be41211b00_585, v0x55be41211b00_586;
v0x55be41211b00_587 .array/port v0x55be41211b00, 587;
v0x55be41211b00_588 .array/port v0x55be41211b00, 588;
v0x55be41211b00_589 .array/port v0x55be41211b00, 589;
v0x55be41211b00_590 .array/port v0x55be41211b00, 590;
E_0x55be411e02a0/147 .event edge, v0x55be41211b00_587, v0x55be41211b00_588, v0x55be41211b00_589, v0x55be41211b00_590;
v0x55be41211b00_591 .array/port v0x55be41211b00, 591;
v0x55be41211b00_592 .array/port v0x55be41211b00, 592;
v0x55be41211b00_593 .array/port v0x55be41211b00, 593;
v0x55be41211b00_594 .array/port v0x55be41211b00, 594;
E_0x55be411e02a0/148 .event edge, v0x55be41211b00_591, v0x55be41211b00_592, v0x55be41211b00_593, v0x55be41211b00_594;
v0x55be41211b00_595 .array/port v0x55be41211b00, 595;
v0x55be41211b00_596 .array/port v0x55be41211b00, 596;
v0x55be41211b00_597 .array/port v0x55be41211b00, 597;
v0x55be41211b00_598 .array/port v0x55be41211b00, 598;
E_0x55be411e02a0/149 .event edge, v0x55be41211b00_595, v0x55be41211b00_596, v0x55be41211b00_597, v0x55be41211b00_598;
v0x55be41211b00_599 .array/port v0x55be41211b00, 599;
v0x55be41211b00_600 .array/port v0x55be41211b00, 600;
v0x55be41211b00_601 .array/port v0x55be41211b00, 601;
v0x55be41211b00_602 .array/port v0x55be41211b00, 602;
E_0x55be411e02a0/150 .event edge, v0x55be41211b00_599, v0x55be41211b00_600, v0x55be41211b00_601, v0x55be41211b00_602;
v0x55be41211b00_603 .array/port v0x55be41211b00, 603;
v0x55be41211b00_604 .array/port v0x55be41211b00, 604;
v0x55be41211b00_605 .array/port v0x55be41211b00, 605;
v0x55be41211b00_606 .array/port v0x55be41211b00, 606;
E_0x55be411e02a0/151 .event edge, v0x55be41211b00_603, v0x55be41211b00_604, v0x55be41211b00_605, v0x55be41211b00_606;
v0x55be41211b00_607 .array/port v0x55be41211b00, 607;
v0x55be41211b00_608 .array/port v0x55be41211b00, 608;
v0x55be41211b00_609 .array/port v0x55be41211b00, 609;
v0x55be41211b00_610 .array/port v0x55be41211b00, 610;
E_0x55be411e02a0/152 .event edge, v0x55be41211b00_607, v0x55be41211b00_608, v0x55be41211b00_609, v0x55be41211b00_610;
v0x55be41211b00_611 .array/port v0x55be41211b00, 611;
v0x55be41211b00_612 .array/port v0x55be41211b00, 612;
v0x55be41211b00_613 .array/port v0x55be41211b00, 613;
v0x55be41211b00_614 .array/port v0x55be41211b00, 614;
E_0x55be411e02a0/153 .event edge, v0x55be41211b00_611, v0x55be41211b00_612, v0x55be41211b00_613, v0x55be41211b00_614;
v0x55be41211b00_615 .array/port v0x55be41211b00, 615;
v0x55be41211b00_616 .array/port v0x55be41211b00, 616;
v0x55be41211b00_617 .array/port v0x55be41211b00, 617;
v0x55be41211b00_618 .array/port v0x55be41211b00, 618;
E_0x55be411e02a0/154 .event edge, v0x55be41211b00_615, v0x55be41211b00_616, v0x55be41211b00_617, v0x55be41211b00_618;
v0x55be41211b00_619 .array/port v0x55be41211b00, 619;
v0x55be41211b00_620 .array/port v0x55be41211b00, 620;
v0x55be41211b00_621 .array/port v0x55be41211b00, 621;
v0x55be41211b00_622 .array/port v0x55be41211b00, 622;
E_0x55be411e02a0/155 .event edge, v0x55be41211b00_619, v0x55be41211b00_620, v0x55be41211b00_621, v0x55be41211b00_622;
v0x55be41211b00_623 .array/port v0x55be41211b00, 623;
v0x55be41211b00_624 .array/port v0x55be41211b00, 624;
v0x55be41211b00_625 .array/port v0x55be41211b00, 625;
v0x55be41211b00_626 .array/port v0x55be41211b00, 626;
E_0x55be411e02a0/156 .event edge, v0x55be41211b00_623, v0x55be41211b00_624, v0x55be41211b00_625, v0x55be41211b00_626;
v0x55be41211b00_627 .array/port v0x55be41211b00, 627;
v0x55be41211b00_628 .array/port v0x55be41211b00, 628;
v0x55be41211b00_629 .array/port v0x55be41211b00, 629;
v0x55be41211b00_630 .array/port v0x55be41211b00, 630;
E_0x55be411e02a0/157 .event edge, v0x55be41211b00_627, v0x55be41211b00_628, v0x55be41211b00_629, v0x55be41211b00_630;
v0x55be41211b00_631 .array/port v0x55be41211b00, 631;
v0x55be41211b00_632 .array/port v0x55be41211b00, 632;
v0x55be41211b00_633 .array/port v0x55be41211b00, 633;
v0x55be41211b00_634 .array/port v0x55be41211b00, 634;
E_0x55be411e02a0/158 .event edge, v0x55be41211b00_631, v0x55be41211b00_632, v0x55be41211b00_633, v0x55be41211b00_634;
v0x55be41211b00_635 .array/port v0x55be41211b00, 635;
v0x55be41211b00_636 .array/port v0x55be41211b00, 636;
v0x55be41211b00_637 .array/port v0x55be41211b00, 637;
v0x55be41211b00_638 .array/port v0x55be41211b00, 638;
E_0x55be411e02a0/159 .event edge, v0x55be41211b00_635, v0x55be41211b00_636, v0x55be41211b00_637, v0x55be41211b00_638;
v0x55be41211b00_639 .array/port v0x55be41211b00, 639;
v0x55be41211b00_640 .array/port v0x55be41211b00, 640;
v0x55be41211b00_641 .array/port v0x55be41211b00, 641;
v0x55be41211b00_642 .array/port v0x55be41211b00, 642;
E_0x55be411e02a0/160 .event edge, v0x55be41211b00_639, v0x55be41211b00_640, v0x55be41211b00_641, v0x55be41211b00_642;
v0x55be41211b00_643 .array/port v0x55be41211b00, 643;
v0x55be41211b00_644 .array/port v0x55be41211b00, 644;
v0x55be41211b00_645 .array/port v0x55be41211b00, 645;
v0x55be41211b00_646 .array/port v0x55be41211b00, 646;
E_0x55be411e02a0/161 .event edge, v0x55be41211b00_643, v0x55be41211b00_644, v0x55be41211b00_645, v0x55be41211b00_646;
v0x55be41211b00_647 .array/port v0x55be41211b00, 647;
v0x55be41211b00_648 .array/port v0x55be41211b00, 648;
v0x55be41211b00_649 .array/port v0x55be41211b00, 649;
v0x55be41211b00_650 .array/port v0x55be41211b00, 650;
E_0x55be411e02a0/162 .event edge, v0x55be41211b00_647, v0x55be41211b00_648, v0x55be41211b00_649, v0x55be41211b00_650;
v0x55be41211b00_651 .array/port v0x55be41211b00, 651;
v0x55be41211b00_652 .array/port v0x55be41211b00, 652;
v0x55be41211b00_653 .array/port v0x55be41211b00, 653;
v0x55be41211b00_654 .array/port v0x55be41211b00, 654;
E_0x55be411e02a0/163 .event edge, v0x55be41211b00_651, v0x55be41211b00_652, v0x55be41211b00_653, v0x55be41211b00_654;
v0x55be41211b00_655 .array/port v0x55be41211b00, 655;
v0x55be41211b00_656 .array/port v0x55be41211b00, 656;
v0x55be41211b00_657 .array/port v0x55be41211b00, 657;
v0x55be41211b00_658 .array/port v0x55be41211b00, 658;
E_0x55be411e02a0/164 .event edge, v0x55be41211b00_655, v0x55be41211b00_656, v0x55be41211b00_657, v0x55be41211b00_658;
v0x55be41211b00_659 .array/port v0x55be41211b00, 659;
v0x55be41211b00_660 .array/port v0x55be41211b00, 660;
v0x55be41211b00_661 .array/port v0x55be41211b00, 661;
v0x55be41211b00_662 .array/port v0x55be41211b00, 662;
E_0x55be411e02a0/165 .event edge, v0x55be41211b00_659, v0x55be41211b00_660, v0x55be41211b00_661, v0x55be41211b00_662;
v0x55be41211b00_663 .array/port v0x55be41211b00, 663;
v0x55be41211b00_664 .array/port v0x55be41211b00, 664;
v0x55be41211b00_665 .array/port v0x55be41211b00, 665;
v0x55be41211b00_666 .array/port v0x55be41211b00, 666;
E_0x55be411e02a0/166 .event edge, v0x55be41211b00_663, v0x55be41211b00_664, v0x55be41211b00_665, v0x55be41211b00_666;
v0x55be41211b00_667 .array/port v0x55be41211b00, 667;
v0x55be41211b00_668 .array/port v0x55be41211b00, 668;
v0x55be41211b00_669 .array/port v0x55be41211b00, 669;
v0x55be41211b00_670 .array/port v0x55be41211b00, 670;
E_0x55be411e02a0/167 .event edge, v0x55be41211b00_667, v0x55be41211b00_668, v0x55be41211b00_669, v0x55be41211b00_670;
v0x55be41211b00_671 .array/port v0x55be41211b00, 671;
v0x55be41211b00_672 .array/port v0x55be41211b00, 672;
v0x55be41211b00_673 .array/port v0x55be41211b00, 673;
v0x55be41211b00_674 .array/port v0x55be41211b00, 674;
E_0x55be411e02a0/168 .event edge, v0x55be41211b00_671, v0x55be41211b00_672, v0x55be41211b00_673, v0x55be41211b00_674;
v0x55be41211b00_675 .array/port v0x55be41211b00, 675;
v0x55be41211b00_676 .array/port v0x55be41211b00, 676;
v0x55be41211b00_677 .array/port v0x55be41211b00, 677;
v0x55be41211b00_678 .array/port v0x55be41211b00, 678;
E_0x55be411e02a0/169 .event edge, v0x55be41211b00_675, v0x55be41211b00_676, v0x55be41211b00_677, v0x55be41211b00_678;
v0x55be41211b00_679 .array/port v0x55be41211b00, 679;
v0x55be41211b00_680 .array/port v0x55be41211b00, 680;
v0x55be41211b00_681 .array/port v0x55be41211b00, 681;
v0x55be41211b00_682 .array/port v0x55be41211b00, 682;
E_0x55be411e02a0/170 .event edge, v0x55be41211b00_679, v0x55be41211b00_680, v0x55be41211b00_681, v0x55be41211b00_682;
v0x55be41211b00_683 .array/port v0x55be41211b00, 683;
v0x55be41211b00_684 .array/port v0x55be41211b00, 684;
v0x55be41211b00_685 .array/port v0x55be41211b00, 685;
v0x55be41211b00_686 .array/port v0x55be41211b00, 686;
E_0x55be411e02a0/171 .event edge, v0x55be41211b00_683, v0x55be41211b00_684, v0x55be41211b00_685, v0x55be41211b00_686;
v0x55be41211b00_687 .array/port v0x55be41211b00, 687;
v0x55be41211b00_688 .array/port v0x55be41211b00, 688;
v0x55be41211b00_689 .array/port v0x55be41211b00, 689;
v0x55be41211b00_690 .array/port v0x55be41211b00, 690;
E_0x55be411e02a0/172 .event edge, v0x55be41211b00_687, v0x55be41211b00_688, v0x55be41211b00_689, v0x55be41211b00_690;
v0x55be41211b00_691 .array/port v0x55be41211b00, 691;
v0x55be41211b00_692 .array/port v0x55be41211b00, 692;
v0x55be41211b00_693 .array/port v0x55be41211b00, 693;
v0x55be41211b00_694 .array/port v0x55be41211b00, 694;
E_0x55be411e02a0/173 .event edge, v0x55be41211b00_691, v0x55be41211b00_692, v0x55be41211b00_693, v0x55be41211b00_694;
v0x55be41211b00_695 .array/port v0x55be41211b00, 695;
v0x55be41211b00_696 .array/port v0x55be41211b00, 696;
v0x55be41211b00_697 .array/port v0x55be41211b00, 697;
v0x55be41211b00_698 .array/port v0x55be41211b00, 698;
E_0x55be411e02a0/174 .event edge, v0x55be41211b00_695, v0x55be41211b00_696, v0x55be41211b00_697, v0x55be41211b00_698;
v0x55be41211b00_699 .array/port v0x55be41211b00, 699;
v0x55be41211b00_700 .array/port v0x55be41211b00, 700;
v0x55be41211b00_701 .array/port v0x55be41211b00, 701;
v0x55be41211b00_702 .array/port v0x55be41211b00, 702;
E_0x55be411e02a0/175 .event edge, v0x55be41211b00_699, v0x55be41211b00_700, v0x55be41211b00_701, v0x55be41211b00_702;
v0x55be41211b00_703 .array/port v0x55be41211b00, 703;
v0x55be41211b00_704 .array/port v0x55be41211b00, 704;
v0x55be41211b00_705 .array/port v0x55be41211b00, 705;
v0x55be41211b00_706 .array/port v0x55be41211b00, 706;
E_0x55be411e02a0/176 .event edge, v0x55be41211b00_703, v0x55be41211b00_704, v0x55be41211b00_705, v0x55be41211b00_706;
v0x55be41211b00_707 .array/port v0x55be41211b00, 707;
v0x55be41211b00_708 .array/port v0x55be41211b00, 708;
v0x55be41211b00_709 .array/port v0x55be41211b00, 709;
v0x55be41211b00_710 .array/port v0x55be41211b00, 710;
E_0x55be411e02a0/177 .event edge, v0x55be41211b00_707, v0x55be41211b00_708, v0x55be41211b00_709, v0x55be41211b00_710;
v0x55be41211b00_711 .array/port v0x55be41211b00, 711;
v0x55be41211b00_712 .array/port v0x55be41211b00, 712;
v0x55be41211b00_713 .array/port v0x55be41211b00, 713;
v0x55be41211b00_714 .array/port v0x55be41211b00, 714;
E_0x55be411e02a0/178 .event edge, v0x55be41211b00_711, v0x55be41211b00_712, v0x55be41211b00_713, v0x55be41211b00_714;
v0x55be41211b00_715 .array/port v0x55be41211b00, 715;
v0x55be41211b00_716 .array/port v0x55be41211b00, 716;
v0x55be41211b00_717 .array/port v0x55be41211b00, 717;
v0x55be41211b00_718 .array/port v0x55be41211b00, 718;
E_0x55be411e02a0/179 .event edge, v0x55be41211b00_715, v0x55be41211b00_716, v0x55be41211b00_717, v0x55be41211b00_718;
v0x55be41211b00_719 .array/port v0x55be41211b00, 719;
v0x55be41211b00_720 .array/port v0x55be41211b00, 720;
v0x55be41211b00_721 .array/port v0x55be41211b00, 721;
v0x55be41211b00_722 .array/port v0x55be41211b00, 722;
E_0x55be411e02a0/180 .event edge, v0x55be41211b00_719, v0x55be41211b00_720, v0x55be41211b00_721, v0x55be41211b00_722;
v0x55be41211b00_723 .array/port v0x55be41211b00, 723;
v0x55be41211b00_724 .array/port v0x55be41211b00, 724;
v0x55be41211b00_725 .array/port v0x55be41211b00, 725;
v0x55be41211b00_726 .array/port v0x55be41211b00, 726;
E_0x55be411e02a0/181 .event edge, v0x55be41211b00_723, v0x55be41211b00_724, v0x55be41211b00_725, v0x55be41211b00_726;
v0x55be41211b00_727 .array/port v0x55be41211b00, 727;
v0x55be41211b00_728 .array/port v0x55be41211b00, 728;
v0x55be41211b00_729 .array/port v0x55be41211b00, 729;
v0x55be41211b00_730 .array/port v0x55be41211b00, 730;
E_0x55be411e02a0/182 .event edge, v0x55be41211b00_727, v0x55be41211b00_728, v0x55be41211b00_729, v0x55be41211b00_730;
v0x55be41211b00_731 .array/port v0x55be41211b00, 731;
v0x55be41211b00_732 .array/port v0x55be41211b00, 732;
v0x55be41211b00_733 .array/port v0x55be41211b00, 733;
v0x55be41211b00_734 .array/port v0x55be41211b00, 734;
E_0x55be411e02a0/183 .event edge, v0x55be41211b00_731, v0x55be41211b00_732, v0x55be41211b00_733, v0x55be41211b00_734;
v0x55be41211b00_735 .array/port v0x55be41211b00, 735;
v0x55be41211b00_736 .array/port v0x55be41211b00, 736;
v0x55be41211b00_737 .array/port v0x55be41211b00, 737;
v0x55be41211b00_738 .array/port v0x55be41211b00, 738;
E_0x55be411e02a0/184 .event edge, v0x55be41211b00_735, v0x55be41211b00_736, v0x55be41211b00_737, v0x55be41211b00_738;
v0x55be41211b00_739 .array/port v0x55be41211b00, 739;
v0x55be41211b00_740 .array/port v0x55be41211b00, 740;
v0x55be41211b00_741 .array/port v0x55be41211b00, 741;
v0x55be41211b00_742 .array/port v0x55be41211b00, 742;
E_0x55be411e02a0/185 .event edge, v0x55be41211b00_739, v0x55be41211b00_740, v0x55be41211b00_741, v0x55be41211b00_742;
v0x55be41211b00_743 .array/port v0x55be41211b00, 743;
v0x55be41211b00_744 .array/port v0x55be41211b00, 744;
v0x55be41211b00_745 .array/port v0x55be41211b00, 745;
v0x55be41211b00_746 .array/port v0x55be41211b00, 746;
E_0x55be411e02a0/186 .event edge, v0x55be41211b00_743, v0x55be41211b00_744, v0x55be41211b00_745, v0x55be41211b00_746;
v0x55be41211b00_747 .array/port v0x55be41211b00, 747;
v0x55be41211b00_748 .array/port v0x55be41211b00, 748;
v0x55be41211b00_749 .array/port v0x55be41211b00, 749;
v0x55be41211b00_750 .array/port v0x55be41211b00, 750;
E_0x55be411e02a0/187 .event edge, v0x55be41211b00_747, v0x55be41211b00_748, v0x55be41211b00_749, v0x55be41211b00_750;
v0x55be41211b00_751 .array/port v0x55be41211b00, 751;
v0x55be41211b00_752 .array/port v0x55be41211b00, 752;
v0x55be41211b00_753 .array/port v0x55be41211b00, 753;
v0x55be41211b00_754 .array/port v0x55be41211b00, 754;
E_0x55be411e02a0/188 .event edge, v0x55be41211b00_751, v0x55be41211b00_752, v0x55be41211b00_753, v0x55be41211b00_754;
v0x55be41211b00_755 .array/port v0x55be41211b00, 755;
v0x55be41211b00_756 .array/port v0x55be41211b00, 756;
v0x55be41211b00_757 .array/port v0x55be41211b00, 757;
v0x55be41211b00_758 .array/port v0x55be41211b00, 758;
E_0x55be411e02a0/189 .event edge, v0x55be41211b00_755, v0x55be41211b00_756, v0x55be41211b00_757, v0x55be41211b00_758;
v0x55be41211b00_759 .array/port v0x55be41211b00, 759;
v0x55be41211b00_760 .array/port v0x55be41211b00, 760;
v0x55be41211b00_761 .array/port v0x55be41211b00, 761;
v0x55be41211b00_762 .array/port v0x55be41211b00, 762;
E_0x55be411e02a0/190 .event edge, v0x55be41211b00_759, v0x55be41211b00_760, v0x55be41211b00_761, v0x55be41211b00_762;
v0x55be41211b00_763 .array/port v0x55be41211b00, 763;
v0x55be41211b00_764 .array/port v0x55be41211b00, 764;
v0x55be41211b00_765 .array/port v0x55be41211b00, 765;
v0x55be41211b00_766 .array/port v0x55be41211b00, 766;
E_0x55be411e02a0/191 .event edge, v0x55be41211b00_763, v0x55be41211b00_764, v0x55be41211b00_765, v0x55be41211b00_766;
v0x55be41211b00_767 .array/port v0x55be41211b00, 767;
v0x55be41211b00_768 .array/port v0x55be41211b00, 768;
v0x55be41211b00_769 .array/port v0x55be41211b00, 769;
v0x55be41211b00_770 .array/port v0x55be41211b00, 770;
E_0x55be411e02a0/192 .event edge, v0x55be41211b00_767, v0x55be41211b00_768, v0x55be41211b00_769, v0x55be41211b00_770;
v0x55be41211b00_771 .array/port v0x55be41211b00, 771;
v0x55be41211b00_772 .array/port v0x55be41211b00, 772;
v0x55be41211b00_773 .array/port v0x55be41211b00, 773;
v0x55be41211b00_774 .array/port v0x55be41211b00, 774;
E_0x55be411e02a0/193 .event edge, v0x55be41211b00_771, v0x55be41211b00_772, v0x55be41211b00_773, v0x55be41211b00_774;
v0x55be41211b00_775 .array/port v0x55be41211b00, 775;
v0x55be41211b00_776 .array/port v0x55be41211b00, 776;
v0x55be41211b00_777 .array/port v0x55be41211b00, 777;
v0x55be41211b00_778 .array/port v0x55be41211b00, 778;
E_0x55be411e02a0/194 .event edge, v0x55be41211b00_775, v0x55be41211b00_776, v0x55be41211b00_777, v0x55be41211b00_778;
v0x55be41211b00_779 .array/port v0x55be41211b00, 779;
v0x55be41211b00_780 .array/port v0x55be41211b00, 780;
v0x55be41211b00_781 .array/port v0x55be41211b00, 781;
v0x55be41211b00_782 .array/port v0x55be41211b00, 782;
E_0x55be411e02a0/195 .event edge, v0x55be41211b00_779, v0x55be41211b00_780, v0x55be41211b00_781, v0x55be41211b00_782;
v0x55be41211b00_783 .array/port v0x55be41211b00, 783;
v0x55be41211b00_784 .array/port v0x55be41211b00, 784;
v0x55be41211b00_785 .array/port v0x55be41211b00, 785;
v0x55be41211b00_786 .array/port v0x55be41211b00, 786;
E_0x55be411e02a0/196 .event edge, v0x55be41211b00_783, v0x55be41211b00_784, v0x55be41211b00_785, v0x55be41211b00_786;
v0x55be41211b00_787 .array/port v0x55be41211b00, 787;
v0x55be41211b00_788 .array/port v0x55be41211b00, 788;
v0x55be41211b00_789 .array/port v0x55be41211b00, 789;
v0x55be41211b00_790 .array/port v0x55be41211b00, 790;
E_0x55be411e02a0/197 .event edge, v0x55be41211b00_787, v0x55be41211b00_788, v0x55be41211b00_789, v0x55be41211b00_790;
v0x55be41211b00_791 .array/port v0x55be41211b00, 791;
v0x55be41211b00_792 .array/port v0x55be41211b00, 792;
v0x55be41211b00_793 .array/port v0x55be41211b00, 793;
v0x55be41211b00_794 .array/port v0x55be41211b00, 794;
E_0x55be411e02a0/198 .event edge, v0x55be41211b00_791, v0x55be41211b00_792, v0x55be41211b00_793, v0x55be41211b00_794;
v0x55be41211b00_795 .array/port v0x55be41211b00, 795;
v0x55be41211b00_796 .array/port v0x55be41211b00, 796;
v0x55be41211b00_797 .array/port v0x55be41211b00, 797;
v0x55be41211b00_798 .array/port v0x55be41211b00, 798;
E_0x55be411e02a0/199 .event edge, v0x55be41211b00_795, v0x55be41211b00_796, v0x55be41211b00_797, v0x55be41211b00_798;
v0x55be41211b00_799 .array/port v0x55be41211b00, 799;
v0x55be41211b00_800 .array/port v0x55be41211b00, 800;
v0x55be41211b00_801 .array/port v0x55be41211b00, 801;
v0x55be41211b00_802 .array/port v0x55be41211b00, 802;
E_0x55be411e02a0/200 .event edge, v0x55be41211b00_799, v0x55be41211b00_800, v0x55be41211b00_801, v0x55be41211b00_802;
v0x55be41211b00_803 .array/port v0x55be41211b00, 803;
v0x55be41211b00_804 .array/port v0x55be41211b00, 804;
v0x55be41211b00_805 .array/port v0x55be41211b00, 805;
v0x55be41211b00_806 .array/port v0x55be41211b00, 806;
E_0x55be411e02a0/201 .event edge, v0x55be41211b00_803, v0x55be41211b00_804, v0x55be41211b00_805, v0x55be41211b00_806;
v0x55be41211b00_807 .array/port v0x55be41211b00, 807;
v0x55be41211b00_808 .array/port v0x55be41211b00, 808;
v0x55be41211b00_809 .array/port v0x55be41211b00, 809;
v0x55be41211b00_810 .array/port v0x55be41211b00, 810;
E_0x55be411e02a0/202 .event edge, v0x55be41211b00_807, v0x55be41211b00_808, v0x55be41211b00_809, v0x55be41211b00_810;
v0x55be41211b00_811 .array/port v0x55be41211b00, 811;
v0x55be41211b00_812 .array/port v0x55be41211b00, 812;
v0x55be41211b00_813 .array/port v0x55be41211b00, 813;
v0x55be41211b00_814 .array/port v0x55be41211b00, 814;
E_0x55be411e02a0/203 .event edge, v0x55be41211b00_811, v0x55be41211b00_812, v0x55be41211b00_813, v0x55be41211b00_814;
v0x55be41211b00_815 .array/port v0x55be41211b00, 815;
v0x55be41211b00_816 .array/port v0x55be41211b00, 816;
v0x55be41211b00_817 .array/port v0x55be41211b00, 817;
v0x55be41211b00_818 .array/port v0x55be41211b00, 818;
E_0x55be411e02a0/204 .event edge, v0x55be41211b00_815, v0x55be41211b00_816, v0x55be41211b00_817, v0x55be41211b00_818;
v0x55be41211b00_819 .array/port v0x55be41211b00, 819;
v0x55be41211b00_820 .array/port v0x55be41211b00, 820;
v0x55be41211b00_821 .array/port v0x55be41211b00, 821;
v0x55be41211b00_822 .array/port v0x55be41211b00, 822;
E_0x55be411e02a0/205 .event edge, v0x55be41211b00_819, v0x55be41211b00_820, v0x55be41211b00_821, v0x55be41211b00_822;
v0x55be41211b00_823 .array/port v0x55be41211b00, 823;
v0x55be41211b00_824 .array/port v0x55be41211b00, 824;
v0x55be41211b00_825 .array/port v0x55be41211b00, 825;
v0x55be41211b00_826 .array/port v0x55be41211b00, 826;
E_0x55be411e02a0/206 .event edge, v0x55be41211b00_823, v0x55be41211b00_824, v0x55be41211b00_825, v0x55be41211b00_826;
v0x55be41211b00_827 .array/port v0x55be41211b00, 827;
v0x55be41211b00_828 .array/port v0x55be41211b00, 828;
v0x55be41211b00_829 .array/port v0x55be41211b00, 829;
v0x55be41211b00_830 .array/port v0x55be41211b00, 830;
E_0x55be411e02a0/207 .event edge, v0x55be41211b00_827, v0x55be41211b00_828, v0x55be41211b00_829, v0x55be41211b00_830;
v0x55be41211b00_831 .array/port v0x55be41211b00, 831;
v0x55be41211b00_832 .array/port v0x55be41211b00, 832;
v0x55be41211b00_833 .array/port v0x55be41211b00, 833;
v0x55be41211b00_834 .array/port v0x55be41211b00, 834;
E_0x55be411e02a0/208 .event edge, v0x55be41211b00_831, v0x55be41211b00_832, v0x55be41211b00_833, v0x55be41211b00_834;
v0x55be41211b00_835 .array/port v0x55be41211b00, 835;
v0x55be41211b00_836 .array/port v0x55be41211b00, 836;
v0x55be41211b00_837 .array/port v0x55be41211b00, 837;
v0x55be41211b00_838 .array/port v0x55be41211b00, 838;
E_0x55be411e02a0/209 .event edge, v0x55be41211b00_835, v0x55be41211b00_836, v0x55be41211b00_837, v0x55be41211b00_838;
v0x55be41211b00_839 .array/port v0x55be41211b00, 839;
v0x55be41211b00_840 .array/port v0x55be41211b00, 840;
v0x55be41211b00_841 .array/port v0x55be41211b00, 841;
v0x55be41211b00_842 .array/port v0x55be41211b00, 842;
E_0x55be411e02a0/210 .event edge, v0x55be41211b00_839, v0x55be41211b00_840, v0x55be41211b00_841, v0x55be41211b00_842;
v0x55be41211b00_843 .array/port v0x55be41211b00, 843;
v0x55be41211b00_844 .array/port v0x55be41211b00, 844;
v0x55be41211b00_845 .array/port v0x55be41211b00, 845;
v0x55be41211b00_846 .array/port v0x55be41211b00, 846;
E_0x55be411e02a0/211 .event edge, v0x55be41211b00_843, v0x55be41211b00_844, v0x55be41211b00_845, v0x55be41211b00_846;
v0x55be41211b00_847 .array/port v0x55be41211b00, 847;
v0x55be41211b00_848 .array/port v0x55be41211b00, 848;
v0x55be41211b00_849 .array/port v0x55be41211b00, 849;
v0x55be41211b00_850 .array/port v0x55be41211b00, 850;
E_0x55be411e02a0/212 .event edge, v0x55be41211b00_847, v0x55be41211b00_848, v0x55be41211b00_849, v0x55be41211b00_850;
v0x55be41211b00_851 .array/port v0x55be41211b00, 851;
v0x55be41211b00_852 .array/port v0x55be41211b00, 852;
v0x55be41211b00_853 .array/port v0x55be41211b00, 853;
v0x55be41211b00_854 .array/port v0x55be41211b00, 854;
E_0x55be411e02a0/213 .event edge, v0x55be41211b00_851, v0x55be41211b00_852, v0x55be41211b00_853, v0x55be41211b00_854;
v0x55be41211b00_855 .array/port v0x55be41211b00, 855;
v0x55be41211b00_856 .array/port v0x55be41211b00, 856;
v0x55be41211b00_857 .array/port v0x55be41211b00, 857;
v0x55be41211b00_858 .array/port v0x55be41211b00, 858;
E_0x55be411e02a0/214 .event edge, v0x55be41211b00_855, v0x55be41211b00_856, v0x55be41211b00_857, v0x55be41211b00_858;
v0x55be41211b00_859 .array/port v0x55be41211b00, 859;
v0x55be41211b00_860 .array/port v0x55be41211b00, 860;
v0x55be41211b00_861 .array/port v0x55be41211b00, 861;
v0x55be41211b00_862 .array/port v0x55be41211b00, 862;
E_0x55be411e02a0/215 .event edge, v0x55be41211b00_859, v0x55be41211b00_860, v0x55be41211b00_861, v0x55be41211b00_862;
v0x55be41211b00_863 .array/port v0x55be41211b00, 863;
v0x55be41211b00_864 .array/port v0x55be41211b00, 864;
v0x55be41211b00_865 .array/port v0x55be41211b00, 865;
v0x55be41211b00_866 .array/port v0x55be41211b00, 866;
E_0x55be411e02a0/216 .event edge, v0x55be41211b00_863, v0x55be41211b00_864, v0x55be41211b00_865, v0x55be41211b00_866;
v0x55be41211b00_867 .array/port v0x55be41211b00, 867;
v0x55be41211b00_868 .array/port v0x55be41211b00, 868;
v0x55be41211b00_869 .array/port v0x55be41211b00, 869;
v0x55be41211b00_870 .array/port v0x55be41211b00, 870;
E_0x55be411e02a0/217 .event edge, v0x55be41211b00_867, v0x55be41211b00_868, v0x55be41211b00_869, v0x55be41211b00_870;
v0x55be41211b00_871 .array/port v0x55be41211b00, 871;
v0x55be41211b00_872 .array/port v0x55be41211b00, 872;
v0x55be41211b00_873 .array/port v0x55be41211b00, 873;
v0x55be41211b00_874 .array/port v0x55be41211b00, 874;
E_0x55be411e02a0/218 .event edge, v0x55be41211b00_871, v0x55be41211b00_872, v0x55be41211b00_873, v0x55be41211b00_874;
v0x55be41211b00_875 .array/port v0x55be41211b00, 875;
v0x55be41211b00_876 .array/port v0x55be41211b00, 876;
v0x55be41211b00_877 .array/port v0x55be41211b00, 877;
v0x55be41211b00_878 .array/port v0x55be41211b00, 878;
E_0x55be411e02a0/219 .event edge, v0x55be41211b00_875, v0x55be41211b00_876, v0x55be41211b00_877, v0x55be41211b00_878;
v0x55be41211b00_879 .array/port v0x55be41211b00, 879;
v0x55be41211b00_880 .array/port v0x55be41211b00, 880;
v0x55be41211b00_881 .array/port v0x55be41211b00, 881;
v0x55be41211b00_882 .array/port v0x55be41211b00, 882;
E_0x55be411e02a0/220 .event edge, v0x55be41211b00_879, v0x55be41211b00_880, v0x55be41211b00_881, v0x55be41211b00_882;
v0x55be41211b00_883 .array/port v0x55be41211b00, 883;
v0x55be41211b00_884 .array/port v0x55be41211b00, 884;
v0x55be41211b00_885 .array/port v0x55be41211b00, 885;
v0x55be41211b00_886 .array/port v0x55be41211b00, 886;
E_0x55be411e02a0/221 .event edge, v0x55be41211b00_883, v0x55be41211b00_884, v0x55be41211b00_885, v0x55be41211b00_886;
v0x55be41211b00_887 .array/port v0x55be41211b00, 887;
v0x55be41211b00_888 .array/port v0x55be41211b00, 888;
v0x55be41211b00_889 .array/port v0x55be41211b00, 889;
v0x55be41211b00_890 .array/port v0x55be41211b00, 890;
E_0x55be411e02a0/222 .event edge, v0x55be41211b00_887, v0x55be41211b00_888, v0x55be41211b00_889, v0x55be41211b00_890;
v0x55be41211b00_891 .array/port v0x55be41211b00, 891;
v0x55be41211b00_892 .array/port v0x55be41211b00, 892;
v0x55be41211b00_893 .array/port v0x55be41211b00, 893;
v0x55be41211b00_894 .array/port v0x55be41211b00, 894;
E_0x55be411e02a0/223 .event edge, v0x55be41211b00_891, v0x55be41211b00_892, v0x55be41211b00_893, v0x55be41211b00_894;
v0x55be41211b00_895 .array/port v0x55be41211b00, 895;
v0x55be41211b00_896 .array/port v0x55be41211b00, 896;
v0x55be41211b00_897 .array/port v0x55be41211b00, 897;
v0x55be41211b00_898 .array/port v0x55be41211b00, 898;
E_0x55be411e02a0/224 .event edge, v0x55be41211b00_895, v0x55be41211b00_896, v0x55be41211b00_897, v0x55be41211b00_898;
v0x55be41211b00_899 .array/port v0x55be41211b00, 899;
v0x55be41211b00_900 .array/port v0x55be41211b00, 900;
v0x55be41211b00_901 .array/port v0x55be41211b00, 901;
v0x55be41211b00_902 .array/port v0x55be41211b00, 902;
E_0x55be411e02a0/225 .event edge, v0x55be41211b00_899, v0x55be41211b00_900, v0x55be41211b00_901, v0x55be41211b00_902;
v0x55be41211b00_903 .array/port v0x55be41211b00, 903;
v0x55be41211b00_904 .array/port v0x55be41211b00, 904;
v0x55be41211b00_905 .array/port v0x55be41211b00, 905;
v0x55be41211b00_906 .array/port v0x55be41211b00, 906;
E_0x55be411e02a0/226 .event edge, v0x55be41211b00_903, v0x55be41211b00_904, v0x55be41211b00_905, v0x55be41211b00_906;
v0x55be41211b00_907 .array/port v0x55be41211b00, 907;
v0x55be41211b00_908 .array/port v0x55be41211b00, 908;
v0x55be41211b00_909 .array/port v0x55be41211b00, 909;
v0x55be41211b00_910 .array/port v0x55be41211b00, 910;
E_0x55be411e02a0/227 .event edge, v0x55be41211b00_907, v0x55be41211b00_908, v0x55be41211b00_909, v0x55be41211b00_910;
v0x55be41211b00_911 .array/port v0x55be41211b00, 911;
v0x55be41211b00_912 .array/port v0x55be41211b00, 912;
v0x55be41211b00_913 .array/port v0x55be41211b00, 913;
v0x55be41211b00_914 .array/port v0x55be41211b00, 914;
E_0x55be411e02a0/228 .event edge, v0x55be41211b00_911, v0x55be41211b00_912, v0x55be41211b00_913, v0x55be41211b00_914;
v0x55be41211b00_915 .array/port v0x55be41211b00, 915;
v0x55be41211b00_916 .array/port v0x55be41211b00, 916;
v0x55be41211b00_917 .array/port v0x55be41211b00, 917;
v0x55be41211b00_918 .array/port v0x55be41211b00, 918;
E_0x55be411e02a0/229 .event edge, v0x55be41211b00_915, v0x55be41211b00_916, v0x55be41211b00_917, v0x55be41211b00_918;
v0x55be41211b00_919 .array/port v0x55be41211b00, 919;
v0x55be41211b00_920 .array/port v0x55be41211b00, 920;
v0x55be41211b00_921 .array/port v0x55be41211b00, 921;
v0x55be41211b00_922 .array/port v0x55be41211b00, 922;
E_0x55be411e02a0/230 .event edge, v0x55be41211b00_919, v0x55be41211b00_920, v0x55be41211b00_921, v0x55be41211b00_922;
v0x55be41211b00_923 .array/port v0x55be41211b00, 923;
v0x55be41211b00_924 .array/port v0x55be41211b00, 924;
v0x55be41211b00_925 .array/port v0x55be41211b00, 925;
v0x55be41211b00_926 .array/port v0x55be41211b00, 926;
E_0x55be411e02a0/231 .event edge, v0x55be41211b00_923, v0x55be41211b00_924, v0x55be41211b00_925, v0x55be41211b00_926;
v0x55be41211b00_927 .array/port v0x55be41211b00, 927;
v0x55be41211b00_928 .array/port v0x55be41211b00, 928;
v0x55be41211b00_929 .array/port v0x55be41211b00, 929;
v0x55be41211b00_930 .array/port v0x55be41211b00, 930;
E_0x55be411e02a0/232 .event edge, v0x55be41211b00_927, v0x55be41211b00_928, v0x55be41211b00_929, v0x55be41211b00_930;
v0x55be41211b00_931 .array/port v0x55be41211b00, 931;
v0x55be41211b00_932 .array/port v0x55be41211b00, 932;
v0x55be41211b00_933 .array/port v0x55be41211b00, 933;
v0x55be41211b00_934 .array/port v0x55be41211b00, 934;
E_0x55be411e02a0/233 .event edge, v0x55be41211b00_931, v0x55be41211b00_932, v0x55be41211b00_933, v0x55be41211b00_934;
v0x55be41211b00_935 .array/port v0x55be41211b00, 935;
v0x55be41211b00_936 .array/port v0x55be41211b00, 936;
v0x55be41211b00_937 .array/port v0x55be41211b00, 937;
v0x55be41211b00_938 .array/port v0x55be41211b00, 938;
E_0x55be411e02a0/234 .event edge, v0x55be41211b00_935, v0x55be41211b00_936, v0x55be41211b00_937, v0x55be41211b00_938;
v0x55be41211b00_939 .array/port v0x55be41211b00, 939;
v0x55be41211b00_940 .array/port v0x55be41211b00, 940;
v0x55be41211b00_941 .array/port v0x55be41211b00, 941;
v0x55be41211b00_942 .array/port v0x55be41211b00, 942;
E_0x55be411e02a0/235 .event edge, v0x55be41211b00_939, v0x55be41211b00_940, v0x55be41211b00_941, v0x55be41211b00_942;
v0x55be41211b00_943 .array/port v0x55be41211b00, 943;
v0x55be41211b00_944 .array/port v0x55be41211b00, 944;
v0x55be41211b00_945 .array/port v0x55be41211b00, 945;
v0x55be41211b00_946 .array/port v0x55be41211b00, 946;
E_0x55be411e02a0/236 .event edge, v0x55be41211b00_943, v0x55be41211b00_944, v0x55be41211b00_945, v0x55be41211b00_946;
v0x55be41211b00_947 .array/port v0x55be41211b00, 947;
v0x55be41211b00_948 .array/port v0x55be41211b00, 948;
v0x55be41211b00_949 .array/port v0x55be41211b00, 949;
v0x55be41211b00_950 .array/port v0x55be41211b00, 950;
E_0x55be411e02a0/237 .event edge, v0x55be41211b00_947, v0x55be41211b00_948, v0x55be41211b00_949, v0x55be41211b00_950;
v0x55be41211b00_951 .array/port v0x55be41211b00, 951;
v0x55be41211b00_952 .array/port v0x55be41211b00, 952;
v0x55be41211b00_953 .array/port v0x55be41211b00, 953;
v0x55be41211b00_954 .array/port v0x55be41211b00, 954;
E_0x55be411e02a0/238 .event edge, v0x55be41211b00_951, v0x55be41211b00_952, v0x55be41211b00_953, v0x55be41211b00_954;
v0x55be41211b00_955 .array/port v0x55be41211b00, 955;
v0x55be41211b00_956 .array/port v0x55be41211b00, 956;
v0x55be41211b00_957 .array/port v0x55be41211b00, 957;
v0x55be41211b00_958 .array/port v0x55be41211b00, 958;
E_0x55be411e02a0/239 .event edge, v0x55be41211b00_955, v0x55be41211b00_956, v0x55be41211b00_957, v0x55be41211b00_958;
v0x55be41211b00_959 .array/port v0x55be41211b00, 959;
v0x55be41211b00_960 .array/port v0x55be41211b00, 960;
v0x55be41211b00_961 .array/port v0x55be41211b00, 961;
v0x55be41211b00_962 .array/port v0x55be41211b00, 962;
E_0x55be411e02a0/240 .event edge, v0x55be41211b00_959, v0x55be41211b00_960, v0x55be41211b00_961, v0x55be41211b00_962;
v0x55be41211b00_963 .array/port v0x55be41211b00, 963;
v0x55be41211b00_964 .array/port v0x55be41211b00, 964;
v0x55be41211b00_965 .array/port v0x55be41211b00, 965;
v0x55be41211b00_966 .array/port v0x55be41211b00, 966;
E_0x55be411e02a0/241 .event edge, v0x55be41211b00_963, v0x55be41211b00_964, v0x55be41211b00_965, v0x55be41211b00_966;
v0x55be41211b00_967 .array/port v0x55be41211b00, 967;
v0x55be41211b00_968 .array/port v0x55be41211b00, 968;
v0x55be41211b00_969 .array/port v0x55be41211b00, 969;
v0x55be41211b00_970 .array/port v0x55be41211b00, 970;
E_0x55be411e02a0/242 .event edge, v0x55be41211b00_967, v0x55be41211b00_968, v0x55be41211b00_969, v0x55be41211b00_970;
v0x55be41211b00_971 .array/port v0x55be41211b00, 971;
v0x55be41211b00_972 .array/port v0x55be41211b00, 972;
v0x55be41211b00_973 .array/port v0x55be41211b00, 973;
v0x55be41211b00_974 .array/port v0x55be41211b00, 974;
E_0x55be411e02a0/243 .event edge, v0x55be41211b00_971, v0x55be41211b00_972, v0x55be41211b00_973, v0x55be41211b00_974;
v0x55be41211b00_975 .array/port v0x55be41211b00, 975;
v0x55be41211b00_976 .array/port v0x55be41211b00, 976;
v0x55be41211b00_977 .array/port v0x55be41211b00, 977;
v0x55be41211b00_978 .array/port v0x55be41211b00, 978;
E_0x55be411e02a0/244 .event edge, v0x55be41211b00_975, v0x55be41211b00_976, v0x55be41211b00_977, v0x55be41211b00_978;
v0x55be41211b00_979 .array/port v0x55be41211b00, 979;
v0x55be41211b00_980 .array/port v0x55be41211b00, 980;
v0x55be41211b00_981 .array/port v0x55be41211b00, 981;
v0x55be41211b00_982 .array/port v0x55be41211b00, 982;
E_0x55be411e02a0/245 .event edge, v0x55be41211b00_979, v0x55be41211b00_980, v0x55be41211b00_981, v0x55be41211b00_982;
v0x55be41211b00_983 .array/port v0x55be41211b00, 983;
v0x55be41211b00_984 .array/port v0x55be41211b00, 984;
v0x55be41211b00_985 .array/port v0x55be41211b00, 985;
v0x55be41211b00_986 .array/port v0x55be41211b00, 986;
E_0x55be411e02a0/246 .event edge, v0x55be41211b00_983, v0x55be41211b00_984, v0x55be41211b00_985, v0x55be41211b00_986;
v0x55be41211b00_987 .array/port v0x55be41211b00, 987;
v0x55be41211b00_988 .array/port v0x55be41211b00, 988;
v0x55be41211b00_989 .array/port v0x55be41211b00, 989;
v0x55be41211b00_990 .array/port v0x55be41211b00, 990;
E_0x55be411e02a0/247 .event edge, v0x55be41211b00_987, v0x55be41211b00_988, v0x55be41211b00_989, v0x55be41211b00_990;
v0x55be41211b00_991 .array/port v0x55be41211b00, 991;
v0x55be41211b00_992 .array/port v0x55be41211b00, 992;
v0x55be41211b00_993 .array/port v0x55be41211b00, 993;
v0x55be41211b00_994 .array/port v0x55be41211b00, 994;
E_0x55be411e02a0/248 .event edge, v0x55be41211b00_991, v0x55be41211b00_992, v0x55be41211b00_993, v0x55be41211b00_994;
v0x55be41211b00_995 .array/port v0x55be41211b00, 995;
v0x55be41211b00_996 .array/port v0x55be41211b00, 996;
v0x55be41211b00_997 .array/port v0x55be41211b00, 997;
v0x55be41211b00_998 .array/port v0x55be41211b00, 998;
E_0x55be411e02a0/249 .event edge, v0x55be41211b00_995, v0x55be41211b00_996, v0x55be41211b00_997, v0x55be41211b00_998;
v0x55be41211b00_999 .array/port v0x55be41211b00, 999;
v0x55be41211b00_1000 .array/port v0x55be41211b00, 1000;
v0x55be41211b00_1001 .array/port v0x55be41211b00, 1001;
v0x55be41211b00_1002 .array/port v0x55be41211b00, 1002;
E_0x55be411e02a0/250 .event edge, v0x55be41211b00_999, v0x55be41211b00_1000, v0x55be41211b00_1001, v0x55be41211b00_1002;
v0x55be41211b00_1003 .array/port v0x55be41211b00, 1003;
v0x55be41211b00_1004 .array/port v0x55be41211b00, 1004;
v0x55be41211b00_1005 .array/port v0x55be41211b00, 1005;
v0x55be41211b00_1006 .array/port v0x55be41211b00, 1006;
E_0x55be411e02a0/251 .event edge, v0x55be41211b00_1003, v0x55be41211b00_1004, v0x55be41211b00_1005, v0x55be41211b00_1006;
v0x55be41211b00_1007 .array/port v0x55be41211b00, 1007;
v0x55be41211b00_1008 .array/port v0x55be41211b00, 1008;
v0x55be41211b00_1009 .array/port v0x55be41211b00, 1009;
v0x55be41211b00_1010 .array/port v0x55be41211b00, 1010;
E_0x55be411e02a0/252 .event edge, v0x55be41211b00_1007, v0x55be41211b00_1008, v0x55be41211b00_1009, v0x55be41211b00_1010;
v0x55be41211b00_1011 .array/port v0x55be41211b00, 1011;
v0x55be41211b00_1012 .array/port v0x55be41211b00, 1012;
v0x55be41211b00_1013 .array/port v0x55be41211b00, 1013;
v0x55be41211b00_1014 .array/port v0x55be41211b00, 1014;
E_0x55be411e02a0/253 .event edge, v0x55be41211b00_1011, v0x55be41211b00_1012, v0x55be41211b00_1013, v0x55be41211b00_1014;
v0x55be41211b00_1015 .array/port v0x55be41211b00, 1015;
v0x55be41211b00_1016 .array/port v0x55be41211b00, 1016;
v0x55be41211b00_1017 .array/port v0x55be41211b00, 1017;
v0x55be41211b00_1018 .array/port v0x55be41211b00, 1018;
E_0x55be411e02a0/254 .event edge, v0x55be41211b00_1015, v0x55be41211b00_1016, v0x55be41211b00_1017, v0x55be41211b00_1018;
v0x55be41211b00_1019 .array/port v0x55be41211b00, 1019;
v0x55be41211b00_1020 .array/port v0x55be41211b00, 1020;
v0x55be41211b00_1021 .array/port v0x55be41211b00, 1021;
v0x55be41211b00_1022 .array/port v0x55be41211b00, 1022;
E_0x55be411e02a0/255 .event edge, v0x55be41211b00_1019, v0x55be41211b00_1020, v0x55be41211b00_1021, v0x55be41211b00_1022;
v0x55be41211b00_1023 .array/port v0x55be41211b00, 1023;
E_0x55be411e02a0/256 .event edge, v0x55be41211b00_1023, v0x55be411a8ba0_0;
E_0x55be411e02a0 .event/or E_0x55be411e02a0/0, E_0x55be411e02a0/1, E_0x55be411e02a0/2, E_0x55be411e02a0/3, E_0x55be411e02a0/4, E_0x55be411e02a0/5, E_0x55be411e02a0/6, E_0x55be411e02a0/7, E_0x55be411e02a0/8, E_0x55be411e02a0/9, E_0x55be411e02a0/10, E_0x55be411e02a0/11, E_0x55be411e02a0/12, E_0x55be411e02a0/13, E_0x55be411e02a0/14, E_0x55be411e02a0/15, E_0x55be411e02a0/16, E_0x55be411e02a0/17, E_0x55be411e02a0/18, E_0x55be411e02a0/19, E_0x55be411e02a0/20, E_0x55be411e02a0/21, E_0x55be411e02a0/22, E_0x55be411e02a0/23, E_0x55be411e02a0/24, E_0x55be411e02a0/25, E_0x55be411e02a0/26, E_0x55be411e02a0/27, E_0x55be411e02a0/28, E_0x55be411e02a0/29, E_0x55be411e02a0/30, E_0x55be411e02a0/31, E_0x55be411e02a0/32, E_0x55be411e02a0/33, E_0x55be411e02a0/34, E_0x55be411e02a0/35, E_0x55be411e02a0/36, E_0x55be411e02a0/37, E_0x55be411e02a0/38, E_0x55be411e02a0/39, E_0x55be411e02a0/40, E_0x55be411e02a0/41, E_0x55be411e02a0/42, E_0x55be411e02a0/43, E_0x55be411e02a0/44, E_0x55be411e02a0/45, E_0x55be411e02a0/46, E_0x55be411e02a0/47, E_0x55be411e02a0/48, E_0x55be411e02a0/49, E_0x55be411e02a0/50, E_0x55be411e02a0/51, E_0x55be411e02a0/52, E_0x55be411e02a0/53, E_0x55be411e02a0/54, E_0x55be411e02a0/55, E_0x55be411e02a0/56, E_0x55be411e02a0/57, E_0x55be411e02a0/58, E_0x55be411e02a0/59, E_0x55be411e02a0/60, E_0x55be411e02a0/61, E_0x55be411e02a0/62, E_0x55be411e02a0/63, E_0x55be411e02a0/64, E_0x55be411e02a0/65, E_0x55be411e02a0/66, E_0x55be411e02a0/67, E_0x55be411e02a0/68, E_0x55be411e02a0/69, E_0x55be411e02a0/70, E_0x55be411e02a0/71, E_0x55be411e02a0/72, E_0x55be411e02a0/73, E_0x55be411e02a0/74, E_0x55be411e02a0/75, E_0x55be411e02a0/76, E_0x55be411e02a0/77, E_0x55be411e02a0/78, E_0x55be411e02a0/79, E_0x55be411e02a0/80, E_0x55be411e02a0/81, E_0x55be411e02a0/82, E_0x55be411e02a0/83, E_0x55be411e02a0/84, E_0x55be411e02a0/85, E_0x55be411e02a0/86, E_0x55be411e02a0/87, E_0x55be411e02a0/88, E_0x55be411e02a0/89, E_0x55be411e02a0/90, E_0x55be411e02a0/91, E_0x55be411e02a0/92, E_0x55be411e02a0/93, E_0x55be411e02a0/94, E_0x55be411e02a0/95, E_0x55be411e02a0/96, E_0x55be411e02a0/97, E_0x55be411e02a0/98, E_0x55be411e02a0/99, E_0x55be411e02a0/100, E_0x55be411e02a0/101, E_0x55be411e02a0/102, E_0x55be411e02a0/103, E_0x55be411e02a0/104, E_0x55be411e02a0/105, E_0x55be411e02a0/106, E_0x55be411e02a0/107, E_0x55be411e02a0/108, E_0x55be411e02a0/109, E_0x55be411e02a0/110, E_0x55be411e02a0/111, E_0x55be411e02a0/112, E_0x55be411e02a0/113, E_0x55be411e02a0/114, E_0x55be411e02a0/115, E_0x55be411e02a0/116, E_0x55be411e02a0/117, E_0x55be411e02a0/118, E_0x55be411e02a0/119, E_0x55be411e02a0/120, E_0x55be411e02a0/121, E_0x55be411e02a0/122, E_0x55be411e02a0/123, E_0x55be411e02a0/124, E_0x55be411e02a0/125, E_0x55be411e02a0/126, E_0x55be411e02a0/127, E_0x55be411e02a0/128, E_0x55be411e02a0/129, E_0x55be411e02a0/130, E_0x55be411e02a0/131, E_0x55be411e02a0/132, E_0x55be411e02a0/133, E_0x55be411e02a0/134, E_0x55be411e02a0/135, E_0x55be411e02a0/136, E_0x55be411e02a0/137, E_0x55be411e02a0/138, E_0x55be411e02a0/139, E_0x55be411e02a0/140, E_0x55be411e02a0/141, E_0x55be411e02a0/142, E_0x55be411e02a0/143, E_0x55be411e02a0/144, E_0x55be411e02a0/145, E_0x55be411e02a0/146, E_0x55be411e02a0/147, E_0x55be411e02a0/148, E_0x55be411e02a0/149, E_0x55be411e02a0/150, E_0x55be411e02a0/151, E_0x55be411e02a0/152, E_0x55be411e02a0/153, E_0x55be411e02a0/154, E_0x55be411e02a0/155, E_0x55be411e02a0/156, E_0x55be411e02a0/157, E_0x55be411e02a0/158, E_0x55be411e02a0/159, E_0x55be411e02a0/160, E_0x55be411e02a0/161, E_0x55be411e02a0/162, E_0x55be411e02a0/163, E_0x55be411e02a0/164, E_0x55be411e02a0/165, E_0x55be411e02a0/166, E_0x55be411e02a0/167, E_0x55be411e02a0/168, E_0x55be411e02a0/169, E_0x55be411e02a0/170, E_0x55be411e02a0/171, E_0x55be411e02a0/172, E_0x55be411e02a0/173, E_0x55be411e02a0/174, E_0x55be411e02a0/175, E_0x55be411e02a0/176, E_0x55be411e02a0/177, E_0x55be411e02a0/178, E_0x55be411e02a0/179, E_0x55be411e02a0/180, E_0x55be411e02a0/181, E_0x55be411e02a0/182, E_0x55be411e02a0/183, E_0x55be411e02a0/184, E_0x55be411e02a0/185, E_0x55be411e02a0/186, E_0x55be411e02a0/187, E_0x55be411e02a0/188, E_0x55be411e02a0/189, E_0x55be411e02a0/190, E_0x55be411e02a0/191, E_0x55be411e02a0/192, E_0x55be411e02a0/193, E_0x55be411e02a0/194, E_0x55be411e02a0/195, E_0x55be411e02a0/196, E_0x55be411e02a0/197, E_0x55be411e02a0/198, E_0x55be411e02a0/199, E_0x55be411e02a0/200, E_0x55be411e02a0/201, E_0x55be411e02a0/202, E_0x55be411e02a0/203, E_0x55be411e02a0/204, E_0x55be411e02a0/205, E_0x55be411e02a0/206, E_0x55be411e02a0/207, E_0x55be411e02a0/208, E_0x55be411e02a0/209, E_0x55be411e02a0/210, E_0x55be411e02a0/211, E_0x55be411e02a0/212, E_0x55be411e02a0/213, E_0x55be411e02a0/214, E_0x55be411e02a0/215, E_0x55be411e02a0/216, E_0x55be411e02a0/217, E_0x55be411e02a0/218, E_0x55be411e02a0/219, E_0x55be411e02a0/220, E_0x55be411e02a0/221, E_0x55be411e02a0/222, E_0x55be411e02a0/223, E_0x55be411e02a0/224, E_0x55be411e02a0/225, E_0x55be411e02a0/226, E_0x55be411e02a0/227, E_0x55be411e02a0/228, E_0x55be411e02a0/229, E_0x55be411e02a0/230, E_0x55be411e02a0/231, E_0x55be411e02a0/232, E_0x55be411e02a0/233, E_0x55be411e02a0/234, E_0x55be411e02a0/235, E_0x55be411e02a0/236, E_0x55be411e02a0/237, E_0x55be411e02a0/238, E_0x55be411e02a0/239, E_0x55be411e02a0/240, E_0x55be411e02a0/241, E_0x55be411e02a0/242, E_0x55be411e02a0/243, E_0x55be411e02a0/244, E_0x55be411e02a0/245, E_0x55be411e02a0/246, E_0x55be411e02a0/247, E_0x55be411e02a0/248, E_0x55be411e02a0/249, E_0x55be411e02a0/250, E_0x55be411e02a0/251, E_0x55be411e02a0/252, E_0x55be411e02a0/253, E_0x55be411e02a0/254, E_0x55be411e02a0/255, E_0x55be411e02a0/256;
    .scope S_0x55be411a6d90;
T_0 ;
    %vpi_call 2 51 "$readmemb", "general.txt", v0x55be41211b00 {0 0 0};
    %end;
    .thread T_0;
    .scope S_0x55be411a6d90;
T_1 ;
    %wait E_0x55be411e02a0;
    %load/vec4 v0x55be4121bbb0_0;
    %parti/s 7, 0, 2;
    %ix/load 5, 2, 0;
    %flag_set/imm 4, 0;
    %shiftr 5;
    %pad/u 12;
    %ix/vec4 4;
    %load/vec4a v0x55be41211b00, 4;
    %store/vec4 v0x55be411a8ba0_0, 0, 32;
    %load/vec4 v0x55be411a8ba0_0;
    %store/vec4 v0x55be411a87b0_0, 0, 32;
    %jmp T_1;
    .thread T_1, $push;
# The file index is used to find the file name in the following table.
:file_names 3;
    "N/A";
    "<interactive>";
    "instructions.v";
