#! /usr/bin/vvp
:ivl_version "11.0 (stable)";
:ivl_delay_selection "TYPICAL";
:vpi_time_precision - 12;
:vpi_module "/usr/lib/x86_64-linux-gnu/ivl/system.vpi";
:vpi_module "/usr/lib/x86_64-linux-gnu/ivl/vhdl_sys.vpi";
:vpi_module "/usr/lib/x86_64-linux-gnu/ivl/vhdl_textio.vpi";
:vpi_module "/usr/lib/x86_64-linux-gnu/ivl/v2005_math.vpi";
:vpi_module "/usr/lib/x86_64-linux-gnu/ivl/va_math.vpi";
S_0x563f3a42b860 .scope module, "forwarding_unit_tb" "forwarding_unit_tb" 2 4;
 .timescale -9 -12;
v0x563f3a448c70_0 .var "ex_mem_Regwrite", 0 0;
v0x563f3a448d30_0 .var "ex_mem_rd", 4 0;
v0x563f3a448e00_0 .net "forwardA", 1 0, v0x563f3a4485d0_0;  1 drivers
v0x563f3a448f00_0 .net "forwardB", 1 0, v0x563f3a448690_0;  1 drivers
v0x563f3a448fd0_0 .var "id_ex_Rs1", 4 0;
v0x563f3a449070_0 .var "id_ex_Rs2", 4 0;
v0x563f3a449140_0 .var "mem_wb_Regwrite", 0 0;
v0x563f3a449210_0 .var "mem_wb_rd", 4 0;
S_0x563f3a42b9f0 .scope module, "uut" "forwarding_unit" 2 19, 3 2 0, S_0x563f3a42b860;
 .timescale 0 0;
    .port_info 0 /INPUT 5 "id_ex_Rs1";
    .port_info 1 /INPUT 5 "id_ex_Rs2";
    .port_info 2 /INPUT 5 "ex_mem_rd";
    .port_info 3 /INPUT 5 "mem_wb_rd";
    .port_info 4 /INPUT 1 "ex_mem_Regwrite";
    .port_info 5 /INPUT 1 "mem_wb_Regwrite";
    .port_info 6 /OUTPUT 2 "forwardA";
    .port_info 7 /OUTPUT 2 "forwardB";
v0x563f3a3ef7b0_0 .net "ex_mem_Regwrite", 0 0, v0x563f3a448c70_0;  1 drivers
v0x563f3a3efba0_0 .net "ex_mem_rd", 4 0, v0x563f3a448d30_0;  1 drivers
v0x563f3a4485d0_0 .var "forwardA", 1 0;
v0x563f3a448690_0 .var "forwardB", 1 0;
v0x563f3a448770_0 .net "id_ex_Rs1", 4 0, v0x563f3a448fd0_0;  1 drivers
v0x563f3a4488a0_0 .net "id_ex_Rs2", 4 0, v0x563f3a449070_0;  1 drivers
v0x563f3a448980_0 .net "mem_wb_Regwrite", 0 0, v0x563f3a449140_0;  1 drivers
v0x563f3a448a40_0 .net "mem_wb_rd", 4 0, v0x563f3a449210_0;  1 drivers
E_0x563f3a4276d0/0 .event edge, v0x563f3a3ef7b0_0, v0x563f3a3efba0_0, v0x563f3a448770_0, v0x563f3a4488a0_0;
E_0x563f3a4276d0/1 .event edge, v0x563f3a448980_0, v0x563f3a448a40_0;
E_0x563f3a4276d0 .event/or E_0x563f3a4276d0/0, E_0x563f3a4276d0/1;
    .scope S_0x563f3a42b9f0;
T_0 ;
    %wait E_0x563f3a4276d0;
    %pushi/vec4 0, 0, 2;
    %store/vec4 v0x563f3a4485d0_0, 0, 2;
    %pushi/vec4 0, 0, 2;
    %store/vec4 v0x563f3a448690_0, 0, 2;
    %load/vec4 v0x563f3a3ef7b0_0;
    %load/vec4 v0x563f3a3efba0_0;
    %pushi/vec4 0, 0, 5;
    %cmp/ne;
    %flag_get/vec4 4;
    %and;
    %flag_set/vec4 8;
    %jmp/0xz  T_0.0, 8;
    %load/vec4 v0x563f3a3efba0_0;
    %load/vec4 v0x563f3a448770_0;
    %cmp/e;
    %jmp/0xz  T_0.2, 4;
    %pushi/vec4 2, 0, 2;
    %store/vec4 v0x563f3a4485d0_0, 0, 2;
T_0.2 ;
    %load/vec4 v0x563f3a3efba0_0;
    %load/vec4 v0x563f3a4488a0_0;
    %cmp/e;
    %jmp/0xz  T_0.4, 4;
    %pushi/vec4 2, 0, 2;
    %store/vec4 v0x563f3a448690_0, 0, 2;
T_0.4 ;
T_0.0 ;
    %load/vec4 v0x563f3a448980_0;
    %load/vec4 v0x563f3a448a40_0;
    %pushi/vec4 0, 0, 5;
    %cmp/ne;
    %flag_get/vec4 4;
    %and;
    %flag_set/vec4 8;
    %jmp/0xz  T_0.6, 8;
    %load/vec4 v0x563f3a448a40_0;
    %load/vec4 v0x563f3a448770_0;
    %cmp/e;
    %flag_get/vec4 4;
    %load/vec4 v0x563f3a3ef7b0_0;
    %load/vec4 v0x563f3a3efba0_0;
    %pushi/vec4 0, 0, 5;
    %cmp/ne;
    %flag_get/vec4 4;
    %and;
    %load/vec4 v0x563f3a3efba0_0;
    %load/vec4 v0x563f3a448770_0;
    %cmp/e;
    %flag_get/vec4 4;
    %and;
    %nor/r;
    %and;
    %flag_set/vec4 8;
    %jmp/0xz  T_0.8, 8;
    %pushi/vec4 1, 0, 2;
    %store/vec4 v0x563f3a4485d0_0, 0, 2;
T_0.8 ;
    %load/vec4 v0x563f3a448a40_0;
    %load/vec4 v0x563f3a4488a0_0;
    %cmp/e;
    %flag_get/vec4 4;
    %load/vec4 v0x563f3a3ef7b0_0;
    %load/vec4 v0x563f3a3efba0_0;
    %pushi/vec4 0, 0, 5;
    %cmp/ne;
    %flag_get/vec4 4;
    %and;
    %load/vec4 v0x563f3a3efba0_0;
    %load/vec4 v0x563f3a4488a0_0;
    %cmp/e;
    %flag_get/vec4 4;
    %and;
    %nor/r;
    %and;
    %flag_set/vec4 8;
    %jmp/0xz  T_0.10, 8;
    %pushi/vec4 1, 0, 2;
    %store/vec4 v0x563f3a448690_0, 0, 2;
T_0.10 ;
T_0.6 ;
    %jmp T_0;
    .thread T_0, $push;
    .scope S_0x563f3a42b860;
T_1 ;
    %vpi_call 2 32 "$dumpfile", "forwarding_unit_tb.vcd" {0 0 0};
    %vpi_call 2 33 "$dumpvars", 32'sb00000000000000000000000000000000, S_0x563f3a42b860 {0 0 0};
    %pushi/vec4 1, 0, 5;
    %store/vec4 v0x563f3a448fd0_0, 0, 5;
    %pushi/vec4 2, 0, 5;
    %store/vec4 v0x563f3a449070_0, 0, 5;
    %pushi/vec4 3, 0, 5;
    %store/vec4 v0x563f3a448d30_0, 0, 5;
    %pushi/vec4 4, 0, 5;
    %store/vec4 v0x563f3a449210_0, 0, 5;
    %pushi/vec4 0, 0, 1;
    %store/vec4 v0x563f3a448c70_0, 0, 1;
    %pushi/vec4 0, 0, 1;
    %store/vec4 v0x563f3a449140_0, 0, 1;
    %delay 10000, 0;
    %pushi/vec4 1, 0, 5;
    %store/vec4 v0x563f3a448d30_0, 0, 5;
    %pushi/vec4 1, 0, 1;
    %store/vec4 v0x563f3a448c70_0, 0, 1;
    %delay 10000, 0;
    %pushi/vec4 2, 0, 5;
    %store/vec4 v0x563f3a448d30_0, 0, 5;
    %delay 10000, 0;
    %pushi/vec4 3, 0, 5;
    %store/vec4 v0x563f3a448d30_0, 0, 5;
    %pushi/vec4 0, 0, 1;
    %store/vec4 v0x563f3a448c70_0, 0, 1;
    %pushi/vec4 1, 0, 5;
    %store/vec4 v0x563f3a449210_0, 0, 5;
    %pushi/vec4 1, 0, 1;
    %store/vec4 v0x563f3a449140_0, 0, 1;
    %delay 10000, 0;
    %pushi/vec4 2, 0, 5;
    %store/vec4 v0x563f3a449210_0, 0, 5;
    %delay 10000, 0;
    %pushi/vec4 1, 0, 5;
    %store/vec4 v0x563f3a448d30_0, 0, 5;
    %pushi/vec4 1, 0, 1;
    %store/vec4 v0x563f3a448c70_0, 0, 1;
    %pushi/vec4 1, 0, 5;
    %store/vec4 v0x563f3a449210_0, 0, 5;
    %pushi/vec4 1, 0, 1;
    %store/vec4 v0x563f3a449140_0, 0, 1;
    %delay 10000, 0;
    %pushi/vec4 0, 0, 5;
    %store/vec4 v0x563f3a448fd0_0, 0, 5;
    %pushi/vec4 0, 0, 5;
    %store/vec4 v0x563f3a449070_0, 0, 5;
    %pushi/vec4 0, 0, 5;
    %store/vec4 v0x563f3a448d30_0, 0, 5;
    %pushi/vec4 0, 0, 5;
    %store/vec4 v0x563f3a449210_0, 0, 5;
    %pushi/vec4 1, 0, 1;
    %store/vec4 v0x563f3a448c70_0, 0, 1;
    %pushi/vec4 1, 0, 1;
    %store/vec4 v0x563f3a449140_0, 0, 1;
    %delay 10000, 0;
    %pushi/vec4 5, 0, 5;
    %store/vec4 v0x563f3a448fd0_0, 0, 5;
    %pushi/vec4 6, 0, 5;
    %store/vec4 v0x563f3a449070_0, 0, 5;
    %pushi/vec4 5, 0, 5;
    %store/vec4 v0x563f3a448d30_0, 0, 5;
    %pushi/vec4 6, 0, 5;
    %store/vec4 v0x563f3a449210_0, 0, 5;
    %pushi/vec4 1, 0, 1;
    %store/vec4 v0x563f3a448c70_0, 0, 1;
    %pushi/vec4 0, 0, 1;
    %store/vec4 v0x563f3a449140_0, 0, 1;
    %delay 10000, 0;
    %pushi/vec4 0, 0, 1;
    %store/vec4 v0x563f3a448c70_0, 0, 1;
    %pushi/vec4 1, 0, 1;
    %store/vec4 v0x563f3a449140_0, 0, 1;
    %delay 10000, 0;
    %vpi_call 2 80 "$finish" {0 0 0};
    %end;
    .thread T_1;
    .scope S_0x563f3a42b860;
T_2 ;
    %vpi_call 2 85 "$monitor", "Time=%0t | Rs1=%d, Rs2=%d | EX/MEM rd=%d, MEM/WB rd=%d | EX/MEM RW=%b, MEM/WB RW=%b | forwardA=%b, forwardB=%b", $time, v0x563f3a448fd0_0, v0x563f3a449070_0, v0x563f3a448d30_0, v0x563f3a449210_0, v0x563f3a448c70_0, v0x563f3a449140_0, v0x563f3a448e00_0, v0x563f3a448f00_0 {0 0 0};
    %end;
    .thread T_2;
# The file index is used to find the file name in the following table.
:file_names 4;
    "N/A";
    "<interactive>";
    "Forwarding_unit_tb.v";
    "./Forwarding_unit.v";
