#! /usr/bin/vvp
:ivl_version "12.0 (stable)";
:ivl_delay_selection "TYPICAL";
:vpi_time_precision - 12;
:vpi_module "/usr/lib/x86_64-linux-gnu/ivl/system.vpi";
:vpi_module "/usr/lib/x86_64-linux-gnu/ivl/vhdl_sys.vpi";
:vpi_module "/usr/lib/x86_64-linux-gnu/ivl/vhdl_textio.vpi";
:vpi_module "/usr/lib/x86_64-linux-gnu/ivl/v2005_math.vpi";
:vpi_module "/usr/lib/x86_64-linux-gnu/ivl/va_math.vpi";
S_0x557aef0764b0 .scope module, "control_alucontrol_tb" "control_alucontrol_tb" 2 103;
 .timescale -9 -12;
v0x557aef093860_0 .net "ALUctr", 3 0, v0x557aef077d90_0;  1 drivers
v0x557aef093940_0 .net "ALUop", 1 0, v0x557aef092e50_0;  1 drivers
v0x557aef0939e0_0 .net "alusrc", 0 0, v0x557aef092f30_0;  1 drivers
v0x557aef093ab0_0 .net "branch", 0 0, v0x557aef092fd0_0;  1 drivers
v0x557aef093b80_0 .var "instruction", 31 0;
v0x557aef093c20_0 .net "memread", 0 0, v0x557aef093360_0;  1 drivers
v0x557aef093cf0_0 .net "memtoreg", 0 0, v0x557aef093420_0;  1 drivers
v0x557aef093dc0_0 .net "memwrite", 0 0, v0x557aef0934e0_0;  1 drivers
v0x557aef093e90_0 .net "regwrite", 0 0, v0x557aef093680_0;  1 drivers
S_0x557aef076640 .scope module, "dut" "control_alucontrol" 2 115, 2 1 0, S_0x557aef0764b0;
 .timescale 0 0;
    .port_info 0 /INPUT 32 "instruction";
    .port_info 1 /OUTPUT 1 "branch";
    .port_info 2 /OUTPUT 1 "memread";
    .port_info 3 /OUTPUT 1 "memtoreg";
    .port_info 4 /OUTPUT 2 "ALUop";
    .port_info 5 /OUTPUT 1 "memwrite";
    .port_info 6 /OUTPUT 1 "alusrc";
    .port_info 7 /OUTPUT 1 "regwrite";
    .port_info 8 /OUTPUT 4 "ALUctr";
v0x557aef077d90_0 .var "ALUctr", 3 0;
v0x557aef092e50_0 .var "ALUop", 1 0;
v0x557aef092f30_0 .var "alusrc", 0 0;
v0x557aef092fd0_0 .var "branch", 0 0;
v0x557aef093090_0 .net "funct3", 2 0, L_0x557aef094030;  1 drivers
v0x557aef0931c0_0 .net "funct7", 0 0, L_0x557aef0940d0;  1 drivers
v0x557aef093280_0 .net "instruction", 31 0, v0x557aef093b80_0;  1 drivers
v0x557aef093360_0 .var "memread", 0 0;
v0x557aef093420_0 .var "memtoreg", 0 0;
v0x557aef0934e0_0 .var "memwrite", 0 0;
v0x557aef0935a0_0 .net "opcode", 6 0, L_0x557aef093f60;  1 drivers
v0x557aef093680_0 .var "regwrite", 0 0;
E_0x557aef033090 .event anyedge, v0x557aef0935a0_0, v0x557aef0931c0_0, v0x557aef093090_0;
L_0x557aef093f60 .part v0x557aef093b80_0, 0, 7;
L_0x557aef094030 .part v0x557aef093b80_0, 12, 3;
L_0x557aef0940d0 .part v0x557aef093b80_0, 30, 1;
    .scope S_0x557aef076640;
T_0 ;
    %wait E_0x557aef033090;
    %load/vec4 v0x557aef0935a0_0;
    %dup/vec4;
    %pushi/vec4 51, 0, 7;
    %cmp/u;
    %jmp/1 T_0.0, 6;
    %dup/vec4;
    %pushi/vec4 3, 0, 7;
    %cmp/u;
    %jmp/1 T_0.1, 6;
    %dup/vec4;
    %pushi/vec4 35, 0, 7;
    %cmp/u;
    %jmp/1 T_0.2, 6;
    %dup/vec4;
    %pushi/vec4 19, 0, 7;
    %cmp/u;
    %jmp/1 T_0.3, 6;
    %dup/vec4;
    %pushi/vec4 99, 0, 7;
    %cmp/u;
    %jmp/1 T_0.4, 6;
    %pushi/vec4 0, 0, 1;
    %store/vec4 v0x557aef092fd0_0, 0, 1;
    %pushi/vec4 0, 0, 1;
    %store/vec4 v0x557aef093360_0, 0, 1;
    %pushi/vec4 0, 0, 1;
    %store/vec4 v0x557aef093420_0, 0, 1;
    %pushi/vec4 0, 0, 2;
    %store/vec4 v0x557aef092e50_0, 0, 2;
    %pushi/vec4 0, 0, 1;
    %store/vec4 v0x557aef0934e0_0, 0, 1;
    %pushi/vec4 0, 0, 1;
    %store/vec4 v0x557aef092f30_0, 0, 1;
    %pushi/vec4 0, 0, 1;
    %store/vec4 v0x557aef093680_0, 0, 1;
    %pushi/vec4 0, 0, 4;
    %store/vec4 v0x557aef077d90_0, 0, 4;
    %jmp T_0.6;
T_0.0 ;
    %pushi/vec4 0, 0, 1;
    %store/vec4 v0x557aef092fd0_0, 0, 1;
    %pushi/vec4 0, 0, 1;
    %store/vec4 v0x557aef093360_0, 0, 1;
    %pushi/vec4 0, 0, 1;
    %store/vec4 v0x557aef093420_0, 0, 1;
    %pushi/vec4 2, 0, 2;
    %store/vec4 v0x557aef092e50_0, 0, 2;
    %pushi/vec4 0, 0, 1;
    %store/vec4 v0x557aef0934e0_0, 0, 1;
    %pushi/vec4 0, 0, 1;
    %store/vec4 v0x557aef092f30_0, 0, 1;
    %pushi/vec4 1, 0, 1;
    %store/vec4 v0x557aef093680_0, 0, 1;
    %load/vec4 v0x557aef0931c0_0;
    %load/vec4 v0x557aef093090_0;
    %concat/vec4; draw_concat_vec4
    %dup/vec4;
    %pushi/vec4 0, 0, 4;
    %cmp/u;
    %jmp/1 T_0.7, 6;
    %dup/vec4;
    %pushi/vec4 8, 0, 4;
    %cmp/u;
    %jmp/1 T_0.8, 6;
    %dup/vec4;
    %pushi/vec4 7, 0, 4;
    %cmp/u;
    %jmp/1 T_0.9, 6;
    %dup/vec4;
    %pushi/vec4 6, 0, 4;
    %cmp/u;
    %jmp/1 T_0.10, 6;
    %dup/vec4;
    %pushi/vec4 4, 0, 4;
    %cmp/u;
    %jmp/1 T_0.11, 6;
    %dup/vec4;
    %pushi/vec4 1, 0, 4;
    %cmp/u;
    %jmp/1 T_0.12, 6;
    %pushi/vec4 0, 0, 4;
    %store/vec4 v0x557aef077d90_0, 0, 4;
    %jmp T_0.14;
T_0.7 ;
    %pushi/vec4 0, 0, 4;
    %store/vec4 v0x557aef077d90_0, 0, 4;
    %jmp T_0.14;
T_0.8 ;
    %pushi/vec4 1, 0, 4;
    %store/vec4 v0x557aef077d90_0, 0, 4;
    %jmp T_0.14;
T_0.9 ;
    %pushi/vec4 2, 0, 4;
    %store/vec4 v0x557aef077d90_0, 0, 4;
    %jmp T_0.14;
T_0.10 ;
    %pushi/vec4 3, 0, 4;
    %store/vec4 v0x557aef077d90_0, 0, 4;
    %jmp T_0.14;
T_0.11 ;
    %pushi/vec4 4, 0, 4;
    %store/vec4 v0x557aef077d90_0, 0, 4;
    %jmp T_0.14;
T_0.12 ;
    %pushi/vec4 6, 0, 4;
    %store/vec4 v0x557aef077d90_0, 0, 4;
    %jmp T_0.14;
T_0.14 ;
    %pop/vec4 1;
    %jmp T_0.6;
T_0.1 ;
    %pushi/vec4 0, 0, 1;
    %store/vec4 v0x557aef092fd0_0, 0, 1;
    %pushi/vec4 1, 0, 1;
    %store/vec4 v0x557aef093360_0, 0, 1;
    %pushi/vec4 1, 0, 1;
    %store/vec4 v0x557aef093420_0, 0, 1;
    %pushi/vec4 0, 0, 2;
    %store/vec4 v0x557aef092e50_0, 0, 2;
    %pushi/vec4 0, 0, 1;
    %store/vec4 v0x557aef0934e0_0, 0, 1;
    %pushi/vec4 1, 0, 1;
    %store/vec4 v0x557aef092f30_0, 0, 1;
    %pushi/vec4 1, 0, 1;
    %store/vec4 v0x557aef093680_0, 0, 1;
    %pushi/vec4 0, 0, 4;
    %store/vec4 v0x557aef077d90_0, 0, 4;
    %jmp T_0.6;
T_0.2 ;
    %pushi/vec4 0, 0, 1;
    %store/vec4 v0x557aef092fd0_0, 0, 1;
    %pushi/vec4 0, 0, 1;
    %store/vec4 v0x557aef093360_0, 0, 1;
    %pushi/vec4 0, 0, 1;
    %store/vec4 v0x557aef093420_0, 0, 1;
    %pushi/vec4 0, 0, 2;
    %store/vec4 v0x557aef092e50_0, 0, 2;
    %pushi/vec4 1, 0, 1;
    %store/vec4 v0x557aef0934e0_0, 0, 1;
    %pushi/vec4 1, 0, 1;
    %store/vec4 v0x557aef092f30_0, 0, 1;
    %pushi/vec4 0, 0, 1;
    %store/vec4 v0x557aef093680_0, 0, 1;
    %pushi/vec4 0, 0, 4;
    %store/vec4 v0x557aef077d90_0, 0, 4;
    %jmp T_0.6;
T_0.3 ;
    %pushi/vec4 0, 0, 1;
    %store/vec4 v0x557aef092fd0_0, 0, 1;
    %pushi/vec4 0, 0, 1;
    %store/vec4 v0x557aef093360_0, 0, 1;
    %pushi/vec4 0, 0, 1;
    %store/vec4 v0x557aef093420_0, 0, 1;
    %pushi/vec4 2, 0, 2;
    %store/vec4 v0x557aef092e50_0, 0, 2;
    %pushi/vec4 0, 0, 1;
    %store/vec4 v0x557aef0934e0_0, 0, 1;
    %pushi/vec4 1, 0, 1;
    %store/vec4 v0x557aef092f30_0, 0, 1;
    %pushi/vec4 1, 0, 1;
    %store/vec4 v0x557aef093680_0, 0, 1;
    %load/vec4 v0x557aef093090_0;
    %dup/vec4;
    %pushi/vec4 0, 0, 3;
    %cmp/u;
    %jmp/1 T_0.15, 6;
    %dup/vec4;
    %pushi/vec4 2, 0, 3;
    %cmp/u;
    %jmp/1 T_0.16, 6;
    %dup/vec4;
    %pushi/vec4 3, 0, 3;
    %cmp/u;
    %jmp/1 T_0.17, 6;
    %dup/vec4;
    %pushi/vec4 4, 0, 3;
    %cmp/u;
    %jmp/1 T_0.18, 6;
    %dup/vec4;
    %pushi/vec4 6, 0, 3;
    %cmp/u;
    %jmp/1 T_0.19, 6;
    %pushi/vec4 0, 0, 4;
    %store/vec4 v0x557aef077d90_0, 0, 4;
    %jmp T_0.21;
T_0.15 ;
    %pushi/vec4 0, 0, 4;
    %store/vec4 v0x557aef077d90_0, 0, 4;
    %jmp T_0.21;
T_0.16 ;
    %pushi/vec4 6, 0, 4;
    %store/vec4 v0x557aef077d90_0, 0, 4;
    %jmp T_0.21;
T_0.17 ;
    %pushi/vec4 4, 0, 4;
    %store/vec4 v0x557aef077d90_0, 0, 4;
    %jmp T_0.21;
T_0.18 ;
    %pushi/vec4 3, 0, 4;
    %store/vec4 v0x557aef077d90_0, 0, 4;
    %jmp T_0.21;
T_0.19 ;
    %pushi/vec4 2, 0, 4;
    %store/vec4 v0x557aef077d90_0, 0, 4;
    %jmp T_0.21;
T_0.21 ;
    %pop/vec4 1;
    %jmp T_0.6;
T_0.4 ;
    %pushi/vec4 1, 0, 1;
    %store/vec4 v0x557aef092fd0_0, 0, 1;
    %pushi/vec4 0, 0, 1;
    %store/vec4 v0x557aef093360_0, 0, 1;
    %pushi/vec4 0, 0, 1;
    %store/vec4 v0x557aef093420_0, 0, 1;
    %pushi/vec4 1, 0, 2;
    %store/vec4 v0x557aef092e50_0, 0, 2;
    %pushi/vec4 0, 0, 1;
    %store/vec4 v0x557aef0934e0_0, 0, 1;
    %pushi/vec4 0, 0, 1;
    %store/vec4 v0x557aef092f30_0, 0, 1;
    %pushi/vec4 0, 0, 1;
    %store/vec4 v0x557aef093680_0, 0, 1;
    %pushi/vec4 1, 0, 4;
    %store/vec4 v0x557aef077d90_0, 0, 4;
    %jmp T_0.6;
T_0.6 ;
    %pop/vec4 1;
    %jmp T_0;
    .thread T_0, $push;
    .scope S_0x557aef0764b0;
T_1 ;
    %vpi_call 2 128 "$dumpfile", "control_alucontrol_tb.vcd" {0 0 0};
    %vpi_call 2 129 "$dumpvars", 32'sb00000000000000000000000000000000, S_0x557aef0764b0 {0 0 0};
    %vpi_call 2 132 "$monitor", "Time=%0t | Inst=%b | branch=%b memread=%b memtoreg=%b ALUop=%b memwrite=%b alusrc=%b regwrite=%b ALUctr=%b", $time, v0x557aef093b80_0, v0x557aef093ab0_0, v0x557aef093c20_0, v0x557aef093cf0_0, v0x557aef093940_0, v0x557aef093dc0_0, v0x557aef0939e0_0, v0x557aef093e90_0, v0x557aef093860_0 {0 0 0};
    %pushi/vec4 51, 0, 32;
    %store/vec4 v0x557aef093b80_0, 0, 32;
    %delay 10000, 0;
    %pushi/vec4 2147483699, 0, 32;
    %store/vec4 v0x557aef093b80_0, 0, 32;
    %delay 10000, 0;
    %pushi/vec4 8195, 0, 32;
    %store/vec4 v0x557aef093b80_0, 0, 32;
    %delay 10000, 0;
    %pushi/vec4 8227, 0, 32;
    %store/vec4 v0x557aef093b80_0, 0, 32;
    %delay 10000, 0;
    %pushi/vec4 19, 0, 32;
    %store/vec4 v0x557aef093b80_0, 0, 32;
    %delay 10000, 0;
    %pushi/vec4 99, 0, 32;
    %store/vec4 v0x557aef093b80_0, 0, 32;
    %delay 10000, 0;
    %pushi/vec4 127, 0, 32;
    %store/vec4 v0x557aef093b80_0, 0, 32;
    %delay 10000, 0;
    %vpi_call 2 163 "$display", "Test completed." {0 0 0};
    %vpi_call 2 164 "$finish" {0 0 0};
    %end;
    .thread T_1;
# The file index is used to find the file name in the following table.
:file_names 3;
    "N/A";
    "<interactive>";
    "control.v";
