#! /usr/bin/vvp
:ivl_version "12.0 (stable)";
:ivl_delay_selection "TYPICAL";
:vpi_time_precision + 0;
:vpi_module "/usr/lib/x86_64-linux-gnu/ivl/system.vpi";
:vpi_module "/usr/lib/x86_64-linux-gnu/ivl/vhdl_sys.vpi";
:vpi_module "/usr/lib/x86_64-linux-gnu/ivl/vhdl_textio.vpi";
:vpi_module "/usr/lib/x86_64-linux-gnu/ivl/v2005_math.vpi";
:vpi_module "/usr/lib/x86_64-linux-gnu/ivl/va_math.vpi";
S_0x55e369234490 .scope module, "instr_mem" "instr_mem" 2 36;
 .timescale 0 0;
    .port_info 0 /INPUT 32 "pc";
    .port_info 1 /OUTPUT 32 "instr";
v0x55e36926f9e0_0 .var "instr", 31 0;
v0x55e3692abd60 .array "memory", 1023 0, 31 0;
o0x7fb43c355048 .functor BUFZ 32, C4<zzzzzzzzzzzzzzzzzzzzzzzzzzzzzzzz>; HiZ drive
v0x55e3692b5e30_0 .net "pc", 31 0, o0x7fb43c355048;  0 drivers
v0x55e3692abd60_0 .array/port v0x55e3692abd60, 0;
v0x55e3692abd60_1 .array/port v0x55e3692abd60, 1;
v0x55e3692abd60_2 .array/port v0x55e3692abd60, 2;
E_0x55e369271960/0 .event anyedge, v0x55e3692b5e30_0, v0x55e3692abd60_0, v0x55e3692abd60_1, v0x55e3692abd60_2;
v0x55e3692abd60_3 .array/port v0x55e3692abd60, 3;
v0x55e3692abd60_4 .array/port v0x55e3692abd60, 4;
v0x55e3692abd60_5 .array/port v0x55e3692abd60, 5;
v0x55e3692abd60_6 .array/port v0x55e3692abd60, 6;
E_0x55e369271960/1 .event anyedge, v0x55e3692abd60_3, v0x55e3692abd60_4, v0x55e3692abd60_5, v0x55e3692abd60_6;
v0x55e3692abd60_7 .array/port v0x55e3692abd60, 7;
v0x55e3692abd60_8 .array/port v0x55e3692abd60, 8;
v0x55e3692abd60_9 .array/port v0x55e3692abd60, 9;
v0x55e3692abd60_10 .array/port v0x55e3692abd60, 10;
E_0x55e369271960/2 .event anyedge, v0x55e3692abd60_7, v0x55e3692abd60_8, v0x55e3692abd60_9, v0x55e3692abd60_10;
v0x55e3692abd60_11 .array/port v0x55e3692abd60, 11;
v0x55e3692abd60_12 .array/port v0x55e3692abd60, 12;
v0x55e3692abd60_13 .array/port v0x55e3692abd60, 13;
v0x55e3692abd60_14 .array/port v0x55e3692abd60, 14;
E_0x55e369271960/3 .event anyedge, v0x55e3692abd60_11, v0x55e3692abd60_12, v0x55e3692abd60_13, v0x55e3692abd60_14;
v0x55e3692abd60_15 .array/port v0x55e3692abd60, 15;
v0x55e3692abd60_16 .array/port v0x55e3692abd60, 16;
v0x55e3692abd60_17 .array/port v0x55e3692abd60, 17;
v0x55e3692abd60_18 .array/port v0x55e3692abd60, 18;
E_0x55e369271960/4 .event anyedge, v0x55e3692abd60_15, v0x55e3692abd60_16, v0x55e3692abd60_17, v0x55e3692abd60_18;
v0x55e3692abd60_19 .array/port v0x55e3692abd60, 19;
v0x55e3692abd60_20 .array/port v0x55e3692abd60, 20;
v0x55e3692abd60_21 .array/port v0x55e3692abd60, 21;
v0x55e3692abd60_22 .array/port v0x55e3692abd60, 22;
E_0x55e369271960/5 .event anyedge, v0x55e3692abd60_19, v0x55e3692abd60_20, v0x55e3692abd60_21, v0x55e3692abd60_22;
v0x55e3692abd60_23 .array/port v0x55e3692abd60, 23;
v0x55e3692abd60_24 .array/port v0x55e3692abd60, 24;
v0x55e3692abd60_25 .array/port v0x55e3692abd60, 25;
v0x55e3692abd60_26 .array/port v0x55e3692abd60, 26;
E_0x55e369271960/6 .event anyedge, v0x55e3692abd60_23, v0x55e3692abd60_24, v0x55e3692abd60_25, v0x55e3692abd60_26;
v0x55e3692abd60_27 .array/port v0x55e3692abd60, 27;
v0x55e3692abd60_28 .array/port v0x55e3692abd60, 28;
v0x55e3692abd60_29 .array/port v0x55e3692abd60, 29;
v0x55e3692abd60_30 .array/port v0x55e3692abd60, 30;
E_0x55e369271960/7 .event anyedge, v0x55e3692abd60_27, v0x55e3692abd60_28, v0x55e3692abd60_29, v0x55e3692abd60_30;
v0x55e3692abd60_31 .array/port v0x55e3692abd60, 31;
v0x55e3692abd60_32 .array/port v0x55e3692abd60, 32;
v0x55e3692abd60_33 .array/port v0x55e3692abd60, 33;
v0x55e3692abd60_34 .array/port v0x55e3692abd60, 34;
E_0x55e369271960/8 .event anyedge, v0x55e3692abd60_31, v0x55e3692abd60_32, v0x55e3692abd60_33, v0x55e3692abd60_34;
v0x55e3692abd60_35 .array/port v0x55e3692abd60, 35;
v0x55e3692abd60_36 .array/port v0x55e3692abd60, 36;
v0x55e3692abd60_37 .array/port v0x55e3692abd60, 37;
v0x55e3692abd60_38 .array/port v0x55e3692abd60, 38;
E_0x55e369271960/9 .event anyedge, v0x55e3692abd60_35, v0x55e3692abd60_36, v0x55e3692abd60_37, v0x55e3692abd60_38;
v0x55e3692abd60_39 .array/port v0x55e3692abd60, 39;
v0x55e3692abd60_40 .array/port v0x55e3692abd60, 40;
v0x55e3692abd60_41 .array/port v0x55e3692abd60, 41;
v0x55e3692abd60_42 .array/port v0x55e3692abd60, 42;
E_0x55e369271960/10 .event anyedge, v0x55e3692abd60_39, v0x55e3692abd60_40, v0x55e3692abd60_41, v0x55e3692abd60_42;
v0x55e3692abd60_43 .array/port v0x55e3692abd60, 43;
v0x55e3692abd60_44 .array/port v0x55e3692abd60, 44;
v0x55e3692abd60_45 .array/port v0x55e3692abd60, 45;
v0x55e3692abd60_46 .array/port v0x55e3692abd60, 46;
E_0x55e369271960/11 .event anyedge, v0x55e3692abd60_43, v0x55e3692abd60_44, v0x55e3692abd60_45, v0x55e3692abd60_46;
v0x55e3692abd60_47 .array/port v0x55e3692abd60, 47;
v0x55e3692abd60_48 .array/port v0x55e3692abd60, 48;
v0x55e3692abd60_49 .array/port v0x55e3692abd60, 49;
v0x55e3692abd60_50 .array/port v0x55e3692abd60, 50;
E_0x55e369271960/12 .event anyedge, v0x55e3692abd60_47, v0x55e3692abd60_48, v0x55e3692abd60_49, v0x55e3692abd60_50;
v0x55e3692abd60_51 .array/port v0x55e3692abd60, 51;
v0x55e3692abd60_52 .array/port v0x55e3692abd60, 52;
v0x55e3692abd60_53 .array/port v0x55e3692abd60, 53;
v0x55e3692abd60_54 .array/port v0x55e3692abd60, 54;
E_0x55e369271960/13 .event anyedge, v0x55e3692abd60_51, v0x55e3692abd60_52, v0x55e3692abd60_53, v0x55e3692abd60_54;
v0x55e3692abd60_55 .array/port v0x55e3692abd60, 55;
v0x55e3692abd60_56 .array/port v0x55e3692abd60, 56;
v0x55e3692abd60_57 .array/port v0x55e3692abd60, 57;
v0x55e3692abd60_58 .array/port v0x55e3692abd60, 58;
E_0x55e369271960/14 .event anyedge, v0x55e3692abd60_55, v0x55e3692abd60_56, v0x55e3692abd60_57, v0x55e3692abd60_58;
v0x55e3692abd60_59 .array/port v0x55e3692abd60, 59;
v0x55e3692abd60_60 .array/port v0x55e3692abd60, 60;
v0x55e3692abd60_61 .array/port v0x55e3692abd60, 61;
v0x55e3692abd60_62 .array/port v0x55e3692abd60, 62;
E_0x55e369271960/15 .event anyedge, v0x55e3692abd60_59, v0x55e3692abd60_60, v0x55e3692abd60_61, v0x55e3692abd60_62;
v0x55e3692abd60_63 .array/port v0x55e3692abd60, 63;
v0x55e3692abd60_64 .array/port v0x55e3692abd60, 64;
v0x55e3692abd60_65 .array/port v0x55e3692abd60, 65;
v0x55e3692abd60_66 .array/port v0x55e3692abd60, 66;
E_0x55e369271960/16 .event anyedge, v0x55e3692abd60_63, v0x55e3692abd60_64, v0x55e3692abd60_65, v0x55e3692abd60_66;
v0x55e3692abd60_67 .array/port v0x55e3692abd60, 67;
v0x55e3692abd60_68 .array/port v0x55e3692abd60, 68;
v0x55e3692abd60_69 .array/port v0x55e3692abd60, 69;
v0x55e3692abd60_70 .array/port v0x55e3692abd60, 70;
E_0x55e369271960/17 .event anyedge, v0x55e3692abd60_67, v0x55e3692abd60_68, v0x55e3692abd60_69, v0x55e3692abd60_70;
v0x55e3692abd60_71 .array/port v0x55e3692abd60, 71;
v0x55e3692abd60_72 .array/port v0x55e3692abd60, 72;
v0x55e3692abd60_73 .array/port v0x55e3692abd60, 73;
v0x55e3692abd60_74 .array/port v0x55e3692abd60, 74;
E_0x55e369271960/18 .event anyedge, v0x55e3692abd60_71, v0x55e3692abd60_72, v0x55e3692abd60_73, v0x55e3692abd60_74;
v0x55e3692abd60_75 .array/port v0x55e3692abd60, 75;
v0x55e3692abd60_76 .array/port v0x55e3692abd60, 76;
v0x55e3692abd60_77 .array/port v0x55e3692abd60, 77;
v0x55e3692abd60_78 .array/port v0x55e3692abd60, 78;
E_0x55e369271960/19 .event anyedge, v0x55e3692abd60_75, v0x55e3692abd60_76, v0x55e3692abd60_77, v0x55e3692abd60_78;
v0x55e3692abd60_79 .array/port v0x55e3692abd60, 79;
v0x55e3692abd60_80 .array/port v0x55e3692abd60, 80;
v0x55e3692abd60_81 .array/port v0x55e3692abd60, 81;
v0x55e3692abd60_82 .array/port v0x55e3692abd60, 82;
E_0x55e369271960/20 .event anyedge, v0x55e3692abd60_79, v0x55e3692abd60_80, v0x55e3692abd60_81, v0x55e3692abd60_82;
v0x55e3692abd60_83 .array/port v0x55e3692abd60, 83;
v0x55e3692abd60_84 .array/port v0x55e3692abd60, 84;
v0x55e3692abd60_85 .array/port v0x55e3692abd60, 85;
v0x55e3692abd60_86 .array/port v0x55e3692abd60, 86;
E_0x55e369271960/21 .event anyedge, v0x55e3692abd60_83, v0x55e3692abd60_84, v0x55e3692abd60_85, v0x55e3692abd60_86;
v0x55e3692abd60_87 .array/port v0x55e3692abd60, 87;
v0x55e3692abd60_88 .array/port v0x55e3692abd60, 88;
v0x55e3692abd60_89 .array/port v0x55e3692abd60, 89;
v0x55e3692abd60_90 .array/port v0x55e3692abd60, 90;
E_0x55e369271960/22 .event anyedge, v0x55e3692abd60_87, v0x55e3692abd60_88, v0x55e3692abd60_89, v0x55e3692abd60_90;
v0x55e3692abd60_91 .array/port v0x55e3692abd60, 91;
v0x55e3692abd60_92 .array/port v0x55e3692abd60, 92;
v0x55e3692abd60_93 .array/port v0x55e3692abd60, 93;
v0x55e3692abd60_94 .array/port v0x55e3692abd60, 94;
E_0x55e369271960/23 .event anyedge, v0x55e3692abd60_91, v0x55e3692abd60_92, v0x55e3692abd60_93, v0x55e3692abd60_94;
v0x55e3692abd60_95 .array/port v0x55e3692abd60, 95;
v0x55e3692abd60_96 .array/port v0x55e3692abd60, 96;
v0x55e3692abd60_97 .array/port v0x55e3692abd60, 97;
v0x55e3692abd60_98 .array/port v0x55e3692abd60, 98;
E_0x55e369271960/24 .event anyedge, v0x55e3692abd60_95, v0x55e3692abd60_96, v0x55e3692abd60_97, v0x55e3692abd60_98;
v0x55e3692abd60_99 .array/port v0x55e3692abd60, 99;
v0x55e3692abd60_100 .array/port v0x55e3692abd60, 100;
v0x55e3692abd60_101 .array/port v0x55e3692abd60, 101;
v0x55e3692abd60_102 .array/port v0x55e3692abd60, 102;
E_0x55e369271960/25 .event anyedge, v0x55e3692abd60_99, v0x55e3692abd60_100, v0x55e3692abd60_101, v0x55e3692abd60_102;
v0x55e3692abd60_103 .array/port v0x55e3692abd60, 103;
v0x55e3692abd60_104 .array/port v0x55e3692abd60, 104;
v0x55e3692abd60_105 .array/port v0x55e3692abd60, 105;
v0x55e3692abd60_106 .array/port v0x55e3692abd60, 106;
E_0x55e369271960/26 .event anyedge, v0x55e3692abd60_103, v0x55e3692abd60_104, v0x55e3692abd60_105, v0x55e3692abd60_106;
v0x55e3692abd60_107 .array/port v0x55e3692abd60, 107;
v0x55e3692abd60_108 .array/port v0x55e3692abd60, 108;
v0x55e3692abd60_109 .array/port v0x55e3692abd60, 109;
v0x55e3692abd60_110 .array/port v0x55e3692abd60, 110;
E_0x55e369271960/27 .event anyedge, v0x55e3692abd60_107, v0x55e3692abd60_108, v0x55e3692abd60_109, v0x55e3692abd60_110;
v0x55e3692abd60_111 .array/port v0x55e3692abd60, 111;
v0x55e3692abd60_112 .array/port v0x55e3692abd60, 112;
v0x55e3692abd60_113 .array/port v0x55e3692abd60, 113;
v0x55e3692abd60_114 .array/port v0x55e3692abd60, 114;
E_0x55e369271960/28 .event anyedge, v0x55e3692abd60_111, v0x55e3692abd60_112, v0x55e3692abd60_113, v0x55e3692abd60_114;
v0x55e3692abd60_115 .array/port v0x55e3692abd60, 115;
v0x55e3692abd60_116 .array/port v0x55e3692abd60, 116;
v0x55e3692abd60_117 .array/port v0x55e3692abd60, 117;
v0x55e3692abd60_118 .array/port v0x55e3692abd60, 118;
E_0x55e369271960/29 .event anyedge, v0x55e3692abd60_115, v0x55e3692abd60_116, v0x55e3692abd60_117, v0x55e3692abd60_118;
v0x55e3692abd60_119 .array/port v0x55e3692abd60, 119;
v0x55e3692abd60_120 .array/port v0x55e3692abd60, 120;
v0x55e3692abd60_121 .array/port v0x55e3692abd60, 121;
v0x55e3692abd60_122 .array/port v0x55e3692abd60, 122;
E_0x55e369271960/30 .event anyedge, v0x55e3692abd60_119, v0x55e3692abd60_120, v0x55e3692abd60_121, v0x55e3692abd60_122;
v0x55e3692abd60_123 .array/port v0x55e3692abd60, 123;
v0x55e3692abd60_124 .array/port v0x55e3692abd60, 124;
v0x55e3692abd60_125 .array/port v0x55e3692abd60, 125;
v0x55e3692abd60_126 .array/port v0x55e3692abd60, 126;
E_0x55e369271960/31 .event anyedge, v0x55e3692abd60_123, v0x55e3692abd60_124, v0x55e3692abd60_125, v0x55e3692abd60_126;
v0x55e3692abd60_127 .array/port v0x55e3692abd60, 127;
v0x55e3692abd60_128 .array/port v0x55e3692abd60, 128;
v0x55e3692abd60_129 .array/port v0x55e3692abd60, 129;
v0x55e3692abd60_130 .array/port v0x55e3692abd60, 130;
E_0x55e369271960/32 .event anyedge, v0x55e3692abd60_127, v0x55e3692abd60_128, v0x55e3692abd60_129, v0x55e3692abd60_130;
v0x55e3692abd60_131 .array/port v0x55e3692abd60, 131;
v0x55e3692abd60_132 .array/port v0x55e3692abd60, 132;
v0x55e3692abd60_133 .array/port v0x55e3692abd60, 133;
v0x55e3692abd60_134 .array/port v0x55e3692abd60, 134;
E_0x55e369271960/33 .event anyedge, v0x55e3692abd60_131, v0x55e3692abd60_132, v0x55e3692abd60_133, v0x55e3692abd60_134;
v0x55e3692abd60_135 .array/port v0x55e3692abd60, 135;
v0x55e3692abd60_136 .array/port v0x55e3692abd60, 136;
v0x55e3692abd60_137 .array/port v0x55e3692abd60, 137;
v0x55e3692abd60_138 .array/port v0x55e3692abd60, 138;
E_0x55e369271960/34 .event anyedge, v0x55e3692abd60_135, v0x55e3692abd60_136, v0x55e3692abd60_137, v0x55e3692abd60_138;
v0x55e3692abd60_139 .array/port v0x55e3692abd60, 139;
v0x55e3692abd60_140 .array/port v0x55e3692abd60, 140;
v0x55e3692abd60_141 .array/port v0x55e3692abd60, 141;
v0x55e3692abd60_142 .array/port v0x55e3692abd60, 142;
E_0x55e369271960/35 .event anyedge, v0x55e3692abd60_139, v0x55e3692abd60_140, v0x55e3692abd60_141, v0x55e3692abd60_142;
v0x55e3692abd60_143 .array/port v0x55e3692abd60, 143;
v0x55e3692abd60_144 .array/port v0x55e3692abd60, 144;
v0x55e3692abd60_145 .array/port v0x55e3692abd60, 145;
v0x55e3692abd60_146 .array/port v0x55e3692abd60, 146;
E_0x55e369271960/36 .event anyedge, v0x55e3692abd60_143, v0x55e3692abd60_144, v0x55e3692abd60_145, v0x55e3692abd60_146;
v0x55e3692abd60_147 .array/port v0x55e3692abd60, 147;
v0x55e3692abd60_148 .array/port v0x55e3692abd60, 148;
v0x55e3692abd60_149 .array/port v0x55e3692abd60, 149;
v0x55e3692abd60_150 .array/port v0x55e3692abd60, 150;
E_0x55e369271960/37 .event anyedge, v0x55e3692abd60_147, v0x55e3692abd60_148, v0x55e3692abd60_149, v0x55e3692abd60_150;
v0x55e3692abd60_151 .array/port v0x55e3692abd60, 151;
v0x55e3692abd60_152 .array/port v0x55e3692abd60, 152;
v0x55e3692abd60_153 .array/port v0x55e3692abd60, 153;
v0x55e3692abd60_154 .array/port v0x55e3692abd60, 154;
E_0x55e369271960/38 .event anyedge, v0x55e3692abd60_151, v0x55e3692abd60_152, v0x55e3692abd60_153, v0x55e3692abd60_154;
v0x55e3692abd60_155 .array/port v0x55e3692abd60, 155;
v0x55e3692abd60_156 .array/port v0x55e3692abd60, 156;
v0x55e3692abd60_157 .array/port v0x55e3692abd60, 157;
v0x55e3692abd60_158 .array/port v0x55e3692abd60, 158;
E_0x55e369271960/39 .event anyedge, v0x55e3692abd60_155, v0x55e3692abd60_156, v0x55e3692abd60_157, v0x55e3692abd60_158;
v0x55e3692abd60_159 .array/port v0x55e3692abd60, 159;
v0x55e3692abd60_160 .array/port v0x55e3692abd60, 160;
v0x55e3692abd60_161 .array/port v0x55e3692abd60, 161;
v0x55e3692abd60_162 .array/port v0x55e3692abd60, 162;
E_0x55e369271960/40 .event anyedge, v0x55e3692abd60_159, v0x55e3692abd60_160, v0x55e3692abd60_161, v0x55e3692abd60_162;
v0x55e3692abd60_163 .array/port v0x55e3692abd60, 163;
v0x55e3692abd60_164 .array/port v0x55e3692abd60, 164;
v0x55e3692abd60_165 .array/port v0x55e3692abd60, 165;
v0x55e3692abd60_166 .array/port v0x55e3692abd60, 166;
E_0x55e369271960/41 .event anyedge, v0x55e3692abd60_163, v0x55e3692abd60_164, v0x55e3692abd60_165, v0x55e3692abd60_166;
v0x55e3692abd60_167 .array/port v0x55e3692abd60, 167;
v0x55e3692abd60_168 .array/port v0x55e3692abd60, 168;
v0x55e3692abd60_169 .array/port v0x55e3692abd60, 169;
v0x55e3692abd60_170 .array/port v0x55e3692abd60, 170;
E_0x55e369271960/42 .event anyedge, v0x55e3692abd60_167, v0x55e3692abd60_168, v0x55e3692abd60_169, v0x55e3692abd60_170;
v0x55e3692abd60_171 .array/port v0x55e3692abd60, 171;
v0x55e3692abd60_172 .array/port v0x55e3692abd60, 172;
v0x55e3692abd60_173 .array/port v0x55e3692abd60, 173;
v0x55e3692abd60_174 .array/port v0x55e3692abd60, 174;
E_0x55e369271960/43 .event anyedge, v0x55e3692abd60_171, v0x55e3692abd60_172, v0x55e3692abd60_173, v0x55e3692abd60_174;
v0x55e3692abd60_175 .array/port v0x55e3692abd60, 175;
v0x55e3692abd60_176 .array/port v0x55e3692abd60, 176;
v0x55e3692abd60_177 .array/port v0x55e3692abd60, 177;
v0x55e3692abd60_178 .array/port v0x55e3692abd60, 178;
E_0x55e369271960/44 .event anyedge, v0x55e3692abd60_175, v0x55e3692abd60_176, v0x55e3692abd60_177, v0x55e3692abd60_178;
v0x55e3692abd60_179 .array/port v0x55e3692abd60, 179;
v0x55e3692abd60_180 .array/port v0x55e3692abd60, 180;
v0x55e3692abd60_181 .array/port v0x55e3692abd60, 181;
v0x55e3692abd60_182 .array/port v0x55e3692abd60, 182;
E_0x55e369271960/45 .event anyedge, v0x55e3692abd60_179, v0x55e3692abd60_180, v0x55e3692abd60_181, v0x55e3692abd60_182;
v0x55e3692abd60_183 .array/port v0x55e3692abd60, 183;
v0x55e3692abd60_184 .array/port v0x55e3692abd60, 184;
v0x55e3692abd60_185 .array/port v0x55e3692abd60, 185;
v0x55e3692abd60_186 .array/port v0x55e3692abd60, 186;
E_0x55e369271960/46 .event anyedge, v0x55e3692abd60_183, v0x55e3692abd60_184, v0x55e3692abd60_185, v0x55e3692abd60_186;
v0x55e3692abd60_187 .array/port v0x55e3692abd60, 187;
v0x55e3692abd60_188 .array/port v0x55e3692abd60, 188;
v0x55e3692abd60_189 .array/port v0x55e3692abd60, 189;
v0x55e3692abd60_190 .array/port v0x55e3692abd60, 190;
E_0x55e369271960/47 .event anyedge, v0x55e3692abd60_187, v0x55e3692abd60_188, v0x55e3692abd60_189, v0x55e3692abd60_190;
v0x55e3692abd60_191 .array/port v0x55e3692abd60, 191;
v0x55e3692abd60_192 .array/port v0x55e3692abd60, 192;
v0x55e3692abd60_193 .array/port v0x55e3692abd60, 193;
v0x55e3692abd60_194 .array/port v0x55e3692abd60, 194;
E_0x55e369271960/48 .event anyedge, v0x55e3692abd60_191, v0x55e3692abd60_192, v0x55e3692abd60_193, v0x55e3692abd60_194;
v0x55e3692abd60_195 .array/port v0x55e3692abd60, 195;
v0x55e3692abd60_196 .array/port v0x55e3692abd60, 196;
v0x55e3692abd60_197 .array/port v0x55e3692abd60, 197;
v0x55e3692abd60_198 .array/port v0x55e3692abd60, 198;
E_0x55e369271960/49 .event anyedge, v0x55e3692abd60_195, v0x55e3692abd60_196, v0x55e3692abd60_197, v0x55e3692abd60_198;
v0x55e3692abd60_199 .array/port v0x55e3692abd60, 199;
v0x55e3692abd60_200 .array/port v0x55e3692abd60, 200;
v0x55e3692abd60_201 .array/port v0x55e3692abd60, 201;
v0x55e3692abd60_202 .array/port v0x55e3692abd60, 202;
E_0x55e369271960/50 .event anyedge, v0x55e3692abd60_199, v0x55e3692abd60_200, v0x55e3692abd60_201, v0x55e3692abd60_202;
v0x55e3692abd60_203 .array/port v0x55e3692abd60, 203;
v0x55e3692abd60_204 .array/port v0x55e3692abd60, 204;
v0x55e3692abd60_205 .array/port v0x55e3692abd60, 205;
v0x55e3692abd60_206 .array/port v0x55e3692abd60, 206;
E_0x55e369271960/51 .event anyedge, v0x55e3692abd60_203, v0x55e3692abd60_204, v0x55e3692abd60_205, v0x55e3692abd60_206;
v0x55e3692abd60_207 .array/port v0x55e3692abd60, 207;
v0x55e3692abd60_208 .array/port v0x55e3692abd60, 208;
v0x55e3692abd60_209 .array/port v0x55e3692abd60, 209;
v0x55e3692abd60_210 .array/port v0x55e3692abd60, 210;
E_0x55e369271960/52 .event anyedge, v0x55e3692abd60_207, v0x55e3692abd60_208, v0x55e3692abd60_209, v0x55e3692abd60_210;
v0x55e3692abd60_211 .array/port v0x55e3692abd60, 211;
v0x55e3692abd60_212 .array/port v0x55e3692abd60, 212;
v0x55e3692abd60_213 .array/port v0x55e3692abd60, 213;
v0x55e3692abd60_214 .array/port v0x55e3692abd60, 214;
E_0x55e369271960/53 .event anyedge, v0x55e3692abd60_211, v0x55e3692abd60_212, v0x55e3692abd60_213, v0x55e3692abd60_214;
v0x55e3692abd60_215 .array/port v0x55e3692abd60, 215;
v0x55e3692abd60_216 .array/port v0x55e3692abd60, 216;
v0x55e3692abd60_217 .array/port v0x55e3692abd60, 217;
v0x55e3692abd60_218 .array/port v0x55e3692abd60, 218;
E_0x55e369271960/54 .event anyedge, v0x55e3692abd60_215, v0x55e3692abd60_216, v0x55e3692abd60_217, v0x55e3692abd60_218;
v0x55e3692abd60_219 .array/port v0x55e3692abd60, 219;
v0x55e3692abd60_220 .array/port v0x55e3692abd60, 220;
v0x55e3692abd60_221 .array/port v0x55e3692abd60, 221;
v0x55e3692abd60_222 .array/port v0x55e3692abd60, 222;
E_0x55e369271960/55 .event anyedge, v0x55e3692abd60_219, v0x55e3692abd60_220, v0x55e3692abd60_221, v0x55e3692abd60_222;
v0x55e3692abd60_223 .array/port v0x55e3692abd60, 223;
v0x55e3692abd60_224 .array/port v0x55e3692abd60, 224;
v0x55e3692abd60_225 .array/port v0x55e3692abd60, 225;
v0x55e3692abd60_226 .array/port v0x55e3692abd60, 226;
E_0x55e369271960/56 .event anyedge, v0x55e3692abd60_223, v0x55e3692abd60_224, v0x55e3692abd60_225, v0x55e3692abd60_226;
v0x55e3692abd60_227 .array/port v0x55e3692abd60, 227;
v0x55e3692abd60_228 .array/port v0x55e3692abd60, 228;
v0x55e3692abd60_229 .array/port v0x55e3692abd60, 229;
v0x55e3692abd60_230 .array/port v0x55e3692abd60, 230;
E_0x55e369271960/57 .event anyedge, v0x55e3692abd60_227, v0x55e3692abd60_228, v0x55e3692abd60_229, v0x55e3692abd60_230;
v0x55e3692abd60_231 .array/port v0x55e3692abd60, 231;
v0x55e3692abd60_232 .array/port v0x55e3692abd60, 232;
v0x55e3692abd60_233 .array/port v0x55e3692abd60, 233;
v0x55e3692abd60_234 .array/port v0x55e3692abd60, 234;
E_0x55e369271960/58 .event anyedge, v0x55e3692abd60_231, v0x55e3692abd60_232, v0x55e3692abd60_233, v0x55e3692abd60_234;
v0x55e3692abd60_235 .array/port v0x55e3692abd60, 235;
v0x55e3692abd60_236 .array/port v0x55e3692abd60, 236;
v0x55e3692abd60_237 .array/port v0x55e3692abd60, 237;
v0x55e3692abd60_238 .array/port v0x55e3692abd60, 238;
E_0x55e369271960/59 .event anyedge, v0x55e3692abd60_235, v0x55e3692abd60_236, v0x55e3692abd60_237, v0x55e3692abd60_238;
v0x55e3692abd60_239 .array/port v0x55e3692abd60, 239;
v0x55e3692abd60_240 .array/port v0x55e3692abd60, 240;
v0x55e3692abd60_241 .array/port v0x55e3692abd60, 241;
v0x55e3692abd60_242 .array/port v0x55e3692abd60, 242;
E_0x55e369271960/60 .event anyedge, v0x55e3692abd60_239, v0x55e3692abd60_240, v0x55e3692abd60_241, v0x55e3692abd60_242;
v0x55e3692abd60_243 .array/port v0x55e3692abd60, 243;
v0x55e3692abd60_244 .array/port v0x55e3692abd60, 244;
v0x55e3692abd60_245 .array/port v0x55e3692abd60, 245;
v0x55e3692abd60_246 .array/port v0x55e3692abd60, 246;
E_0x55e369271960/61 .event anyedge, v0x55e3692abd60_243, v0x55e3692abd60_244, v0x55e3692abd60_245, v0x55e3692abd60_246;
v0x55e3692abd60_247 .array/port v0x55e3692abd60, 247;
v0x55e3692abd60_248 .array/port v0x55e3692abd60, 248;
v0x55e3692abd60_249 .array/port v0x55e3692abd60, 249;
v0x55e3692abd60_250 .array/port v0x55e3692abd60, 250;
E_0x55e369271960/62 .event anyedge, v0x55e3692abd60_247, v0x55e3692abd60_248, v0x55e3692abd60_249, v0x55e3692abd60_250;
v0x55e3692abd60_251 .array/port v0x55e3692abd60, 251;
v0x55e3692abd60_252 .array/port v0x55e3692abd60, 252;
v0x55e3692abd60_253 .array/port v0x55e3692abd60, 253;
v0x55e3692abd60_254 .array/port v0x55e3692abd60, 254;
E_0x55e369271960/63 .event anyedge, v0x55e3692abd60_251, v0x55e3692abd60_252, v0x55e3692abd60_253, v0x55e3692abd60_254;
v0x55e3692abd60_255 .array/port v0x55e3692abd60, 255;
v0x55e3692abd60_256 .array/port v0x55e3692abd60, 256;
v0x55e3692abd60_257 .array/port v0x55e3692abd60, 257;
v0x55e3692abd60_258 .array/port v0x55e3692abd60, 258;
E_0x55e369271960/64 .event anyedge, v0x55e3692abd60_255, v0x55e3692abd60_256, v0x55e3692abd60_257, v0x55e3692abd60_258;
v0x55e3692abd60_259 .array/port v0x55e3692abd60, 259;
v0x55e3692abd60_260 .array/port v0x55e3692abd60, 260;
v0x55e3692abd60_261 .array/port v0x55e3692abd60, 261;
v0x55e3692abd60_262 .array/port v0x55e3692abd60, 262;
E_0x55e369271960/65 .event anyedge, v0x55e3692abd60_259, v0x55e3692abd60_260, v0x55e3692abd60_261, v0x55e3692abd60_262;
v0x55e3692abd60_263 .array/port v0x55e3692abd60, 263;
v0x55e3692abd60_264 .array/port v0x55e3692abd60, 264;
v0x55e3692abd60_265 .array/port v0x55e3692abd60, 265;
v0x55e3692abd60_266 .array/port v0x55e3692abd60, 266;
E_0x55e369271960/66 .event anyedge, v0x55e3692abd60_263, v0x55e3692abd60_264, v0x55e3692abd60_265, v0x55e3692abd60_266;
v0x55e3692abd60_267 .array/port v0x55e3692abd60, 267;
v0x55e3692abd60_268 .array/port v0x55e3692abd60, 268;
v0x55e3692abd60_269 .array/port v0x55e3692abd60, 269;
v0x55e3692abd60_270 .array/port v0x55e3692abd60, 270;
E_0x55e369271960/67 .event anyedge, v0x55e3692abd60_267, v0x55e3692abd60_268, v0x55e3692abd60_269, v0x55e3692abd60_270;
v0x55e3692abd60_271 .array/port v0x55e3692abd60, 271;
v0x55e3692abd60_272 .array/port v0x55e3692abd60, 272;
v0x55e3692abd60_273 .array/port v0x55e3692abd60, 273;
v0x55e3692abd60_274 .array/port v0x55e3692abd60, 274;
E_0x55e369271960/68 .event anyedge, v0x55e3692abd60_271, v0x55e3692abd60_272, v0x55e3692abd60_273, v0x55e3692abd60_274;
v0x55e3692abd60_275 .array/port v0x55e3692abd60, 275;
v0x55e3692abd60_276 .array/port v0x55e3692abd60, 276;
v0x55e3692abd60_277 .array/port v0x55e3692abd60, 277;
v0x55e3692abd60_278 .array/port v0x55e3692abd60, 278;
E_0x55e369271960/69 .event anyedge, v0x55e3692abd60_275, v0x55e3692abd60_276, v0x55e3692abd60_277, v0x55e3692abd60_278;
v0x55e3692abd60_279 .array/port v0x55e3692abd60, 279;
v0x55e3692abd60_280 .array/port v0x55e3692abd60, 280;
v0x55e3692abd60_281 .array/port v0x55e3692abd60, 281;
v0x55e3692abd60_282 .array/port v0x55e3692abd60, 282;
E_0x55e369271960/70 .event anyedge, v0x55e3692abd60_279, v0x55e3692abd60_280, v0x55e3692abd60_281, v0x55e3692abd60_282;
v0x55e3692abd60_283 .array/port v0x55e3692abd60, 283;
v0x55e3692abd60_284 .array/port v0x55e3692abd60, 284;
v0x55e3692abd60_285 .array/port v0x55e3692abd60, 285;
v0x55e3692abd60_286 .array/port v0x55e3692abd60, 286;
E_0x55e369271960/71 .event anyedge, v0x55e3692abd60_283, v0x55e3692abd60_284, v0x55e3692abd60_285, v0x55e3692abd60_286;
v0x55e3692abd60_287 .array/port v0x55e3692abd60, 287;
v0x55e3692abd60_288 .array/port v0x55e3692abd60, 288;
v0x55e3692abd60_289 .array/port v0x55e3692abd60, 289;
v0x55e3692abd60_290 .array/port v0x55e3692abd60, 290;
E_0x55e369271960/72 .event anyedge, v0x55e3692abd60_287, v0x55e3692abd60_288, v0x55e3692abd60_289, v0x55e3692abd60_290;
v0x55e3692abd60_291 .array/port v0x55e3692abd60, 291;
v0x55e3692abd60_292 .array/port v0x55e3692abd60, 292;
v0x55e3692abd60_293 .array/port v0x55e3692abd60, 293;
v0x55e3692abd60_294 .array/port v0x55e3692abd60, 294;
E_0x55e369271960/73 .event anyedge, v0x55e3692abd60_291, v0x55e3692abd60_292, v0x55e3692abd60_293, v0x55e3692abd60_294;
v0x55e3692abd60_295 .array/port v0x55e3692abd60, 295;
v0x55e3692abd60_296 .array/port v0x55e3692abd60, 296;
v0x55e3692abd60_297 .array/port v0x55e3692abd60, 297;
v0x55e3692abd60_298 .array/port v0x55e3692abd60, 298;
E_0x55e369271960/74 .event anyedge, v0x55e3692abd60_295, v0x55e3692abd60_296, v0x55e3692abd60_297, v0x55e3692abd60_298;
v0x55e3692abd60_299 .array/port v0x55e3692abd60, 299;
v0x55e3692abd60_300 .array/port v0x55e3692abd60, 300;
v0x55e3692abd60_301 .array/port v0x55e3692abd60, 301;
v0x55e3692abd60_302 .array/port v0x55e3692abd60, 302;
E_0x55e369271960/75 .event anyedge, v0x55e3692abd60_299, v0x55e3692abd60_300, v0x55e3692abd60_301, v0x55e3692abd60_302;
v0x55e3692abd60_303 .array/port v0x55e3692abd60, 303;
v0x55e3692abd60_304 .array/port v0x55e3692abd60, 304;
v0x55e3692abd60_305 .array/port v0x55e3692abd60, 305;
v0x55e3692abd60_306 .array/port v0x55e3692abd60, 306;
E_0x55e369271960/76 .event anyedge, v0x55e3692abd60_303, v0x55e3692abd60_304, v0x55e3692abd60_305, v0x55e3692abd60_306;
v0x55e3692abd60_307 .array/port v0x55e3692abd60, 307;
v0x55e3692abd60_308 .array/port v0x55e3692abd60, 308;
v0x55e3692abd60_309 .array/port v0x55e3692abd60, 309;
v0x55e3692abd60_310 .array/port v0x55e3692abd60, 310;
E_0x55e369271960/77 .event anyedge, v0x55e3692abd60_307, v0x55e3692abd60_308, v0x55e3692abd60_309, v0x55e3692abd60_310;
v0x55e3692abd60_311 .array/port v0x55e3692abd60, 311;
v0x55e3692abd60_312 .array/port v0x55e3692abd60, 312;
v0x55e3692abd60_313 .array/port v0x55e3692abd60, 313;
v0x55e3692abd60_314 .array/port v0x55e3692abd60, 314;
E_0x55e369271960/78 .event anyedge, v0x55e3692abd60_311, v0x55e3692abd60_312, v0x55e3692abd60_313, v0x55e3692abd60_314;
v0x55e3692abd60_315 .array/port v0x55e3692abd60, 315;
v0x55e3692abd60_316 .array/port v0x55e3692abd60, 316;
v0x55e3692abd60_317 .array/port v0x55e3692abd60, 317;
v0x55e3692abd60_318 .array/port v0x55e3692abd60, 318;
E_0x55e369271960/79 .event anyedge, v0x55e3692abd60_315, v0x55e3692abd60_316, v0x55e3692abd60_317, v0x55e3692abd60_318;
v0x55e3692abd60_319 .array/port v0x55e3692abd60, 319;
v0x55e3692abd60_320 .array/port v0x55e3692abd60, 320;
v0x55e3692abd60_321 .array/port v0x55e3692abd60, 321;
v0x55e3692abd60_322 .array/port v0x55e3692abd60, 322;
E_0x55e369271960/80 .event anyedge, v0x55e3692abd60_319, v0x55e3692abd60_320, v0x55e3692abd60_321, v0x55e3692abd60_322;
v0x55e3692abd60_323 .array/port v0x55e3692abd60, 323;
v0x55e3692abd60_324 .array/port v0x55e3692abd60, 324;
v0x55e3692abd60_325 .array/port v0x55e3692abd60, 325;
v0x55e3692abd60_326 .array/port v0x55e3692abd60, 326;
E_0x55e369271960/81 .event anyedge, v0x55e3692abd60_323, v0x55e3692abd60_324, v0x55e3692abd60_325, v0x55e3692abd60_326;
v0x55e3692abd60_327 .array/port v0x55e3692abd60, 327;
v0x55e3692abd60_328 .array/port v0x55e3692abd60, 328;
v0x55e3692abd60_329 .array/port v0x55e3692abd60, 329;
v0x55e3692abd60_330 .array/port v0x55e3692abd60, 330;
E_0x55e369271960/82 .event anyedge, v0x55e3692abd60_327, v0x55e3692abd60_328, v0x55e3692abd60_329, v0x55e3692abd60_330;
v0x55e3692abd60_331 .array/port v0x55e3692abd60, 331;
v0x55e3692abd60_332 .array/port v0x55e3692abd60, 332;
v0x55e3692abd60_333 .array/port v0x55e3692abd60, 333;
v0x55e3692abd60_334 .array/port v0x55e3692abd60, 334;
E_0x55e369271960/83 .event anyedge, v0x55e3692abd60_331, v0x55e3692abd60_332, v0x55e3692abd60_333, v0x55e3692abd60_334;
v0x55e3692abd60_335 .array/port v0x55e3692abd60, 335;
v0x55e3692abd60_336 .array/port v0x55e3692abd60, 336;
v0x55e3692abd60_337 .array/port v0x55e3692abd60, 337;
v0x55e3692abd60_338 .array/port v0x55e3692abd60, 338;
E_0x55e369271960/84 .event anyedge, v0x55e3692abd60_335, v0x55e3692abd60_336, v0x55e3692abd60_337, v0x55e3692abd60_338;
v0x55e3692abd60_339 .array/port v0x55e3692abd60, 339;
v0x55e3692abd60_340 .array/port v0x55e3692abd60, 340;
v0x55e3692abd60_341 .array/port v0x55e3692abd60, 341;
v0x55e3692abd60_342 .array/port v0x55e3692abd60, 342;
E_0x55e369271960/85 .event anyedge, v0x55e3692abd60_339, v0x55e3692abd60_340, v0x55e3692abd60_341, v0x55e3692abd60_342;
v0x55e3692abd60_343 .array/port v0x55e3692abd60, 343;
v0x55e3692abd60_344 .array/port v0x55e3692abd60, 344;
v0x55e3692abd60_345 .array/port v0x55e3692abd60, 345;
v0x55e3692abd60_346 .array/port v0x55e3692abd60, 346;
E_0x55e369271960/86 .event anyedge, v0x55e3692abd60_343, v0x55e3692abd60_344, v0x55e3692abd60_345, v0x55e3692abd60_346;
v0x55e3692abd60_347 .array/port v0x55e3692abd60, 347;
v0x55e3692abd60_348 .array/port v0x55e3692abd60, 348;
v0x55e3692abd60_349 .array/port v0x55e3692abd60, 349;
v0x55e3692abd60_350 .array/port v0x55e3692abd60, 350;
E_0x55e369271960/87 .event anyedge, v0x55e3692abd60_347, v0x55e3692abd60_348, v0x55e3692abd60_349, v0x55e3692abd60_350;
v0x55e3692abd60_351 .array/port v0x55e3692abd60, 351;
v0x55e3692abd60_352 .array/port v0x55e3692abd60, 352;
v0x55e3692abd60_353 .array/port v0x55e3692abd60, 353;
v0x55e3692abd60_354 .array/port v0x55e3692abd60, 354;
E_0x55e369271960/88 .event anyedge, v0x55e3692abd60_351, v0x55e3692abd60_352, v0x55e3692abd60_353, v0x55e3692abd60_354;
v0x55e3692abd60_355 .array/port v0x55e3692abd60, 355;
v0x55e3692abd60_356 .array/port v0x55e3692abd60, 356;
v0x55e3692abd60_357 .array/port v0x55e3692abd60, 357;
v0x55e3692abd60_358 .array/port v0x55e3692abd60, 358;
E_0x55e369271960/89 .event anyedge, v0x55e3692abd60_355, v0x55e3692abd60_356, v0x55e3692abd60_357, v0x55e3692abd60_358;
v0x55e3692abd60_359 .array/port v0x55e3692abd60, 359;
v0x55e3692abd60_360 .array/port v0x55e3692abd60, 360;
v0x55e3692abd60_361 .array/port v0x55e3692abd60, 361;
v0x55e3692abd60_362 .array/port v0x55e3692abd60, 362;
E_0x55e369271960/90 .event anyedge, v0x55e3692abd60_359, v0x55e3692abd60_360, v0x55e3692abd60_361, v0x55e3692abd60_362;
v0x55e3692abd60_363 .array/port v0x55e3692abd60, 363;
v0x55e3692abd60_364 .array/port v0x55e3692abd60, 364;
v0x55e3692abd60_365 .array/port v0x55e3692abd60, 365;
v0x55e3692abd60_366 .array/port v0x55e3692abd60, 366;
E_0x55e369271960/91 .event anyedge, v0x55e3692abd60_363, v0x55e3692abd60_364, v0x55e3692abd60_365, v0x55e3692abd60_366;
v0x55e3692abd60_367 .array/port v0x55e3692abd60, 367;
v0x55e3692abd60_368 .array/port v0x55e3692abd60, 368;
v0x55e3692abd60_369 .array/port v0x55e3692abd60, 369;
v0x55e3692abd60_370 .array/port v0x55e3692abd60, 370;
E_0x55e369271960/92 .event anyedge, v0x55e3692abd60_367, v0x55e3692abd60_368, v0x55e3692abd60_369, v0x55e3692abd60_370;
v0x55e3692abd60_371 .array/port v0x55e3692abd60, 371;
v0x55e3692abd60_372 .array/port v0x55e3692abd60, 372;
v0x55e3692abd60_373 .array/port v0x55e3692abd60, 373;
v0x55e3692abd60_374 .array/port v0x55e3692abd60, 374;
E_0x55e369271960/93 .event anyedge, v0x55e3692abd60_371, v0x55e3692abd60_372, v0x55e3692abd60_373, v0x55e3692abd60_374;
v0x55e3692abd60_375 .array/port v0x55e3692abd60, 375;
v0x55e3692abd60_376 .array/port v0x55e3692abd60, 376;
v0x55e3692abd60_377 .array/port v0x55e3692abd60, 377;
v0x55e3692abd60_378 .array/port v0x55e3692abd60, 378;
E_0x55e369271960/94 .event anyedge, v0x55e3692abd60_375, v0x55e3692abd60_376, v0x55e3692abd60_377, v0x55e3692abd60_378;
v0x55e3692abd60_379 .array/port v0x55e3692abd60, 379;
v0x55e3692abd60_380 .array/port v0x55e3692abd60, 380;
v0x55e3692abd60_381 .array/port v0x55e3692abd60, 381;
v0x55e3692abd60_382 .array/port v0x55e3692abd60, 382;
E_0x55e369271960/95 .event anyedge, v0x55e3692abd60_379, v0x55e3692abd60_380, v0x55e3692abd60_381, v0x55e3692abd60_382;
v0x55e3692abd60_383 .array/port v0x55e3692abd60, 383;
v0x55e3692abd60_384 .array/port v0x55e3692abd60, 384;
v0x55e3692abd60_385 .array/port v0x55e3692abd60, 385;
v0x55e3692abd60_386 .array/port v0x55e3692abd60, 386;
E_0x55e369271960/96 .event anyedge, v0x55e3692abd60_383, v0x55e3692abd60_384, v0x55e3692abd60_385, v0x55e3692abd60_386;
v0x55e3692abd60_387 .array/port v0x55e3692abd60, 387;
v0x55e3692abd60_388 .array/port v0x55e3692abd60, 388;
v0x55e3692abd60_389 .array/port v0x55e3692abd60, 389;
v0x55e3692abd60_390 .array/port v0x55e3692abd60, 390;
E_0x55e369271960/97 .event anyedge, v0x55e3692abd60_387, v0x55e3692abd60_388, v0x55e3692abd60_389, v0x55e3692abd60_390;
v0x55e3692abd60_391 .array/port v0x55e3692abd60, 391;
v0x55e3692abd60_392 .array/port v0x55e3692abd60, 392;
v0x55e3692abd60_393 .array/port v0x55e3692abd60, 393;
v0x55e3692abd60_394 .array/port v0x55e3692abd60, 394;
E_0x55e369271960/98 .event anyedge, v0x55e3692abd60_391, v0x55e3692abd60_392, v0x55e3692abd60_393, v0x55e3692abd60_394;
v0x55e3692abd60_395 .array/port v0x55e3692abd60, 395;
v0x55e3692abd60_396 .array/port v0x55e3692abd60, 396;
v0x55e3692abd60_397 .array/port v0x55e3692abd60, 397;
v0x55e3692abd60_398 .array/port v0x55e3692abd60, 398;
E_0x55e369271960/99 .event anyedge, v0x55e3692abd60_395, v0x55e3692abd60_396, v0x55e3692abd60_397, v0x55e3692abd60_398;
v0x55e3692abd60_399 .array/port v0x55e3692abd60, 399;
v0x55e3692abd60_400 .array/port v0x55e3692abd60, 400;
v0x55e3692abd60_401 .array/port v0x55e3692abd60, 401;
v0x55e3692abd60_402 .array/port v0x55e3692abd60, 402;
E_0x55e369271960/100 .event anyedge, v0x55e3692abd60_399, v0x55e3692abd60_400, v0x55e3692abd60_401, v0x55e3692abd60_402;
v0x55e3692abd60_403 .array/port v0x55e3692abd60, 403;
v0x55e3692abd60_404 .array/port v0x55e3692abd60, 404;
v0x55e3692abd60_405 .array/port v0x55e3692abd60, 405;
v0x55e3692abd60_406 .array/port v0x55e3692abd60, 406;
E_0x55e369271960/101 .event anyedge, v0x55e3692abd60_403, v0x55e3692abd60_404, v0x55e3692abd60_405, v0x55e3692abd60_406;
v0x55e3692abd60_407 .array/port v0x55e3692abd60, 407;
v0x55e3692abd60_408 .array/port v0x55e3692abd60, 408;
v0x55e3692abd60_409 .array/port v0x55e3692abd60, 409;
v0x55e3692abd60_410 .array/port v0x55e3692abd60, 410;
E_0x55e369271960/102 .event anyedge, v0x55e3692abd60_407, v0x55e3692abd60_408, v0x55e3692abd60_409, v0x55e3692abd60_410;
v0x55e3692abd60_411 .array/port v0x55e3692abd60, 411;
v0x55e3692abd60_412 .array/port v0x55e3692abd60, 412;
v0x55e3692abd60_413 .array/port v0x55e3692abd60, 413;
v0x55e3692abd60_414 .array/port v0x55e3692abd60, 414;
E_0x55e369271960/103 .event anyedge, v0x55e3692abd60_411, v0x55e3692abd60_412, v0x55e3692abd60_413, v0x55e3692abd60_414;
v0x55e3692abd60_415 .array/port v0x55e3692abd60, 415;
v0x55e3692abd60_416 .array/port v0x55e3692abd60, 416;
v0x55e3692abd60_417 .array/port v0x55e3692abd60, 417;
v0x55e3692abd60_418 .array/port v0x55e3692abd60, 418;
E_0x55e369271960/104 .event anyedge, v0x55e3692abd60_415, v0x55e3692abd60_416, v0x55e3692abd60_417, v0x55e3692abd60_418;
v0x55e3692abd60_419 .array/port v0x55e3692abd60, 419;
v0x55e3692abd60_420 .array/port v0x55e3692abd60, 420;
v0x55e3692abd60_421 .array/port v0x55e3692abd60, 421;
v0x55e3692abd60_422 .array/port v0x55e3692abd60, 422;
E_0x55e369271960/105 .event anyedge, v0x55e3692abd60_419, v0x55e3692abd60_420, v0x55e3692abd60_421, v0x55e3692abd60_422;
v0x55e3692abd60_423 .array/port v0x55e3692abd60, 423;
v0x55e3692abd60_424 .array/port v0x55e3692abd60, 424;
v0x55e3692abd60_425 .array/port v0x55e3692abd60, 425;
v0x55e3692abd60_426 .array/port v0x55e3692abd60, 426;
E_0x55e369271960/106 .event anyedge, v0x55e3692abd60_423, v0x55e3692abd60_424, v0x55e3692abd60_425, v0x55e3692abd60_426;
v0x55e3692abd60_427 .array/port v0x55e3692abd60, 427;
v0x55e3692abd60_428 .array/port v0x55e3692abd60, 428;
v0x55e3692abd60_429 .array/port v0x55e3692abd60, 429;
v0x55e3692abd60_430 .array/port v0x55e3692abd60, 430;
E_0x55e369271960/107 .event anyedge, v0x55e3692abd60_427, v0x55e3692abd60_428, v0x55e3692abd60_429, v0x55e3692abd60_430;
v0x55e3692abd60_431 .array/port v0x55e3692abd60, 431;
v0x55e3692abd60_432 .array/port v0x55e3692abd60, 432;
v0x55e3692abd60_433 .array/port v0x55e3692abd60, 433;
v0x55e3692abd60_434 .array/port v0x55e3692abd60, 434;
E_0x55e369271960/108 .event anyedge, v0x55e3692abd60_431, v0x55e3692abd60_432, v0x55e3692abd60_433, v0x55e3692abd60_434;
v0x55e3692abd60_435 .array/port v0x55e3692abd60, 435;
v0x55e3692abd60_436 .array/port v0x55e3692abd60, 436;
v0x55e3692abd60_437 .array/port v0x55e3692abd60, 437;
v0x55e3692abd60_438 .array/port v0x55e3692abd60, 438;
E_0x55e369271960/109 .event anyedge, v0x55e3692abd60_435, v0x55e3692abd60_436, v0x55e3692abd60_437, v0x55e3692abd60_438;
v0x55e3692abd60_439 .array/port v0x55e3692abd60, 439;
v0x55e3692abd60_440 .array/port v0x55e3692abd60, 440;
v0x55e3692abd60_441 .array/port v0x55e3692abd60, 441;
v0x55e3692abd60_442 .array/port v0x55e3692abd60, 442;
E_0x55e369271960/110 .event anyedge, v0x55e3692abd60_439, v0x55e3692abd60_440, v0x55e3692abd60_441, v0x55e3692abd60_442;
v0x55e3692abd60_443 .array/port v0x55e3692abd60, 443;
v0x55e3692abd60_444 .array/port v0x55e3692abd60, 444;
v0x55e3692abd60_445 .array/port v0x55e3692abd60, 445;
v0x55e3692abd60_446 .array/port v0x55e3692abd60, 446;
E_0x55e369271960/111 .event anyedge, v0x55e3692abd60_443, v0x55e3692abd60_444, v0x55e3692abd60_445, v0x55e3692abd60_446;
v0x55e3692abd60_447 .array/port v0x55e3692abd60, 447;
v0x55e3692abd60_448 .array/port v0x55e3692abd60, 448;
v0x55e3692abd60_449 .array/port v0x55e3692abd60, 449;
v0x55e3692abd60_450 .array/port v0x55e3692abd60, 450;
E_0x55e369271960/112 .event anyedge, v0x55e3692abd60_447, v0x55e3692abd60_448, v0x55e3692abd60_449, v0x55e3692abd60_450;
v0x55e3692abd60_451 .array/port v0x55e3692abd60, 451;
v0x55e3692abd60_452 .array/port v0x55e3692abd60, 452;
v0x55e3692abd60_453 .array/port v0x55e3692abd60, 453;
v0x55e3692abd60_454 .array/port v0x55e3692abd60, 454;
E_0x55e369271960/113 .event anyedge, v0x55e3692abd60_451, v0x55e3692abd60_452, v0x55e3692abd60_453, v0x55e3692abd60_454;
v0x55e3692abd60_455 .array/port v0x55e3692abd60, 455;
v0x55e3692abd60_456 .array/port v0x55e3692abd60, 456;
v0x55e3692abd60_457 .array/port v0x55e3692abd60, 457;
v0x55e3692abd60_458 .array/port v0x55e3692abd60, 458;
E_0x55e369271960/114 .event anyedge, v0x55e3692abd60_455, v0x55e3692abd60_456, v0x55e3692abd60_457, v0x55e3692abd60_458;
v0x55e3692abd60_459 .array/port v0x55e3692abd60, 459;
v0x55e3692abd60_460 .array/port v0x55e3692abd60, 460;
v0x55e3692abd60_461 .array/port v0x55e3692abd60, 461;
v0x55e3692abd60_462 .array/port v0x55e3692abd60, 462;
E_0x55e369271960/115 .event anyedge, v0x55e3692abd60_459, v0x55e3692abd60_460, v0x55e3692abd60_461, v0x55e3692abd60_462;
v0x55e3692abd60_463 .array/port v0x55e3692abd60, 463;
v0x55e3692abd60_464 .array/port v0x55e3692abd60, 464;
v0x55e3692abd60_465 .array/port v0x55e3692abd60, 465;
v0x55e3692abd60_466 .array/port v0x55e3692abd60, 466;
E_0x55e369271960/116 .event anyedge, v0x55e3692abd60_463, v0x55e3692abd60_464, v0x55e3692abd60_465, v0x55e3692abd60_466;
v0x55e3692abd60_467 .array/port v0x55e3692abd60, 467;
v0x55e3692abd60_468 .array/port v0x55e3692abd60, 468;
v0x55e3692abd60_469 .array/port v0x55e3692abd60, 469;
v0x55e3692abd60_470 .array/port v0x55e3692abd60, 470;
E_0x55e369271960/117 .event anyedge, v0x55e3692abd60_467, v0x55e3692abd60_468, v0x55e3692abd60_469, v0x55e3692abd60_470;
v0x55e3692abd60_471 .array/port v0x55e3692abd60, 471;
v0x55e3692abd60_472 .array/port v0x55e3692abd60, 472;
v0x55e3692abd60_473 .array/port v0x55e3692abd60, 473;
v0x55e3692abd60_474 .array/port v0x55e3692abd60, 474;
E_0x55e369271960/118 .event anyedge, v0x55e3692abd60_471, v0x55e3692abd60_472, v0x55e3692abd60_473, v0x55e3692abd60_474;
v0x55e3692abd60_475 .array/port v0x55e3692abd60, 475;
v0x55e3692abd60_476 .array/port v0x55e3692abd60, 476;
v0x55e3692abd60_477 .array/port v0x55e3692abd60, 477;
v0x55e3692abd60_478 .array/port v0x55e3692abd60, 478;
E_0x55e369271960/119 .event anyedge, v0x55e3692abd60_475, v0x55e3692abd60_476, v0x55e3692abd60_477, v0x55e3692abd60_478;
v0x55e3692abd60_479 .array/port v0x55e3692abd60, 479;
v0x55e3692abd60_480 .array/port v0x55e3692abd60, 480;
v0x55e3692abd60_481 .array/port v0x55e3692abd60, 481;
v0x55e3692abd60_482 .array/port v0x55e3692abd60, 482;
E_0x55e369271960/120 .event anyedge, v0x55e3692abd60_479, v0x55e3692abd60_480, v0x55e3692abd60_481, v0x55e3692abd60_482;
v0x55e3692abd60_483 .array/port v0x55e3692abd60, 483;
v0x55e3692abd60_484 .array/port v0x55e3692abd60, 484;
v0x55e3692abd60_485 .array/port v0x55e3692abd60, 485;
v0x55e3692abd60_486 .array/port v0x55e3692abd60, 486;
E_0x55e369271960/121 .event anyedge, v0x55e3692abd60_483, v0x55e3692abd60_484, v0x55e3692abd60_485, v0x55e3692abd60_486;
v0x55e3692abd60_487 .array/port v0x55e3692abd60, 487;
v0x55e3692abd60_488 .array/port v0x55e3692abd60, 488;
v0x55e3692abd60_489 .array/port v0x55e3692abd60, 489;
v0x55e3692abd60_490 .array/port v0x55e3692abd60, 490;
E_0x55e369271960/122 .event anyedge, v0x55e3692abd60_487, v0x55e3692abd60_488, v0x55e3692abd60_489, v0x55e3692abd60_490;
v0x55e3692abd60_491 .array/port v0x55e3692abd60, 491;
v0x55e3692abd60_492 .array/port v0x55e3692abd60, 492;
v0x55e3692abd60_493 .array/port v0x55e3692abd60, 493;
v0x55e3692abd60_494 .array/port v0x55e3692abd60, 494;
E_0x55e369271960/123 .event anyedge, v0x55e3692abd60_491, v0x55e3692abd60_492, v0x55e3692abd60_493, v0x55e3692abd60_494;
v0x55e3692abd60_495 .array/port v0x55e3692abd60, 495;
v0x55e3692abd60_496 .array/port v0x55e3692abd60, 496;
v0x55e3692abd60_497 .array/port v0x55e3692abd60, 497;
v0x55e3692abd60_498 .array/port v0x55e3692abd60, 498;
E_0x55e369271960/124 .event anyedge, v0x55e3692abd60_495, v0x55e3692abd60_496, v0x55e3692abd60_497, v0x55e3692abd60_498;
v0x55e3692abd60_499 .array/port v0x55e3692abd60, 499;
v0x55e3692abd60_500 .array/port v0x55e3692abd60, 500;
v0x55e3692abd60_501 .array/port v0x55e3692abd60, 501;
v0x55e3692abd60_502 .array/port v0x55e3692abd60, 502;
E_0x55e369271960/125 .event anyedge, v0x55e3692abd60_499, v0x55e3692abd60_500, v0x55e3692abd60_501, v0x55e3692abd60_502;
v0x55e3692abd60_503 .array/port v0x55e3692abd60, 503;
v0x55e3692abd60_504 .array/port v0x55e3692abd60, 504;
v0x55e3692abd60_505 .array/port v0x55e3692abd60, 505;
v0x55e3692abd60_506 .array/port v0x55e3692abd60, 506;
E_0x55e369271960/126 .event anyedge, v0x55e3692abd60_503, v0x55e3692abd60_504, v0x55e3692abd60_505, v0x55e3692abd60_506;
v0x55e3692abd60_507 .array/port v0x55e3692abd60, 507;
v0x55e3692abd60_508 .array/port v0x55e3692abd60, 508;
v0x55e3692abd60_509 .array/port v0x55e3692abd60, 509;
v0x55e3692abd60_510 .array/port v0x55e3692abd60, 510;
E_0x55e369271960/127 .event anyedge, v0x55e3692abd60_507, v0x55e3692abd60_508, v0x55e3692abd60_509, v0x55e3692abd60_510;
v0x55e3692abd60_511 .array/port v0x55e3692abd60, 511;
v0x55e3692abd60_512 .array/port v0x55e3692abd60, 512;
v0x55e3692abd60_513 .array/port v0x55e3692abd60, 513;
v0x55e3692abd60_514 .array/port v0x55e3692abd60, 514;
E_0x55e369271960/128 .event anyedge, v0x55e3692abd60_511, v0x55e3692abd60_512, v0x55e3692abd60_513, v0x55e3692abd60_514;
v0x55e3692abd60_515 .array/port v0x55e3692abd60, 515;
v0x55e3692abd60_516 .array/port v0x55e3692abd60, 516;
v0x55e3692abd60_517 .array/port v0x55e3692abd60, 517;
v0x55e3692abd60_518 .array/port v0x55e3692abd60, 518;
E_0x55e369271960/129 .event anyedge, v0x55e3692abd60_515, v0x55e3692abd60_516, v0x55e3692abd60_517, v0x55e3692abd60_518;
v0x55e3692abd60_519 .array/port v0x55e3692abd60, 519;
v0x55e3692abd60_520 .array/port v0x55e3692abd60, 520;
v0x55e3692abd60_521 .array/port v0x55e3692abd60, 521;
v0x55e3692abd60_522 .array/port v0x55e3692abd60, 522;
E_0x55e369271960/130 .event anyedge, v0x55e3692abd60_519, v0x55e3692abd60_520, v0x55e3692abd60_521, v0x55e3692abd60_522;
v0x55e3692abd60_523 .array/port v0x55e3692abd60, 523;
v0x55e3692abd60_524 .array/port v0x55e3692abd60, 524;
v0x55e3692abd60_525 .array/port v0x55e3692abd60, 525;
v0x55e3692abd60_526 .array/port v0x55e3692abd60, 526;
E_0x55e369271960/131 .event anyedge, v0x55e3692abd60_523, v0x55e3692abd60_524, v0x55e3692abd60_525, v0x55e3692abd60_526;
v0x55e3692abd60_527 .array/port v0x55e3692abd60, 527;
v0x55e3692abd60_528 .array/port v0x55e3692abd60, 528;
v0x55e3692abd60_529 .array/port v0x55e3692abd60, 529;
v0x55e3692abd60_530 .array/port v0x55e3692abd60, 530;
E_0x55e369271960/132 .event anyedge, v0x55e3692abd60_527, v0x55e3692abd60_528, v0x55e3692abd60_529, v0x55e3692abd60_530;
v0x55e3692abd60_531 .array/port v0x55e3692abd60, 531;
v0x55e3692abd60_532 .array/port v0x55e3692abd60, 532;
v0x55e3692abd60_533 .array/port v0x55e3692abd60, 533;
v0x55e3692abd60_534 .array/port v0x55e3692abd60, 534;
E_0x55e369271960/133 .event anyedge, v0x55e3692abd60_531, v0x55e3692abd60_532, v0x55e3692abd60_533, v0x55e3692abd60_534;
v0x55e3692abd60_535 .array/port v0x55e3692abd60, 535;
v0x55e3692abd60_536 .array/port v0x55e3692abd60, 536;
v0x55e3692abd60_537 .array/port v0x55e3692abd60, 537;
v0x55e3692abd60_538 .array/port v0x55e3692abd60, 538;
E_0x55e369271960/134 .event anyedge, v0x55e3692abd60_535, v0x55e3692abd60_536, v0x55e3692abd60_537, v0x55e3692abd60_538;
v0x55e3692abd60_539 .array/port v0x55e3692abd60, 539;
v0x55e3692abd60_540 .array/port v0x55e3692abd60, 540;
v0x55e3692abd60_541 .array/port v0x55e3692abd60, 541;
v0x55e3692abd60_542 .array/port v0x55e3692abd60, 542;
E_0x55e369271960/135 .event anyedge, v0x55e3692abd60_539, v0x55e3692abd60_540, v0x55e3692abd60_541, v0x55e3692abd60_542;
v0x55e3692abd60_543 .array/port v0x55e3692abd60, 543;
v0x55e3692abd60_544 .array/port v0x55e3692abd60, 544;
v0x55e3692abd60_545 .array/port v0x55e3692abd60, 545;
v0x55e3692abd60_546 .array/port v0x55e3692abd60, 546;
E_0x55e369271960/136 .event anyedge, v0x55e3692abd60_543, v0x55e3692abd60_544, v0x55e3692abd60_545, v0x55e3692abd60_546;
v0x55e3692abd60_547 .array/port v0x55e3692abd60, 547;
v0x55e3692abd60_548 .array/port v0x55e3692abd60, 548;
v0x55e3692abd60_549 .array/port v0x55e3692abd60, 549;
v0x55e3692abd60_550 .array/port v0x55e3692abd60, 550;
E_0x55e369271960/137 .event anyedge, v0x55e3692abd60_547, v0x55e3692abd60_548, v0x55e3692abd60_549, v0x55e3692abd60_550;
v0x55e3692abd60_551 .array/port v0x55e3692abd60, 551;
v0x55e3692abd60_552 .array/port v0x55e3692abd60, 552;
v0x55e3692abd60_553 .array/port v0x55e3692abd60, 553;
v0x55e3692abd60_554 .array/port v0x55e3692abd60, 554;
E_0x55e369271960/138 .event anyedge, v0x55e3692abd60_551, v0x55e3692abd60_552, v0x55e3692abd60_553, v0x55e3692abd60_554;
v0x55e3692abd60_555 .array/port v0x55e3692abd60, 555;
v0x55e3692abd60_556 .array/port v0x55e3692abd60, 556;
v0x55e3692abd60_557 .array/port v0x55e3692abd60, 557;
v0x55e3692abd60_558 .array/port v0x55e3692abd60, 558;
E_0x55e369271960/139 .event anyedge, v0x55e3692abd60_555, v0x55e3692abd60_556, v0x55e3692abd60_557, v0x55e3692abd60_558;
v0x55e3692abd60_559 .array/port v0x55e3692abd60, 559;
v0x55e3692abd60_560 .array/port v0x55e3692abd60, 560;
v0x55e3692abd60_561 .array/port v0x55e3692abd60, 561;
v0x55e3692abd60_562 .array/port v0x55e3692abd60, 562;
E_0x55e369271960/140 .event anyedge, v0x55e3692abd60_559, v0x55e3692abd60_560, v0x55e3692abd60_561, v0x55e3692abd60_562;
v0x55e3692abd60_563 .array/port v0x55e3692abd60, 563;
v0x55e3692abd60_564 .array/port v0x55e3692abd60, 564;
v0x55e3692abd60_565 .array/port v0x55e3692abd60, 565;
v0x55e3692abd60_566 .array/port v0x55e3692abd60, 566;
E_0x55e369271960/141 .event anyedge, v0x55e3692abd60_563, v0x55e3692abd60_564, v0x55e3692abd60_565, v0x55e3692abd60_566;
v0x55e3692abd60_567 .array/port v0x55e3692abd60, 567;
v0x55e3692abd60_568 .array/port v0x55e3692abd60, 568;
v0x55e3692abd60_569 .array/port v0x55e3692abd60, 569;
v0x55e3692abd60_570 .array/port v0x55e3692abd60, 570;
E_0x55e369271960/142 .event anyedge, v0x55e3692abd60_567, v0x55e3692abd60_568, v0x55e3692abd60_569, v0x55e3692abd60_570;
v0x55e3692abd60_571 .array/port v0x55e3692abd60, 571;
v0x55e3692abd60_572 .array/port v0x55e3692abd60, 572;
v0x55e3692abd60_573 .array/port v0x55e3692abd60, 573;
v0x55e3692abd60_574 .array/port v0x55e3692abd60, 574;
E_0x55e369271960/143 .event anyedge, v0x55e3692abd60_571, v0x55e3692abd60_572, v0x55e3692abd60_573, v0x55e3692abd60_574;
v0x55e3692abd60_575 .array/port v0x55e3692abd60, 575;
v0x55e3692abd60_576 .array/port v0x55e3692abd60, 576;
v0x55e3692abd60_577 .array/port v0x55e3692abd60, 577;
v0x55e3692abd60_578 .array/port v0x55e3692abd60, 578;
E_0x55e369271960/144 .event anyedge, v0x55e3692abd60_575, v0x55e3692abd60_576, v0x55e3692abd60_577, v0x55e3692abd60_578;
v0x55e3692abd60_579 .array/port v0x55e3692abd60, 579;
v0x55e3692abd60_580 .array/port v0x55e3692abd60, 580;
v0x55e3692abd60_581 .array/port v0x55e3692abd60, 581;
v0x55e3692abd60_582 .array/port v0x55e3692abd60, 582;
E_0x55e369271960/145 .event anyedge, v0x55e3692abd60_579, v0x55e3692abd60_580, v0x55e3692abd60_581, v0x55e3692abd60_582;
v0x55e3692abd60_583 .array/port v0x55e3692abd60, 583;
v0x55e3692abd60_584 .array/port v0x55e3692abd60, 584;
v0x55e3692abd60_585 .array/port v0x55e3692abd60, 585;
v0x55e3692abd60_586 .array/port v0x55e3692abd60, 586;
E_0x55e369271960/146 .event anyedge, v0x55e3692abd60_583, v0x55e3692abd60_584, v0x55e3692abd60_585, v0x55e3692abd60_586;
v0x55e3692abd60_587 .array/port v0x55e3692abd60, 587;
v0x55e3692abd60_588 .array/port v0x55e3692abd60, 588;
v0x55e3692abd60_589 .array/port v0x55e3692abd60, 589;
v0x55e3692abd60_590 .array/port v0x55e3692abd60, 590;
E_0x55e369271960/147 .event anyedge, v0x55e3692abd60_587, v0x55e3692abd60_588, v0x55e3692abd60_589, v0x55e3692abd60_590;
v0x55e3692abd60_591 .array/port v0x55e3692abd60, 591;
v0x55e3692abd60_592 .array/port v0x55e3692abd60, 592;
v0x55e3692abd60_593 .array/port v0x55e3692abd60, 593;
v0x55e3692abd60_594 .array/port v0x55e3692abd60, 594;
E_0x55e369271960/148 .event anyedge, v0x55e3692abd60_591, v0x55e3692abd60_592, v0x55e3692abd60_593, v0x55e3692abd60_594;
v0x55e3692abd60_595 .array/port v0x55e3692abd60, 595;
v0x55e3692abd60_596 .array/port v0x55e3692abd60, 596;
v0x55e3692abd60_597 .array/port v0x55e3692abd60, 597;
v0x55e3692abd60_598 .array/port v0x55e3692abd60, 598;
E_0x55e369271960/149 .event anyedge, v0x55e3692abd60_595, v0x55e3692abd60_596, v0x55e3692abd60_597, v0x55e3692abd60_598;
v0x55e3692abd60_599 .array/port v0x55e3692abd60, 599;
v0x55e3692abd60_600 .array/port v0x55e3692abd60, 600;
v0x55e3692abd60_601 .array/port v0x55e3692abd60, 601;
v0x55e3692abd60_602 .array/port v0x55e3692abd60, 602;
E_0x55e369271960/150 .event anyedge, v0x55e3692abd60_599, v0x55e3692abd60_600, v0x55e3692abd60_601, v0x55e3692abd60_602;
v0x55e3692abd60_603 .array/port v0x55e3692abd60, 603;
v0x55e3692abd60_604 .array/port v0x55e3692abd60, 604;
v0x55e3692abd60_605 .array/port v0x55e3692abd60, 605;
v0x55e3692abd60_606 .array/port v0x55e3692abd60, 606;
E_0x55e369271960/151 .event anyedge, v0x55e3692abd60_603, v0x55e3692abd60_604, v0x55e3692abd60_605, v0x55e3692abd60_606;
v0x55e3692abd60_607 .array/port v0x55e3692abd60, 607;
v0x55e3692abd60_608 .array/port v0x55e3692abd60, 608;
v0x55e3692abd60_609 .array/port v0x55e3692abd60, 609;
v0x55e3692abd60_610 .array/port v0x55e3692abd60, 610;
E_0x55e369271960/152 .event anyedge, v0x55e3692abd60_607, v0x55e3692abd60_608, v0x55e3692abd60_609, v0x55e3692abd60_610;
v0x55e3692abd60_611 .array/port v0x55e3692abd60, 611;
v0x55e3692abd60_612 .array/port v0x55e3692abd60, 612;
v0x55e3692abd60_613 .array/port v0x55e3692abd60, 613;
v0x55e3692abd60_614 .array/port v0x55e3692abd60, 614;
E_0x55e369271960/153 .event anyedge, v0x55e3692abd60_611, v0x55e3692abd60_612, v0x55e3692abd60_613, v0x55e3692abd60_614;
v0x55e3692abd60_615 .array/port v0x55e3692abd60, 615;
v0x55e3692abd60_616 .array/port v0x55e3692abd60, 616;
v0x55e3692abd60_617 .array/port v0x55e3692abd60, 617;
v0x55e3692abd60_618 .array/port v0x55e3692abd60, 618;
E_0x55e369271960/154 .event anyedge, v0x55e3692abd60_615, v0x55e3692abd60_616, v0x55e3692abd60_617, v0x55e3692abd60_618;
v0x55e3692abd60_619 .array/port v0x55e3692abd60, 619;
v0x55e3692abd60_620 .array/port v0x55e3692abd60, 620;
v0x55e3692abd60_621 .array/port v0x55e3692abd60, 621;
v0x55e3692abd60_622 .array/port v0x55e3692abd60, 622;
E_0x55e369271960/155 .event anyedge, v0x55e3692abd60_619, v0x55e3692abd60_620, v0x55e3692abd60_621, v0x55e3692abd60_622;
v0x55e3692abd60_623 .array/port v0x55e3692abd60, 623;
v0x55e3692abd60_624 .array/port v0x55e3692abd60, 624;
v0x55e3692abd60_625 .array/port v0x55e3692abd60, 625;
v0x55e3692abd60_626 .array/port v0x55e3692abd60, 626;
E_0x55e369271960/156 .event anyedge, v0x55e3692abd60_623, v0x55e3692abd60_624, v0x55e3692abd60_625, v0x55e3692abd60_626;
v0x55e3692abd60_627 .array/port v0x55e3692abd60, 627;
v0x55e3692abd60_628 .array/port v0x55e3692abd60, 628;
v0x55e3692abd60_629 .array/port v0x55e3692abd60, 629;
v0x55e3692abd60_630 .array/port v0x55e3692abd60, 630;
E_0x55e369271960/157 .event anyedge, v0x55e3692abd60_627, v0x55e3692abd60_628, v0x55e3692abd60_629, v0x55e3692abd60_630;
v0x55e3692abd60_631 .array/port v0x55e3692abd60, 631;
v0x55e3692abd60_632 .array/port v0x55e3692abd60, 632;
v0x55e3692abd60_633 .array/port v0x55e3692abd60, 633;
v0x55e3692abd60_634 .array/port v0x55e3692abd60, 634;
E_0x55e369271960/158 .event anyedge, v0x55e3692abd60_631, v0x55e3692abd60_632, v0x55e3692abd60_633, v0x55e3692abd60_634;
v0x55e3692abd60_635 .array/port v0x55e3692abd60, 635;
v0x55e3692abd60_636 .array/port v0x55e3692abd60, 636;
v0x55e3692abd60_637 .array/port v0x55e3692abd60, 637;
v0x55e3692abd60_638 .array/port v0x55e3692abd60, 638;
E_0x55e369271960/159 .event anyedge, v0x55e3692abd60_635, v0x55e3692abd60_636, v0x55e3692abd60_637, v0x55e3692abd60_638;
v0x55e3692abd60_639 .array/port v0x55e3692abd60, 639;
v0x55e3692abd60_640 .array/port v0x55e3692abd60, 640;
v0x55e3692abd60_641 .array/port v0x55e3692abd60, 641;
v0x55e3692abd60_642 .array/port v0x55e3692abd60, 642;
E_0x55e369271960/160 .event anyedge, v0x55e3692abd60_639, v0x55e3692abd60_640, v0x55e3692abd60_641, v0x55e3692abd60_642;
v0x55e3692abd60_643 .array/port v0x55e3692abd60, 643;
v0x55e3692abd60_644 .array/port v0x55e3692abd60, 644;
v0x55e3692abd60_645 .array/port v0x55e3692abd60, 645;
v0x55e3692abd60_646 .array/port v0x55e3692abd60, 646;
E_0x55e369271960/161 .event anyedge, v0x55e3692abd60_643, v0x55e3692abd60_644, v0x55e3692abd60_645, v0x55e3692abd60_646;
v0x55e3692abd60_647 .array/port v0x55e3692abd60, 647;
v0x55e3692abd60_648 .array/port v0x55e3692abd60, 648;
v0x55e3692abd60_649 .array/port v0x55e3692abd60, 649;
v0x55e3692abd60_650 .array/port v0x55e3692abd60, 650;
E_0x55e369271960/162 .event anyedge, v0x55e3692abd60_647, v0x55e3692abd60_648, v0x55e3692abd60_649, v0x55e3692abd60_650;
v0x55e3692abd60_651 .array/port v0x55e3692abd60, 651;
v0x55e3692abd60_652 .array/port v0x55e3692abd60, 652;
v0x55e3692abd60_653 .array/port v0x55e3692abd60, 653;
v0x55e3692abd60_654 .array/port v0x55e3692abd60, 654;
E_0x55e369271960/163 .event anyedge, v0x55e3692abd60_651, v0x55e3692abd60_652, v0x55e3692abd60_653, v0x55e3692abd60_654;
v0x55e3692abd60_655 .array/port v0x55e3692abd60, 655;
v0x55e3692abd60_656 .array/port v0x55e3692abd60, 656;
v0x55e3692abd60_657 .array/port v0x55e3692abd60, 657;
v0x55e3692abd60_658 .array/port v0x55e3692abd60, 658;
E_0x55e369271960/164 .event anyedge, v0x55e3692abd60_655, v0x55e3692abd60_656, v0x55e3692abd60_657, v0x55e3692abd60_658;
v0x55e3692abd60_659 .array/port v0x55e3692abd60, 659;
v0x55e3692abd60_660 .array/port v0x55e3692abd60, 660;
v0x55e3692abd60_661 .array/port v0x55e3692abd60, 661;
v0x55e3692abd60_662 .array/port v0x55e3692abd60, 662;
E_0x55e369271960/165 .event anyedge, v0x55e3692abd60_659, v0x55e3692abd60_660, v0x55e3692abd60_661, v0x55e3692abd60_662;
v0x55e3692abd60_663 .array/port v0x55e3692abd60, 663;
v0x55e3692abd60_664 .array/port v0x55e3692abd60, 664;
v0x55e3692abd60_665 .array/port v0x55e3692abd60, 665;
v0x55e3692abd60_666 .array/port v0x55e3692abd60, 666;
E_0x55e369271960/166 .event anyedge, v0x55e3692abd60_663, v0x55e3692abd60_664, v0x55e3692abd60_665, v0x55e3692abd60_666;
v0x55e3692abd60_667 .array/port v0x55e3692abd60, 667;
v0x55e3692abd60_668 .array/port v0x55e3692abd60, 668;
v0x55e3692abd60_669 .array/port v0x55e3692abd60, 669;
v0x55e3692abd60_670 .array/port v0x55e3692abd60, 670;
E_0x55e369271960/167 .event anyedge, v0x55e3692abd60_667, v0x55e3692abd60_668, v0x55e3692abd60_669, v0x55e3692abd60_670;
v0x55e3692abd60_671 .array/port v0x55e3692abd60, 671;
v0x55e3692abd60_672 .array/port v0x55e3692abd60, 672;
v0x55e3692abd60_673 .array/port v0x55e3692abd60, 673;
v0x55e3692abd60_674 .array/port v0x55e3692abd60, 674;
E_0x55e369271960/168 .event anyedge, v0x55e3692abd60_671, v0x55e3692abd60_672, v0x55e3692abd60_673, v0x55e3692abd60_674;
v0x55e3692abd60_675 .array/port v0x55e3692abd60, 675;
v0x55e3692abd60_676 .array/port v0x55e3692abd60, 676;
v0x55e3692abd60_677 .array/port v0x55e3692abd60, 677;
v0x55e3692abd60_678 .array/port v0x55e3692abd60, 678;
E_0x55e369271960/169 .event anyedge, v0x55e3692abd60_675, v0x55e3692abd60_676, v0x55e3692abd60_677, v0x55e3692abd60_678;
v0x55e3692abd60_679 .array/port v0x55e3692abd60, 679;
v0x55e3692abd60_680 .array/port v0x55e3692abd60, 680;
v0x55e3692abd60_681 .array/port v0x55e3692abd60, 681;
v0x55e3692abd60_682 .array/port v0x55e3692abd60, 682;
E_0x55e369271960/170 .event anyedge, v0x55e3692abd60_679, v0x55e3692abd60_680, v0x55e3692abd60_681, v0x55e3692abd60_682;
v0x55e3692abd60_683 .array/port v0x55e3692abd60, 683;
v0x55e3692abd60_684 .array/port v0x55e3692abd60, 684;
v0x55e3692abd60_685 .array/port v0x55e3692abd60, 685;
v0x55e3692abd60_686 .array/port v0x55e3692abd60, 686;
E_0x55e369271960/171 .event anyedge, v0x55e3692abd60_683, v0x55e3692abd60_684, v0x55e3692abd60_685, v0x55e3692abd60_686;
v0x55e3692abd60_687 .array/port v0x55e3692abd60, 687;
v0x55e3692abd60_688 .array/port v0x55e3692abd60, 688;
v0x55e3692abd60_689 .array/port v0x55e3692abd60, 689;
v0x55e3692abd60_690 .array/port v0x55e3692abd60, 690;
E_0x55e369271960/172 .event anyedge, v0x55e3692abd60_687, v0x55e3692abd60_688, v0x55e3692abd60_689, v0x55e3692abd60_690;
v0x55e3692abd60_691 .array/port v0x55e3692abd60, 691;
v0x55e3692abd60_692 .array/port v0x55e3692abd60, 692;
v0x55e3692abd60_693 .array/port v0x55e3692abd60, 693;
v0x55e3692abd60_694 .array/port v0x55e3692abd60, 694;
E_0x55e369271960/173 .event anyedge, v0x55e3692abd60_691, v0x55e3692abd60_692, v0x55e3692abd60_693, v0x55e3692abd60_694;
v0x55e3692abd60_695 .array/port v0x55e3692abd60, 695;
v0x55e3692abd60_696 .array/port v0x55e3692abd60, 696;
v0x55e3692abd60_697 .array/port v0x55e3692abd60, 697;
v0x55e3692abd60_698 .array/port v0x55e3692abd60, 698;
E_0x55e369271960/174 .event anyedge, v0x55e3692abd60_695, v0x55e3692abd60_696, v0x55e3692abd60_697, v0x55e3692abd60_698;
v0x55e3692abd60_699 .array/port v0x55e3692abd60, 699;
v0x55e3692abd60_700 .array/port v0x55e3692abd60, 700;
v0x55e3692abd60_701 .array/port v0x55e3692abd60, 701;
v0x55e3692abd60_702 .array/port v0x55e3692abd60, 702;
E_0x55e369271960/175 .event anyedge, v0x55e3692abd60_699, v0x55e3692abd60_700, v0x55e3692abd60_701, v0x55e3692abd60_702;
v0x55e3692abd60_703 .array/port v0x55e3692abd60, 703;
v0x55e3692abd60_704 .array/port v0x55e3692abd60, 704;
v0x55e3692abd60_705 .array/port v0x55e3692abd60, 705;
v0x55e3692abd60_706 .array/port v0x55e3692abd60, 706;
E_0x55e369271960/176 .event anyedge, v0x55e3692abd60_703, v0x55e3692abd60_704, v0x55e3692abd60_705, v0x55e3692abd60_706;
v0x55e3692abd60_707 .array/port v0x55e3692abd60, 707;
v0x55e3692abd60_708 .array/port v0x55e3692abd60, 708;
v0x55e3692abd60_709 .array/port v0x55e3692abd60, 709;
v0x55e3692abd60_710 .array/port v0x55e3692abd60, 710;
E_0x55e369271960/177 .event anyedge, v0x55e3692abd60_707, v0x55e3692abd60_708, v0x55e3692abd60_709, v0x55e3692abd60_710;
v0x55e3692abd60_711 .array/port v0x55e3692abd60, 711;
v0x55e3692abd60_712 .array/port v0x55e3692abd60, 712;
v0x55e3692abd60_713 .array/port v0x55e3692abd60, 713;
v0x55e3692abd60_714 .array/port v0x55e3692abd60, 714;
E_0x55e369271960/178 .event anyedge, v0x55e3692abd60_711, v0x55e3692abd60_712, v0x55e3692abd60_713, v0x55e3692abd60_714;
v0x55e3692abd60_715 .array/port v0x55e3692abd60, 715;
v0x55e3692abd60_716 .array/port v0x55e3692abd60, 716;
v0x55e3692abd60_717 .array/port v0x55e3692abd60, 717;
v0x55e3692abd60_718 .array/port v0x55e3692abd60, 718;
E_0x55e369271960/179 .event anyedge, v0x55e3692abd60_715, v0x55e3692abd60_716, v0x55e3692abd60_717, v0x55e3692abd60_718;
v0x55e3692abd60_719 .array/port v0x55e3692abd60, 719;
v0x55e3692abd60_720 .array/port v0x55e3692abd60, 720;
v0x55e3692abd60_721 .array/port v0x55e3692abd60, 721;
v0x55e3692abd60_722 .array/port v0x55e3692abd60, 722;
E_0x55e369271960/180 .event anyedge, v0x55e3692abd60_719, v0x55e3692abd60_720, v0x55e3692abd60_721, v0x55e3692abd60_722;
v0x55e3692abd60_723 .array/port v0x55e3692abd60, 723;
v0x55e3692abd60_724 .array/port v0x55e3692abd60, 724;
v0x55e3692abd60_725 .array/port v0x55e3692abd60, 725;
v0x55e3692abd60_726 .array/port v0x55e3692abd60, 726;
E_0x55e369271960/181 .event anyedge, v0x55e3692abd60_723, v0x55e3692abd60_724, v0x55e3692abd60_725, v0x55e3692abd60_726;
v0x55e3692abd60_727 .array/port v0x55e3692abd60, 727;
v0x55e3692abd60_728 .array/port v0x55e3692abd60, 728;
v0x55e3692abd60_729 .array/port v0x55e3692abd60, 729;
v0x55e3692abd60_730 .array/port v0x55e3692abd60, 730;
E_0x55e369271960/182 .event anyedge, v0x55e3692abd60_727, v0x55e3692abd60_728, v0x55e3692abd60_729, v0x55e3692abd60_730;
v0x55e3692abd60_731 .array/port v0x55e3692abd60, 731;
v0x55e3692abd60_732 .array/port v0x55e3692abd60, 732;
v0x55e3692abd60_733 .array/port v0x55e3692abd60, 733;
v0x55e3692abd60_734 .array/port v0x55e3692abd60, 734;
E_0x55e369271960/183 .event anyedge, v0x55e3692abd60_731, v0x55e3692abd60_732, v0x55e3692abd60_733, v0x55e3692abd60_734;
v0x55e3692abd60_735 .array/port v0x55e3692abd60, 735;
v0x55e3692abd60_736 .array/port v0x55e3692abd60, 736;
v0x55e3692abd60_737 .array/port v0x55e3692abd60, 737;
v0x55e3692abd60_738 .array/port v0x55e3692abd60, 738;
E_0x55e369271960/184 .event anyedge, v0x55e3692abd60_735, v0x55e3692abd60_736, v0x55e3692abd60_737, v0x55e3692abd60_738;
v0x55e3692abd60_739 .array/port v0x55e3692abd60, 739;
v0x55e3692abd60_740 .array/port v0x55e3692abd60, 740;
v0x55e3692abd60_741 .array/port v0x55e3692abd60, 741;
v0x55e3692abd60_742 .array/port v0x55e3692abd60, 742;
E_0x55e369271960/185 .event anyedge, v0x55e3692abd60_739, v0x55e3692abd60_740, v0x55e3692abd60_741, v0x55e3692abd60_742;
v0x55e3692abd60_743 .array/port v0x55e3692abd60, 743;
v0x55e3692abd60_744 .array/port v0x55e3692abd60, 744;
v0x55e3692abd60_745 .array/port v0x55e3692abd60, 745;
v0x55e3692abd60_746 .array/port v0x55e3692abd60, 746;
E_0x55e369271960/186 .event anyedge, v0x55e3692abd60_743, v0x55e3692abd60_744, v0x55e3692abd60_745, v0x55e3692abd60_746;
v0x55e3692abd60_747 .array/port v0x55e3692abd60, 747;
v0x55e3692abd60_748 .array/port v0x55e3692abd60, 748;
v0x55e3692abd60_749 .array/port v0x55e3692abd60, 749;
v0x55e3692abd60_750 .array/port v0x55e3692abd60, 750;
E_0x55e369271960/187 .event anyedge, v0x55e3692abd60_747, v0x55e3692abd60_748, v0x55e3692abd60_749, v0x55e3692abd60_750;
v0x55e3692abd60_751 .array/port v0x55e3692abd60, 751;
v0x55e3692abd60_752 .array/port v0x55e3692abd60, 752;
v0x55e3692abd60_753 .array/port v0x55e3692abd60, 753;
v0x55e3692abd60_754 .array/port v0x55e3692abd60, 754;
E_0x55e369271960/188 .event anyedge, v0x55e3692abd60_751, v0x55e3692abd60_752, v0x55e3692abd60_753, v0x55e3692abd60_754;
v0x55e3692abd60_755 .array/port v0x55e3692abd60, 755;
v0x55e3692abd60_756 .array/port v0x55e3692abd60, 756;
v0x55e3692abd60_757 .array/port v0x55e3692abd60, 757;
v0x55e3692abd60_758 .array/port v0x55e3692abd60, 758;
E_0x55e369271960/189 .event anyedge, v0x55e3692abd60_755, v0x55e3692abd60_756, v0x55e3692abd60_757, v0x55e3692abd60_758;
v0x55e3692abd60_759 .array/port v0x55e3692abd60, 759;
v0x55e3692abd60_760 .array/port v0x55e3692abd60, 760;
v0x55e3692abd60_761 .array/port v0x55e3692abd60, 761;
v0x55e3692abd60_762 .array/port v0x55e3692abd60, 762;
E_0x55e369271960/190 .event anyedge, v0x55e3692abd60_759, v0x55e3692abd60_760, v0x55e3692abd60_761, v0x55e3692abd60_762;
v0x55e3692abd60_763 .array/port v0x55e3692abd60, 763;
v0x55e3692abd60_764 .array/port v0x55e3692abd60, 764;
v0x55e3692abd60_765 .array/port v0x55e3692abd60, 765;
v0x55e3692abd60_766 .array/port v0x55e3692abd60, 766;
E_0x55e369271960/191 .event anyedge, v0x55e3692abd60_763, v0x55e3692abd60_764, v0x55e3692abd60_765, v0x55e3692abd60_766;
v0x55e3692abd60_767 .array/port v0x55e3692abd60, 767;
v0x55e3692abd60_768 .array/port v0x55e3692abd60, 768;
v0x55e3692abd60_769 .array/port v0x55e3692abd60, 769;
v0x55e3692abd60_770 .array/port v0x55e3692abd60, 770;
E_0x55e369271960/192 .event anyedge, v0x55e3692abd60_767, v0x55e3692abd60_768, v0x55e3692abd60_769, v0x55e3692abd60_770;
v0x55e3692abd60_771 .array/port v0x55e3692abd60, 771;
v0x55e3692abd60_772 .array/port v0x55e3692abd60, 772;
v0x55e3692abd60_773 .array/port v0x55e3692abd60, 773;
v0x55e3692abd60_774 .array/port v0x55e3692abd60, 774;
E_0x55e369271960/193 .event anyedge, v0x55e3692abd60_771, v0x55e3692abd60_772, v0x55e3692abd60_773, v0x55e3692abd60_774;
v0x55e3692abd60_775 .array/port v0x55e3692abd60, 775;
v0x55e3692abd60_776 .array/port v0x55e3692abd60, 776;
v0x55e3692abd60_777 .array/port v0x55e3692abd60, 777;
v0x55e3692abd60_778 .array/port v0x55e3692abd60, 778;
E_0x55e369271960/194 .event anyedge, v0x55e3692abd60_775, v0x55e3692abd60_776, v0x55e3692abd60_777, v0x55e3692abd60_778;
v0x55e3692abd60_779 .array/port v0x55e3692abd60, 779;
v0x55e3692abd60_780 .array/port v0x55e3692abd60, 780;
v0x55e3692abd60_781 .array/port v0x55e3692abd60, 781;
v0x55e3692abd60_782 .array/port v0x55e3692abd60, 782;
E_0x55e369271960/195 .event anyedge, v0x55e3692abd60_779, v0x55e3692abd60_780, v0x55e3692abd60_781, v0x55e3692abd60_782;
v0x55e3692abd60_783 .array/port v0x55e3692abd60, 783;
v0x55e3692abd60_784 .array/port v0x55e3692abd60, 784;
v0x55e3692abd60_785 .array/port v0x55e3692abd60, 785;
v0x55e3692abd60_786 .array/port v0x55e3692abd60, 786;
E_0x55e369271960/196 .event anyedge, v0x55e3692abd60_783, v0x55e3692abd60_784, v0x55e3692abd60_785, v0x55e3692abd60_786;
v0x55e3692abd60_787 .array/port v0x55e3692abd60, 787;
v0x55e3692abd60_788 .array/port v0x55e3692abd60, 788;
v0x55e3692abd60_789 .array/port v0x55e3692abd60, 789;
v0x55e3692abd60_790 .array/port v0x55e3692abd60, 790;
E_0x55e369271960/197 .event anyedge, v0x55e3692abd60_787, v0x55e3692abd60_788, v0x55e3692abd60_789, v0x55e3692abd60_790;
v0x55e3692abd60_791 .array/port v0x55e3692abd60, 791;
v0x55e3692abd60_792 .array/port v0x55e3692abd60, 792;
v0x55e3692abd60_793 .array/port v0x55e3692abd60, 793;
v0x55e3692abd60_794 .array/port v0x55e3692abd60, 794;
E_0x55e369271960/198 .event anyedge, v0x55e3692abd60_791, v0x55e3692abd60_792, v0x55e3692abd60_793, v0x55e3692abd60_794;
v0x55e3692abd60_795 .array/port v0x55e3692abd60, 795;
v0x55e3692abd60_796 .array/port v0x55e3692abd60, 796;
v0x55e3692abd60_797 .array/port v0x55e3692abd60, 797;
v0x55e3692abd60_798 .array/port v0x55e3692abd60, 798;
E_0x55e369271960/199 .event anyedge, v0x55e3692abd60_795, v0x55e3692abd60_796, v0x55e3692abd60_797, v0x55e3692abd60_798;
v0x55e3692abd60_799 .array/port v0x55e3692abd60, 799;
v0x55e3692abd60_800 .array/port v0x55e3692abd60, 800;
v0x55e3692abd60_801 .array/port v0x55e3692abd60, 801;
v0x55e3692abd60_802 .array/port v0x55e3692abd60, 802;
E_0x55e369271960/200 .event anyedge, v0x55e3692abd60_799, v0x55e3692abd60_800, v0x55e3692abd60_801, v0x55e3692abd60_802;
v0x55e3692abd60_803 .array/port v0x55e3692abd60, 803;
v0x55e3692abd60_804 .array/port v0x55e3692abd60, 804;
v0x55e3692abd60_805 .array/port v0x55e3692abd60, 805;
v0x55e3692abd60_806 .array/port v0x55e3692abd60, 806;
E_0x55e369271960/201 .event anyedge, v0x55e3692abd60_803, v0x55e3692abd60_804, v0x55e3692abd60_805, v0x55e3692abd60_806;
v0x55e3692abd60_807 .array/port v0x55e3692abd60, 807;
v0x55e3692abd60_808 .array/port v0x55e3692abd60, 808;
v0x55e3692abd60_809 .array/port v0x55e3692abd60, 809;
v0x55e3692abd60_810 .array/port v0x55e3692abd60, 810;
E_0x55e369271960/202 .event anyedge, v0x55e3692abd60_807, v0x55e3692abd60_808, v0x55e3692abd60_809, v0x55e3692abd60_810;
v0x55e3692abd60_811 .array/port v0x55e3692abd60, 811;
v0x55e3692abd60_812 .array/port v0x55e3692abd60, 812;
v0x55e3692abd60_813 .array/port v0x55e3692abd60, 813;
v0x55e3692abd60_814 .array/port v0x55e3692abd60, 814;
E_0x55e369271960/203 .event anyedge, v0x55e3692abd60_811, v0x55e3692abd60_812, v0x55e3692abd60_813, v0x55e3692abd60_814;
v0x55e3692abd60_815 .array/port v0x55e3692abd60, 815;
v0x55e3692abd60_816 .array/port v0x55e3692abd60, 816;
v0x55e3692abd60_817 .array/port v0x55e3692abd60, 817;
v0x55e3692abd60_818 .array/port v0x55e3692abd60, 818;
E_0x55e369271960/204 .event anyedge, v0x55e3692abd60_815, v0x55e3692abd60_816, v0x55e3692abd60_817, v0x55e3692abd60_818;
v0x55e3692abd60_819 .array/port v0x55e3692abd60, 819;
v0x55e3692abd60_820 .array/port v0x55e3692abd60, 820;
v0x55e3692abd60_821 .array/port v0x55e3692abd60, 821;
v0x55e3692abd60_822 .array/port v0x55e3692abd60, 822;
E_0x55e369271960/205 .event anyedge, v0x55e3692abd60_819, v0x55e3692abd60_820, v0x55e3692abd60_821, v0x55e3692abd60_822;
v0x55e3692abd60_823 .array/port v0x55e3692abd60, 823;
v0x55e3692abd60_824 .array/port v0x55e3692abd60, 824;
v0x55e3692abd60_825 .array/port v0x55e3692abd60, 825;
v0x55e3692abd60_826 .array/port v0x55e3692abd60, 826;
E_0x55e369271960/206 .event anyedge, v0x55e3692abd60_823, v0x55e3692abd60_824, v0x55e3692abd60_825, v0x55e3692abd60_826;
v0x55e3692abd60_827 .array/port v0x55e3692abd60, 827;
v0x55e3692abd60_828 .array/port v0x55e3692abd60, 828;
v0x55e3692abd60_829 .array/port v0x55e3692abd60, 829;
v0x55e3692abd60_830 .array/port v0x55e3692abd60, 830;
E_0x55e369271960/207 .event anyedge, v0x55e3692abd60_827, v0x55e3692abd60_828, v0x55e3692abd60_829, v0x55e3692abd60_830;
v0x55e3692abd60_831 .array/port v0x55e3692abd60, 831;
v0x55e3692abd60_832 .array/port v0x55e3692abd60, 832;
v0x55e3692abd60_833 .array/port v0x55e3692abd60, 833;
v0x55e3692abd60_834 .array/port v0x55e3692abd60, 834;
E_0x55e369271960/208 .event anyedge, v0x55e3692abd60_831, v0x55e3692abd60_832, v0x55e3692abd60_833, v0x55e3692abd60_834;
v0x55e3692abd60_835 .array/port v0x55e3692abd60, 835;
v0x55e3692abd60_836 .array/port v0x55e3692abd60, 836;
v0x55e3692abd60_837 .array/port v0x55e3692abd60, 837;
v0x55e3692abd60_838 .array/port v0x55e3692abd60, 838;
E_0x55e369271960/209 .event anyedge, v0x55e3692abd60_835, v0x55e3692abd60_836, v0x55e3692abd60_837, v0x55e3692abd60_838;
v0x55e3692abd60_839 .array/port v0x55e3692abd60, 839;
v0x55e3692abd60_840 .array/port v0x55e3692abd60, 840;
v0x55e3692abd60_841 .array/port v0x55e3692abd60, 841;
v0x55e3692abd60_842 .array/port v0x55e3692abd60, 842;
E_0x55e369271960/210 .event anyedge, v0x55e3692abd60_839, v0x55e3692abd60_840, v0x55e3692abd60_841, v0x55e3692abd60_842;
v0x55e3692abd60_843 .array/port v0x55e3692abd60, 843;
v0x55e3692abd60_844 .array/port v0x55e3692abd60, 844;
v0x55e3692abd60_845 .array/port v0x55e3692abd60, 845;
v0x55e3692abd60_846 .array/port v0x55e3692abd60, 846;
E_0x55e369271960/211 .event anyedge, v0x55e3692abd60_843, v0x55e3692abd60_844, v0x55e3692abd60_845, v0x55e3692abd60_846;
v0x55e3692abd60_847 .array/port v0x55e3692abd60, 847;
v0x55e3692abd60_848 .array/port v0x55e3692abd60, 848;
v0x55e3692abd60_849 .array/port v0x55e3692abd60, 849;
v0x55e3692abd60_850 .array/port v0x55e3692abd60, 850;
E_0x55e369271960/212 .event anyedge, v0x55e3692abd60_847, v0x55e3692abd60_848, v0x55e3692abd60_849, v0x55e3692abd60_850;
v0x55e3692abd60_851 .array/port v0x55e3692abd60, 851;
v0x55e3692abd60_852 .array/port v0x55e3692abd60, 852;
v0x55e3692abd60_853 .array/port v0x55e3692abd60, 853;
v0x55e3692abd60_854 .array/port v0x55e3692abd60, 854;
E_0x55e369271960/213 .event anyedge, v0x55e3692abd60_851, v0x55e3692abd60_852, v0x55e3692abd60_853, v0x55e3692abd60_854;
v0x55e3692abd60_855 .array/port v0x55e3692abd60, 855;
v0x55e3692abd60_856 .array/port v0x55e3692abd60, 856;
v0x55e3692abd60_857 .array/port v0x55e3692abd60, 857;
v0x55e3692abd60_858 .array/port v0x55e3692abd60, 858;
E_0x55e369271960/214 .event anyedge, v0x55e3692abd60_855, v0x55e3692abd60_856, v0x55e3692abd60_857, v0x55e3692abd60_858;
v0x55e3692abd60_859 .array/port v0x55e3692abd60, 859;
v0x55e3692abd60_860 .array/port v0x55e3692abd60, 860;
v0x55e3692abd60_861 .array/port v0x55e3692abd60, 861;
v0x55e3692abd60_862 .array/port v0x55e3692abd60, 862;
E_0x55e369271960/215 .event anyedge, v0x55e3692abd60_859, v0x55e3692abd60_860, v0x55e3692abd60_861, v0x55e3692abd60_862;
v0x55e3692abd60_863 .array/port v0x55e3692abd60, 863;
v0x55e3692abd60_864 .array/port v0x55e3692abd60, 864;
v0x55e3692abd60_865 .array/port v0x55e3692abd60, 865;
v0x55e3692abd60_866 .array/port v0x55e3692abd60, 866;
E_0x55e369271960/216 .event anyedge, v0x55e3692abd60_863, v0x55e3692abd60_864, v0x55e3692abd60_865, v0x55e3692abd60_866;
v0x55e3692abd60_867 .array/port v0x55e3692abd60, 867;
v0x55e3692abd60_868 .array/port v0x55e3692abd60, 868;
v0x55e3692abd60_869 .array/port v0x55e3692abd60, 869;
v0x55e3692abd60_870 .array/port v0x55e3692abd60, 870;
E_0x55e369271960/217 .event anyedge, v0x55e3692abd60_867, v0x55e3692abd60_868, v0x55e3692abd60_869, v0x55e3692abd60_870;
v0x55e3692abd60_871 .array/port v0x55e3692abd60, 871;
v0x55e3692abd60_872 .array/port v0x55e3692abd60, 872;
v0x55e3692abd60_873 .array/port v0x55e3692abd60, 873;
v0x55e3692abd60_874 .array/port v0x55e3692abd60, 874;
E_0x55e369271960/218 .event anyedge, v0x55e3692abd60_871, v0x55e3692abd60_872, v0x55e3692abd60_873, v0x55e3692abd60_874;
v0x55e3692abd60_875 .array/port v0x55e3692abd60, 875;
v0x55e3692abd60_876 .array/port v0x55e3692abd60, 876;
v0x55e3692abd60_877 .array/port v0x55e3692abd60, 877;
v0x55e3692abd60_878 .array/port v0x55e3692abd60, 878;
E_0x55e369271960/219 .event anyedge, v0x55e3692abd60_875, v0x55e3692abd60_876, v0x55e3692abd60_877, v0x55e3692abd60_878;
v0x55e3692abd60_879 .array/port v0x55e3692abd60, 879;
v0x55e3692abd60_880 .array/port v0x55e3692abd60, 880;
v0x55e3692abd60_881 .array/port v0x55e3692abd60, 881;
v0x55e3692abd60_882 .array/port v0x55e3692abd60, 882;
E_0x55e369271960/220 .event anyedge, v0x55e3692abd60_879, v0x55e3692abd60_880, v0x55e3692abd60_881, v0x55e3692abd60_882;
v0x55e3692abd60_883 .array/port v0x55e3692abd60, 883;
v0x55e3692abd60_884 .array/port v0x55e3692abd60, 884;
v0x55e3692abd60_885 .array/port v0x55e3692abd60, 885;
v0x55e3692abd60_886 .array/port v0x55e3692abd60, 886;
E_0x55e369271960/221 .event anyedge, v0x55e3692abd60_883, v0x55e3692abd60_884, v0x55e3692abd60_885, v0x55e3692abd60_886;
v0x55e3692abd60_887 .array/port v0x55e3692abd60, 887;
v0x55e3692abd60_888 .array/port v0x55e3692abd60, 888;
v0x55e3692abd60_889 .array/port v0x55e3692abd60, 889;
v0x55e3692abd60_890 .array/port v0x55e3692abd60, 890;
E_0x55e369271960/222 .event anyedge, v0x55e3692abd60_887, v0x55e3692abd60_888, v0x55e3692abd60_889, v0x55e3692abd60_890;
v0x55e3692abd60_891 .array/port v0x55e3692abd60, 891;
v0x55e3692abd60_892 .array/port v0x55e3692abd60, 892;
v0x55e3692abd60_893 .array/port v0x55e3692abd60, 893;
v0x55e3692abd60_894 .array/port v0x55e3692abd60, 894;
E_0x55e369271960/223 .event anyedge, v0x55e3692abd60_891, v0x55e3692abd60_892, v0x55e3692abd60_893, v0x55e3692abd60_894;
v0x55e3692abd60_895 .array/port v0x55e3692abd60, 895;
v0x55e3692abd60_896 .array/port v0x55e3692abd60, 896;
v0x55e3692abd60_897 .array/port v0x55e3692abd60, 897;
v0x55e3692abd60_898 .array/port v0x55e3692abd60, 898;
E_0x55e369271960/224 .event anyedge, v0x55e3692abd60_895, v0x55e3692abd60_896, v0x55e3692abd60_897, v0x55e3692abd60_898;
v0x55e3692abd60_899 .array/port v0x55e3692abd60, 899;
v0x55e3692abd60_900 .array/port v0x55e3692abd60, 900;
v0x55e3692abd60_901 .array/port v0x55e3692abd60, 901;
v0x55e3692abd60_902 .array/port v0x55e3692abd60, 902;
E_0x55e369271960/225 .event anyedge, v0x55e3692abd60_899, v0x55e3692abd60_900, v0x55e3692abd60_901, v0x55e3692abd60_902;
v0x55e3692abd60_903 .array/port v0x55e3692abd60, 903;
v0x55e3692abd60_904 .array/port v0x55e3692abd60, 904;
v0x55e3692abd60_905 .array/port v0x55e3692abd60, 905;
v0x55e3692abd60_906 .array/port v0x55e3692abd60, 906;
E_0x55e369271960/226 .event anyedge, v0x55e3692abd60_903, v0x55e3692abd60_904, v0x55e3692abd60_905, v0x55e3692abd60_906;
v0x55e3692abd60_907 .array/port v0x55e3692abd60, 907;
v0x55e3692abd60_908 .array/port v0x55e3692abd60, 908;
v0x55e3692abd60_909 .array/port v0x55e3692abd60, 909;
v0x55e3692abd60_910 .array/port v0x55e3692abd60, 910;
E_0x55e369271960/227 .event anyedge, v0x55e3692abd60_907, v0x55e3692abd60_908, v0x55e3692abd60_909, v0x55e3692abd60_910;
v0x55e3692abd60_911 .array/port v0x55e3692abd60, 911;
v0x55e3692abd60_912 .array/port v0x55e3692abd60, 912;
v0x55e3692abd60_913 .array/port v0x55e3692abd60, 913;
v0x55e3692abd60_914 .array/port v0x55e3692abd60, 914;
E_0x55e369271960/228 .event anyedge, v0x55e3692abd60_911, v0x55e3692abd60_912, v0x55e3692abd60_913, v0x55e3692abd60_914;
v0x55e3692abd60_915 .array/port v0x55e3692abd60, 915;
v0x55e3692abd60_916 .array/port v0x55e3692abd60, 916;
v0x55e3692abd60_917 .array/port v0x55e3692abd60, 917;
v0x55e3692abd60_918 .array/port v0x55e3692abd60, 918;
E_0x55e369271960/229 .event anyedge, v0x55e3692abd60_915, v0x55e3692abd60_916, v0x55e3692abd60_917, v0x55e3692abd60_918;
v0x55e3692abd60_919 .array/port v0x55e3692abd60, 919;
v0x55e3692abd60_920 .array/port v0x55e3692abd60, 920;
v0x55e3692abd60_921 .array/port v0x55e3692abd60, 921;
v0x55e3692abd60_922 .array/port v0x55e3692abd60, 922;
E_0x55e369271960/230 .event anyedge, v0x55e3692abd60_919, v0x55e3692abd60_920, v0x55e3692abd60_921, v0x55e3692abd60_922;
v0x55e3692abd60_923 .array/port v0x55e3692abd60, 923;
v0x55e3692abd60_924 .array/port v0x55e3692abd60, 924;
v0x55e3692abd60_925 .array/port v0x55e3692abd60, 925;
v0x55e3692abd60_926 .array/port v0x55e3692abd60, 926;
E_0x55e369271960/231 .event anyedge, v0x55e3692abd60_923, v0x55e3692abd60_924, v0x55e3692abd60_925, v0x55e3692abd60_926;
v0x55e3692abd60_927 .array/port v0x55e3692abd60, 927;
v0x55e3692abd60_928 .array/port v0x55e3692abd60, 928;
v0x55e3692abd60_929 .array/port v0x55e3692abd60, 929;
v0x55e3692abd60_930 .array/port v0x55e3692abd60, 930;
E_0x55e369271960/232 .event anyedge, v0x55e3692abd60_927, v0x55e3692abd60_928, v0x55e3692abd60_929, v0x55e3692abd60_930;
v0x55e3692abd60_931 .array/port v0x55e3692abd60, 931;
v0x55e3692abd60_932 .array/port v0x55e3692abd60, 932;
v0x55e3692abd60_933 .array/port v0x55e3692abd60, 933;
v0x55e3692abd60_934 .array/port v0x55e3692abd60, 934;
E_0x55e369271960/233 .event anyedge, v0x55e3692abd60_931, v0x55e3692abd60_932, v0x55e3692abd60_933, v0x55e3692abd60_934;
v0x55e3692abd60_935 .array/port v0x55e3692abd60, 935;
v0x55e3692abd60_936 .array/port v0x55e3692abd60, 936;
v0x55e3692abd60_937 .array/port v0x55e3692abd60, 937;
v0x55e3692abd60_938 .array/port v0x55e3692abd60, 938;
E_0x55e369271960/234 .event anyedge, v0x55e3692abd60_935, v0x55e3692abd60_936, v0x55e3692abd60_937, v0x55e3692abd60_938;
v0x55e3692abd60_939 .array/port v0x55e3692abd60, 939;
v0x55e3692abd60_940 .array/port v0x55e3692abd60, 940;
v0x55e3692abd60_941 .array/port v0x55e3692abd60, 941;
v0x55e3692abd60_942 .array/port v0x55e3692abd60, 942;
E_0x55e369271960/235 .event anyedge, v0x55e3692abd60_939, v0x55e3692abd60_940, v0x55e3692abd60_941, v0x55e3692abd60_942;
v0x55e3692abd60_943 .array/port v0x55e3692abd60, 943;
v0x55e3692abd60_944 .array/port v0x55e3692abd60, 944;
v0x55e3692abd60_945 .array/port v0x55e3692abd60, 945;
v0x55e3692abd60_946 .array/port v0x55e3692abd60, 946;
E_0x55e369271960/236 .event anyedge, v0x55e3692abd60_943, v0x55e3692abd60_944, v0x55e3692abd60_945, v0x55e3692abd60_946;
v0x55e3692abd60_947 .array/port v0x55e3692abd60, 947;
v0x55e3692abd60_948 .array/port v0x55e3692abd60, 948;
v0x55e3692abd60_949 .array/port v0x55e3692abd60, 949;
v0x55e3692abd60_950 .array/port v0x55e3692abd60, 950;
E_0x55e369271960/237 .event anyedge, v0x55e3692abd60_947, v0x55e3692abd60_948, v0x55e3692abd60_949, v0x55e3692abd60_950;
v0x55e3692abd60_951 .array/port v0x55e3692abd60, 951;
v0x55e3692abd60_952 .array/port v0x55e3692abd60, 952;
v0x55e3692abd60_953 .array/port v0x55e3692abd60, 953;
v0x55e3692abd60_954 .array/port v0x55e3692abd60, 954;
E_0x55e369271960/238 .event anyedge, v0x55e3692abd60_951, v0x55e3692abd60_952, v0x55e3692abd60_953, v0x55e3692abd60_954;
v0x55e3692abd60_955 .array/port v0x55e3692abd60, 955;
v0x55e3692abd60_956 .array/port v0x55e3692abd60, 956;
v0x55e3692abd60_957 .array/port v0x55e3692abd60, 957;
v0x55e3692abd60_958 .array/port v0x55e3692abd60, 958;
E_0x55e369271960/239 .event anyedge, v0x55e3692abd60_955, v0x55e3692abd60_956, v0x55e3692abd60_957, v0x55e3692abd60_958;
v0x55e3692abd60_959 .array/port v0x55e3692abd60, 959;
v0x55e3692abd60_960 .array/port v0x55e3692abd60, 960;
v0x55e3692abd60_961 .array/port v0x55e3692abd60, 961;
v0x55e3692abd60_962 .array/port v0x55e3692abd60, 962;
E_0x55e369271960/240 .event anyedge, v0x55e3692abd60_959, v0x55e3692abd60_960, v0x55e3692abd60_961, v0x55e3692abd60_962;
v0x55e3692abd60_963 .array/port v0x55e3692abd60, 963;
v0x55e3692abd60_964 .array/port v0x55e3692abd60, 964;
v0x55e3692abd60_965 .array/port v0x55e3692abd60, 965;
v0x55e3692abd60_966 .array/port v0x55e3692abd60, 966;
E_0x55e369271960/241 .event anyedge, v0x55e3692abd60_963, v0x55e3692abd60_964, v0x55e3692abd60_965, v0x55e3692abd60_966;
v0x55e3692abd60_967 .array/port v0x55e3692abd60, 967;
v0x55e3692abd60_968 .array/port v0x55e3692abd60, 968;
v0x55e3692abd60_969 .array/port v0x55e3692abd60, 969;
v0x55e3692abd60_970 .array/port v0x55e3692abd60, 970;
E_0x55e369271960/242 .event anyedge, v0x55e3692abd60_967, v0x55e3692abd60_968, v0x55e3692abd60_969, v0x55e3692abd60_970;
v0x55e3692abd60_971 .array/port v0x55e3692abd60, 971;
v0x55e3692abd60_972 .array/port v0x55e3692abd60, 972;
v0x55e3692abd60_973 .array/port v0x55e3692abd60, 973;
v0x55e3692abd60_974 .array/port v0x55e3692abd60, 974;
E_0x55e369271960/243 .event anyedge, v0x55e3692abd60_971, v0x55e3692abd60_972, v0x55e3692abd60_973, v0x55e3692abd60_974;
v0x55e3692abd60_975 .array/port v0x55e3692abd60, 975;
v0x55e3692abd60_976 .array/port v0x55e3692abd60, 976;
v0x55e3692abd60_977 .array/port v0x55e3692abd60, 977;
v0x55e3692abd60_978 .array/port v0x55e3692abd60, 978;
E_0x55e369271960/244 .event anyedge, v0x55e3692abd60_975, v0x55e3692abd60_976, v0x55e3692abd60_977, v0x55e3692abd60_978;
v0x55e3692abd60_979 .array/port v0x55e3692abd60, 979;
v0x55e3692abd60_980 .array/port v0x55e3692abd60, 980;
v0x55e3692abd60_981 .array/port v0x55e3692abd60, 981;
v0x55e3692abd60_982 .array/port v0x55e3692abd60, 982;
E_0x55e369271960/245 .event anyedge, v0x55e3692abd60_979, v0x55e3692abd60_980, v0x55e3692abd60_981, v0x55e3692abd60_982;
v0x55e3692abd60_983 .array/port v0x55e3692abd60, 983;
v0x55e3692abd60_984 .array/port v0x55e3692abd60, 984;
v0x55e3692abd60_985 .array/port v0x55e3692abd60, 985;
v0x55e3692abd60_986 .array/port v0x55e3692abd60, 986;
E_0x55e369271960/246 .event anyedge, v0x55e3692abd60_983, v0x55e3692abd60_984, v0x55e3692abd60_985, v0x55e3692abd60_986;
v0x55e3692abd60_987 .array/port v0x55e3692abd60, 987;
v0x55e3692abd60_988 .array/port v0x55e3692abd60, 988;
v0x55e3692abd60_989 .array/port v0x55e3692abd60, 989;
v0x55e3692abd60_990 .array/port v0x55e3692abd60, 990;
E_0x55e369271960/247 .event anyedge, v0x55e3692abd60_987, v0x55e3692abd60_988, v0x55e3692abd60_989, v0x55e3692abd60_990;
v0x55e3692abd60_991 .array/port v0x55e3692abd60, 991;
v0x55e3692abd60_992 .array/port v0x55e3692abd60, 992;
v0x55e3692abd60_993 .array/port v0x55e3692abd60, 993;
v0x55e3692abd60_994 .array/port v0x55e3692abd60, 994;
E_0x55e369271960/248 .event anyedge, v0x55e3692abd60_991, v0x55e3692abd60_992, v0x55e3692abd60_993, v0x55e3692abd60_994;
v0x55e3692abd60_995 .array/port v0x55e3692abd60, 995;
v0x55e3692abd60_996 .array/port v0x55e3692abd60, 996;
v0x55e3692abd60_997 .array/port v0x55e3692abd60, 997;
v0x55e3692abd60_998 .array/port v0x55e3692abd60, 998;
E_0x55e369271960/249 .event anyedge, v0x55e3692abd60_995, v0x55e3692abd60_996, v0x55e3692abd60_997, v0x55e3692abd60_998;
v0x55e3692abd60_999 .array/port v0x55e3692abd60, 999;
v0x55e3692abd60_1000 .array/port v0x55e3692abd60, 1000;
v0x55e3692abd60_1001 .array/port v0x55e3692abd60, 1001;
v0x55e3692abd60_1002 .array/port v0x55e3692abd60, 1002;
E_0x55e369271960/250 .event anyedge, v0x55e3692abd60_999, v0x55e3692abd60_1000, v0x55e3692abd60_1001, v0x55e3692abd60_1002;
v0x55e3692abd60_1003 .array/port v0x55e3692abd60, 1003;
v0x55e3692abd60_1004 .array/port v0x55e3692abd60, 1004;
v0x55e3692abd60_1005 .array/port v0x55e3692abd60, 1005;
v0x55e3692abd60_1006 .array/port v0x55e3692abd60, 1006;
E_0x55e369271960/251 .event anyedge, v0x55e3692abd60_1003, v0x55e3692abd60_1004, v0x55e3692abd60_1005, v0x55e3692abd60_1006;
v0x55e3692abd60_1007 .array/port v0x55e3692abd60, 1007;
v0x55e3692abd60_1008 .array/port v0x55e3692abd60, 1008;
v0x55e3692abd60_1009 .array/port v0x55e3692abd60, 1009;
v0x55e3692abd60_1010 .array/port v0x55e3692abd60, 1010;
E_0x55e369271960/252 .event anyedge, v0x55e3692abd60_1007, v0x55e3692abd60_1008, v0x55e3692abd60_1009, v0x55e3692abd60_1010;
v0x55e3692abd60_1011 .array/port v0x55e3692abd60, 1011;
v0x55e3692abd60_1012 .array/port v0x55e3692abd60, 1012;
v0x55e3692abd60_1013 .array/port v0x55e3692abd60, 1013;
v0x55e3692abd60_1014 .array/port v0x55e3692abd60, 1014;
E_0x55e369271960/253 .event anyedge, v0x55e3692abd60_1011, v0x55e3692abd60_1012, v0x55e3692abd60_1013, v0x55e3692abd60_1014;
v0x55e3692abd60_1015 .array/port v0x55e3692abd60, 1015;
v0x55e3692abd60_1016 .array/port v0x55e3692abd60, 1016;
v0x55e3692abd60_1017 .array/port v0x55e3692abd60, 1017;
v0x55e3692abd60_1018 .array/port v0x55e3692abd60, 1018;
E_0x55e369271960/254 .event anyedge, v0x55e3692abd60_1015, v0x55e3692abd60_1016, v0x55e3692abd60_1017, v0x55e3692abd60_1018;
v0x55e3692abd60_1019 .array/port v0x55e3692abd60, 1019;
v0x55e3692abd60_1020 .array/port v0x55e3692abd60, 1020;
v0x55e3692abd60_1021 .array/port v0x55e3692abd60, 1021;
v0x55e3692abd60_1022 .array/port v0x55e3692abd60, 1022;
E_0x55e369271960/255 .event anyedge, v0x55e3692abd60_1019, v0x55e3692abd60_1020, v0x55e3692abd60_1021, v0x55e3692abd60_1022;
v0x55e3692abd60_1023 .array/port v0x55e3692abd60, 1023;
E_0x55e369271960/256 .event anyedge, v0x55e3692abd60_1023;
E_0x55e369271960 .event/or E_0x55e369271960/0, E_0x55e369271960/1, E_0x55e369271960/2, E_0x55e369271960/3, E_0x55e369271960/4, E_0x55e369271960/5, E_0x55e369271960/6, E_0x55e369271960/7, E_0x55e369271960/8, E_0x55e369271960/9, E_0x55e369271960/10, E_0x55e369271960/11, E_0x55e369271960/12, E_0x55e369271960/13, E_0x55e369271960/14, E_0x55e369271960/15, E_0x55e369271960/16, E_0x55e369271960/17, E_0x55e369271960/18, E_0x55e369271960/19, E_0x55e369271960/20, E_0x55e369271960/21, E_0x55e369271960/22, E_0x55e369271960/23, E_0x55e369271960/24, E_0x55e369271960/25, E_0x55e369271960/26, E_0x55e369271960/27, E_0x55e369271960/28, E_0x55e369271960/29, E_0x55e369271960/30, E_0x55e369271960/31, E_0x55e369271960/32, E_0x55e369271960/33, E_0x55e369271960/34, E_0x55e369271960/35, E_0x55e369271960/36, E_0x55e369271960/37, E_0x55e369271960/38, E_0x55e369271960/39, E_0x55e369271960/40, E_0x55e369271960/41, E_0x55e369271960/42, E_0x55e369271960/43, E_0x55e369271960/44, E_0x55e369271960/45, E_0x55e369271960/46, E_0x55e369271960/47, E_0x55e369271960/48, E_0x55e369271960/49, E_0x55e369271960/50, E_0x55e369271960/51, E_0x55e369271960/52, E_0x55e369271960/53, E_0x55e369271960/54, E_0x55e369271960/55, E_0x55e369271960/56, E_0x55e369271960/57, E_0x55e369271960/58, E_0x55e369271960/59, E_0x55e369271960/60, E_0x55e369271960/61, E_0x55e369271960/62, E_0x55e369271960/63, E_0x55e369271960/64, E_0x55e369271960/65, E_0x55e369271960/66, E_0x55e369271960/67, E_0x55e369271960/68, E_0x55e369271960/69, E_0x55e369271960/70, E_0x55e369271960/71, E_0x55e369271960/72, E_0x55e369271960/73, E_0x55e369271960/74, E_0x55e369271960/75, E_0x55e369271960/76, E_0x55e369271960/77, E_0x55e369271960/78, E_0x55e369271960/79, E_0x55e369271960/80, E_0x55e369271960/81, E_0x55e369271960/82, E_0x55e369271960/83, E_0x55e369271960/84, E_0x55e369271960/85, E_0x55e369271960/86, E_0x55e369271960/87, E_0x55e369271960/88, E_0x55e369271960/89, E_0x55e369271960/90, E_0x55e369271960/91, E_0x55e369271960/92, E_0x55e369271960/93, E_0x55e369271960/94, E_0x55e369271960/95, E_0x55e369271960/96, E_0x55e369271960/97, E_0x55e369271960/98, E_0x55e369271960/99, E_0x55e369271960/100, E_0x55e369271960/101, E_0x55e369271960/102, E_0x55e369271960/103, E_0x55e369271960/104, E_0x55e369271960/105, E_0x55e369271960/106, E_0x55e369271960/107, E_0x55e369271960/108, E_0x55e369271960/109, E_0x55e369271960/110, E_0x55e369271960/111, E_0x55e369271960/112, E_0x55e369271960/113, E_0x55e369271960/114, E_0x55e369271960/115, E_0x55e369271960/116, E_0x55e369271960/117, E_0x55e369271960/118, E_0x55e369271960/119, E_0x55e369271960/120, E_0x55e369271960/121, E_0x55e369271960/122, E_0x55e369271960/123, E_0x55e369271960/124, E_0x55e369271960/125, E_0x55e369271960/126, E_0x55e369271960/127, E_0x55e369271960/128, E_0x55e369271960/129, E_0x55e369271960/130, E_0x55e369271960/131, E_0x55e369271960/132, E_0x55e369271960/133, E_0x55e369271960/134, E_0x55e369271960/135, E_0x55e369271960/136, E_0x55e369271960/137, E_0x55e369271960/138, E_0x55e369271960/139, E_0x55e369271960/140, E_0x55e369271960/141, E_0x55e369271960/142, E_0x55e369271960/143, E_0x55e369271960/144, E_0x55e369271960/145, E_0x55e369271960/146, E_0x55e369271960/147, E_0x55e369271960/148, E_0x55e369271960/149, E_0x55e369271960/150, E_0x55e369271960/151, E_0x55e369271960/152, E_0x55e369271960/153, E_0x55e369271960/154, E_0x55e369271960/155, E_0x55e369271960/156, E_0x55e369271960/157, E_0x55e369271960/158, E_0x55e369271960/159, E_0x55e369271960/160, E_0x55e369271960/161, E_0x55e369271960/162, E_0x55e369271960/163, E_0x55e369271960/164, E_0x55e369271960/165, E_0x55e369271960/166, E_0x55e369271960/167, E_0x55e369271960/168, E_0x55e369271960/169, E_0x55e369271960/170, E_0x55e369271960/171, E_0x55e369271960/172, E_0x55e369271960/173, E_0x55e369271960/174, E_0x55e369271960/175, E_0x55e369271960/176, E_0x55e369271960/177, E_0x55e369271960/178, E_0x55e369271960/179, E_0x55e369271960/180, E_0x55e369271960/181, E_0x55e369271960/182, E_0x55e369271960/183, E_0x55e369271960/184, E_0x55e369271960/185, E_0x55e369271960/186, E_0x55e369271960/187, E_0x55e369271960/188, E_0x55e369271960/189, E_0x55e369271960/190, E_0x55e369271960/191, E_0x55e369271960/192, E_0x55e369271960/193, E_0x55e369271960/194, E_0x55e369271960/195, E_0x55e369271960/196, E_0x55e369271960/197, E_0x55e369271960/198, E_0x55e369271960/199, E_0x55e369271960/200, E_0x55e369271960/201, E_0x55e369271960/202, E_0x55e369271960/203, E_0x55e369271960/204, E_0x55e369271960/205, E_0x55e369271960/206, E_0x55e369271960/207, E_0x55e369271960/208, E_0x55e369271960/209, E_0x55e369271960/210, E_0x55e369271960/211, E_0x55e369271960/212, E_0x55e369271960/213, E_0x55e369271960/214, E_0x55e369271960/215, E_0x55e369271960/216, E_0x55e369271960/217, E_0x55e369271960/218, E_0x55e369271960/219, E_0x55e369271960/220, E_0x55e369271960/221, E_0x55e369271960/222, E_0x55e369271960/223, E_0x55e369271960/224, E_0x55e369271960/225, E_0x55e369271960/226, E_0x55e369271960/227, E_0x55e369271960/228, E_0x55e369271960/229, E_0x55e369271960/230, E_0x55e369271960/231, E_0x55e369271960/232, E_0x55e369271960/233, E_0x55e369271960/234, E_0x55e369271960/235, E_0x55e369271960/236, E_0x55e369271960/237, E_0x55e369271960/238, E_0x55e369271960/239, E_0x55e369271960/240, E_0x55e369271960/241, E_0x55e369271960/242, E_0x55e369271960/243, E_0x55e369271960/244, E_0x55e369271960/245, E_0x55e369271960/246, E_0x55e369271960/247, E_0x55e369271960/248, E_0x55e369271960/249, E_0x55e369271960/250, E_0x55e369271960/251, E_0x55e369271960/252, E_0x55e369271960/253, E_0x55e369271960/254, E_0x55e369271960/255, E_0x55e369271960/256;
S_0x55e369234620 .scope module, "pc" "pc" 2 10;
 .timescale 0 0;
    .port_info 0 /INPUT 1 "clk";
    .port_info 1 /INPUT 1 "reset";
    .port_info 2 /INPUT 1 "branch";
    .port_info 3 /INPUT 1 "zero";
    .port_info 4 /INPUT 32 "pcbranch";
    .port_info 5 /INPUT 32 "pcupdate";
    .port_info 6 /OUTPUT 32 "pcupdated";
o0x7fb43c355258 .functor BUFZ 1, C4<z>; HiZ drive
o0x7fb43c355318 .functor BUFZ 1, C4<z>; HiZ drive
L_0x55e3692b6d90 .functor AND 1, o0x7fb43c355258, o0x7fb43c355318, C4<1>, C4<1>;
v0x55e3692b65c0_0 .net "branch", 0 0, o0x7fb43c355258;  0 drivers
o0x7fb43c355288 .functor BUFZ 1, C4<z>; HiZ drive
v0x55e3692b66a0_0 .net "clk", 0 0, o0x7fb43c355288;  0 drivers
o0x7fb43c355108 .functor BUFZ 32, C4<zzzzzzzzzzzzzzzzzzzzzzzzzzzzzzzz>; HiZ drive
v0x55e3692b6760_0 .net "pcbranch", 31 0, o0x7fb43c355108;  0 drivers
o0x7fb43c3550d8 .functor BUFZ 32, C4<zzzzzzzzzzzzzzzzzzzzzzzzzzzzzzzz>; HiZ drive
v0x55e3692b6800_0 .net "pcupdate", 31 0, o0x7fb43c3550d8;  0 drivers
v0x55e3692b68d0_0 .var "pcupdated", 31 0;
o0x7fb43c3552e8 .functor BUFZ 1, C4<z>; HiZ drive
v0x55e3692b69e0_0 .net "reset", 0 0, o0x7fb43c3552e8;  0 drivers
v0x55e3692b6aa0_0 .net "select", 0 0, L_0x55e3692b6d90;  1 drivers
v0x55e3692b6b40_0 .net "x", 31 0, L_0x55e3692b6e50;  1 drivers
v0x55e3692b6c10_0 .net "zero", 0 0, o0x7fb43c355318;  0 drivers
E_0x55e369258210 .event posedge, v0x55e3692b69e0_0, v0x55e3692b66a0_0;
S_0x55e3692b5f70 .scope module, "m1" "mux2" 2 24, 2 1 0, S_0x55e369234620;
 .timescale 0 0;
    .port_info 0 /INPUT 32 "in0";
    .port_info 1 /INPUT 32 "in1";
    .port_info 2 /INPUT 1 "sel";
    .port_info 3 /OUTPUT 32 "out";
v0x55e3692b61e0_0 .net "in0", 31 0, o0x7fb43c3550d8;  alias, 0 drivers
v0x55e3692b62e0_0 .net "in1", 31 0, o0x7fb43c355108;  alias, 0 drivers
v0x55e3692b63c0_0 .net "out", 31 0, L_0x55e3692b6e50;  alias, 1 drivers
v0x55e3692b6480_0 .net "sel", 0 0, L_0x55e3692b6d90;  alias, 1 drivers
L_0x55e3692b6e50 .functor MUXZ 32, o0x7fb43c3550d8, o0x7fb43c355108, L_0x55e3692b6d90, C4<>;
    .scope S_0x55e369234490;
T_0 ;
    %pushi/vec4 537001985, 0, 32;
    %ix/load 4, 0, 0;
    %flag_set/imm 4, 0;
    %store/vec4a v0x55e3692abd60, 4, 0;
    %pushi/vec4 537067522, 0, 32;
    %ix/load 4, 1, 0;
    %flag_set/imm 4, 0;
    %store/vec4a v0x55e3692abd60, 4, 0;
    %pushi/vec4 6428704, 0, 32;
    %ix/load 4, 2, 0;
    %flag_set/imm 4, 0;
    %store/vec4a v0x55e3692abd60, 4, 0;
    %pushi/vec4 2885877764, 0, 32;
    %ix/load 4, 3, 0;
    %flag_set/imm 4, 0;
    %store/vec4a v0x55e3692abd60, 4, 0;
    %pushi/vec4 2348941316, 0, 32;
    %ix/load 4, 4, 0;
    %flag_set/imm 4, 0;
    %store/vec4a v0x55e3692abd60, 4, 0;
    %pushi/vec4 0, 0, 32;
    %ix/load 4, 5, 0;
    %flag_set/imm 4, 0;
    %store/vec4a v0x55e3692abd60, 4, 0;
    %pushi/vec4 537133061, 0, 32;
    %ix/load 4, 6, 0;
    %flag_set/imm 4, 0;
    %store/vec4a v0x55e3692abd60, 4, 0;
    %pushi/vec4 537198598, 0, 32;
    %ix/load 4, 7, 0;
    %flag_set/imm 4, 0;
    %store/vec4a v0x55e3692abd60, 4, 0;
    %pushi/vec4 10758178, 0, 32;
    %ix/load 4, 8, 0;
    %flag_set/imm 4, 0;
    %store/vec4a v0x55e3692abd60, 4, 0;
    %pushi/vec4 2886008840, 0, 32;
    %ix/load 4, 9, 0;
    %flag_set/imm 4, 0;
    %store/vec4a v0x55e3692abd60, 4, 0;
    %pushi/vec4 2349203464, 0, 32;
    %ix/load 4, 10, 0;
    %flag_set/imm 4, 0;
    %store/vec4a v0x55e3692abd60, 4, 0;
    %pushi/vec4 12988452, 0, 32;
    %ix/load 4, 11, 0;
    %flag_set/imm 4, 0;
    %store/vec4a v0x55e3692abd60, 4, 0;
    %pushi/vec4 12990501, 0, 32;
    %ix/load 4, 12, 0;
    %flag_set/imm 4, 0;
    %store/vec4a v0x55e3692abd60, 4, 0;
    %pushi/vec4 15155238, 0, 32;
    %ix/load 4, 13, 0;
    %flag_set/imm 4, 0;
    %store/vec4a v0x55e3692abd60, 4, 0;
    %pushi/vec4 2886205452, 0, 32;
    %ix/load 4, 14, 0;
    %flag_set/imm 4, 0;
    %store/vec4a v0x55e3692abd60, 4, 0;
    %pushi/vec4 2349400076, 0, 32;
    %ix/load 4, 15, 0;
    %flag_set/imm 4, 0;
    %store/vec4a v0x55e3692abd60, 4, 0;
    %pushi/vec4 19484711, 0, 32;
    %ix/load 4, 16, 0;
    %flag_set/imm 4, 0;
    %store/vec4a v0x55e3692abd60, 4, 0;
    %pushi/vec4 2886336528, 0, 32;
    %ix/load 4, 17, 0;
    %flag_set/imm 4, 0;
    %store/vec4a v0x55e3692abd60, 4, 0;
    %pushi/vec4 134217728, 0, 32;
    %ix/load 4, 18, 0;
    %flag_set/imm 4, 0;
    %store/vec4a v0x55e3692abd60, 4, 0;
    %end;
    .thread T_0;
    .scope S_0x55e369234490;
T_1 ;
    %wait E_0x55e369271960;
    %load/vec4 v0x55e3692b5e30_0;
    %parti/s 8, 2, 3;
    %pad/u 12;
    %ix/vec4 4;
    %load/vec4a v0x55e3692abd60, 4;
    %store/vec4 v0x55e36926f9e0_0, 0, 32;
    %jmp T_1;
    .thread T_1, $push;
    .scope S_0x55e369234620;
T_2 ;
    %wait E_0x55e369258210;
    %load/vec4 v0x55e3692b69e0_0;
    %flag_set/vec4 8;
    %jmp/0xz  T_2.0, 8;
    %pushi/vec4 0, 0, 32;
    %assign/vec4 v0x55e3692b68d0_0, 0;
    %jmp T_2.1;
T_2.0 ;
    %load/vec4 v0x55e3692b6b40_0;
    %assign/vec4 v0x55e3692b68d0_0, 0;
T_2.1 ;
    %jmp T_2;
    .thread T_2;
# The file index is used to find the file name in the following table.
:file_names 3;
    "N/A";
    "<interactive>";
    "pc.v";
