#! /usr/bin/vvp
:ivl_version "11.0 (stable)";
:ivl_delay_selection "TYPICAL";
:vpi_time_precision + 0;
:vpi_module "/usr/lib/x86_64-linux-gnu/ivl/system.vpi";
:vpi_module "/usr/lib/x86_64-linux-gnu/ivl/vhdl_sys.vpi";
:vpi_module "/usr/lib/x86_64-linux-gnu/ivl/vhdl_textio.vpi";
:vpi_module "/usr/lib/x86_64-linux-gnu/ivl/v2005_math.vpi";
:vpi_module "/usr/lib/x86_64-linux-gnu/ivl/va_math.vpi";
S_0x563279ef8870 .scope module, "Reg_memory" "Reg_memory" 2 3;
 .timescale 0 0;
    .port_info 0 /INPUT 1 "clk";
    .port_info 1 /INPUT 32 "instruction";
    .port_info 2 /INPUT 64 "write_data";
    .port_info 3 /INPUT 1 "RegWrite";
    .port_info 4 /OUTPUT 64 "Read_data1";
    .port_info 5 /OUTPUT 64 "Read_data2";
v0x563279ef8bc0_0 .net "Read_Register1", 4 0, L_0x563279f1ea30;  1 drivers
v0x563279f1dce0_0 .net "Read_Register2", 4 0, L_0x563279f1ead0;  1 drivers
v0x563279f1ddc0_0 .var "Read_data1", 63 0;
v0x563279f1de80_0 .var "Read_data2", 63 0;
o0x7fefd919f0d8 .functor BUFZ 1, C4<z>; HiZ drive
v0x563279f1df60_0 .net "RegWrite", 0 0, o0x7fefd919f0d8;  0 drivers
v0x563279f1e070_0 .net "Write_Register", 4 0, L_0x563279f1eb70;  1 drivers
o0x7fefd919f138 .functor BUFZ 1, C4<z>; HiZ drive
v0x563279f1e150_0 .net "clk", 0 0, o0x7fefd919f138;  0 drivers
v0x563279f1e210_0 .var/i "i", 31 0;
o0x7fefd919f198 .functor BUFZ 32, C4<zzzzzzzzzzzzzzzzzzzzzzzzzzzzzzzz>; HiZ drive
v0x563279f1e2f0_0 .net "instruction", 31 0, o0x7fefd919f198;  0 drivers
v0x563279f1e3d0 .array "memory", 31 0, 63 0;
o0x7fefd919f7c8 .functor BUFZ 64, C4<zzzzzzzzzzzzzzzzzzzzzzzzzzzzzzzzzzzzzzzzzzzzzzzzzzzzzzzzzzzzzzzz>; HiZ drive
v0x563279f1e890_0 .net "write_data", 63 0, o0x7fefd919f7c8;  0 drivers
E_0x563279ef29b0 .event posedge, v0x563279f1e150_0;
v0x563279f1e3d0_0 .array/port v0x563279f1e3d0, 0;
v0x563279f1e3d0_1 .array/port v0x563279f1e3d0, 1;
v0x563279f1e3d0_2 .array/port v0x563279f1e3d0, 2;
E_0x563279ef5d40/0 .event edge, v0x563279ef8bc0_0, v0x563279f1e3d0_0, v0x563279f1e3d0_1, v0x563279f1e3d0_2;
v0x563279f1e3d0_3 .array/port v0x563279f1e3d0, 3;
v0x563279f1e3d0_4 .array/port v0x563279f1e3d0, 4;
v0x563279f1e3d0_5 .array/port v0x563279f1e3d0, 5;
v0x563279f1e3d0_6 .array/port v0x563279f1e3d0, 6;
E_0x563279ef5d40/1 .event edge, v0x563279f1e3d0_3, v0x563279f1e3d0_4, v0x563279f1e3d0_5, v0x563279f1e3d0_6;
v0x563279f1e3d0_7 .array/port v0x563279f1e3d0, 7;
v0x563279f1e3d0_8 .array/port v0x563279f1e3d0, 8;
v0x563279f1e3d0_9 .array/port v0x563279f1e3d0, 9;
v0x563279f1e3d0_10 .array/port v0x563279f1e3d0, 10;
E_0x563279ef5d40/2 .event edge, v0x563279f1e3d0_7, v0x563279f1e3d0_8, v0x563279f1e3d0_9, v0x563279f1e3d0_10;
v0x563279f1e3d0_11 .array/port v0x563279f1e3d0, 11;
v0x563279f1e3d0_12 .array/port v0x563279f1e3d0, 12;
v0x563279f1e3d0_13 .array/port v0x563279f1e3d0, 13;
v0x563279f1e3d0_14 .array/port v0x563279f1e3d0, 14;
E_0x563279ef5d40/3 .event edge, v0x563279f1e3d0_11, v0x563279f1e3d0_12, v0x563279f1e3d0_13, v0x563279f1e3d0_14;
v0x563279f1e3d0_15 .array/port v0x563279f1e3d0, 15;
v0x563279f1e3d0_16 .array/port v0x563279f1e3d0, 16;
v0x563279f1e3d0_17 .array/port v0x563279f1e3d0, 17;
v0x563279f1e3d0_18 .array/port v0x563279f1e3d0, 18;
E_0x563279ef5d40/4 .event edge, v0x563279f1e3d0_15, v0x563279f1e3d0_16, v0x563279f1e3d0_17, v0x563279f1e3d0_18;
v0x563279f1e3d0_19 .array/port v0x563279f1e3d0, 19;
v0x563279f1e3d0_20 .array/port v0x563279f1e3d0, 20;
v0x563279f1e3d0_21 .array/port v0x563279f1e3d0, 21;
v0x563279f1e3d0_22 .array/port v0x563279f1e3d0, 22;
E_0x563279ef5d40/5 .event edge, v0x563279f1e3d0_19, v0x563279f1e3d0_20, v0x563279f1e3d0_21, v0x563279f1e3d0_22;
v0x563279f1e3d0_23 .array/port v0x563279f1e3d0, 23;
v0x563279f1e3d0_24 .array/port v0x563279f1e3d0, 24;
v0x563279f1e3d0_25 .array/port v0x563279f1e3d0, 25;
v0x563279f1e3d0_26 .array/port v0x563279f1e3d0, 26;
E_0x563279ef5d40/6 .event edge, v0x563279f1e3d0_23, v0x563279f1e3d0_24, v0x563279f1e3d0_25, v0x563279f1e3d0_26;
v0x563279f1e3d0_27 .array/port v0x563279f1e3d0, 27;
v0x563279f1e3d0_28 .array/port v0x563279f1e3d0, 28;
v0x563279f1e3d0_29 .array/port v0x563279f1e3d0, 29;
v0x563279f1e3d0_30 .array/port v0x563279f1e3d0, 30;
E_0x563279ef5d40/7 .event edge, v0x563279f1e3d0_27, v0x563279f1e3d0_28, v0x563279f1e3d0_29, v0x563279f1e3d0_30;
v0x563279f1e3d0_31 .array/port v0x563279f1e3d0, 31;
E_0x563279ef5d40/8 .event edge, v0x563279f1e3d0_31, v0x563279f1dce0_0;
E_0x563279ef5d40 .event/or E_0x563279ef5d40/0, E_0x563279ef5d40/1, E_0x563279ef5d40/2, E_0x563279ef5d40/3, E_0x563279ef5d40/4, E_0x563279ef5d40/5, E_0x563279ef5d40/6, E_0x563279ef5d40/7, E_0x563279ef5d40/8;
L_0x563279f1ea30 .part o0x7fefd919f198, 15, 5;
L_0x563279f1ead0 .part o0x7fefd919f198, 20, 5;
L_0x563279f1eb70 .part o0x7fefd919f198, 7, 5;
    .scope S_0x563279ef8870;
T_0 ;
    %pushi/vec4 0, 0, 32;
    %store/vec4 v0x563279f1e210_0, 0, 32;
T_0.0 ;
    %load/vec4 v0x563279f1e210_0;
    %cmpi/s 32, 0, 32;
    %jmp/0xz T_0.1, 5;
    %load/vec4 v0x563279f1e210_0;
    %pad/s 64;
    %ix/getv/s 4, v0x563279f1e210_0;
    %store/vec4a v0x563279f1e3d0, 4, 0;
    %load/vec4 v0x563279f1e210_0;
    %addi 1, 0, 32;
    %store/vec4 v0x563279f1e210_0, 0, 32;
    %jmp T_0.0;
T_0.1 ;
    %end;
    .thread T_0;
    .scope S_0x563279ef8870;
T_1 ;
    %wait E_0x563279ef5d40;
    %load/vec4 v0x563279ef8bc0_0;
    %pad/u 7;
    %ix/vec4 4;
    %load/vec4a v0x563279f1e3d0, 4;
    %store/vec4 v0x563279f1ddc0_0, 0, 64;
    %load/vec4 v0x563279f1dce0_0;
    %pad/u 7;
    %ix/vec4 4;
    %load/vec4a v0x563279f1e3d0, 4;
    %store/vec4 v0x563279f1de80_0, 0, 64;
    %jmp T_1;
    .thread T_1, $push;
    .scope S_0x563279ef8870;
T_2 ;
    %wait E_0x563279ef29b0;
    %load/vec4 v0x563279f1df60_0;
    %load/vec4 v0x563279f1e070_0;
    %pushi/vec4 0, 0, 5;
    %cmp/ne;
    %flag_get/vec4 4;
    %and;
    %flag_set/vec4 8;
    %jmp/0xz  T_2.0, 8;
    %load/vec4 v0x563279f1e890_0;
    %load/vec4 v0x563279f1e070_0;
    %pad/u 7;
    %ix/vec4 3;
    %ix/load 4, 0, 0; Constant delay
    %assign/vec4/a/d v0x563279f1e3d0, 0, 4;
T_2.0 ;
    %jmp T_2;
    .thread T_2;
# The file index is used to find the file name in the following table.
:file_names 3;
    "N/A";
    "<interactive>";
    "registers.v";
