#! /usr/bin/vvp
:ivl_version "11.0 (stable)";
:ivl_delay_selection "TYPICAL";
:vpi_time_precision + 0;
:vpi_module "/usr/lib/x86_64-linux-gnu/ivl/system.vpi";
:vpi_module "/usr/lib/x86_64-linux-gnu/ivl/vhdl_sys.vpi";
:vpi_module "/usr/lib/x86_64-linux-gnu/ivl/vhdl_textio.vpi";
:vpi_module "/usr/lib/x86_64-linux-gnu/ivl/v2005_math.vpi";
:vpi_module "/usr/lib/x86_64-linux-gnu/ivl/va_math.vpi";
S_0x56389758c960 .scope module, "data_memory" "data_memory" 2 2;
 .timescale 0 0;
    .port_info 0 /INPUT 1 "clk";
    .port_info 1 /INPUT 64 "address";
    .port_info 2 /INPUT 64 "write_data";
    .port_info 3 /INPUT 1 "exmem_write";
    .port_info 4 /INPUT 1 "exmem_read";
    .port_info 5 /OUTPUT 64 "memwb_readdata";
o0x7fb33af7f018 .functor BUFZ 64, C4<zzzzzzzzzzzzzzzzzzzzzzzzzzzzzzzzzzzzzzzzzzzzzzzzzzzzzzzzzzzzzzzz>; HiZ drive
v0x56389758cbd0_0 .net "address", 63 0, o0x7fb33af7f018;  0 drivers
o0x7fb33af7f048 .functor BUFZ 1, C4<z>; HiZ drive
v0x5638975b3080_0 .net "clk", 0 0, o0x7fb33af7f048;  0 drivers
o0x7fb33af7f078 .functor BUFZ 1, C4<z>; HiZ drive
v0x5638975b3140_0 .net "exmem_read", 0 0, o0x7fb33af7f078;  0 drivers
o0x7fb33af7f0a8 .functor BUFZ 1, C4<z>; HiZ drive
v0x5638975b31e0_0 .net "exmem_write", 0 0, o0x7fb33af7f0a8;  0 drivers
v0x5638975b32a0 .array "memory", 255 0, 63 0;
v0x5638975b33b0_0 .var "memwb_readdata", 63 0;
o0x7fb33af7f108 .functor BUFZ 64, C4<zzzzzzzzzzzzzzzzzzzzzzzzzzzzzzzzzzzzzzzzzzzzzzzzzzzzzzzzzzzzzzzz>; HiZ drive
v0x5638975b3490_0 .net "write_data", 63 0, o0x7fb33af7f108;  0 drivers
E_0x56389759d590 .event posedge, v0x5638975b3080_0;
E_0x5638975879b0 .event negedge, v0x5638975b3080_0;
    .scope S_0x56389758c960;
T_0 ;
    %pushi/vec4 0, 0, 64;
    %ix/load 4, 0, 0;
    %flag_set/imm 4, 0;
    %store/vec4a v0x5638975b32a0, 4, 0;
    %pushi/vec4 1, 0, 64;
    %ix/load 4, 1, 0;
    %flag_set/imm 4, 0;
    %store/vec4a v0x5638975b32a0, 4, 0;
    %pushi/vec4 2, 0, 64;
    %ix/load 4, 2, 0;
    %flag_set/imm 4, 0;
    %store/vec4a v0x5638975b32a0, 4, 0;
    %pushi/vec4 3, 0, 64;
    %ix/load 4, 3, 0;
    %flag_set/imm 4, 0;
    %store/vec4a v0x5638975b32a0, 4, 0;
    %pushi/vec4 4, 0, 64;
    %ix/load 4, 4, 0;
    %flag_set/imm 4, 0;
    %store/vec4a v0x5638975b32a0, 4, 0;
    %pushi/vec4 5, 0, 64;
    %ix/load 4, 5, 0;
    %flag_set/imm 4, 0;
    %store/vec4a v0x5638975b32a0, 4, 0;
    %pushi/vec4 6, 0, 64;
    %ix/load 4, 6, 0;
    %flag_set/imm 4, 0;
    %store/vec4a v0x5638975b32a0, 4, 0;
    %pushi/vec4 7, 0, 64;
    %ix/load 4, 7, 0;
    %flag_set/imm 4, 0;
    %store/vec4a v0x5638975b32a0, 4, 0;
    %pushi/vec4 8, 0, 64;
    %ix/load 4, 8, 0;
    %flag_set/imm 4, 0;
    %store/vec4a v0x5638975b32a0, 4, 0;
    %pushi/vec4 9, 0, 64;
    %ix/load 4, 9, 0;
    %flag_set/imm 4, 0;
    %store/vec4a v0x5638975b32a0, 4, 0;
    %pushi/vec4 10, 0, 64;
    %ix/load 4, 10, 0;
    %flag_set/imm 4, 0;
    %store/vec4a v0x5638975b32a0, 4, 0;
    %pushi/vec4 11, 0, 64;
    %ix/load 4, 11, 0;
    %flag_set/imm 4, 0;
    %store/vec4a v0x5638975b32a0, 4, 0;
    %pushi/vec4 12, 0, 64;
    %ix/load 4, 12, 0;
    %flag_set/imm 4, 0;
    %store/vec4a v0x5638975b32a0, 4, 0;
    %pushi/vec4 13, 0, 64;
    %ix/load 4, 13, 0;
    %flag_set/imm 4, 0;
    %store/vec4a v0x5638975b32a0, 4, 0;
    %end;
    .thread T_0;
    .scope S_0x56389758c960;
T_1 ;
    %wait E_0x5638975879b0;
    %load/vec4 v0x5638975b3140_0;
    %flag_set/vec4 8;
    %jmp/0xz  T_1.0, 8;
    %load/vec4 v0x56389758cbd0_0;
    %parti/s 8, 0, 2;
    %pad/u 10;
    %ix/vec4 4;
    %load/vec4a v0x5638975b32a0, 4;
    %store/vec4 v0x5638975b33b0_0, 0, 64;
T_1.0 ;
    %jmp T_1;
    .thread T_1;
    .scope S_0x56389758c960;
T_2 ;
    %wait E_0x56389759d590;
    %load/vec4 v0x5638975b31e0_0;
    %flag_set/vec4 8;
    %jmp/0xz  T_2.0, 8;
    %load/vec4 v0x5638975b3490_0;
    %load/vec4 v0x56389758cbd0_0;
    %parti/s 8, 0, 2;
    %pad/u 10;
    %ix/vec4 3;
    %ix/load 4, 0, 0; Constant delay
    %assign/vec4/a/d v0x5638975b32a0, 0, 4;
T_2.0 ;
    %jmp T_2;
    .thread T_2;
# The file index is used to find the file name in the following table.
:file_names 3;
    "N/A";
    "<interactive>";
    "data.v";
