#! /usr/bin/vvp
:ivl_version "11.0 (stable)";
:ivl_delay_selection "TYPICAL";
:vpi_time_precision + 0;
:vpi_module "/usr/lib/x86_64-linux-gnu/ivl/system.vpi";
:vpi_module "/usr/lib/x86_64-linux-gnu/ivl/vhdl_sys.vpi";
:vpi_module "/usr/lib/x86_64-linux-gnu/ivl/vhdl_textio.vpi";
:vpi_module "/usr/lib/x86_64-linux-gnu/ivl/v2005_math.vpi";
:vpi_module "/usr/lib/x86_64-linux-gnu/ivl/va_math.vpi";
S_0x55c34e915d90 .scope module, "instr_mem" "instr_mem" 2 1;
 .timescale 0 0;
    .port_info 0 /INPUT 32 "pc";
    .port_info 1 /OUTPUT 32 "instr";
    .port_info 2 /INPUT 1 "stall";
v0x55c34e9177b0_0 .var "instr", 31 0;
v0x55c34e917ba0 .array "memory", 1023 0, 31 0;
o0x7f95cf862048 .functor BUFZ 32, C4<zzzzzzzzzzzzzzzzzzzzzzzzzzzzzzzz>; HiZ drive
v0x55c34e98ae00_0 .net "pc", 31 0, o0x7f95cf862048;  0 drivers
o0x7f95cf862078 .functor BUFZ 1, C4<z>; HiZ drive
v0x55c34e98aec0_0 .net "stall", 0 0, o0x7f95cf862078;  0 drivers
v0x55c34e917ba0_0 .array/port v0x55c34e917ba0, 0;
v0x55c34e917ba0_1 .array/port v0x55c34e917ba0, 1;
E_0x55c34e9168a0/0 .event edge, v0x55c34e98aec0_0, v0x55c34e98ae00_0, v0x55c34e917ba0_0, v0x55c34e917ba0_1;
v0x55c34e917ba0_2 .array/port v0x55c34e917ba0, 2;
v0x55c34e917ba0_3 .array/port v0x55c34e917ba0, 3;
v0x55c34e917ba0_4 .array/port v0x55c34e917ba0, 4;
v0x55c34e917ba0_5 .array/port v0x55c34e917ba0, 5;
E_0x55c34e9168a0/1 .event edge, v0x55c34e917ba0_2, v0x55c34e917ba0_3, v0x55c34e917ba0_4, v0x55c34e917ba0_5;
v0x55c34e917ba0_6 .array/port v0x55c34e917ba0, 6;
v0x55c34e917ba0_7 .array/port v0x55c34e917ba0, 7;
v0x55c34e917ba0_8 .array/port v0x55c34e917ba0, 8;
v0x55c34e917ba0_9 .array/port v0x55c34e917ba0, 9;
E_0x55c34e9168a0/2 .event edge, v0x55c34e917ba0_6, v0x55c34e917ba0_7, v0x55c34e917ba0_8, v0x55c34e917ba0_9;
v0x55c34e917ba0_10 .array/port v0x55c34e917ba0, 10;
v0x55c34e917ba0_11 .array/port v0x55c34e917ba0, 11;
v0x55c34e917ba0_12 .array/port v0x55c34e917ba0, 12;
v0x55c34e917ba0_13 .array/port v0x55c34e917ba0, 13;
E_0x55c34e9168a0/3 .event edge, v0x55c34e917ba0_10, v0x55c34e917ba0_11, v0x55c34e917ba0_12, v0x55c34e917ba0_13;
v0x55c34e917ba0_14 .array/port v0x55c34e917ba0, 14;
v0x55c34e917ba0_15 .array/port v0x55c34e917ba0, 15;
v0x55c34e917ba0_16 .array/port v0x55c34e917ba0, 16;
v0x55c34e917ba0_17 .array/port v0x55c34e917ba0, 17;
E_0x55c34e9168a0/4 .event edge, v0x55c34e917ba0_14, v0x55c34e917ba0_15, v0x55c34e917ba0_16, v0x55c34e917ba0_17;
v0x55c34e917ba0_18 .array/port v0x55c34e917ba0, 18;
v0x55c34e917ba0_19 .array/port v0x55c34e917ba0, 19;
v0x55c34e917ba0_20 .array/port v0x55c34e917ba0, 20;
v0x55c34e917ba0_21 .array/port v0x55c34e917ba0, 21;
E_0x55c34e9168a0/5 .event edge, v0x55c34e917ba0_18, v0x55c34e917ba0_19, v0x55c34e917ba0_20, v0x55c34e917ba0_21;
v0x55c34e917ba0_22 .array/port v0x55c34e917ba0, 22;
v0x55c34e917ba0_23 .array/port v0x55c34e917ba0, 23;
v0x55c34e917ba0_24 .array/port v0x55c34e917ba0, 24;
v0x55c34e917ba0_25 .array/port v0x55c34e917ba0, 25;
E_0x55c34e9168a0/6 .event edge, v0x55c34e917ba0_22, v0x55c34e917ba0_23, v0x55c34e917ba0_24, v0x55c34e917ba0_25;
v0x55c34e917ba0_26 .array/port v0x55c34e917ba0, 26;
v0x55c34e917ba0_27 .array/port v0x55c34e917ba0, 27;
v0x55c34e917ba0_28 .array/port v0x55c34e917ba0, 28;
v0x55c34e917ba0_29 .array/port v0x55c34e917ba0, 29;
E_0x55c34e9168a0/7 .event edge, v0x55c34e917ba0_26, v0x55c34e917ba0_27, v0x55c34e917ba0_28, v0x55c34e917ba0_29;
v0x55c34e917ba0_30 .array/port v0x55c34e917ba0, 30;
v0x55c34e917ba0_31 .array/port v0x55c34e917ba0, 31;
v0x55c34e917ba0_32 .array/port v0x55c34e917ba0, 32;
v0x55c34e917ba0_33 .array/port v0x55c34e917ba0, 33;
E_0x55c34e9168a0/8 .event edge, v0x55c34e917ba0_30, v0x55c34e917ba0_31, v0x55c34e917ba0_32, v0x55c34e917ba0_33;
v0x55c34e917ba0_34 .array/port v0x55c34e917ba0, 34;
v0x55c34e917ba0_35 .array/port v0x55c34e917ba0, 35;
v0x55c34e917ba0_36 .array/port v0x55c34e917ba0, 36;
v0x55c34e917ba0_37 .array/port v0x55c34e917ba0, 37;
E_0x55c34e9168a0/9 .event edge, v0x55c34e917ba0_34, v0x55c34e917ba0_35, v0x55c34e917ba0_36, v0x55c34e917ba0_37;
v0x55c34e917ba0_38 .array/port v0x55c34e917ba0, 38;
v0x55c34e917ba0_39 .array/port v0x55c34e917ba0, 39;
v0x55c34e917ba0_40 .array/port v0x55c34e917ba0, 40;
v0x55c34e917ba0_41 .array/port v0x55c34e917ba0, 41;
E_0x55c34e9168a0/10 .event edge, v0x55c34e917ba0_38, v0x55c34e917ba0_39, v0x55c34e917ba0_40, v0x55c34e917ba0_41;
v0x55c34e917ba0_42 .array/port v0x55c34e917ba0, 42;
v0x55c34e917ba0_43 .array/port v0x55c34e917ba0, 43;
v0x55c34e917ba0_44 .array/port v0x55c34e917ba0, 44;
v0x55c34e917ba0_45 .array/port v0x55c34e917ba0, 45;
E_0x55c34e9168a0/11 .event edge, v0x55c34e917ba0_42, v0x55c34e917ba0_43, v0x55c34e917ba0_44, v0x55c34e917ba0_45;
v0x55c34e917ba0_46 .array/port v0x55c34e917ba0, 46;
v0x55c34e917ba0_47 .array/port v0x55c34e917ba0, 47;
v0x55c34e917ba0_48 .array/port v0x55c34e917ba0, 48;
v0x55c34e917ba0_49 .array/port v0x55c34e917ba0, 49;
E_0x55c34e9168a0/12 .event edge, v0x55c34e917ba0_46, v0x55c34e917ba0_47, v0x55c34e917ba0_48, v0x55c34e917ba0_49;
v0x55c34e917ba0_50 .array/port v0x55c34e917ba0, 50;
v0x55c34e917ba0_51 .array/port v0x55c34e917ba0, 51;
v0x55c34e917ba0_52 .array/port v0x55c34e917ba0, 52;
v0x55c34e917ba0_53 .array/port v0x55c34e917ba0, 53;
E_0x55c34e9168a0/13 .event edge, v0x55c34e917ba0_50, v0x55c34e917ba0_51, v0x55c34e917ba0_52, v0x55c34e917ba0_53;
v0x55c34e917ba0_54 .array/port v0x55c34e917ba0, 54;
v0x55c34e917ba0_55 .array/port v0x55c34e917ba0, 55;
v0x55c34e917ba0_56 .array/port v0x55c34e917ba0, 56;
v0x55c34e917ba0_57 .array/port v0x55c34e917ba0, 57;
E_0x55c34e9168a0/14 .event edge, v0x55c34e917ba0_54, v0x55c34e917ba0_55, v0x55c34e917ba0_56, v0x55c34e917ba0_57;
v0x55c34e917ba0_58 .array/port v0x55c34e917ba0, 58;
v0x55c34e917ba0_59 .array/port v0x55c34e917ba0, 59;
v0x55c34e917ba0_60 .array/port v0x55c34e917ba0, 60;
v0x55c34e917ba0_61 .array/port v0x55c34e917ba0, 61;
E_0x55c34e9168a0/15 .event edge, v0x55c34e917ba0_58, v0x55c34e917ba0_59, v0x55c34e917ba0_60, v0x55c34e917ba0_61;
v0x55c34e917ba0_62 .array/port v0x55c34e917ba0, 62;
v0x55c34e917ba0_63 .array/port v0x55c34e917ba0, 63;
v0x55c34e917ba0_64 .array/port v0x55c34e917ba0, 64;
v0x55c34e917ba0_65 .array/port v0x55c34e917ba0, 65;
E_0x55c34e9168a0/16 .event edge, v0x55c34e917ba0_62, v0x55c34e917ba0_63, v0x55c34e917ba0_64, v0x55c34e917ba0_65;
v0x55c34e917ba0_66 .array/port v0x55c34e917ba0, 66;
v0x55c34e917ba0_67 .array/port v0x55c34e917ba0, 67;
v0x55c34e917ba0_68 .array/port v0x55c34e917ba0, 68;
v0x55c34e917ba0_69 .array/port v0x55c34e917ba0, 69;
E_0x55c34e9168a0/17 .event edge, v0x55c34e917ba0_66, v0x55c34e917ba0_67, v0x55c34e917ba0_68, v0x55c34e917ba0_69;
v0x55c34e917ba0_70 .array/port v0x55c34e917ba0, 70;
v0x55c34e917ba0_71 .array/port v0x55c34e917ba0, 71;
v0x55c34e917ba0_72 .array/port v0x55c34e917ba0, 72;
v0x55c34e917ba0_73 .array/port v0x55c34e917ba0, 73;
E_0x55c34e9168a0/18 .event edge, v0x55c34e917ba0_70, v0x55c34e917ba0_71, v0x55c34e917ba0_72, v0x55c34e917ba0_73;
v0x55c34e917ba0_74 .array/port v0x55c34e917ba0, 74;
v0x55c34e917ba0_75 .array/port v0x55c34e917ba0, 75;
v0x55c34e917ba0_76 .array/port v0x55c34e917ba0, 76;
v0x55c34e917ba0_77 .array/port v0x55c34e917ba0, 77;
E_0x55c34e9168a0/19 .event edge, v0x55c34e917ba0_74, v0x55c34e917ba0_75, v0x55c34e917ba0_76, v0x55c34e917ba0_77;
v0x55c34e917ba0_78 .array/port v0x55c34e917ba0, 78;
v0x55c34e917ba0_79 .array/port v0x55c34e917ba0, 79;
v0x55c34e917ba0_80 .array/port v0x55c34e917ba0, 80;
v0x55c34e917ba0_81 .array/port v0x55c34e917ba0, 81;
E_0x55c34e9168a0/20 .event edge, v0x55c34e917ba0_78, v0x55c34e917ba0_79, v0x55c34e917ba0_80, v0x55c34e917ba0_81;
v0x55c34e917ba0_82 .array/port v0x55c34e917ba0, 82;
v0x55c34e917ba0_83 .array/port v0x55c34e917ba0, 83;
v0x55c34e917ba0_84 .array/port v0x55c34e917ba0, 84;
v0x55c34e917ba0_85 .array/port v0x55c34e917ba0, 85;
E_0x55c34e9168a0/21 .event edge, v0x55c34e917ba0_82, v0x55c34e917ba0_83, v0x55c34e917ba0_84, v0x55c34e917ba0_85;
v0x55c34e917ba0_86 .array/port v0x55c34e917ba0, 86;
v0x55c34e917ba0_87 .array/port v0x55c34e917ba0, 87;
v0x55c34e917ba0_88 .array/port v0x55c34e917ba0, 88;
v0x55c34e917ba0_89 .array/port v0x55c34e917ba0, 89;
E_0x55c34e9168a0/22 .event edge, v0x55c34e917ba0_86, v0x55c34e917ba0_87, v0x55c34e917ba0_88, v0x55c34e917ba0_89;
v0x55c34e917ba0_90 .array/port v0x55c34e917ba0, 90;
v0x55c34e917ba0_91 .array/port v0x55c34e917ba0, 91;
v0x55c34e917ba0_92 .array/port v0x55c34e917ba0, 92;
v0x55c34e917ba0_93 .array/port v0x55c34e917ba0, 93;
E_0x55c34e9168a0/23 .event edge, v0x55c34e917ba0_90, v0x55c34e917ba0_91, v0x55c34e917ba0_92, v0x55c34e917ba0_93;
v0x55c34e917ba0_94 .array/port v0x55c34e917ba0, 94;
v0x55c34e917ba0_95 .array/port v0x55c34e917ba0, 95;
v0x55c34e917ba0_96 .array/port v0x55c34e917ba0, 96;
v0x55c34e917ba0_97 .array/port v0x55c34e917ba0, 97;
E_0x55c34e9168a0/24 .event edge, v0x55c34e917ba0_94, v0x55c34e917ba0_95, v0x55c34e917ba0_96, v0x55c34e917ba0_97;
v0x55c34e917ba0_98 .array/port v0x55c34e917ba0, 98;
v0x55c34e917ba0_99 .array/port v0x55c34e917ba0, 99;
v0x55c34e917ba0_100 .array/port v0x55c34e917ba0, 100;
v0x55c34e917ba0_101 .array/port v0x55c34e917ba0, 101;
E_0x55c34e9168a0/25 .event edge, v0x55c34e917ba0_98, v0x55c34e917ba0_99, v0x55c34e917ba0_100, v0x55c34e917ba0_101;
v0x55c34e917ba0_102 .array/port v0x55c34e917ba0, 102;
v0x55c34e917ba0_103 .array/port v0x55c34e917ba0, 103;
v0x55c34e917ba0_104 .array/port v0x55c34e917ba0, 104;
v0x55c34e917ba0_105 .array/port v0x55c34e917ba0, 105;
E_0x55c34e9168a0/26 .event edge, v0x55c34e917ba0_102, v0x55c34e917ba0_103, v0x55c34e917ba0_104, v0x55c34e917ba0_105;
v0x55c34e917ba0_106 .array/port v0x55c34e917ba0, 106;
v0x55c34e917ba0_107 .array/port v0x55c34e917ba0, 107;
v0x55c34e917ba0_108 .array/port v0x55c34e917ba0, 108;
v0x55c34e917ba0_109 .array/port v0x55c34e917ba0, 109;
E_0x55c34e9168a0/27 .event edge, v0x55c34e917ba0_106, v0x55c34e917ba0_107, v0x55c34e917ba0_108, v0x55c34e917ba0_109;
v0x55c34e917ba0_110 .array/port v0x55c34e917ba0, 110;
v0x55c34e917ba0_111 .array/port v0x55c34e917ba0, 111;
v0x55c34e917ba0_112 .array/port v0x55c34e917ba0, 112;
v0x55c34e917ba0_113 .array/port v0x55c34e917ba0, 113;
E_0x55c34e9168a0/28 .event edge, v0x55c34e917ba0_110, v0x55c34e917ba0_111, v0x55c34e917ba0_112, v0x55c34e917ba0_113;
v0x55c34e917ba0_114 .array/port v0x55c34e917ba0, 114;
v0x55c34e917ba0_115 .array/port v0x55c34e917ba0, 115;
v0x55c34e917ba0_116 .array/port v0x55c34e917ba0, 116;
v0x55c34e917ba0_117 .array/port v0x55c34e917ba0, 117;
E_0x55c34e9168a0/29 .event edge, v0x55c34e917ba0_114, v0x55c34e917ba0_115, v0x55c34e917ba0_116, v0x55c34e917ba0_117;
v0x55c34e917ba0_118 .array/port v0x55c34e917ba0, 118;
v0x55c34e917ba0_119 .array/port v0x55c34e917ba0, 119;
v0x55c34e917ba0_120 .array/port v0x55c34e917ba0, 120;
v0x55c34e917ba0_121 .array/port v0x55c34e917ba0, 121;
E_0x55c34e9168a0/30 .event edge, v0x55c34e917ba0_118, v0x55c34e917ba0_119, v0x55c34e917ba0_120, v0x55c34e917ba0_121;
v0x55c34e917ba0_122 .array/port v0x55c34e917ba0, 122;
v0x55c34e917ba0_123 .array/port v0x55c34e917ba0, 123;
v0x55c34e917ba0_124 .array/port v0x55c34e917ba0, 124;
v0x55c34e917ba0_125 .array/port v0x55c34e917ba0, 125;
E_0x55c34e9168a0/31 .event edge, v0x55c34e917ba0_122, v0x55c34e917ba0_123, v0x55c34e917ba0_124, v0x55c34e917ba0_125;
v0x55c34e917ba0_126 .array/port v0x55c34e917ba0, 126;
v0x55c34e917ba0_127 .array/port v0x55c34e917ba0, 127;
v0x55c34e917ba0_128 .array/port v0x55c34e917ba0, 128;
v0x55c34e917ba0_129 .array/port v0x55c34e917ba0, 129;
E_0x55c34e9168a0/32 .event edge, v0x55c34e917ba0_126, v0x55c34e917ba0_127, v0x55c34e917ba0_128, v0x55c34e917ba0_129;
v0x55c34e917ba0_130 .array/port v0x55c34e917ba0, 130;
v0x55c34e917ba0_131 .array/port v0x55c34e917ba0, 131;
v0x55c34e917ba0_132 .array/port v0x55c34e917ba0, 132;
v0x55c34e917ba0_133 .array/port v0x55c34e917ba0, 133;
E_0x55c34e9168a0/33 .event edge, v0x55c34e917ba0_130, v0x55c34e917ba0_131, v0x55c34e917ba0_132, v0x55c34e917ba0_133;
v0x55c34e917ba0_134 .array/port v0x55c34e917ba0, 134;
v0x55c34e917ba0_135 .array/port v0x55c34e917ba0, 135;
v0x55c34e917ba0_136 .array/port v0x55c34e917ba0, 136;
v0x55c34e917ba0_137 .array/port v0x55c34e917ba0, 137;
E_0x55c34e9168a0/34 .event edge, v0x55c34e917ba0_134, v0x55c34e917ba0_135, v0x55c34e917ba0_136, v0x55c34e917ba0_137;
v0x55c34e917ba0_138 .array/port v0x55c34e917ba0, 138;
v0x55c34e917ba0_139 .array/port v0x55c34e917ba0, 139;
v0x55c34e917ba0_140 .array/port v0x55c34e917ba0, 140;
v0x55c34e917ba0_141 .array/port v0x55c34e917ba0, 141;
E_0x55c34e9168a0/35 .event edge, v0x55c34e917ba0_138, v0x55c34e917ba0_139, v0x55c34e917ba0_140, v0x55c34e917ba0_141;
v0x55c34e917ba0_142 .array/port v0x55c34e917ba0, 142;
v0x55c34e917ba0_143 .array/port v0x55c34e917ba0, 143;
v0x55c34e917ba0_144 .array/port v0x55c34e917ba0, 144;
v0x55c34e917ba0_145 .array/port v0x55c34e917ba0, 145;
E_0x55c34e9168a0/36 .event edge, v0x55c34e917ba0_142, v0x55c34e917ba0_143, v0x55c34e917ba0_144, v0x55c34e917ba0_145;
v0x55c34e917ba0_146 .array/port v0x55c34e917ba0, 146;
v0x55c34e917ba0_147 .array/port v0x55c34e917ba0, 147;
v0x55c34e917ba0_148 .array/port v0x55c34e917ba0, 148;
v0x55c34e917ba0_149 .array/port v0x55c34e917ba0, 149;
E_0x55c34e9168a0/37 .event edge, v0x55c34e917ba0_146, v0x55c34e917ba0_147, v0x55c34e917ba0_148, v0x55c34e917ba0_149;
v0x55c34e917ba0_150 .array/port v0x55c34e917ba0, 150;
v0x55c34e917ba0_151 .array/port v0x55c34e917ba0, 151;
v0x55c34e917ba0_152 .array/port v0x55c34e917ba0, 152;
v0x55c34e917ba0_153 .array/port v0x55c34e917ba0, 153;
E_0x55c34e9168a0/38 .event edge, v0x55c34e917ba0_150, v0x55c34e917ba0_151, v0x55c34e917ba0_152, v0x55c34e917ba0_153;
v0x55c34e917ba0_154 .array/port v0x55c34e917ba0, 154;
v0x55c34e917ba0_155 .array/port v0x55c34e917ba0, 155;
v0x55c34e917ba0_156 .array/port v0x55c34e917ba0, 156;
v0x55c34e917ba0_157 .array/port v0x55c34e917ba0, 157;
E_0x55c34e9168a0/39 .event edge, v0x55c34e917ba0_154, v0x55c34e917ba0_155, v0x55c34e917ba0_156, v0x55c34e917ba0_157;
v0x55c34e917ba0_158 .array/port v0x55c34e917ba0, 158;
v0x55c34e917ba0_159 .array/port v0x55c34e917ba0, 159;
v0x55c34e917ba0_160 .array/port v0x55c34e917ba0, 160;
v0x55c34e917ba0_161 .array/port v0x55c34e917ba0, 161;
E_0x55c34e9168a0/40 .event edge, v0x55c34e917ba0_158, v0x55c34e917ba0_159, v0x55c34e917ba0_160, v0x55c34e917ba0_161;
v0x55c34e917ba0_162 .array/port v0x55c34e917ba0, 162;
v0x55c34e917ba0_163 .array/port v0x55c34e917ba0, 163;
v0x55c34e917ba0_164 .array/port v0x55c34e917ba0, 164;
v0x55c34e917ba0_165 .array/port v0x55c34e917ba0, 165;
E_0x55c34e9168a0/41 .event edge, v0x55c34e917ba0_162, v0x55c34e917ba0_163, v0x55c34e917ba0_164, v0x55c34e917ba0_165;
v0x55c34e917ba0_166 .array/port v0x55c34e917ba0, 166;
v0x55c34e917ba0_167 .array/port v0x55c34e917ba0, 167;
v0x55c34e917ba0_168 .array/port v0x55c34e917ba0, 168;
v0x55c34e917ba0_169 .array/port v0x55c34e917ba0, 169;
E_0x55c34e9168a0/42 .event edge, v0x55c34e917ba0_166, v0x55c34e917ba0_167, v0x55c34e917ba0_168, v0x55c34e917ba0_169;
v0x55c34e917ba0_170 .array/port v0x55c34e917ba0, 170;
v0x55c34e917ba0_171 .array/port v0x55c34e917ba0, 171;
v0x55c34e917ba0_172 .array/port v0x55c34e917ba0, 172;
v0x55c34e917ba0_173 .array/port v0x55c34e917ba0, 173;
E_0x55c34e9168a0/43 .event edge, v0x55c34e917ba0_170, v0x55c34e917ba0_171, v0x55c34e917ba0_172, v0x55c34e917ba0_173;
v0x55c34e917ba0_174 .array/port v0x55c34e917ba0, 174;
v0x55c34e917ba0_175 .array/port v0x55c34e917ba0, 175;
v0x55c34e917ba0_176 .array/port v0x55c34e917ba0, 176;
v0x55c34e917ba0_177 .array/port v0x55c34e917ba0, 177;
E_0x55c34e9168a0/44 .event edge, v0x55c34e917ba0_174, v0x55c34e917ba0_175, v0x55c34e917ba0_176, v0x55c34e917ba0_177;
v0x55c34e917ba0_178 .array/port v0x55c34e917ba0, 178;
v0x55c34e917ba0_179 .array/port v0x55c34e917ba0, 179;
v0x55c34e917ba0_180 .array/port v0x55c34e917ba0, 180;
v0x55c34e917ba0_181 .array/port v0x55c34e917ba0, 181;
E_0x55c34e9168a0/45 .event edge, v0x55c34e917ba0_178, v0x55c34e917ba0_179, v0x55c34e917ba0_180, v0x55c34e917ba0_181;
v0x55c34e917ba0_182 .array/port v0x55c34e917ba0, 182;
v0x55c34e917ba0_183 .array/port v0x55c34e917ba0, 183;
v0x55c34e917ba0_184 .array/port v0x55c34e917ba0, 184;
v0x55c34e917ba0_185 .array/port v0x55c34e917ba0, 185;
E_0x55c34e9168a0/46 .event edge, v0x55c34e917ba0_182, v0x55c34e917ba0_183, v0x55c34e917ba0_184, v0x55c34e917ba0_185;
v0x55c34e917ba0_186 .array/port v0x55c34e917ba0, 186;
v0x55c34e917ba0_187 .array/port v0x55c34e917ba0, 187;
v0x55c34e917ba0_188 .array/port v0x55c34e917ba0, 188;
v0x55c34e917ba0_189 .array/port v0x55c34e917ba0, 189;
E_0x55c34e9168a0/47 .event edge, v0x55c34e917ba0_186, v0x55c34e917ba0_187, v0x55c34e917ba0_188, v0x55c34e917ba0_189;
v0x55c34e917ba0_190 .array/port v0x55c34e917ba0, 190;
v0x55c34e917ba0_191 .array/port v0x55c34e917ba0, 191;
v0x55c34e917ba0_192 .array/port v0x55c34e917ba0, 192;
v0x55c34e917ba0_193 .array/port v0x55c34e917ba0, 193;
E_0x55c34e9168a0/48 .event edge, v0x55c34e917ba0_190, v0x55c34e917ba0_191, v0x55c34e917ba0_192, v0x55c34e917ba0_193;
v0x55c34e917ba0_194 .array/port v0x55c34e917ba0, 194;
v0x55c34e917ba0_195 .array/port v0x55c34e917ba0, 195;
v0x55c34e917ba0_196 .array/port v0x55c34e917ba0, 196;
v0x55c34e917ba0_197 .array/port v0x55c34e917ba0, 197;
E_0x55c34e9168a0/49 .event edge, v0x55c34e917ba0_194, v0x55c34e917ba0_195, v0x55c34e917ba0_196, v0x55c34e917ba0_197;
v0x55c34e917ba0_198 .array/port v0x55c34e917ba0, 198;
v0x55c34e917ba0_199 .array/port v0x55c34e917ba0, 199;
v0x55c34e917ba0_200 .array/port v0x55c34e917ba0, 200;
v0x55c34e917ba0_201 .array/port v0x55c34e917ba0, 201;
E_0x55c34e9168a0/50 .event edge, v0x55c34e917ba0_198, v0x55c34e917ba0_199, v0x55c34e917ba0_200, v0x55c34e917ba0_201;
v0x55c34e917ba0_202 .array/port v0x55c34e917ba0, 202;
v0x55c34e917ba0_203 .array/port v0x55c34e917ba0, 203;
v0x55c34e917ba0_204 .array/port v0x55c34e917ba0, 204;
v0x55c34e917ba0_205 .array/port v0x55c34e917ba0, 205;
E_0x55c34e9168a0/51 .event edge, v0x55c34e917ba0_202, v0x55c34e917ba0_203, v0x55c34e917ba0_204, v0x55c34e917ba0_205;
v0x55c34e917ba0_206 .array/port v0x55c34e917ba0, 206;
v0x55c34e917ba0_207 .array/port v0x55c34e917ba0, 207;
v0x55c34e917ba0_208 .array/port v0x55c34e917ba0, 208;
v0x55c34e917ba0_209 .array/port v0x55c34e917ba0, 209;
E_0x55c34e9168a0/52 .event edge, v0x55c34e917ba0_206, v0x55c34e917ba0_207, v0x55c34e917ba0_208, v0x55c34e917ba0_209;
v0x55c34e917ba0_210 .array/port v0x55c34e917ba0, 210;
v0x55c34e917ba0_211 .array/port v0x55c34e917ba0, 211;
v0x55c34e917ba0_212 .array/port v0x55c34e917ba0, 212;
v0x55c34e917ba0_213 .array/port v0x55c34e917ba0, 213;
E_0x55c34e9168a0/53 .event edge, v0x55c34e917ba0_210, v0x55c34e917ba0_211, v0x55c34e917ba0_212, v0x55c34e917ba0_213;
v0x55c34e917ba0_214 .array/port v0x55c34e917ba0, 214;
v0x55c34e917ba0_215 .array/port v0x55c34e917ba0, 215;
v0x55c34e917ba0_216 .array/port v0x55c34e917ba0, 216;
v0x55c34e917ba0_217 .array/port v0x55c34e917ba0, 217;
E_0x55c34e9168a0/54 .event edge, v0x55c34e917ba0_214, v0x55c34e917ba0_215, v0x55c34e917ba0_216, v0x55c34e917ba0_217;
v0x55c34e917ba0_218 .array/port v0x55c34e917ba0, 218;
v0x55c34e917ba0_219 .array/port v0x55c34e917ba0, 219;
v0x55c34e917ba0_220 .array/port v0x55c34e917ba0, 220;
v0x55c34e917ba0_221 .array/port v0x55c34e917ba0, 221;
E_0x55c34e9168a0/55 .event edge, v0x55c34e917ba0_218, v0x55c34e917ba0_219, v0x55c34e917ba0_220, v0x55c34e917ba0_221;
v0x55c34e917ba0_222 .array/port v0x55c34e917ba0, 222;
v0x55c34e917ba0_223 .array/port v0x55c34e917ba0, 223;
v0x55c34e917ba0_224 .array/port v0x55c34e917ba0, 224;
v0x55c34e917ba0_225 .array/port v0x55c34e917ba0, 225;
E_0x55c34e9168a0/56 .event edge, v0x55c34e917ba0_222, v0x55c34e917ba0_223, v0x55c34e917ba0_224, v0x55c34e917ba0_225;
v0x55c34e917ba0_226 .array/port v0x55c34e917ba0, 226;
v0x55c34e917ba0_227 .array/port v0x55c34e917ba0, 227;
v0x55c34e917ba0_228 .array/port v0x55c34e917ba0, 228;
v0x55c34e917ba0_229 .array/port v0x55c34e917ba0, 229;
E_0x55c34e9168a0/57 .event edge, v0x55c34e917ba0_226, v0x55c34e917ba0_227, v0x55c34e917ba0_228, v0x55c34e917ba0_229;
v0x55c34e917ba0_230 .array/port v0x55c34e917ba0, 230;
v0x55c34e917ba0_231 .array/port v0x55c34e917ba0, 231;
v0x55c34e917ba0_232 .array/port v0x55c34e917ba0, 232;
v0x55c34e917ba0_233 .array/port v0x55c34e917ba0, 233;
E_0x55c34e9168a0/58 .event edge, v0x55c34e917ba0_230, v0x55c34e917ba0_231, v0x55c34e917ba0_232, v0x55c34e917ba0_233;
v0x55c34e917ba0_234 .array/port v0x55c34e917ba0, 234;
v0x55c34e917ba0_235 .array/port v0x55c34e917ba0, 235;
v0x55c34e917ba0_236 .array/port v0x55c34e917ba0, 236;
v0x55c34e917ba0_237 .array/port v0x55c34e917ba0, 237;
E_0x55c34e9168a0/59 .event edge, v0x55c34e917ba0_234, v0x55c34e917ba0_235, v0x55c34e917ba0_236, v0x55c34e917ba0_237;
v0x55c34e917ba0_238 .array/port v0x55c34e917ba0, 238;
v0x55c34e917ba0_239 .array/port v0x55c34e917ba0, 239;
v0x55c34e917ba0_240 .array/port v0x55c34e917ba0, 240;
v0x55c34e917ba0_241 .array/port v0x55c34e917ba0, 241;
E_0x55c34e9168a0/60 .event edge, v0x55c34e917ba0_238, v0x55c34e917ba0_239, v0x55c34e917ba0_240, v0x55c34e917ba0_241;
v0x55c34e917ba0_242 .array/port v0x55c34e917ba0, 242;
v0x55c34e917ba0_243 .array/port v0x55c34e917ba0, 243;
v0x55c34e917ba0_244 .array/port v0x55c34e917ba0, 244;
v0x55c34e917ba0_245 .array/port v0x55c34e917ba0, 245;
E_0x55c34e9168a0/61 .event edge, v0x55c34e917ba0_242, v0x55c34e917ba0_243, v0x55c34e917ba0_244, v0x55c34e917ba0_245;
v0x55c34e917ba0_246 .array/port v0x55c34e917ba0, 246;
v0x55c34e917ba0_247 .array/port v0x55c34e917ba0, 247;
v0x55c34e917ba0_248 .array/port v0x55c34e917ba0, 248;
v0x55c34e917ba0_249 .array/port v0x55c34e917ba0, 249;
E_0x55c34e9168a0/62 .event edge, v0x55c34e917ba0_246, v0x55c34e917ba0_247, v0x55c34e917ba0_248, v0x55c34e917ba0_249;
v0x55c34e917ba0_250 .array/port v0x55c34e917ba0, 250;
v0x55c34e917ba0_251 .array/port v0x55c34e917ba0, 251;
v0x55c34e917ba0_252 .array/port v0x55c34e917ba0, 252;
v0x55c34e917ba0_253 .array/port v0x55c34e917ba0, 253;
E_0x55c34e9168a0/63 .event edge, v0x55c34e917ba0_250, v0x55c34e917ba0_251, v0x55c34e917ba0_252, v0x55c34e917ba0_253;
v0x55c34e917ba0_254 .array/port v0x55c34e917ba0, 254;
v0x55c34e917ba0_255 .array/port v0x55c34e917ba0, 255;
v0x55c34e917ba0_256 .array/port v0x55c34e917ba0, 256;
v0x55c34e917ba0_257 .array/port v0x55c34e917ba0, 257;
E_0x55c34e9168a0/64 .event edge, v0x55c34e917ba0_254, v0x55c34e917ba0_255, v0x55c34e917ba0_256, v0x55c34e917ba0_257;
v0x55c34e917ba0_258 .array/port v0x55c34e917ba0, 258;
v0x55c34e917ba0_259 .array/port v0x55c34e917ba0, 259;
v0x55c34e917ba0_260 .array/port v0x55c34e917ba0, 260;
v0x55c34e917ba0_261 .array/port v0x55c34e917ba0, 261;
E_0x55c34e9168a0/65 .event edge, v0x55c34e917ba0_258, v0x55c34e917ba0_259, v0x55c34e917ba0_260, v0x55c34e917ba0_261;
v0x55c34e917ba0_262 .array/port v0x55c34e917ba0, 262;
v0x55c34e917ba0_263 .array/port v0x55c34e917ba0, 263;
v0x55c34e917ba0_264 .array/port v0x55c34e917ba0, 264;
v0x55c34e917ba0_265 .array/port v0x55c34e917ba0, 265;
E_0x55c34e9168a0/66 .event edge, v0x55c34e917ba0_262, v0x55c34e917ba0_263, v0x55c34e917ba0_264, v0x55c34e917ba0_265;
v0x55c34e917ba0_266 .array/port v0x55c34e917ba0, 266;
v0x55c34e917ba0_267 .array/port v0x55c34e917ba0, 267;
v0x55c34e917ba0_268 .array/port v0x55c34e917ba0, 268;
v0x55c34e917ba0_269 .array/port v0x55c34e917ba0, 269;
E_0x55c34e9168a0/67 .event edge, v0x55c34e917ba0_266, v0x55c34e917ba0_267, v0x55c34e917ba0_268, v0x55c34e917ba0_269;
v0x55c34e917ba0_270 .array/port v0x55c34e917ba0, 270;
v0x55c34e917ba0_271 .array/port v0x55c34e917ba0, 271;
v0x55c34e917ba0_272 .array/port v0x55c34e917ba0, 272;
v0x55c34e917ba0_273 .array/port v0x55c34e917ba0, 273;
E_0x55c34e9168a0/68 .event edge, v0x55c34e917ba0_270, v0x55c34e917ba0_271, v0x55c34e917ba0_272, v0x55c34e917ba0_273;
v0x55c34e917ba0_274 .array/port v0x55c34e917ba0, 274;
v0x55c34e917ba0_275 .array/port v0x55c34e917ba0, 275;
v0x55c34e917ba0_276 .array/port v0x55c34e917ba0, 276;
v0x55c34e917ba0_277 .array/port v0x55c34e917ba0, 277;
E_0x55c34e9168a0/69 .event edge, v0x55c34e917ba0_274, v0x55c34e917ba0_275, v0x55c34e917ba0_276, v0x55c34e917ba0_277;
v0x55c34e917ba0_278 .array/port v0x55c34e917ba0, 278;
v0x55c34e917ba0_279 .array/port v0x55c34e917ba0, 279;
v0x55c34e917ba0_280 .array/port v0x55c34e917ba0, 280;
v0x55c34e917ba0_281 .array/port v0x55c34e917ba0, 281;
E_0x55c34e9168a0/70 .event edge, v0x55c34e917ba0_278, v0x55c34e917ba0_279, v0x55c34e917ba0_280, v0x55c34e917ba0_281;
v0x55c34e917ba0_282 .array/port v0x55c34e917ba0, 282;
v0x55c34e917ba0_283 .array/port v0x55c34e917ba0, 283;
v0x55c34e917ba0_284 .array/port v0x55c34e917ba0, 284;
v0x55c34e917ba0_285 .array/port v0x55c34e917ba0, 285;
E_0x55c34e9168a0/71 .event edge, v0x55c34e917ba0_282, v0x55c34e917ba0_283, v0x55c34e917ba0_284, v0x55c34e917ba0_285;
v0x55c34e917ba0_286 .array/port v0x55c34e917ba0, 286;
v0x55c34e917ba0_287 .array/port v0x55c34e917ba0, 287;
v0x55c34e917ba0_288 .array/port v0x55c34e917ba0, 288;
v0x55c34e917ba0_289 .array/port v0x55c34e917ba0, 289;
E_0x55c34e9168a0/72 .event edge, v0x55c34e917ba0_286, v0x55c34e917ba0_287, v0x55c34e917ba0_288, v0x55c34e917ba0_289;
v0x55c34e917ba0_290 .array/port v0x55c34e917ba0, 290;
v0x55c34e917ba0_291 .array/port v0x55c34e917ba0, 291;
v0x55c34e917ba0_292 .array/port v0x55c34e917ba0, 292;
v0x55c34e917ba0_293 .array/port v0x55c34e917ba0, 293;
E_0x55c34e9168a0/73 .event edge, v0x55c34e917ba0_290, v0x55c34e917ba0_291, v0x55c34e917ba0_292, v0x55c34e917ba0_293;
v0x55c34e917ba0_294 .array/port v0x55c34e917ba0, 294;
v0x55c34e917ba0_295 .array/port v0x55c34e917ba0, 295;
v0x55c34e917ba0_296 .array/port v0x55c34e917ba0, 296;
v0x55c34e917ba0_297 .array/port v0x55c34e917ba0, 297;
E_0x55c34e9168a0/74 .event edge, v0x55c34e917ba0_294, v0x55c34e917ba0_295, v0x55c34e917ba0_296, v0x55c34e917ba0_297;
v0x55c34e917ba0_298 .array/port v0x55c34e917ba0, 298;
v0x55c34e917ba0_299 .array/port v0x55c34e917ba0, 299;
v0x55c34e917ba0_300 .array/port v0x55c34e917ba0, 300;
v0x55c34e917ba0_301 .array/port v0x55c34e917ba0, 301;
E_0x55c34e9168a0/75 .event edge, v0x55c34e917ba0_298, v0x55c34e917ba0_299, v0x55c34e917ba0_300, v0x55c34e917ba0_301;
v0x55c34e917ba0_302 .array/port v0x55c34e917ba0, 302;
v0x55c34e917ba0_303 .array/port v0x55c34e917ba0, 303;
v0x55c34e917ba0_304 .array/port v0x55c34e917ba0, 304;
v0x55c34e917ba0_305 .array/port v0x55c34e917ba0, 305;
E_0x55c34e9168a0/76 .event edge, v0x55c34e917ba0_302, v0x55c34e917ba0_303, v0x55c34e917ba0_304, v0x55c34e917ba0_305;
v0x55c34e917ba0_306 .array/port v0x55c34e917ba0, 306;
v0x55c34e917ba0_307 .array/port v0x55c34e917ba0, 307;
v0x55c34e917ba0_308 .array/port v0x55c34e917ba0, 308;
v0x55c34e917ba0_309 .array/port v0x55c34e917ba0, 309;
E_0x55c34e9168a0/77 .event edge, v0x55c34e917ba0_306, v0x55c34e917ba0_307, v0x55c34e917ba0_308, v0x55c34e917ba0_309;
v0x55c34e917ba0_310 .array/port v0x55c34e917ba0, 310;
v0x55c34e917ba0_311 .array/port v0x55c34e917ba0, 311;
v0x55c34e917ba0_312 .array/port v0x55c34e917ba0, 312;
v0x55c34e917ba0_313 .array/port v0x55c34e917ba0, 313;
E_0x55c34e9168a0/78 .event edge, v0x55c34e917ba0_310, v0x55c34e917ba0_311, v0x55c34e917ba0_312, v0x55c34e917ba0_313;
v0x55c34e917ba0_314 .array/port v0x55c34e917ba0, 314;
v0x55c34e917ba0_315 .array/port v0x55c34e917ba0, 315;
v0x55c34e917ba0_316 .array/port v0x55c34e917ba0, 316;
v0x55c34e917ba0_317 .array/port v0x55c34e917ba0, 317;
E_0x55c34e9168a0/79 .event edge, v0x55c34e917ba0_314, v0x55c34e917ba0_315, v0x55c34e917ba0_316, v0x55c34e917ba0_317;
v0x55c34e917ba0_318 .array/port v0x55c34e917ba0, 318;
v0x55c34e917ba0_319 .array/port v0x55c34e917ba0, 319;
v0x55c34e917ba0_320 .array/port v0x55c34e917ba0, 320;
v0x55c34e917ba0_321 .array/port v0x55c34e917ba0, 321;
E_0x55c34e9168a0/80 .event edge, v0x55c34e917ba0_318, v0x55c34e917ba0_319, v0x55c34e917ba0_320, v0x55c34e917ba0_321;
v0x55c34e917ba0_322 .array/port v0x55c34e917ba0, 322;
v0x55c34e917ba0_323 .array/port v0x55c34e917ba0, 323;
v0x55c34e917ba0_324 .array/port v0x55c34e917ba0, 324;
v0x55c34e917ba0_325 .array/port v0x55c34e917ba0, 325;
E_0x55c34e9168a0/81 .event edge, v0x55c34e917ba0_322, v0x55c34e917ba0_323, v0x55c34e917ba0_324, v0x55c34e917ba0_325;
v0x55c34e917ba0_326 .array/port v0x55c34e917ba0, 326;
v0x55c34e917ba0_327 .array/port v0x55c34e917ba0, 327;
v0x55c34e917ba0_328 .array/port v0x55c34e917ba0, 328;
v0x55c34e917ba0_329 .array/port v0x55c34e917ba0, 329;
E_0x55c34e9168a0/82 .event edge, v0x55c34e917ba0_326, v0x55c34e917ba0_327, v0x55c34e917ba0_328, v0x55c34e917ba0_329;
v0x55c34e917ba0_330 .array/port v0x55c34e917ba0, 330;
v0x55c34e917ba0_331 .array/port v0x55c34e917ba0, 331;
v0x55c34e917ba0_332 .array/port v0x55c34e917ba0, 332;
v0x55c34e917ba0_333 .array/port v0x55c34e917ba0, 333;
E_0x55c34e9168a0/83 .event edge, v0x55c34e917ba0_330, v0x55c34e917ba0_331, v0x55c34e917ba0_332, v0x55c34e917ba0_333;
v0x55c34e917ba0_334 .array/port v0x55c34e917ba0, 334;
v0x55c34e917ba0_335 .array/port v0x55c34e917ba0, 335;
v0x55c34e917ba0_336 .array/port v0x55c34e917ba0, 336;
v0x55c34e917ba0_337 .array/port v0x55c34e917ba0, 337;
E_0x55c34e9168a0/84 .event edge, v0x55c34e917ba0_334, v0x55c34e917ba0_335, v0x55c34e917ba0_336, v0x55c34e917ba0_337;
v0x55c34e917ba0_338 .array/port v0x55c34e917ba0, 338;
v0x55c34e917ba0_339 .array/port v0x55c34e917ba0, 339;
v0x55c34e917ba0_340 .array/port v0x55c34e917ba0, 340;
v0x55c34e917ba0_341 .array/port v0x55c34e917ba0, 341;
E_0x55c34e9168a0/85 .event edge, v0x55c34e917ba0_338, v0x55c34e917ba0_339, v0x55c34e917ba0_340, v0x55c34e917ba0_341;
v0x55c34e917ba0_342 .array/port v0x55c34e917ba0, 342;
v0x55c34e917ba0_343 .array/port v0x55c34e917ba0, 343;
v0x55c34e917ba0_344 .array/port v0x55c34e917ba0, 344;
v0x55c34e917ba0_345 .array/port v0x55c34e917ba0, 345;
E_0x55c34e9168a0/86 .event edge, v0x55c34e917ba0_342, v0x55c34e917ba0_343, v0x55c34e917ba0_344, v0x55c34e917ba0_345;
v0x55c34e917ba0_346 .array/port v0x55c34e917ba0, 346;
v0x55c34e917ba0_347 .array/port v0x55c34e917ba0, 347;
v0x55c34e917ba0_348 .array/port v0x55c34e917ba0, 348;
v0x55c34e917ba0_349 .array/port v0x55c34e917ba0, 349;
E_0x55c34e9168a0/87 .event edge, v0x55c34e917ba0_346, v0x55c34e917ba0_347, v0x55c34e917ba0_348, v0x55c34e917ba0_349;
v0x55c34e917ba0_350 .array/port v0x55c34e917ba0, 350;
v0x55c34e917ba0_351 .array/port v0x55c34e917ba0, 351;
v0x55c34e917ba0_352 .array/port v0x55c34e917ba0, 352;
v0x55c34e917ba0_353 .array/port v0x55c34e917ba0, 353;
E_0x55c34e9168a0/88 .event edge, v0x55c34e917ba0_350, v0x55c34e917ba0_351, v0x55c34e917ba0_352, v0x55c34e917ba0_353;
v0x55c34e917ba0_354 .array/port v0x55c34e917ba0, 354;
v0x55c34e917ba0_355 .array/port v0x55c34e917ba0, 355;
v0x55c34e917ba0_356 .array/port v0x55c34e917ba0, 356;
v0x55c34e917ba0_357 .array/port v0x55c34e917ba0, 357;
E_0x55c34e9168a0/89 .event edge, v0x55c34e917ba0_354, v0x55c34e917ba0_355, v0x55c34e917ba0_356, v0x55c34e917ba0_357;
v0x55c34e917ba0_358 .array/port v0x55c34e917ba0, 358;
v0x55c34e917ba0_359 .array/port v0x55c34e917ba0, 359;
v0x55c34e917ba0_360 .array/port v0x55c34e917ba0, 360;
v0x55c34e917ba0_361 .array/port v0x55c34e917ba0, 361;
E_0x55c34e9168a0/90 .event edge, v0x55c34e917ba0_358, v0x55c34e917ba0_359, v0x55c34e917ba0_360, v0x55c34e917ba0_361;
v0x55c34e917ba0_362 .array/port v0x55c34e917ba0, 362;
v0x55c34e917ba0_363 .array/port v0x55c34e917ba0, 363;
v0x55c34e917ba0_364 .array/port v0x55c34e917ba0, 364;
v0x55c34e917ba0_365 .array/port v0x55c34e917ba0, 365;
E_0x55c34e9168a0/91 .event edge, v0x55c34e917ba0_362, v0x55c34e917ba0_363, v0x55c34e917ba0_364, v0x55c34e917ba0_365;
v0x55c34e917ba0_366 .array/port v0x55c34e917ba0, 366;
v0x55c34e917ba0_367 .array/port v0x55c34e917ba0, 367;
v0x55c34e917ba0_368 .array/port v0x55c34e917ba0, 368;
v0x55c34e917ba0_369 .array/port v0x55c34e917ba0, 369;
E_0x55c34e9168a0/92 .event edge, v0x55c34e917ba0_366, v0x55c34e917ba0_367, v0x55c34e917ba0_368, v0x55c34e917ba0_369;
v0x55c34e917ba0_370 .array/port v0x55c34e917ba0, 370;
v0x55c34e917ba0_371 .array/port v0x55c34e917ba0, 371;
v0x55c34e917ba0_372 .array/port v0x55c34e917ba0, 372;
v0x55c34e917ba0_373 .array/port v0x55c34e917ba0, 373;
E_0x55c34e9168a0/93 .event edge, v0x55c34e917ba0_370, v0x55c34e917ba0_371, v0x55c34e917ba0_372, v0x55c34e917ba0_373;
v0x55c34e917ba0_374 .array/port v0x55c34e917ba0, 374;
v0x55c34e917ba0_375 .array/port v0x55c34e917ba0, 375;
v0x55c34e917ba0_376 .array/port v0x55c34e917ba0, 376;
v0x55c34e917ba0_377 .array/port v0x55c34e917ba0, 377;
E_0x55c34e9168a0/94 .event edge, v0x55c34e917ba0_374, v0x55c34e917ba0_375, v0x55c34e917ba0_376, v0x55c34e917ba0_377;
v0x55c34e917ba0_378 .array/port v0x55c34e917ba0, 378;
v0x55c34e917ba0_379 .array/port v0x55c34e917ba0, 379;
v0x55c34e917ba0_380 .array/port v0x55c34e917ba0, 380;
v0x55c34e917ba0_381 .array/port v0x55c34e917ba0, 381;
E_0x55c34e9168a0/95 .event edge, v0x55c34e917ba0_378, v0x55c34e917ba0_379, v0x55c34e917ba0_380, v0x55c34e917ba0_381;
v0x55c34e917ba0_382 .array/port v0x55c34e917ba0, 382;
v0x55c34e917ba0_383 .array/port v0x55c34e917ba0, 383;
v0x55c34e917ba0_384 .array/port v0x55c34e917ba0, 384;
v0x55c34e917ba0_385 .array/port v0x55c34e917ba0, 385;
E_0x55c34e9168a0/96 .event edge, v0x55c34e917ba0_382, v0x55c34e917ba0_383, v0x55c34e917ba0_384, v0x55c34e917ba0_385;
v0x55c34e917ba0_386 .array/port v0x55c34e917ba0, 386;
v0x55c34e917ba0_387 .array/port v0x55c34e917ba0, 387;
v0x55c34e917ba0_388 .array/port v0x55c34e917ba0, 388;
v0x55c34e917ba0_389 .array/port v0x55c34e917ba0, 389;
E_0x55c34e9168a0/97 .event edge, v0x55c34e917ba0_386, v0x55c34e917ba0_387, v0x55c34e917ba0_388, v0x55c34e917ba0_389;
v0x55c34e917ba0_390 .array/port v0x55c34e917ba0, 390;
v0x55c34e917ba0_391 .array/port v0x55c34e917ba0, 391;
v0x55c34e917ba0_392 .array/port v0x55c34e917ba0, 392;
v0x55c34e917ba0_393 .array/port v0x55c34e917ba0, 393;
E_0x55c34e9168a0/98 .event edge, v0x55c34e917ba0_390, v0x55c34e917ba0_391, v0x55c34e917ba0_392, v0x55c34e917ba0_393;
v0x55c34e917ba0_394 .array/port v0x55c34e917ba0, 394;
v0x55c34e917ba0_395 .array/port v0x55c34e917ba0, 395;
v0x55c34e917ba0_396 .array/port v0x55c34e917ba0, 396;
v0x55c34e917ba0_397 .array/port v0x55c34e917ba0, 397;
E_0x55c34e9168a0/99 .event edge, v0x55c34e917ba0_394, v0x55c34e917ba0_395, v0x55c34e917ba0_396, v0x55c34e917ba0_397;
v0x55c34e917ba0_398 .array/port v0x55c34e917ba0, 398;
v0x55c34e917ba0_399 .array/port v0x55c34e917ba0, 399;
v0x55c34e917ba0_400 .array/port v0x55c34e917ba0, 400;
v0x55c34e917ba0_401 .array/port v0x55c34e917ba0, 401;
E_0x55c34e9168a0/100 .event edge, v0x55c34e917ba0_398, v0x55c34e917ba0_399, v0x55c34e917ba0_400, v0x55c34e917ba0_401;
v0x55c34e917ba0_402 .array/port v0x55c34e917ba0, 402;
v0x55c34e917ba0_403 .array/port v0x55c34e917ba0, 403;
v0x55c34e917ba0_404 .array/port v0x55c34e917ba0, 404;
v0x55c34e917ba0_405 .array/port v0x55c34e917ba0, 405;
E_0x55c34e9168a0/101 .event edge, v0x55c34e917ba0_402, v0x55c34e917ba0_403, v0x55c34e917ba0_404, v0x55c34e917ba0_405;
v0x55c34e917ba0_406 .array/port v0x55c34e917ba0, 406;
v0x55c34e917ba0_407 .array/port v0x55c34e917ba0, 407;
v0x55c34e917ba0_408 .array/port v0x55c34e917ba0, 408;
v0x55c34e917ba0_409 .array/port v0x55c34e917ba0, 409;
E_0x55c34e9168a0/102 .event edge, v0x55c34e917ba0_406, v0x55c34e917ba0_407, v0x55c34e917ba0_408, v0x55c34e917ba0_409;
v0x55c34e917ba0_410 .array/port v0x55c34e917ba0, 410;
v0x55c34e917ba0_411 .array/port v0x55c34e917ba0, 411;
v0x55c34e917ba0_412 .array/port v0x55c34e917ba0, 412;
v0x55c34e917ba0_413 .array/port v0x55c34e917ba0, 413;
E_0x55c34e9168a0/103 .event edge, v0x55c34e917ba0_410, v0x55c34e917ba0_411, v0x55c34e917ba0_412, v0x55c34e917ba0_413;
v0x55c34e917ba0_414 .array/port v0x55c34e917ba0, 414;
v0x55c34e917ba0_415 .array/port v0x55c34e917ba0, 415;
v0x55c34e917ba0_416 .array/port v0x55c34e917ba0, 416;
v0x55c34e917ba0_417 .array/port v0x55c34e917ba0, 417;
E_0x55c34e9168a0/104 .event edge, v0x55c34e917ba0_414, v0x55c34e917ba0_415, v0x55c34e917ba0_416, v0x55c34e917ba0_417;
v0x55c34e917ba0_418 .array/port v0x55c34e917ba0, 418;
v0x55c34e917ba0_419 .array/port v0x55c34e917ba0, 419;
v0x55c34e917ba0_420 .array/port v0x55c34e917ba0, 420;
v0x55c34e917ba0_421 .array/port v0x55c34e917ba0, 421;
E_0x55c34e9168a0/105 .event edge, v0x55c34e917ba0_418, v0x55c34e917ba0_419, v0x55c34e917ba0_420, v0x55c34e917ba0_421;
v0x55c34e917ba0_422 .array/port v0x55c34e917ba0, 422;
v0x55c34e917ba0_423 .array/port v0x55c34e917ba0, 423;
v0x55c34e917ba0_424 .array/port v0x55c34e917ba0, 424;
v0x55c34e917ba0_425 .array/port v0x55c34e917ba0, 425;
E_0x55c34e9168a0/106 .event edge, v0x55c34e917ba0_422, v0x55c34e917ba0_423, v0x55c34e917ba0_424, v0x55c34e917ba0_425;
v0x55c34e917ba0_426 .array/port v0x55c34e917ba0, 426;
v0x55c34e917ba0_427 .array/port v0x55c34e917ba0, 427;
v0x55c34e917ba0_428 .array/port v0x55c34e917ba0, 428;
v0x55c34e917ba0_429 .array/port v0x55c34e917ba0, 429;
E_0x55c34e9168a0/107 .event edge, v0x55c34e917ba0_426, v0x55c34e917ba0_427, v0x55c34e917ba0_428, v0x55c34e917ba0_429;
v0x55c34e917ba0_430 .array/port v0x55c34e917ba0, 430;
v0x55c34e917ba0_431 .array/port v0x55c34e917ba0, 431;
v0x55c34e917ba0_432 .array/port v0x55c34e917ba0, 432;
v0x55c34e917ba0_433 .array/port v0x55c34e917ba0, 433;
E_0x55c34e9168a0/108 .event edge, v0x55c34e917ba0_430, v0x55c34e917ba0_431, v0x55c34e917ba0_432, v0x55c34e917ba0_433;
v0x55c34e917ba0_434 .array/port v0x55c34e917ba0, 434;
v0x55c34e917ba0_435 .array/port v0x55c34e917ba0, 435;
v0x55c34e917ba0_436 .array/port v0x55c34e917ba0, 436;
v0x55c34e917ba0_437 .array/port v0x55c34e917ba0, 437;
E_0x55c34e9168a0/109 .event edge, v0x55c34e917ba0_434, v0x55c34e917ba0_435, v0x55c34e917ba0_436, v0x55c34e917ba0_437;
v0x55c34e917ba0_438 .array/port v0x55c34e917ba0, 438;
v0x55c34e917ba0_439 .array/port v0x55c34e917ba0, 439;
v0x55c34e917ba0_440 .array/port v0x55c34e917ba0, 440;
v0x55c34e917ba0_441 .array/port v0x55c34e917ba0, 441;
E_0x55c34e9168a0/110 .event edge, v0x55c34e917ba0_438, v0x55c34e917ba0_439, v0x55c34e917ba0_440, v0x55c34e917ba0_441;
v0x55c34e917ba0_442 .array/port v0x55c34e917ba0, 442;
v0x55c34e917ba0_443 .array/port v0x55c34e917ba0, 443;
v0x55c34e917ba0_444 .array/port v0x55c34e917ba0, 444;
v0x55c34e917ba0_445 .array/port v0x55c34e917ba0, 445;
E_0x55c34e9168a0/111 .event edge, v0x55c34e917ba0_442, v0x55c34e917ba0_443, v0x55c34e917ba0_444, v0x55c34e917ba0_445;
v0x55c34e917ba0_446 .array/port v0x55c34e917ba0, 446;
v0x55c34e917ba0_447 .array/port v0x55c34e917ba0, 447;
v0x55c34e917ba0_448 .array/port v0x55c34e917ba0, 448;
v0x55c34e917ba0_449 .array/port v0x55c34e917ba0, 449;
E_0x55c34e9168a0/112 .event edge, v0x55c34e917ba0_446, v0x55c34e917ba0_447, v0x55c34e917ba0_448, v0x55c34e917ba0_449;
v0x55c34e917ba0_450 .array/port v0x55c34e917ba0, 450;
v0x55c34e917ba0_451 .array/port v0x55c34e917ba0, 451;
v0x55c34e917ba0_452 .array/port v0x55c34e917ba0, 452;
v0x55c34e917ba0_453 .array/port v0x55c34e917ba0, 453;
E_0x55c34e9168a0/113 .event edge, v0x55c34e917ba0_450, v0x55c34e917ba0_451, v0x55c34e917ba0_452, v0x55c34e917ba0_453;
v0x55c34e917ba0_454 .array/port v0x55c34e917ba0, 454;
v0x55c34e917ba0_455 .array/port v0x55c34e917ba0, 455;
v0x55c34e917ba0_456 .array/port v0x55c34e917ba0, 456;
v0x55c34e917ba0_457 .array/port v0x55c34e917ba0, 457;
E_0x55c34e9168a0/114 .event edge, v0x55c34e917ba0_454, v0x55c34e917ba0_455, v0x55c34e917ba0_456, v0x55c34e917ba0_457;
v0x55c34e917ba0_458 .array/port v0x55c34e917ba0, 458;
v0x55c34e917ba0_459 .array/port v0x55c34e917ba0, 459;
v0x55c34e917ba0_460 .array/port v0x55c34e917ba0, 460;
v0x55c34e917ba0_461 .array/port v0x55c34e917ba0, 461;
E_0x55c34e9168a0/115 .event edge, v0x55c34e917ba0_458, v0x55c34e917ba0_459, v0x55c34e917ba0_460, v0x55c34e917ba0_461;
v0x55c34e917ba0_462 .array/port v0x55c34e917ba0, 462;
v0x55c34e917ba0_463 .array/port v0x55c34e917ba0, 463;
v0x55c34e917ba0_464 .array/port v0x55c34e917ba0, 464;
v0x55c34e917ba0_465 .array/port v0x55c34e917ba0, 465;
E_0x55c34e9168a0/116 .event edge, v0x55c34e917ba0_462, v0x55c34e917ba0_463, v0x55c34e917ba0_464, v0x55c34e917ba0_465;
v0x55c34e917ba0_466 .array/port v0x55c34e917ba0, 466;
v0x55c34e917ba0_467 .array/port v0x55c34e917ba0, 467;
v0x55c34e917ba0_468 .array/port v0x55c34e917ba0, 468;
v0x55c34e917ba0_469 .array/port v0x55c34e917ba0, 469;
E_0x55c34e9168a0/117 .event edge, v0x55c34e917ba0_466, v0x55c34e917ba0_467, v0x55c34e917ba0_468, v0x55c34e917ba0_469;
v0x55c34e917ba0_470 .array/port v0x55c34e917ba0, 470;
v0x55c34e917ba0_471 .array/port v0x55c34e917ba0, 471;
v0x55c34e917ba0_472 .array/port v0x55c34e917ba0, 472;
v0x55c34e917ba0_473 .array/port v0x55c34e917ba0, 473;
E_0x55c34e9168a0/118 .event edge, v0x55c34e917ba0_470, v0x55c34e917ba0_471, v0x55c34e917ba0_472, v0x55c34e917ba0_473;
v0x55c34e917ba0_474 .array/port v0x55c34e917ba0, 474;
v0x55c34e917ba0_475 .array/port v0x55c34e917ba0, 475;
v0x55c34e917ba0_476 .array/port v0x55c34e917ba0, 476;
v0x55c34e917ba0_477 .array/port v0x55c34e917ba0, 477;
E_0x55c34e9168a0/119 .event edge, v0x55c34e917ba0_474, v0x55c34e917ba0_475, v0x55c34e917ba0_476, v0x55c34e917ba0_477;
v0x55c34e917ba0_478 .array/port v0x55c34e917ba0, 478;
v0x55c34e917ba0_479 .array/port v0x55c34e917ba0, 479;
v0x55c34e917ba0_480 .array/port v0x55c34e917ba0, 480;
v0x55c34e917ba0_481 .array/port v0x55c34e917ba0, 481;
E_0x55c34e9168a0/120 .event edge, v0x55c34e917ba0_478, v0x55c34e917ba0_479, v0x55c34e917ba0_480, v0x55c34e917ba0_481;
v0x55c34e917ba0_482 .array/port v0x55c34e917ba0, 482;
v0x55c34e917ba0_483 .array/port v0x55c34e917ba0, 483;
v0x55c34e917ba0_484 .array/port v0x55c34e917ba0, 484;
v0x55c34e917ba0_485 .array/port v0x55c34e917ba0, 485;
E_0x55c34e9168a0/121 .event edge, v0x55c34e917ba0_482, v0x55c34e917ba0_483, v0x55c34e917ba0_484, v0x55c34e917ba0_485;
v0x55c34e917ba0_486 .array/port v0x55c34e917ba0, 486;
v0x55c34e917ba0_487 .array/port v0x55c34e917ba0, 487;
v0x55c34e917ba0_488 .array/port v0x55c34e917ba0, 488;
v0x55c34e917ba0_489 .array/port v0x55c34e917ba0, 489;
E_0x55c34e9168a0/122 .event edge, v0x55c34e917ba0_486, v0x55c34e917ba0_487, v0x55c34e917ba0_488, v0x55c34e917ba0_489;
v0x55c34e917ba0_490 .array/port v0x55c34e917ba0, 490;
v0x55c34e917ba0_491 .array/port v0x55c34e917ba0, 491;
v0x55c34e917ba0_492 .array/port v0x55c34e917ba0, 492;
v0x55c34e917ba0_493 .array/port v0x55c34e917ba0, 493;
E_0x55c34e9168a0/123 .event edge, v0x55c34e917ba0_490, v0x55c34e917ba0_491, v0x55c34e917ba0_492, v0x55c34e917ba0_493;
v0x55c34e917ba0_494 .array/port v0x55c34e917ba0, 494;
v0x55c34e917ba0_495 .array/port v0x55c34e917ba0, 495;
v0x55c34e917ba0_496 .array/port v0x55c34e917ba0, 496;
v0x55c34e917ba0_497 .array/port v0x55c34e917ba0, 497;
E_0x55c34e9168a0/124 .event edge, v0x55c34e917ba0_494, v0x55c34e917ba0_495, v0x55c34e917ba0_496, v0x55c34e917ba0_497;
v0x55c34e917ba0_498 .array/port v0x55c34e917ba0, 498;
v0x55c34e917ba0_499 .array/port v0x55c34e917ba0, 499;
v0x55c34e917ba0_500 .array/port v0x55c34e917ba0, 500;
v0x55c34e917ba0_501 .array/port v0x55c34e917ba0, 501;
E_0x55c34e9168a0/125 .event edge, v0x55c34e917ba0_498, v0x55c34e917ba0_499, v0x55c34e917ba0_500, v0x55c34e917ba0_501;
v0x55c34e917ba0_502 .array/port v0x55c34e917ba0, 502;
v0x55c34e917ba0_503 .array/port v0x55c34e917ba0, 503;
v0x55c34e917ba0_504 .array/port v0x55c34e917ba0, 504;
v0x55c34e917ba0_505 .array/port v0x55c34e917ba0, 505;
E_0x55c34e9168a0/126 .event edge, v0x55c34e917ba0_502, v0x55c34e917ba0_503, v0x55c34e917ba0_504, v0x55c34e917ba0_505;
v0x55c34e917ba0_506 .array/port v0x55c34e917ba0, 506;
v0x55c34e917ba0_507 .array/port v0x55c34e917ba0, 507;
v0x55c34e917ba0_508 .array/port v0x55c34e917ba0, 508;
v0x55c34e917ba0_509 .array/port v0x55c34e917ba0, 509;
E_0x55c34e9168a0/127 .event edge, v0x55c34e917ba0_506, v0x55c34e917ba0_507, v0x55c34e917ba0_508, v0x55c34e917ba0_509;
v0x55c34e917ba0_510 .array/port v0x55c34e917ba0, 510;
v0x55c34e917ba0_511 .array/port v0x55c34e917ba0, 511;
v0x55c34e917ba0_512 .array/port v0x55c34e917ba0, 512;
v0x55c34e917ba0_513 .array/port v0x55c34e917ba0, 513;
E_0x55c34e9168a0/128 .event edge, v0x55c34e917ba0_510, v0x55c34e917ba0_511, v0x55c34e917ba0_512, v0x55c34e917ba0_513;
v0x55c34e917ba0_514 .array/port v0x55c34e917ba0, 514;
v0x55c34e917ba0_515 .array/port v0x55c34e917ba0, 515;
v0x55c34e917ba0_516 .array/port v0x55c34e917ba0, 516;
v0x55c34e917ba0_517 .array/port v0x55c34e917ba0, 517;
E_0x55c34e9168a0/129 .event edge, v0x55c34e917ba0_514, v0x55c34e917ba0_515, v0x55c34e917ba0_516, v0x55c34e917ba0_517;
v0x55c34e917ba0_518 .array/port v0x55c34e917ba0, 518;
v0x55c34e917ba0_519 .array/port v0x55c34e917ba0, 519;
v0x55c34e917ba0_520 .array/port v0x55c34e917ba0, 520;
v0x55c34e917ba0_521 .array/port v0x55c34e917ba0, 521;
E_0x55c34e9168a0/130 .event edge, v0x55c34e917ba0_518, v0x55c34e917ba0_519, v0x55c34e917ba0_520, v0x55c34e917ba0_521;
v0x55c34e917ba0_522 .array/port v0x55c34e917ba0, 522;
v0x55c34e917ba0_523 .array/port v0x55c34e917ba0, 523;
v0x55c34e917ba0_524 .array/port v0x55c34e917ba0, 524;
v0x55c34e917ba0_525 .array/port v0x55c34e917ba0, 525;
E_0x55c34e9168a0/131 .event edge, v0x55c34e917ba0_522, v0x55c34e917ba0_523, v0x55c34e917ba0_524, v0x55c34e917ba0_525;
v0x55c34e917ba0_526 .array/port v0x55c34e917ba0, 526;
v0x55c34e917ba0_527 .array/port v0x55c34e917ba0, 527;
v0x55c34e917ba0_528 .array/port v0x55c34e917ba0, 528;
v0x55c34e917ba0_529 .array/port v0x55c34e917ba0, 529;
E_0x55c34e9168a0/132 .event edge, v0x55c34e917ba0_526, v0x55c34e917ba0_527, v0x55c34e917ba0_528, v0x55c34e917ba0_529;
v0x55c34e917ba0_530 .array/port v0x55c34e917ba0, 530;
v0x55c34e917ba0_531 .array/port v0x55c34e917ba0, 531;
v0x55c34e917ba0_532 .array/port v0x55c34e917ba0, 532;
v0x55c34e917ba0_533 .array/port v0x55c34e917ba0, 533;
E_0x55c34e9168a0/133 .event edge, v0x55c34e917ba0_530, v0x55c34e917ba0_531, v0x55c34e917ba0_532, v0x55c34e917ba0_533;
v0x55c34e917ba0_534 .array/port v0x55c34e917ba0, 534;
v0x55c34e917ba0_535 .array/port v0x55c34e917ba0, 535;
v0x55c34e917ba0_536 .array/port v0x55c34e917ba0, 536;
v0x55c34e917ba0_537 .array/port v0x55c34e917ba0, 537;
E_0x55c34e9168a0/134 .event edge, v0x55c34e917ba0_534, v0x55c34e917ba0_535, v0x55c34e917ba0_536, v0x55c34e917ba0_537;
v0x55c34e917ba0_538 .array/port v0x55c34e917ba0, 538;
v0x55c34e917ba0_539 .array/port v0x55c34e917ba0, 539;
v0x55c34e917ba0_540 .array/port v0x55c34e917ba0, 540;
v0x55c34e917ba0_541 .array/port v0x55c34e917ba0, 541;
E_0x55c34e9168a0/135 .event edge, v0x55c34e917ba0_538, v0x55c34e917ba0_539, v0x55c34e917ba0_540, v0x55c34e917ba0_541;
v0x55c34e917ba0_542 .array/port v0x55c34e917ba0, 542;
v0x55c34e917ba0_543 .array/port v0x55c34e917ba0, 543;
v0x55c34e917ba0_544 .array/port v0x55c34e917ba0, 544;
v0x55c34e917ba0_545 .array/port v0x55c34e917ba0, 545;
E_0x55c34e9168a0/136 .event edge, v0x55c34e917ba0_542, v0x55c34e917ba0_543, v0x55c34e917ba0_544, v0x55c34e917ba0_545;
v0x55c34e917ba0_546 .array/port v0x55c34e917ba0, 546;
v0x55c34e917ba0_547 .array/port v0x55c34e917ba0, 547;
v0x55c34e917ba0_548 .array/port v0x55c34e917ba0, 548;
v0x55c34e917ba0_549 .array/port v0x55c34e917ba0, 549;
E_0x55c34e9168a0/137 .event edge, v0x55c34e917ba0_546, v0x55c34e917ba0_547, v0x55c34e917ba0_548, v0x55c34e917ba0_549;
v0x55c34e917ba0_550 .array/port v0x55c34e917ba0, 550;
v0x55c34e917ba0_551 .array/port v0x55c34e917ba0, 551;
v0x55c34e917ba0_552 .array/port v0x55c34e917ba0, 552;
v0x55c34e917ba0_553 .array/port v0x55c34e917ba0, 553;
E_0x55c34e9168a0/138 .event edge, v0x55c34e917ba0_550, v0x55c34e917ba0_551, v0x55c34e917ba0_552, v0x55c34e917ba0_553;
v0x55c34e917ba0_554 .array/port v0x55c34e917ba0, 554;
v0x55c34e917ba0_555 .array/port v0x55c34e917ba0, 555;
v0x55c34e917ba0_556 .array/port v0x55c34e917ba0, 556;
v0x55c34e917ba0_557 .array/port v0x55c34e917ba0, 557;
E_0x55c34e9168a0/139 .event edge, v0x55c34e917ba0_554, v0x55c34e917ba0_555, v0x55c34e917ba0_556, v0x55c34e917ba0_557;
v0x55c34e917ba0_558 .array/port v0x55c34e917ba0, 558;
v0x55c34e917ba0_559 .array/port v0x55c34e917ba0, 559;
v0x55c34e917ba0_560 .array/port v0x55c34e917ba0, 560;
v0x55c34e917ba0_561 .array/port v0x55c34e917ba0, 561;
E_0x55c34e9168a0/140 .event edge, v0x55c34e917ba0_558, v0x55c34e917ba0_559, v0x55c34e917ba0_560, v0x55c34e917ba0_561;
v0x55c34e917ba0_562 .array/port v0x55c34e917ba0, 562;
v0x55c34e917ba0_563 .array/port v0x55c34e917ba0, 563;
v0x55c34e917ba0_564 .array/port v0x55c34e917ba0, 564;
v0x55c34e917ba0_565 .array/port v0x55c34e917ba0, 565;
E_0x55c34e9168a0/141 .event edge, v0x55c34e917ba0_562, v0x55c34e917ba0_563, v0x55c34e917ba0_564, v0x55c34e917ba0_565;
v0x55c34e917ba0_566 .array/port v0x55c34e917ba0, 566;
v0x55c34e917ba0_567 .array/port v0x55c34e917ba0, 567;
v0x55c34e917ba0_568 .array/port v0x55c34e917ba0, 568;
v0x55c34e917ba0_569 .array/port v0x55c34e917ba0, 569;
E_0x55c34e9168a0/142 .event edge, v0x55c34e917ba0_566, v0x55c34e917ba0_567, v0x55c34e917ba0_568, v0x55c34e917ba0_569;
v0x55c34e917ba0_570 .array/port v0x55c34e917ba0, 570;
v0x55c34e917ba0_571 .array/port v0x55c34e917ba0, 571;
v0x55c34e917ba0_572 .array/port v0x55c34e917ba0, 572;
v0x55c34e917ba0_573 .array/port v0x55c34e917ba0, 573;
E_0x55c34e9168a0/143 .event edge, v0x55c34e917ba0_570, v0x55c34e917ba0_571, v0x55c34e917ba0_572, v0x55c34e917ba0_573;
v0x55c34e917ba0_574 .array/port v0x55c34e917ba0, 574;
v0x55c34e917ba0_575 .array/port v0x55c34e917ba0, 575;
v0x55c34e917ba0_576 .array/port v0x55c34e917ba0, 576;
v0x55c34e917ba0_577 .array/port v0x55c34e917ba0, 577;
E_0x55c34e9168a0/144 .event edge, v0x55c34e917ba0_574, v0x55c34e917ba0_575, v0x55c34e917ba0_576, v0x55c34e917ba0_577;
v0x55c34e917ba0_578 .array/port v0x55c34e917ba0, 578;
v0x55c34e917ba0_579 .array/port v0x55c34e917ba0, 579;
v0x55c34e917ba0_580 .array/port v0x55c34e917ba0, 580;
v0x55c34e917ba0_581 .array/port v0x55c34e917ba0, 581;
E_0x55c34e9168a0/145 .event edge, v0x55c34e917ba0_578, v0x55c34e917ba0_579, v0x55c34e917ba0_580, v0x55c34e917ba0_581;
v0x55c34e917ba0_582 .array/port v0x55c34e917ba0, 582;
v0x55c34e917ba0_583 .array/port v0x55c34e917ba0, 583;
v0x55c34e917ba0_584 .array/port v0x55c34e917ba0, 584;
v0x55c34e917ba0_585 .array/port v0x55c34e917ba0, 585;
E_0x55c34e9168a0/146 .event edge, v0x55c34e917ba0_582, v0x55c34e917ba0_583, v0x55c34e917ba0_584, v0x55c34e917ba0_585;
v0x55c34e917ba0_586 .array/port v0x55c34e917ba0, 586;
v0x55c34e917ba0_587 .array/port v0x55c34e917ba0, 587;
v0x55c34e917ba0_588 .array/port v0x55c34e917ba0, 588;
v0x55c34e917ba0_589 .array/port v0x55c34e917ba0, 589;
E_0x55c34e9168a0/147 .event edge, v0x55c34e917ba0_586, v0x55c34e917ba0_587, v0x55c34e917ba0_588, v0x55c34e917ba0_589;
v0x55c34e917ba0_590 .array/port v0x55c34e917ba0, 590;
v0x55c34e917ba0_591 .array/port v0x55c34e917ba0, 591;
v0x55c34e917ba0_592 .array/port v0x55c34e917ba0, 592;
v0x55c34e917ba0_593 .array/port v0x55c34e917ba0, 593;
E_0x55c34e9168a0/148 .event edge, v0x55c34e917ba0_590, v0x55c34e917ba0_591, v0x55c34e917ba0_592, v0x55c34e917ba0_593;
v0x55c34e917ba0_594 .array/port v0x55c34e917ba0, 594;
v0x55c34e917ba0_595 .array/port v0x55c34e917ba0, 595;
v0x55c34e917ba0_596 .array/port v0x55c34e917ba0, 596;
v0x55c34e917ba0_597 .array/port v0x55c34e917ba0, 597;
E_0x55c34e9168a0/149 .event edge, v0x55c34e917ba0_594, v0x55c34e917ba0_595, v0x55c34e917ba0_596, v0x55c34e917ba0_597;
v0x55c34e917ba0_598 .array/port v0x55c34e917ba0, 598;
v0x55c34e917ba0_599 .array/port v0x55c34e917ba0, 599;
v0x55c34e917ba0_600 .array/port v0x55c34e917ba0, 600;
v0x55c34e917ba0_601 .array/port v0x55c34e917ba0, 601;
E_0x55c34e9168a0/150 .event edge, v0x55c34e917ba0_598, v0x55c34e917ba0_599, v0x55c34e917ba0_600, v0x55c34e917ba0_601;
v0x55c34e917ba0_602 .array/port v0x55c34e917ba0, 602;
v0x55c34e917ba0_603 .array/port v0x55c34e917ba0, 603;
v0x55c34e917ba0_604 .array/port v0x55c34e917ba0, 604;
v0x55c34e917ba0_605 .array/port v0x55c34e917ba0, 605;
E_0x55c34e9168a0/151 .event edge, v0x55c34e917ba0_602, v0x55c34e917ba0_603, v0x55c34e917ba0_604, v0x55c34e917ba0_605;
v0x55c34e917ba0_606 .array/port v0x55c34e917ba0, 606;
v0x55c34e917ba0_607 .array/port v0x55c34e917ba0, 607;
v0x55c34e917ba0_608 .array/port v0x55c34e917ba0, 608;
v0x55c34e917ba0_609 .array/port v0x55c34e917ba0, 609;
E_0x55c34e9168a0/152 .event edge, v0x55c34e917ba0_606, v0x55c34e917ba0_607, v0x55c34e917ba0_608, v0x55c34e917ba0_609;
v0x55c34e917ba0_610 .array/port v0x55c34e917ba0, 610;
v0x55c34e917ba0_611 .array/port v0x55c34e917ba0, 611;
v0x55c34e917ba0_612 .array/port v0x55c34e917ba0, 612;
v0x55c34e917ba0_613 .array/port v0x55c34e917ba0, 613;
E_0x55c34e9168a0/153 .event edge, v0x55c34e917ba0_610, v0x55c34e917ba0_611, v0x55c34e917ba0_612, v0x55c34e917ba0_613;
v0x55c34e917ba0_614 .array/port v0x55c34e917ba0, 614;
v0x55c34e917ba0_615 .array/port v0x55c34e917ba0, 615;
v0x55c34e917ba0_616 .array/port v0x55c34e917ba0, 616;
v0x55c34e917ba0_617 .array/port v0x55c34e917ba0, 617;
E_0x55c34e9168a0/154 .event edge, v0x55c34e917ba0_614, v0x55c34e917ba0_615, v0x55c34e917ba0_616, v0x55c34e917ba0_617;
v0x55c34e917ba0_618 .array/port v0x55c34e917ba0, 618;
v0x55c34e917ba0_619 .array/port v0x55c34e917ba0, 619;
v0x55c34e917ba0_620 .array/port v0x55c34e917ba0, 620;
v0x55c34e917ba0_621 .array/port v0x55c34e917ba0, 621;
E_0x55c34e9168a0/155 .event edge, v0x55c34e917ba0_618, v0x55c34e917ba0_619, v0x55c34e917ba0_620, v0x55c34e917ba0_621;
v0x55c34e917ba0_622 .array/port v0x55c34e917ba0, 622;
v0x55c34e917ba0_623 .array/port v0x55c34e917ba0, 623;
v0x55c34e917ba0_624 .array/port v0x55c34e917ba0, 624;
v0x55c34e917ba0_625 .array/port v0x55c34e917ba0, 625;
E_0x55c34e9168a0/156 .event edge, v0x55c34e917ba0_622, v0x55c34e917ba0_623, v0x55c34e917ba0_624, v0x55c34e917ba0_625;
v0x55c34e917ba0_626 .array/port v0x55c34e917ba0, 626;
v0x55c34e917ba0_627 .array/port v0x55c34e917ba0, 627;
v0x55c34e917ba0_628 .array/port v0x55c34e917ba0, 628;
v0x55c34e917ba0_629 .array/port v0x55c34e917ba0, 629;
E_0x55c34e9168a0/157 .event edge, v0x55c34e917ba0_626, v0x55c34e917ba0_627, v0x55c34e917ba0_628, v0x55c34e917ba0_629;
v0x55c34e917ba0_630 .array/port v0x55c34e917ba0, 630;
v0x55c34e917ba0_631 .array/port v0x55c34e917ba0, 631;
v0x55c34e917ba0_632 .array/port v0x55c34e917ba0, 632;
v0x55c34e917ba0_633 .array/port v0x55c34e917ba0, 633;
E_0x55c34e9168a0/158 .event edge, v0x55c34e917ba0_630, v0x55c34e917ba0_631, v0x55c34e917ba0_632, v0x55c34e917ba0_633;
v0x55c34e917ba0_634 .array/port v0x55c34e917ba0, 634;
v0x55c34e917ba0_635 .array/port v0x55c34e917ba0, 635;
v0x55c34e917ba0_636 .array/port v0x55c34e917ba0, 636;
v0x55c34e917ba0_637 .array/port v0x55c34e917ba0, 637;
E_0x55c34e9168a0/159 .event edge, v0x55c34e917ba0_634, v0x55c34e917ba0_635, v0x55c34e917ba0_636, v0x55c34e917ba0_637;
v0x55c34e917ba0_638 .array/port v0x55c34e917ba0, 638;
v0x55c34e917ba0_639 .array/port v0x55c34e917ba0, 639;
v0x55c34e917ba0_640 .array/port v0x55c34e917ba0, 640;
v0x55c34e917ba0_641 .array/port v0x55c34e917ba0, 641;
E_0x55c34e9168a0/160 .event edge, v0x55c34e917ba0_638, v0x55c34e917ba0_639, v0x55c34e917ba0_640, v0x55c34e917ba0_641;
v0x55c34e917ba0_642 .array/port v0x55c34e917ba0, 642;
v0x55c34e917ba0_643 .array/port v0x55c34e917ba0, 643;
v0x55c34e917ba0_644 .array/port v0x55c34e917ba0, 644;
v0x55c34e917ba0_645 .array/port v0x55c34e917ba0, 645;
E_0x55c34e9168a0/161 .event edge, v0x55c34e917ba0_642, v0x55c34e917ba0_643, v0x55c34e917ba0_644, v0x55c34e917ba0_645;
v0x55c34e917ba0_646 .array/port v0x55c34e917ba0, 646;
v0x55c34e917ba0_647 .array/port v0x55c34e917ba0, 647;
v0x55c34e917ba0_648 .array/port v0x55c34e917ba0, 648;
v0x55c34e917ba0_649 .array/port v0x55c34e917ba0, 649;
E_0x55c34e9168a0/162 .event edge, v0x55c34e917ba0_646, v0x55c34e917ba0_647, v0x55c34e917ba0_648, v0x55c34e917ba0_649;
v0x55c34e917ba0_650 .array/port v0x55c34e917ba0, 650;
v0x55c34e917ba0_651 .array/port v0x55c34e917ba0, 651;
v0x55c34e917ba0_652 .array/port v0x55c34e917ba0, 652;
v0x55c34e917ba0_653 .array/port v0x55c34e917ba0, 653;
E_0x55c34e9168a0/163 .event edge, v0x55c34e917ba0_650, v0x55c34e917ba0_651, v0x55c34e917ba0_652, v0x55c34e917ba0_653;
v0x55c34e917ba0_654 .array/port v0x55c34e917ba0, 654;
v0x55c34e917ba0_655 .array/port v0x55c34e917ba0, 655;
v0x55c34e917ba0_656 .array/port v0x55c34e917ba0, 656;
v0x55c34e917ba0_657 .array/port v0x55c34e917ba0, 657;
E_0x55c34e9168a0/164 .event edge, v0x55c34e917ba0_654, v0x55c34e917ba0_655, v0x55c34e917ba0_656, v0x55c34e917ba0_657;
v0x55c34e917ba0_658 .array/port v0x55c34e917ba0, 658;
v0x55c34e917ba0_659 .array/port v0x55c34e917ba0, 659;
v0x55c34e917ba0_660 .array/port v0x55c34e917ba0, 660;
v0x55c34e917ba0_661 .array/port v0x55c34e917ba0, 661;
E_0x55c34e9168a0/165 .event edge, v0x55c34e917ba0_658, v0x55c34e917ba0_659, v0x55c34e917ba0_660, v0x55c34e917ba0_661;
v0x55c34e917ba0_662 .array/port v0x55c34e917ba0, 662;
v0x55c34e917ba0_663 .array/port v0x55c34e917ba0, 663;
v0x55c34e917ba0_664 .array/port v0x55c34e917ba0, 664;
v0x55c34e917ba0_665 .array/port v0x55c34e917ba0, 665;
E_0x55c34e9168a0/166 .event edge, v0x55c34e917ba0_662, v0x55c34e917ba0_663, v0x55c34e917ba0_664, v0x55c34e917ba0_665;
v0x55c34e917ba0_666 .array/port v0x55c34e917ba0, 666;
v0x55c34e917ba0_667 .array/port v0x55c34e917ba0, 667;
v0x55c34e917ba0_668 .array/port v0x55c34e917ba0, 668;
v0x55c34e917ba0_669 .array/port v0x55c34e917ba0, 669;
E_0x55c34e9168a0/167 .event edge, v0x55c34e917ba0_666, v0x55c34e917ba0_667, v0x55c34e917ba0_668, v0x55c34e917ba0_669;
v0x55c34e917ba0_670 .array/port v0x55c34e917ba0, 670;
v0x55c34e917ba0_671 .array/port v0x55c34e917ba0, 671;
v0x55c34e917ba0_672 .array/port v0x55c34e917ba0, 672;
v0x55c34e917ba0_673 .array/port v0x55c34e917ba0, 673;
E_0x55c34e9168a0/168 .event edge, v0x55c34e917ba0_670, v0x55c34e917ba0_671, v0x55c34e917ba0_672, v0x55c34e917ba0_673;
v0x55c34e917ba0_674 .array/port v0x55c34e917ba0, 674;
v0x55c34e917ba0_675 .array/port v0x55c34e917ba0, 675;
v0x55c34e917ba0_676 .array/port v0x55c34e917ba0, 676;
v0x55c34e917ba0_677 .array/port v0x55c34e917ba0, 677;
E_0x55c34e9168a0/169 .event edge, v0x55c34e917ba0_674, v0x55c34e917ba0_675, v0x55c34e917ba0_676, v0x55c34e917ba0_677;
v0x55c34e917ba0_678 .array/port v0x55c34e917ba0, 678;
v0x55c34e917ba0_679 .array/port v0x55c34e917ba0, 679;
v0x55c34e917ba0_680 .array/port v0x55c34e917ba0, 680;
v0x55c34e917ba0_681 .array/port v0x55c34e917ba0, 681;
E_0x55c34e9168a0/170 .event edge, v0x55c34e917ba0_678, v0x55c34e917ba0_679, v0x55c34e917ba0_680, v0x55c34e917ba0_681;
v0x55c34e917ba0_682 .array/port v0x55c34e917ba0, 682;
v0x55c34e917ba0_683 .array/port v0x55c34e917ba0, 683;
v0x55c34e917ba0_684 .array/port v0x55c34e917ba0, 684;
v0x55c34e917ba0_685 .array/port v0x55c34e917ba0, 685;
E_0x55c34e9168a0/171 .event edge, v0x55c34e917ba0_682, v0x55c34e917ba0_683, v0x55c34e917ba0_684, v0x55c34e917ba0_685;
v0x55c34e917ba0_686 .array/port v0x55c34e917ba0, 686;
v0x55c34e917ba0_687 .array/port v0x55c34e917ba0, 687;
v0x55c34e917ba0_688 .array/port v0x55c34e917ba0, 688;
v0x55c34e917ba0_689 .array/port v0x55c34e917ba0, 689;
E_0x55c34e9168a0/172 .event edge, v0x55c34e917ba0_686, v0x55c34e917ba0_687, v0x55c34e917ba0_688, v0x55c34e917ba0_689;
v0x55c34e917ba0_690 .array/port v0x55c34e917ba0, 690;
v0x55c34e917ba0_691 .array/port v0x55c34e917ba0, 691;
v0x55c34e917ba0_692 .array/port v0x55c34e917ba0, 692;
v0x55c34e917ba0_693 .array/port v0x55c34e917ba0, 693;
E_0x55c34e9168a0/173 .event edge, v0x55c34e917ba0_690, v0x55c34e917ba0_691, v0x55c34e917ba0_692, v0x55c34e917ba0_693;
v0x55c34e917ba0_694 .array/port v0x55c34e917ba0, 694;
v0x55c34e917ba0_695 .array/port v0x55c34e917ba0, 695;
v0x55c34e917ba0_696 .array/port v0x55c34e917ba0, 696;
v0x55c34e917ba0_697 .array/port v0x55c34e917ba0, 697;
E_0x55c34e9168a0/174 .event edge, v0x55c34e917ba0_694, v0x55c34e917ba0_695, v0x55c34e917ba0_696, v0x55c34e917ba0_697;
v0x55c34e917ba0_698 .array/port v0x55c34e917ba0, 698;
v0x55c34e917ba0_699 .array/port v0x55c34e917ba0, 699;
v0x55c34e917ba0_700 .array/port v0x55c34e917ba0, 700;
v0x55c34e917ba0_701 .array/port v0x55c34e917ba0, 701;
E_0x55c34e9168a0/175 .event edge, v0x55c34e917ba0_698, v0x55c34e917ba0_699, v0x55c34e917ba0_700, v0x55c34e917ba0_701;
v0x55c34e917ba0_702 .array/port v0x55c34e917ba0, 702;
v0x55c34e917ba0_703 .array/port v0x55c34e917ba0, 703;
v0x55c34e917ba0_704 .array/port v0x55c34e917ba0, 704;
v0x55c34e917ba0_705 .array/port v0x55c34e917ba0, 705;
E_0x55c34e9168a0/176 .event edge, v0x55c34e917ba0_702, v0x55c34e917ba0_703, v0x55c34e917ba0_704, v0x55c34e917ba0_705;
v0x55c34e917ba0_706 .array/port v0x55c34e917ba0, 706;
v0x55c34e917ba0_707 .array/port v0x55c34e917ba0, 707;
v0x55c34e917ba0_708 .array/port v0x55c34e917ba0, 708;
v0x55c34e917ba0_709 .array/port v0x55c34e917ba0, 709;
E_0x55c34e9168a0/177 .event edge, v0x55c34e917ba0_706, v0x55c34e917ba0_707, v0x55c34e917ba0_708, v0x55c34e917ba0_709;
v0x55c34e917ba0_710 .array/port v0x55c34e917ba0, 710;
v0x55c34e917ba0_711 .array/port v0x55c34e917ba0, 711;
v0x55c34e917ba0_712 .array/port v0x55c34e917ba0, 712;
v0x55c34e917ba0_713 .array/port v0x55c34e917ba0, 713;
E_0x55c34e9168a0/178 .event edge, v0x55c34e917ba0_710, v0x55c34e917ba0_711, v0x55c34e917ba0_712, v0x55c34e917ba0_713;
v0x55c34e917ba0_714 .array/port v0x55c34e917ba0, 714;
v0x55c34e917ba0_715 .array/port v0x55c34e917ba0, 715;
v0x55c34e917ba0_716 .array/port v0x55c34e917ba0, 716;
v0x55c34e917ba0_717 .array/port v0x55c34e917ba0, 717;
E_0x55c34e9168a0/179 .event edge, v0x55c34e917ba0_714, v0x55c34e917ba0_715, v0x55c34e917ba0_716, v0x55c34e917ba0_717;
v0x55c34e917ba0_718 .array/port v0x55c34e917ba0, 718;
v0x55c34e917ba0_719 .array/port v0x55c34e917ba0, 719;
v0x55c34e917ba0_720 .array/port v0x55c34e917ba0, 720;
v0x55c34e917ba0_721 .array/port v0x55c34e917ba0, 721;
E_0x55c34e9168a0/180 .event edge, v0x55c34e917ba0_718, v0x55c34e917ba0_719, v0x55c34e917ba0_720, v0x55c34e917ba0_721;
v0x55c34e917ba0_722 .array/port v0x55c34e917ba0, 722;
v0x55c34e917ba0_723 .array/port v0x55c34e917ba0, 723;
v0x55c34e917ba0_724 .array/port v0x55c34e917ba0, 724;
v0x55c34e917ba0_725 .array/port v0x55c34e917ba0, 725;
E_0x55c34e9168a0/181 .event edge, v0x55c34e917ba0_722, v0x55c34e917ba0_723, v0x55c34e917ba0_724, v0x55c34e917ba0_725;
v0x55c34e917ba0_726 .array/port v0x55c34e917ba0, 726;
v0x55c34e917ba0_727 .array/port v0x55c34e917ba0, 727;
v0x55c34e917ba0_728 .array/port v0x55c34e917ba0, 728;
v0x55c34e917ba0_729 .array/port v0x55c34e917ba0, 729;
E_0x55c34e9168a0/182 .event edge, v0x55c34e917ba0_726, v0x55c34e917ba0_727, v0x55c34e917ba0_728, v0x55c34e917ba0_729;
v0x55c34e917ba0_730 .array/port v0x55c34e917ba0, 730;
v0x55c34e917ba0_731 .array/port v0x55c34e917ba0, 731;
v0x55c34e917ba0_732 .array/port v0x55c34e917ba0, 732;
v0x55c34e917ba0_733 .array/port v0x55c34e917ba0, 733;
E_0x55c34e9168a0/183 .event edge, v0x55c34e917ba0_730, v0x55c34e917ba0_731, v0x55c34e917ba0_732, v0x55c34e917ba0_733;
v0x55c34e917ba0_734 .array/port v0x55c34e917ba0, 734;
v0x55c34e917ba0_735 .array/port v0x55c34e917ba0, 735;
v0x55c34e917ba0_736 .array/port v0x55c34e917ba0, 736;
v0x55c34e917ba0_737 .array/port v0x55c34e917ba0, 737;
E_0x55c34e9168a0/184 .event edge, v0x55c34e917ba0_734, v0x55c34e917ba0_735, v0x55c34e917ba0_736, v0x55c34e917ba0_737;
v0x55c34e917ba0_738 .array/port v0x55c34e917ba0, 738;
v0x55c34e917ba0_739 .array/port v0x55c34e917ba0, 739;
v0x55c34e917ba0_740 .array/port v0x55c34e917ba0, 740;
v0x55c34e917ba0_741 .array/port v0x55c34e917ba0, 741;
E_0x55c34e9168a0/185 .event edge, v0x55c34e917ba0_738, v0x55c34e917ba0_739, v0x55c34e917ba0_740, v0x55c34e917ba0_741;
v0x55c34e917ba0_742 .array/port v0x55c34e917ba0, 742;
v0x55c34e917ba0_743 .array/port v0x55c34e917ba0, 743;
v0x55c34e917ba0_744 .array/port v0x55c34e917ba0, 744;
v0x55c34e917ba0_745 .array/port v0x55c34e917ba0, 745;
E_0x55c34e9168a0/186 .event edge, v0x55c34e917ba0_742, v0x55c34e917ba0_743, v0x55c34e917ba0_744, v0x55c34e917ba0_745;
v0x55c34e917ba0_746 .array/port v0x55c34e917ba0, 746;
v0x55c34e917ba0_747 .array/port v0x55c34e917ba0, 747;
v0x55c34e917ba0_748 .array/port v0x55c34e917ba0, 748;
v0x55c34e917ba0_749 .array/port v0x55c34e917ba0, 749;
E_0x55c34e9168a0/187 .event edge, v0x55c34e917ba0_746, v0x55c34e917ba0_747, v0x55c34e917ba0_748, v0x55c34e917ba0_749;
v0x55c34e917ba0_750 .array/port v0x55c34e917ba0, 750;
v0x55c34e917ba0_751 .array/port v0x55c34e917ba0, 751;
v0x55c34e917ba0_752 .array/port v0x55c34e917ba0, 752;
v0x55c34e917ba0_753 .array/port v0x55c34e917ba0, 753;
E_0x55c34e9168a0/188 .event edge, v0x55c34e917ba0_750, v0x55c34e917ba0_751, v0x55c34e917ba0_752, v0x55c34e917ba0_753;
v0x55c34e917ba0_754 .array/port v0x55c34e917ba0, 754;
v0x55c34e917ba0_755 .array/port v0x55c34e917ba0, 755;
v0x55c34e917ba0_756 .array/port v0x55c34e917ba0, 756;
v0x55c34e917ba0_757 .array/port v0x55c34e917ba0, 757;
E_0x55c34e9168a0/189 .event edge, v0x55c34e917ba0_754, v0x55c34e917ba0_755, v0x55c34e917ba0_756, v0x55c34e917ba0_757;
v0x55c34e917ba0_758 .array/port v0x55c34e917ba0, 758;
v0x55c34e917ba0_759 .array/port v0x55c34e917ba0, 759;
v0x55c34e917ba0_760 .array/port v0x55c34e917ba0, 760;
v0x55c34e917ba0_761 .array/port v0x55c34e917ba0, 761;
E_0x55c34e9168a0/190 .event edge, v0x55c34e917ba0_758, v0x55c34e917ba0_759, v0x55c34e917ba0_760, v0x55c34e917ba0_761;
v0x55c34e917ba0_762 .array/port v0x55c34e917ba0, 762;
v0x55c34e917ba0_763 .array/port v0x55c34e917ba0, 763;
v0x55c34e917ba0_764 .array/port v0x55c34e917ba0, 764;
v0x55c34e917ba0_765 .array/port v0x55c34e917ba0, 765;
E_0x55c34e9168a0/191 .event edge, v0x55c34e917ba0_762, v0x55c34e917ba0_763, v0x55c34e917ba0_764, v0x55c34e917ba0_765;
v0x55c34e917ba0_766 .array/port v0x55c34e917ba0, 766;
v0x55c34e917ba0_767 .array/port v0x55c34e917ba0, 767;
v0x55c34e917ba0_768 .array/port v0x55c34e917ba0, 768;
v0x55c34e917ba0_769 .array/port v0x55c34e917ba0, 769;
E_0x55c34e9168a0/192 .event edge, v0x55c34e917ba0_766, v0x55c34e917ba0_767, v0x55c34e917ba0_768, v0x55c34e917ba0_769;
v0x55c34e917ba0_770 .array/port v0x55c34e917ba0, 770;
v0x55c34e917ba0_771 .array/port v0x55c34e917ba0, 771;
v0x55c34e917ba0_772 .array/port v0x55c34e917ba0, 772;
v0x55c34e917ba0_773 .array/port v0x55c34e917ba0, 773;
E_0x55c34e9168a0/193 .event edge, v0x55c34e917ba0_770, v0x55c34e917ba0_771, v0x55c34e917ba0_772, v0x55c34e917ba0_773;
v0x55c34e917ba0_774 .array/port v0x55c34e917ba0, 774;
v0x55c34e917ba0_775 .array/port v0x55c34e917ba0, 775;
v0x55c34e917ba0_776 .array/port v0x55c34e917ba0, 776;
v0x55c34e917ba0_777 .array/port v0x55c34e917ba0, 777;
E_0x55c34e9168a0/194 .event edge, v0x55c34e917ba0_774, v0x55c34e917ba0_775, v0x55c34e917ba0_776, v0x55c34e917ba0_777;
v0x55c34e917ba0_778 .array/port v0x55c34e917ba0, 778;
v0x55c34e917ba0_779 .array/port v0x55c34e917ba0, 779;
v0x55c34e917ba0_780 .array/port v0x55c34e917ba0, 780;
v0x55c34e917ba0_781 .array/port v0x55c34e917ba0, 781;
E_0x55c34e9168a0/195 .event edge, v0x55c34e917ba0_778, v0x55c34e917ba0_779, v0x55c34e917ba0_780, v0x55c34e917ba0_781;
v0x55c34e917ba0_782 .array/port v0x55c34e917ba0, 782;
v0x55c34e917ba0_783 .array/port v0x55c34e917ba0, 783;
v0x55c34e917ba0_784 .array/port v0x55c34e917ba0, 784;
v0x55c34e917ba0_785 .array/port v0x55c34e917ba0, 785;
E_0x55c34e9168a0/196 .event edge, v0x55c34e917ba0_782, v0x55c34e917ba0_783, v0x55c34e917ba0_784, v0x55c34e917ba0_785;
v0x55c34e917ba0_786 .array/port v0x55c34e917ba0, 786;
v0x55c34e917ba0_787 .array/port v0x55c34e917ba0, 787;
v0x55c34e917ba0_788 .array/port v0x55c34e917ba0, 788;
v0x55c34e917ba0_789 .array/port v0x55c34e917ba0, 789;
E_0x55c34e9168a0/197 .event edge, v0x55c34e917ba0_786, v0x55c34e917ba0_787, v0x55c34e917ba0_788, v0x55c34e917ba0_789;
v0x55c34e917ba0_790 .array/port v0x55c34e917ba0, 790;
v0x55c34e917ba0_791 .array/port v0x55c34e917ba0, 791;
v0x55c34e917ba0_792 .array/port v0x55c34e917ba0, 792;
v0x55c34e917ba0_793 .array/port v0x55c34e917ba0, 793;
E_0x55c34e9168a0/198 .event edge, v0x55c34e917ba0_790, v0x55c34e917ba0_791, v0x55c34e917ba0_792, v0x55c34e917ba0_793;
v0x55c34e917ba0_794 .array/port v0x55c34e917ba0, 794;
v0x55c34e917ba0_795 .array/port v0x55c34e917ba0, 795;
v0x55c34e917ba0_796 .array/port v0x55c34e917ba0, 796;
v0x55c34e917ba0_797 .array/port v0x55c34e917ba0, 797;
E_0x55c34e9168a0/199 .event edge, v0x55c34e917ba0_794, v0x55c34e917ba0_795, v0x55c34e917ba0_796, v0x55c34e917ba0_797;
v0x55c34e917ba0_798 .array/port v0x55c34e917ba0, 798;
v0x55c34e917ba0_799 .array/port v0x55c34e917ba0, 799;
v0x55c34e917ba0_800 .array/port v0x55c34e917ba0, 800;
v0x55c34e917ba0_801 .array/port v0x55c34e917ba0, 801;
E_0x55c34e9168a0/200 .event edge, v0x55c34e917ba0_798, v0x55c34e917ba0_799, v0x55c34e917ba0_800, v0x55c34e917ba0_801;
v0x55c34e917ba0_802 .array/port v0x55c34e917ba0, 802;
v0x55c34e917ba0_803 .array/port v0x55c34e917ba0, 803;
v0x55c34e917ba0_804 .array/port v0x55c34e917ba0, 804;
v0x55c34e917ba0_805 .array/port v0x55c34e917ba0, 805;
E_0x55c34e9168a0/201 .event edge, v0x55c34e917ba0_802, v0x55c34e917ba0_803, v0x55c34e917ba0_804, v0x55c34e917ba0_805;
v0x55c34e917ba0_806 .array/port v0x55c34e917ba0, 806;
v0x55c34e917ba0_807 .array/port v0x55c34e917ba0, 807;
v0x55c34e917ba0_808 .array/port v0x55c34e917ba0, 808;
v0x55c34e917ba0_809 .array/port v0x55c34e917ba0, 809;
E_0x55c34e9168a0/202 .event edge, v0x55c34e917ba0_806, v0x55c34e917ba0_807, v0x55c34e917ba0_808, v0x55c34e917ba0_809;
v0x55c34e917ba0_810 .array/port v0x55c34e917ba0, 810;
v0x55c34e917ba0_811 .array/port v0x55c34e917ba0, 811;
v0x55c34e917ba0_812 .array/port v0x55c34e917ba0, 812;
v0x55c34e917ba0_813 .array/port v0x55c34e917ba0, 813;
E_0x55c34e9168a0/203 .event edge, v0x55c34e917ba0_810, v0x55c34e917ba0_811, v0x55c34e917ba0_812, v0x55c34e917ba0_813;
v0x55c34e917ba0_814 .array/port v0x55c34e917ba0, 814;
v0x55c34e917ba0_815 .array/port v0x55c34e917ba0, 815;
v0x55c34e917ba0_816 .array/port v0x55c34e917ba0, 816;
v0x55c34e917ba0_817 .array/port v0x55c34e917ba0, 817;
E_0x55c34e9168a0/204 .event edge, v0x55c34e917ba0_814, v0x55c34e917ba0_815, v0x55c34e917ba0_816, v0x55c34e917ba0_817;
v0x55c34e917ba0_818 .array/port v0x55c34e917ba0, 818;
v0x55c34e917ba0_819 .array/port v0x55c34e917ba0, 819;
v0x55c34e917ba0_820 .array/port v0x55c34e917ba0, 820;
v0x55c34e917ba0_821 .array/port v0x55c34e917ba0, 821;
E_0x55c34e9168a0/205 .event edge, v0x55c34e917ba0_818, v0x55c34e917ba0_819, v0x55c34e917ba0_820, v0x55c34e917ba0_821;
v0x55c34e917ba0_822 .array/port v0x55c34e917ba0, 822;
v0x55c34e917ba0_823 .array/port v0x55c34e917ba0, 823;
v0x55c34e917ba0_824 .array/port v0x55c34e917ba0, 824;
v0x55c34e917ba0_825 .array/port v0x55c34e917ba0, 825;
E_0x55c34e9168a0/206 .event edge, v0x55c34e917ba0_822, v0x55c34e917ba0_823, v0x55c34e917ba0_824, v0x55c34e917ba0_825;
v0x55c34e917ba0_826 .array/port v0x55c34e917ba0, 826;
v0x55c34e917ba0_827 .array/port v0x55c34e917ba0, 827;
v0x55c34e917ba0_828 .array/port v0x55c34e917ba0, 828;
v0x55c34e917ba0_829 .array/port v0x55c34e917ba0, 829;
E_0x55c34e9168a0/207 .event edge, v0x55c34e917ba0_826, v0x55c34e917ba0_827, v0x55c34e917ba0_828, v0x55c34e917ba0_829;
v0x55c34e917ba0_830 .array/port v0x55c34e917ba0, 830;
v0x55c34e917ba0_831 .array/port v0x55c34e917ba0, 831;
v0x55c34e917ba0_832 .array/port v0x55c34e917ba0, 832;
v0x55c34e917ba0_833 .array/port v0x55c34e917ba0, 833;
E_0x55c34e9168a0/208 .event edge, v0x55c34e917ba0_830, v0x55c34e917ba0_831, v0x55c34e917ba0_832, v0x55c34e917ba0_833;
v0x55c34e917ba0_834 .array/port v0x55c34e917ba0, 834;
v0x55c34e917ba0_835 .array/port v0x55c34e917ba0, 835;
v0x55c34e917ba0_836 .array/port v0x55c34e917ba0, 836;
v0x55c34e917ba0_837 .array/port v0x55c34e917ba0, 837;
E_0x55c34e9168a0/209 .event edge, v0x55c34e917ba0_834, v0x55c34e917ba0_835, v0x55c34e917ba0_836, v0x55c34e917ba0_837;
v0x55c34e917ba0_838 .array/port v0x55c34e917ba0, 838;
v0x55c34e917ba0_839 .array/port v0x55c34e917ba0, 839;
v0x55c34e917ba0_840 .array/port v0x55c34e917ba0, 840;
v0x55c34e917ba0_841 .array/port v0x55c34e917ba0, 841;
E_0x55c34e9168a0/210 .event edge, v0x55c34e917ba0_838, v0x55c34e917ba0_839, v0x55c34e917ba0_840, v0x55c34e917ba0_841;
v0x55c34e917ba0_842 .array/port v0x55c34e917ba0, 842;
v0x55c34e917ba0_843 .array/port v0x55c34e917ba0, 843;
v0x55c34e917ba0_844 .array/port v0x55c34e917ba0, 844;
v0x55c34e917ba0_845 .array/port v0x55c34e917ba0, 845;
E_0x55c34e9168a0/211 .event edge, v0x55c34e917ba0_842, v0x55c34e917ba0_843, v0x55c34e917ba0_844, v0x55c34e917ba0_845;
v0x55c34e917ba0_846 .array/port v0x55c34e917ba0, 846;
v0x55c34e917ba0_847 .array/port v0x55c34e917ba0, 847;
v0x55c34e917ba0_848 .array/port v0x55c34e917ba0, 848;
v0x55c34e917ba0_849 .array/port v0x55c34e917ba0, 849;
E_0x55c34e9168a0/212 .event edge, v0x55c34e917ba0_846, v0x55c34e917ba0_847, v0x55c34e917ba0_848, v0x55c34e917ba0_849;
v0x55c34e917ba0_850 .array/port v0x55c34e917ba0, 850;
v0x55c34e917ba0_851 .array/port v0x55c34e917ba0, 851;
v0x55c34e917ba0_852 .array/port v0x55c34e917ba0, 852;
v0x55c34e917ba0_853 .array/port v0x55c34e917ba0, 853;
E_0x55c34e9168a0/213 .event edge, v0x55c34e917ba0_850, v0x55c34e917ba0_851, v0x55c34e917ba0_852, v0x55c34e917ba0_853;
v0x55c34e917ba0_854 .array/port v0x55c34e917ba0, 854;
v0x55c34e917ba0_855 .array/port v0x55c34e917ba0, 855;
v0x55c34e917ba0_856 .array/port v0x55c34e917ba0, 856;
v0x55c34e917ba0_857 .array/port v0x55c34e917ba0, 857;
E_0x55c34e9168a0/214 .event edge, v0x55c34e917ba0_854, v0x55c34e917ba0_855, v0x55c34e917ba0_856, v0x55c34e917ba0_857;
v0x55c34e917ba0_858 .array/port v0x55c34e917ba0, 858;
v0x55c34e917ba0_859 .array/port v0x55c34e917ba0, 859;
v0x55c34e917ba0_860 .array/port v0x55c34e917ba0, 860;
v0x55c34e917ba0_861 .array/port v0x55c34e917ba0, 861;
E_0x55c34e9168a0/215 .event edge, v0x55c34e917ba0_858, v0x55c34e917ba0_859, v0x55c34e917ba0_860, v0x55c34e917ba0_861;
v0x55c34e917ba0_862 .array/port v0x55c34e917ba0, 862;
v0x55c34e917ba0_863 .array/port v0x55c34e917ba0, 863;
v0x55c34e917ba0_864 .array/port v0x55c34e917ba0, 864;
v0x55c34e917ba0_865 .array/port v0x55c34e917ba0, 865;
E_0x55c34e9168a0/216 .event edge, v0x55c34e917ba0_862, v0x55c34e917ba0_863, v0x55c34e917ba0_864, v0x55c34e917ba0_865;
v0x55c34e917ba0_866 .array/port v0x55c34e917ba0, 866;
v0x55c34e917ba0_867 .array/port v0x55c34e917ba0, 867;
v0x55c34e917ba0_868 .array/port v0x55c34e917ba0, 868;
v0x55c34e917ba0_869 .array/port v0x55c34e917ba0, 869;
E_0x55c34e9168a0/217 .event edge, v0x55c34e917ba0_866, v0x55c34e917ba0_867, v0x55c34e917ba0_868, v0x55c34e917ba0_869;
v0x55c34e917ba0_870 .array/port v0x55c34e917ba0, 870;
v0x55c34e917ba0_871 .array/port v0x55c34e917ba0, 871;
v0x55c34e917ba0_872 .array/port v0x55c34e917ba0, 872;
v0x55c34e917ba0_873 .array/port v0x55c34e917ba0, 873;
E_0x55c34e9168a0/218 .event edge, v0x55c34e917ba0_870, v0x55c34e917ba0_871, v0x55c34e917ba0_872, v0x55c34e917ba0_873;
v0x55c34e917ba0_874 .array/port v0x55c34e917ba0, 874;
v0x55c34e917ba0_875 .array/port v0x55c34e917ba0, 875;
v0x55c34e917ba0_876 .array/port v0x55c34e917ba0, 876;
v0x55c34e917ba0_877 .array/port v0x55c34e917ba0, 877;
E_0x55c34e9168a0/219 .event edge, v0x55c34e917ba0_874, v0x55c34e917ba0_875, v0x55c34e917ba0_876, v0x55c34e917ba0_877;
v0x55c34e917ba0_878 .array/port v0x55c34e917ba0, 878;
v0x55c34e917ba0_879 .array/port v0x55c34e917ba0, 879;
v0x55c34e917ba0_880 .array/port v0x55c34e917ba0, 880;
v0x55c34e917ba0_881 .array/port v0x55c34e917ba0, 881;
E_0x55c34e9168a0/220 .event edge, v0x55c34e917ba0_878, v0x55c34e917ba0_879, v0x55c34e917ba0_880, v0x55c34e917ba0_881;
v0x55c34e917ba0_882 .array/port v0x55c34e917ba0, 882;
v0x55c34e917ba0_883 .array/port v0x55c34e917ba0, 883;
v0x55c34e917ba0_884 .array/port v0x55c34e917ba0, 884;
v0x55c34e917ba0_885 .array/port v0x55c34e917ba0, 885;
E_0x55c34e9168a0/221 .event edge, v0x55c34e917ba0_882, v0x55c34e917ba0_883, v0x55c34e917ba0_884, v0x55c34e917ba0_885;
v0x55c34e917ba0_886 .array/port v0x55c34e917ba0, 886;
v0x55c34e917ba0_887 .array/port v0x55c34e917ba0, 887;
v0x55c34e917ba0_888 .array/port v0x55c34e917ba0, 888;
v0x55c34e917ba0_889 .array/port v0x55c34e917ba0, 889;
E_0x55c34e9168a0/222 .event edge, v0x55c34e917ba0_886, v0x55c34e917ba0_887, v0x55c34e917ba0_888, v0x55c34e917ba0_889;
v0x55c34e917ba0_890 .array/port v0x55c34e917ba0, 890;
v0x55c34e917ba0_891 .array/port v0x55c34e917ba0, 891;
v0x55c34e917ba0_892 .array/port v0x55c34e917ba0, 892;
v0x55c34e917ba0_893 .array/port v0x55c34e917ba0, 893;
E_0x55c34e9168a0/223 .event edge, v0x55c34e917ba0_890, v0x55c34e917ba0_891, v0x55c34e917ba0_892, v0x55c34e917ba0_893;
v0x55c34e917ba0_894 .array/port v0x55c34e917ba0, 894;
v0x55c34e917ba0_895 .array/port v0x55c34e917ba0, 895;
v0x55c34e917ba0_896 .array/port v0x55c34e917ba0, 896;
v0x55c34e917ba0_897 .array/port v0x55c34e917ba0, 897;
E_0x55c34e9168a0/224 .event edge, v0x55c34e917ba0_894, v0x55c34e917ba0_895, v0x55c34e917ba0_896, v0x55c34e917ba0_897;
v0x55c34e917ba0_898 .array/port v0x55c34e917ba0, 898;
v0x55c34e917ba0_899 .array/port v0x55c34e917ba0, 899;
v0x55c34e917ba0_900 .array/port v0x55c34e917ba0, 900;
v0x55c34e917ba0_901 .array/port v0x55c34e917ba0, 901;
E_0x55c34e9168a0/225 .event edge, v0x55c34e917ba0_898, v0x55c34e917ba0_899, v0x55c34e917ba0_900, v0x55c34e917ba0_901;
v0x55c34e917ba0_902 .array/port v0x55c34e917ba0, 902;
v0x55c34e917ba0_903 .array/port v0x55c34e917ba0, 903;
v0x55c34e917ba0_904 .array/port v0x55c34e917ba0, 904;
v0x55c34e917ba0_905 .array/port v0x55c34e917ba0, 905;
E_0x55c34e9168a0/226 .event edge, v0x55c34e917ba0_902, v0x55c34e917ba0_903, v0x55c34e917ba0_904, v0x55c34e917ba0_905;
v0x55c34e917ba0_906 .array/port v0x55c34e917ba0, 906;
v0x55c34e917ba0_907 .array/port v0x55c34e917ba0, 907;
v0x55c34e917ba0_908 .array/port v0x55c34e917ba0, 908;
v0x55c34e917ba0_909 .array/port v0x55c34e917ba0, 909;
E_0x55c34e9168a0/227 .event edge, v0x55c34e917ba0_906, v0x55c34e917ba0_907, v0x55c34e917ba0_908, v0x55c34e917ba0_909;
v0x55c34e917ba0_910 .array/port v0x55c34e917ba0, 910;
v0x55c34e917ba0_911 .array/port v0x55c34e917ba0, 911;
v0x55c34e917ba0_912 .array/port v0x55c34e917ba0, 912;
v0x55c34e917ba0_913 .array/port v0x55c34e917ba0, 913;
E_0x55c34e9168a0/228 .event edge, v0x55c34e917ba0_910, v0x55c34e917ba0_911, v0x55c34e917ba0_912, v0x55c34e917ba0_913;
v0x55c34e917ba0_914 .array/port v0x55c34e917ba0, 914;
v0x55c34e917ba0_915 .array/port v0x55c34e917ba0, 915;
v0x55c34e917ba0_916 .array/port v0x55c34e917ba0, 916;
v0x55c34e917ba0_917 .array/port v0x55c34e917ba0, 917;
E_0x55c34e9168a0/229 .event edge, v0x55c34e917ba0_914, v0x55c34e917ba0_915, v0x55c34e917ba0_916, v0x55c34e917ba0_917;
v0x55c34e917ba0_918 .array/port v0x55c34e917ba0, 918;
v0x55c34e917ba0_919 .array/port v0x55c34e917ba0, 919;
v0x55c34e917ba0_920 .array/port v0x55c34e917ba0, 920;
v0x55c34e917ba0_921 .array/port v0x55c34e917ba0, 921;
E_0x55c34e9168a0/230 .event edge, v0x55c34e917ba0_918, v0x55c34e917ba0_919, v0x55c34e917ba0_920, v0x55c34e917ba0_921;
v0x55c34e917ba0_922 .array/port v0x55c34e917ba0, 922;
v0x55c34e917ba0_923 .array/port v0x55c34e917ba0, 923;
v0x55c34e917ba0_924 .array/port v0x55c34e917ba0, 924;
v0x55c34e917ba0_925 .array/port v0x55c34e917ba0, 925;
E_0x55c34e9168a0/231 .event edge, v0x55c34e917ba0_922, v0x55c34e917ba0_923, v0x55c34e917ba0_924, v0x55c34e917ba0_925;
v0x55c34e917ba0_926 .array/port v0x55c34e917ba0, 926;
v0x55c34e917ba0_927 .array/port v0x55c34e917ba0, 927;
v0x55c34e917ba0_928 .array/port v0x55c34e917ba0, 928;
v0x55c34e917ba0_929 .array/port v0x55c34e917ba0, 929;
E_0x55c34e9168a0/232 .event edge, v0x55c34e917ba0_926, v0x55c34e917ba0_927, v0x55c34e917ba0_928, v0x55c34e917ba0_929;
v0x55c34e917ba0_930 .array/port v0x55c34e917ba0, 930;
v0x55c34e917ba0_931 .array/port v0x55c34e917ba0, 931;
v0x55c34e917ba0_932 .array/port v0x55c34e917ba0, 932;
v0x55c34e917ba0_933 .array/port v0x55c34e917ba0, 933;
E_0x55c34e9168a0/233 .event edge, v0x55c34e917ba0_930, v0x55c34e917ba0_931, v0x55c34e917ba0_932, v0x55c34e917ba0_933;
v0x55c34e917ba0_934 .array/port v0x55c34e917ba0, 934;
v0x55c34e917ba0_935 .array/port v0x55c34e917ba0, 935;
v0x55c34e917ba0_936 .array/port v0x55c34e917ba0, 936;
v0x55c34e917ba0_937 .array/port v0x55c34e917ba0, 937;
E_0x55c34e9168a0/234 .event edge, v0x55c34e917ba0_934, v0x55c34e917ba0_935, v0x55c34e917ba0_936, v0x55c34e917ba0_937;
v0x55c34e917ba0_938 .array/port v0x55c34e917ba0, 938;
v0x55c34e917ba0_939 .array/port v0x55c34e917ba0, 939;
v0x55c34e917ba0_940 .array/port v0x55c34e917ba0, 940;
v0x55c34e917ba0_941 .array/port v0x55c34e917ba0, 941;
E_0x55c34e9168a0/235 .event edge, v0x55c34e917ba0_938, v0x55c34e917ba0_939, v0x55c34e917ba0_940, v0x55c34e917ba0_941;
v0x55c34e917ba0_942 .array/port v0x55c34e917ba0, 942;
v0x55c34e917ba0_943 .array/port v0x55c34e917ba0, 943;
v0x55c34e917ba0_944 .array/port v0x55c34e917ba0, 944;
v0x55c34e917ba0_945 .array/port v0x55c34e917ba0, 945;
E_0x55c34e9168a0/236 .event edge, v0x55c34e917ba0_942, v0x55c34e917ba0_943, v0x55c34e917ba0_944, v0x55c34e917ba0_945;
v0x55c34e917ba0_946 .array/port v0x55c34e917ba0, 946;
v0x55c34e917ba0_947 .array/port v0x55c34e917ba0, 947;
v0x55c34e917ba0_948 .array/port v0x55c34e917ba0, 948;
v0x55c34e917ba0_949 .array/port v0x55c34e917ba0, 949;
E_0x55c34e9168a0/237 .event edge, v0x55c34e917ba0_946, v0x55c34e917ba0_947, v0x55c34e917ba0_948, v0x55c34e917ba0_949;
v0x55c34e917ba0_950 .array/port v0x55c34e917ba0, 950;
v0x55c34e917ba0_951 .array/port v0x55c34e917ba0, 951;
v0x55c34e917ba0_952 .array/port v0x55c34e917ba0, 952;
v0x55c34e917ba0_953 .array/port v0x55c34e917ba0, 953;
E_0x55c34e9168a0/238 .event edge, v0x55c34e917ba0_950, v0x55c34e917ba0_951, v0x55c34e917ba0_952, v0x55c34e917ba0_953;
v0x55c34e917ba0_954 .array/port v0x55c34e917ba0, 954;
v0x55c34e917ba0_955 .array/port v0x55c34e917ba0, 955;
v0x55c34e917ba0_956 .array/port v0x55c34e917ba0, 956;
v0x55c34e917ba0_957 .array/port v0x55c34e917ba0, 957;
E_0x55c34e9168a0/239 .event edge, v0x55c34e917ba0_954, v0x55c34e917ba0_955, v0x55c34e917ba0_956, v0x55c34e917ba0_957;
v0x55c34e917ba0_958 .array/port v0x55c34e917ba0, 958;
v0x55c34e917ba0_959 .array/port v0x55c34e917ba0, 959;
v0x55c34e917ba0_960 .array/port v0x55c34e917ba0, 960;
v0x55c34e917ba0_961 .array/port v0x55c34e917ba0, 961;
E_0x55c34e9168a0/240 .event edge, v0x55c34e917ba0_958, v0x55c34e917ba0_959, v0x55c34e917ba0_960, v0x55c34e917ba0_961;
v0x55c34e917ba0_962 .array/port v0x55c34e917ba0, 962;
v0x55c34e917ba0_963 .array/port v0x55c34e917ba0, 963;
v0x55c34e917ba0_964 .array/port v0x55c34e917ba0, 964;
v0x55c34e917ba0_965 .array/port v0x55c34e917ba0, 965;
E_0x55c34e9168a0/241 .event edge, v0x55c34e917ba0_962, v0x55c34e917ba0_963, v0x55c34e917ba0_964, v0x55c34e917ba0_965;
v0x55c34e917ba0_966 .array/port v0x55c34e917ba0, 966;
v0x55c34e917ba0_967 .array/port v0x55c34e917ba0, 967;
v0x55c34e917ba0_968 .array/port v0x55c34e917ba0, 968;
v0x55c34e917ba0_969 .array/port v0x55c34e917ba0, 969;
E_0x55c34e9168a0/242 .event edge, v0x55c34e917ba0_966, v0x55c34e917ba0_967, v0x55c34e917ba0_968, v0x55c34e917ba0_969;
v0x55c34e917ba0_970 .array/port v0x55c34e917ba0, 970;
v0x55c34e917ba0_971 .array/port v0x55c34e917ba0, 971;
v0x55c34e917ba0_972 .array/port v0x55c34e917ba0, 972;
v0x55c34e917ba0_973 .array/port v0x55c34e917ba0, 973;
E_0x55c34e9168a0/243 .event edge, v0x55c34e917ba0_970, v0x55c34e917ba0_971, v0x55c34e917ba0_972, v0x55c34e917ba0_973;
v0x55c34e917ba0_974 .array/port v0x55c34e917ba0, 974;
v0x55c34e917ba0_975 .array/port v0x55c34e917ba0, 975;
v0x55c34e917ba0_976 .array/port v0x55c34e917ba0, 976;
v0x55c34e917ba0_977 .array/port v0x55c34e917ba0, 977;
E_0x55c34e9168a0/244 .event edge, v0x55c34e917ba0_974, v0x55c34e917ba0_975, v0x55c34e917ba0_976, v0x55c34e917ba0_977;
v0x55c34e917ba0_978 .array/port v0x55c34e917ba0, 978;
v0x55c34e917ba0_979 .array/port v0x55c34e917ba0, 979;
v0x55c34e917ba0_980 .array/port v0x55c34e917ba0, 980;
v0x55c34e917ba0_981 .array/port v0x55c34e917ba0, 981;
E_0x55c34e9168a0/245 .event edge, v0x55c34e917ba0_978, v0x55c34e917ba0_979, v0x55c34e917ba0_980, v0x55c34e917ba0_981;
v0x55c34e917ba0_982 .array/port v0x55c34e917ba0, 982;
v0x55c34e917ba0_983 .array/port v0x55c34e917ba0, 983;
v0x55c34e917ba0_984 .array/port v0x55c34e917ba0, 984;
v0x55c34e917ba0_985 .array/port v0x55c34e917ba0, 985;
E_0x55c34e9168a0/246 .event edge, v0x55c34e917ba0_982, v0x55c34e917ba0_983, v0x55c34e917ba0_984, v0x55c34e917ba0_985;
v0x55c34e917ba0_986 .array/port v0x55c34e917ba0, 986;
v0x55c34e917ba0_987 .array/port v0x55c34e917ba0, 987;
v0x55c34e917ba0_988 .array/port v0x55c34e917ba0, 988;
v0x55c34e917ba0_989 .array/port v0x55c34e917ba0, 989;
E_0x55c34e9168a0/247 .event edge, v0x55c34e917ba0_986, v0x55c34e917ba0_987, v0x55c34e917ba0_988, v0x55c34e917ba0_989;
v0x55c34e917ba0_990 .array/port v0x55c34e917ba0, 990;
v0x55c34e917ba0_991 .array/port v0x55c34e917ba0, 991;
v0x55c34e917ba0_992 .array/port v0x55c34e917ba0, 992;
v0x55c34e917ba0_993 .array/port v0x55c34e917ba0, 993;
E_0x55c34e9168a0/248 .event edge, v0x55c34e917ba0_990, v0x55c34e917ba0_991, v0x55c34e917ba0_992, v0x55c34e917ba0_993;
v0x55c34e917ba0_994 .array/port v0x55c34e917ba0, 994;
v0x55c34e917ba0_995 .array/port v0x55c34e917ba0, 995;
v0x55c34e917ba0_996 .array/port v0x55c34e917ba0, 996;
v0x55c34e917ba0_997 .array/port v0x55c34e917ba0, 997;
E_0x55c34e9168a0/249 .event edge, v0x55c34e917ba0_994, v0x55c34e917ba0_995, v0x55c34e917ba0_996, v0x55c34e917ba0_997;
v0x55c34e917ba0_998 .array/port v0x55c34e917ba0, 998;
v0x55c34e917ba0_999 .array/port v0x55c34e917ba0, 999;
v0x55c34e917ba0_1000 .array/port v0x55c34e917ba0, 1000;
v0x55c34e917ba0_1001 .array/port v0x55c34e917ba0, 1001;
E_0x55c34e9168a0/250 .event edge, v0x55c34e917ba0_998, v0x55c34e917ba0_999, v0x55c34e917ba0_1000, v0x55c34e917ba0_1001;
v0x55c34e917ba0_1002 .array/port v0x55c34e917ba0, 1002;
v0x55c34e917ba0_1003 .array/port v0x55c34e917ba0, 1003;
v0x55c34e917ba0_1004 .array/port v0x55c34e917ba0, 1004;
v0x55c34e917ba0_1005 .array/port v0x55c34e917ba0, 1005;
E_0x55c34e9168a0/251 .event edge, v0x55c34e917ba0_1002, v0x55c34e917ba0_1003, v0x55c34e917ba0_1004, v0x55c34e917ba0_1005;
v0x55c34e917ba0_1006 .array/port v0x55c34e917ba0, 1006;
v0x55c34e917ba0_1007 .array/port v0x55c34e917ba0, 1007;
v0x55c34e917ba0_1008 .array/port v0x55c34e917ba0, 1008;
v0x55c34e917ba0_1009 .array/port v0x55c34e917ba0, 1009;
E_0x55c34e9168a0/252 .event edge, v0x55c34e917ba0_1006, v0x55c34e917ba0_1007, v0x55c34e917ba0_1008, v0x55c34e917ba0_1009;
v0x55c34e917ba0_1010 .array/port v0x55c34e917ba0, 1010;
v0x55c34e917ba0_1011 .array/port v0x55c34e917ba0, 1011;
v0x55c34e917ba0_1012 .array/port v0x55c34e917ba0, 1012;
v0x55c34e917ba0_1013 .array/port v0x55c34e917ba0, 1013;
E_0x55c34e9168a0/253 .event edge, v0x55c34e917ba0_1010, v0x55c34e917ba0_1011, v0x55c34e917ba0_1012, v0x55c34e917ba0_1013;
v0x55c34e917ba0_1014 .array/port v0x55c34e917ba0, 1014;
v0x55c34e917ba0_1015 .array/port v0x55c34e917ba0, 1015;
v0x55c34e917ba0_1016 .array/port v0x55c34e917ba0, 1016;
v0x55c34e917ba0_1017 .array/port v0x55c34e917ba0, 1017;
E_0x55c34e9168a0/254 .event edge, v0x55c34e917ba0_1014, v0x55c34e917ba0_1015, v0x55c34e917ba0_1016, v0x55c34e917ba0_1017;
v0x55c34e917ba0_1018 .array/port v0x55c34e917ba0, 1018;
v0x55c34e917ba0_1019 .array/port v0x55c34e917ba0, 1019;
v0x55c34e917ba0_1020 .array/port v0x55c34e917ba0, 1020;
v0x55c34e917ba0_1021 .array/port v0x55c34e917ba0, 1021;
E_0x55c34e9168a0/255 .event edge, v0x55c34e917ba0_1018, v0x55c34e917ba0_1019, v0x55c34e917ba0_1020, v0x55c34e917ba0_1021;
v0x55c34e917ba0_1022 .array/port v0x55c34e917ba0, 1022;
v0x55c34e917ba0_1023 .array/port v0x55c34e917ba0, 1023;
E_0x55c34e9168a0/256 .event edge, v0x55c34e917ba0_1022, v0x55c34e917ba0_1023;
E_0x55c34e9168a0 .event/or E_0x55c34e9168a0/0, E_0x55c34e9168a0/1, E_0x55c34e9168a0/2, E_0x55c34e9168a0/3, E_0x55c34e9168a0/4, E_0x55c34e9168a0/5, E_0x55c34e9168a0/6, E_0x55c34e9168a0/7, E_0x55c34e9168a0/8, E_0x55c34e9168a0/9, E_0x55c34e9168a0/10, E_0x55c34e9168a0/11, E_0x55c34e9168a0/12, E_0x55c34e9168a0/13, E_0x55c34e9168a0/14, E_0x55c34e9168a0/15, E_0x55c34e9168a0/16, E_0x55c34e9168a0/17, E_0x55c34e9168a0/18, E_0x55c34e9168a0/19, E_0x55c34e9168a0/20, E_0x55c34e9168a0/21, E_0x55c34e9168a0/22, E_0x55c34e9168a0/23, E_0x55c34e9168a0/24, E_0x55c34e9168a0/25, E_0x55c34e9168a0/26, E_0x55c34e9168a0/27, E_0x55c34e9168a0/28, E_0x55c34e9168a0/29, E_0x55c34e9168a0/30, E_0x55c34e9168a0/31, E_0x55c34e9168a0/32, E_0x55c34e9168a0/33, E_0x55c34e9168a0/34, E_0x55c34e9168a0/35, E_0x55c34e9168a0/36, E_0x55c34e9168a0/37, E_0x55c34e9168a0/38, E_0x55c34e9168a0/39, E_0x55c34e9168a0/40, E_0x55c34e9168a0/41, E_0x55c34e9168a0/42, E_0x55c34e9168a0/43, E_0x55c34e9168a0/44, E_0x55c34e9168a0/45, E_0x55c34e9168a0/46, E_0x55c34e9168a0/47, E_0x55c34e9168a0/48, E_0x55c34e9168a0/49, E_0x55c34e9168a0/50, E_0x55c34e9168a0/51, E_0x55c34e9168a0/52, E_0x55c34e9168a0/53, E_0x55c34e9168a0/54, E_0x55c34e9168a0/55, E_0x55c34e9168a0/56, E_0x55c34e9168a0/57, E_0x55c34e9168a0/58, E_0x55c34e9168a0/59, E_0x55c34e9168a0/60, E_0x55c34e9168a0/61, E_0x55c34e9168a0/62, E_0x55c34e9168a0/63, E_0x55c34e9168a0/64, E_0x55c34e9168a0/65, E_0x55c34e9168a0/66, E_0x55c34e9168a0/67, E_0x55c34e9168a0/68, E_0x55c34e9168a0/69, E_0x55c34e9168a0/70, E_0x55c34e9168a0/71, E_0x55c34e9168a0/72, E_0x55c34e9168a0/73, E_0x55c34e9168a0/74, E_0x55c34e9168a0/75, E_0x55c34e9168a0/76, E_0x55c34e9168a0/77, E_0x55c34e9168a0/78, E_0x55c34e9168a0/79, E_0x55c34e9168a0/80, E_0x55c34e9168a0/81, E_0x55c34e9168a0/82, E_0x55c34e9168a0/83, E_0x55c34e9168a0/84, E_0x55c34e9168a0/85, E_0x55c34e9168a0/86, E_0x55c34e9168a0/87, E_0x55c34e9168a0/88, E_0x55c34e9168a0/89, E_0x55c34e9168a0/90, E_0x55c34e9168a0/91, E_0x55c34e9168a0/92, E_0x55c34e9168a0/93, E_0x55c34e9168a0/94, E_0x55c34e9168a0/95, E_0x55c34e9168a0/96, E_0x55c34e9168a0/97, E_0x55c34e9168a0/98, E_0x55c34e9168a0/99, E_0x55c34e9168a0/100, E_0x55c34e9168a0/101, E_0x55c34e9168a0/102, E_0x55c34e9168a0/103, E_0x55c34e9168a0/104, E_0x55c34e9168a0/105, E_0x55c34e9168a0/106, E_0x55c34e9168a0/107, E_0x55c34e9168a0/108, E_0x55c34e9168a0/109, E_0x55c34e9168a0/110, E_0x55c34e9168a0/111, E_0x55c34e9168a0/112, E_0x55c34e9168a0/113, E_0x55c34e9168a0/114, E_0x55c34e9168a0/115, E_0x55c34e9168a0/116, E_0x55c34e9168a0/117, E_0x55c34e9168a0/118, E_0x55c34e9168a0/119, E_0x55c34e9168a0/120, E_0x55c34e9168a0/121, E_0x55c34e9168a0/122, E_0x55c34e9168a0/123, E_0x55c34e9168a0/124, E_0x55c34e9168a0/125, E_0x55c34e9168a0/126, E_0x55c34e9168a0/127, E_0x55c34e9168a0/128, E_0x55c34e9168a0/129, E_0x55c34e9168a0/130, E_0x55c34e9168a0/131, E_0x55c34e9168a0/132, E_0x55c34e9168a0/133, E_0x55c34e9168a0/134, E_0x55c34e9168a0/135, E_0x55c34e9168a0/136, E_0x55c34e9168a0/137, E_0x55c34e9168a0/138, E_0x55c34e9168a0/139, E_0x55c34e9168a0/140, E_0x55c34e9168a0/141, E_0x55c34e9168a0/142, E_0x55c34e9168a0/143, E_0x55c34e9168a0/144, E_0x55c34e9168a0/145, E_0x55c34e9168a0/146, E_0x55c34e9168a0/147, E_0x55c34e9168a0/148, E_0x55c34e9168a0/149, E_0x55c34e9168a0/150, E_0x55c34e9168a0/151, E_0x55c34e9168a0/152, E_0x55c34e9168a0/153, E_0x55c34e9168a0/154, E_0x55c34e9168a0/155, E_0x55c34e9168a0/156, E_0x55c34e9168a0/157, E_0x55c34e9168a0/158, E_0x55c34e9168a0/159, E_0x55c34e9168a0/160, E_0x55c34e9168a0/161, E_0x55c34e9168a0/162, E_0x55c34e9168a0/163, E_0x55c34e9168a0/164, E_0x55c34e9168a0/165, E_0x55c34e9168a0/166, E_0x55c34e9168a0/167, E_0x55c34e9168a0/168, E_0x55c34e9168a0/169, E_0x55c34e9168a0/170, E_0x55c34e9168a0/171, E_0x55c34e9168a0/172, E_0x55c34e9168a0/173, E_0x55c34e9168a0/174, E_0x55c34e9168a0/175, E_0x55c34e9168a0/176, E_0x55c34e9168a0/177, E_0x55c34e9168a0/178, E_0x55c34e9168a0/179, E_0x55c34e9168a0/180, E_0x55c34e9168a0/181, E_0x55c34e9168a0/182, E_0x55c34e9168a0/183, E_0x55c34e9168a0/184, E_0x55c34e9168a0/185, E_0x55c34e9168a0/186, E_0x55c34e9168a0/187, E_0x55c34e9168a0/188, E_0x55c34e9168a0/189, E_0x55c34e9168a0/190, E_0x55c34e9168a0/191, E_0x55c34e9168a0/192, E_0x55c34e9168a0/193, E_0x55c34e9168a0/194, E_0x55c34e9168a0/195, E_0x55c34e9168a0/196, E_0x55c34e9168a0/197, E_0x55c34e9168a0/198, E_0x55c34e9168a0/199, E_0x55c34e9168a0/200, E_0x55c34e9168a0/201, E_0x55c34e9168a0/202, E_0x55c34e9168a0/203, E_0x55c34e9168a0/204, E_0x55c34e9168a0/205, E_0x55c34e9168a0/206, E_0x55c34e9168a0/207, E_0x55c34e9168a0/208, E_0x55c34e9168a0/209, E_0x55c34e9168a0/210, E_0x55c34e9168a0/211, E_0x55c34e9168a0/212, E_0x55c34e9168a0/213, E_0x55c34e9168a0/214, E_0x55c34e9168a0/215, E_0x55c34e9168a0/216, E_0x55c34e9168a0/217, E_0x55c34e9168a0/218, E_0x55c34e9168a0/219, E_0x55c34e9168a0/220, E_0x55c34e9168a0/221, E_0x55c34e9168a0/222, E_0x55c34e9168a0/223, E_0x55c34e9168a0/224, E_0x55c34e9168a0/225, E_0x55c34e9168a0/226, E_0x55c34e9168a0/227, E_0x55c34e9168a0/228, E_0x55c34e9168a0/229, E_0x55c34e9168a0/230, E_0x55c34e9168a0/231, E_0x55c34e9168a0/232, E_0x55c34e9168a0/233, E_0x55c34e9168a0/234, E_0x55c34e9168a0/235, E_0x55c34e9168a0/236, E_0x55c34e9168a0/237, E_0x55c34e9168a0/238, E_0x55c34e9168a0/239, E_0x55c34e9168a0/240, E_0x55c34e9168a0/241, E_0x55c34e9168a0/242, E_0x55c34e9168a0/243, E_0x55c34e9168a0/244, E_0x55c34e9168a0/245, E_0x55c34e9168a0/246, E_0x55c34e9168a0/247, E_0x55c34e9168a0/248, E_0x55c34e9168a0/249, E_0x55c34e9168a0/250, E_0x55c34e9168a0/251, E_0x55c34e9168a0/252, E_0x55c34e9168a0/253, E_0x55c34e9168a0/254, E_0x55c34e9168a0/255, E_0x55c34e9168a0/256;
    .scope S_0x55c34e915d90;
T_0 ;
    %vpi_call 2 107 "$readmemb", "hazard_fibbanocci.txt", v0x55c34e917ba0 {0 0 0};
    %end;
    .thread T_0;
    .scope S_0x55c34e915d90;
T_1 ;
    %wait E_0x55c34e9168a0;
    %load/vec4 v0x55c34e98aec0_0;
    %nor/r;
    %flag_set/vec4 8;
    %jmp/0xz  T_1.0, 8;
    %load/vec4 v0x55c34e98ae00_0;
    %parti/s 7, 0, 2;
    %ix/load 5, 2, 0;
    %flag_set/imm 4, 0;
    %shiftr 5;
    %pad/u 12;
    %ix/vec4 4;
    %load/vec4a v0x55c34e917ba0, 4;
    %store/vec4 v0x55c34e9177b0_0, 0, 32;
T_1.0 ;
    %jmp T_1;
    .thread T_1, $push;
# The file index is used to find the file name in the following table.
:file_names 3;
    "N/A";
    "<interactive>";
    "instruction.v";
