#! /usr/bin/vvp
:ivl_version "12.0 (stable)";
:ivl_delay_selection "TYPICAL";
:vpi_time_precision + 0;
:vpi_module "/usr/lib/x86_64-linux-gnu/ivl/system.vpi";
:vpi_module "/usr/lib/x86_64-linux-gnu/ivl/vhdl_sys.vpi";
:vpi_module "/usr/lib/x86_64-linux-gnu/ivl/vhdl_textio.vpi";
:vpi_module "/usr/lib/x86_64-linux-gnu/ivl/v2005_math.vpi";
:vpi_module "/usr/lib/x86_64-linux-gnu/ivl/va_math.vpi";
S_0x5591a9d1f490 .scope module, "instr_mem" "instr_mem" 2 1;
 .timescale 0 0;
    .port_info 0 /INPUT 32 "pc";
    .port_info 1 /OUTPUT 32 "instr";
    .port_info 2 /OUTPUT 32 "ifid_instr";
v0x5591a9d21400_0 .var "ifid_instr", 31 0;
v0x5591a9d8e1c0_0 .var "instr", 31 0;
v0x5591a9d8e2a0 .array "memory", 1023 0, 31 0;
o0x7f0094830078 .functor BUFZ 32, C4<zzzzzzzzzzzzzzzzzzzzzzzzzzzzzzzz>; HiZ drive
v0x5591a9d98350_0 .net "pc", 31 0, o0x7f0094830078;  0 drivers
v0x5591a9d8e2a0_0 .array/port v0x5591a9d8e2a0, 0;
v0x5591a9d8e2a0_1 .array/port v0x5591a9d8e2a0, 1;
v0x5591a9d8e2a0_2 .array/port v0x5591a9d8e2a0, 2;
E_0x5591a9d58a40/0 .event anyedge, v0x5591a9d98350_0, v0x5591a9d8e2a0_0, v0x5591a9d8e2a0_1, v0x5591a9d8e2a0_2;
v0x5591a9d8e2a0_3 .array/port v0x5591a9d8e2a0, 3;
v0x5591a9d8e2a0_4 .array/port v0x5591a9d8e2a0, 4;
v0x5591a9d8e2a0_5 .array/port v0x5591a9d8e2a0, 5;
v0x5591a9d8e2a0_6 .array/port v0x5591a9d8e2a0, 6;
E_0x5591a9d58a40/1 .event anyedge, v0x5591a9d8e2a0_3, v0x5591a9d8e2a0_4, v0x5591a9d8e2a0_5, v0x5591a9d8e2a0_6;
v0x5591a9d8e2a0_7 .array/port v0x5591a9d8e2a0, 7;
v0x5591a9d8e2a0_8 .array/port v0x5591a9d8e2a0, 8;
v0x5591a9d8e2a0_9 .array/port v0x5591a9d8e2a0, 9;
v0x5591a9d8e2a0_10 .array/port v0x5591a9d8e2a0, 10;
E_0x5591a9d58a40/2 .event anyedge, v0x5591a9d8e2a0_7, v0x5591a9d8e2a0_8, v0x5591a9d8e2a0_9, v0x5591a9d8e2a0_10;
v0x5591a9d8e2a0_11 .array/port v0x5591a9d8e2a0, 11;
v0x5591a9d8e2a0_12 .array/port v0x5591a9d8e2a0, 12;
v0x5591a9d8e2a0_13 .array/port v0x5591a9d8e2a0, 13;
v0x5591a9d8e2a0_14 .array/port v0x5591a9d8e2a0, 14;
E_0x5591a9d58a40/3 .event anyedge, v0x5591a9d8e2a0_11, v0x5591a9d8e2a0_12, v0x5591a9d8e2a0_13, v0x5591a9d8e2a0_14;
v0x5591a9d8e2a0_15 .array/port v0x5591a9d8e2a0, 15;
v0x5591a9d8e2a0_16 .array/port v0x5591a9d8e2a0, 16;
v0x5591a9d8e2a0_17 .array/port v0x5591a9d8e2a0, 17;
v0x5591a9d8e2a0_18 .array/port v0x5591a9d8e2a0, 18;
E_0x5591a9d58a40/4 .event anyedge, v0x5591a9d8e2a0_15, v0x5591a9d8e2a0_16, v0x5591a9d8e2a0_17, v0x5591a9d8e2a0_18;
v0x5591a9d8e2a0_19 .array/port v0x5591a9d8e2a0, 19;
v0x5591a9d8e2a0_20 .array/port v0x5591a9d8e2a0, 20;
v0x5591a9d8e2a0_21 .array/port v0x5591a9d8e2a0, 21;
v0x5591a9d8e2a0_22 .array/port v0x5591a9d8e2a0, 22;
E_0x5591a9d58a40/5 .event anyedge, v0x5591a9d8e2a0_19, v0x5591a9d8e2a0_20, v0x5591a9d8e2a0_21, v0x5591a9d8e2a0_22;
v0x5591a9d8e2a0_23 .array/port v0x5591a9d8e2a0, 23;
v0x5591a9d8e2a0_24 .array/port v0x5591a9d8e2a0, 24;
v0x5591a9d8e2a0_25 .array/port v0x5591a9d8e2a0, 25;
v0x5591a9d8e2a0_26 .array/port v0x5591a9d8e2a0, 26;
E_0x5591a9d58a40/6 .event anyedge, v0x5591a9d8e2a0_23, v0x5591a9d8e2a0_24, v0x5591a9d8e2a0_25, v0x5591a9d8e2a0_26;
v0x5591a9d8e2a0_27 .array/port v0x5591a9d8e2a0, 27;
v0x5591a9d8e2a0_28 .array/port v0x5591a9d8e2a0, 28;
v0x5591a9d8e2a0_29 .array/port v0x5591a9d8e2a0, 29;
v0x5591a9d8e2a0_30 .array/port v0x5591a9d8e2a0, 30;
E_0x5591a9d58a40/7 .event anyedge, v0x5591a9d8e2a0_27, v0x5591a9d8e2a0_28, v0x5591a9d8e2a0_29, v0x5591a9d8e2a0_30;
v0x5591a9d8e2a0_31 .array/port v0x5591a9d8e2a0, 31;
v0x5591a9d8e2a0_32 .array/port v0x5591a9d8e2a0, 32;
v0x5591a9d8e2a0_33 .array/port v0x5591a9d8e2a0, 33;
v0x5591a9d8e2a0_34 .array/port v0x5591a9d8e2a0, 34;
E_0x5591a9d58a40/8 .event anyedge, v0x5591a9d8e2a0_31, v0x5591a9d8e2a0_32, v0x5591a9d8e2a0_33, v0x5591a9d8e2a0_34;
v0x5591a9d8e2a0_35 .array/port v0x5591a9d8e2a0, 35;
v0x5591a9d8e2a0_36 .array/port v0x5591a9d8e2a0, 36;
v0x5591a9d8e2a0_37 .array/port v0x5591a9d8e2a0, 37;
v0x5591a9d8e2a0_38 .array/port v0x5591a9d8e2a0, 38;
E_0x5591a9d58a40/9 .event anyedge, v0x5591a9d8e2a0_35, v0x5591a9d8e2a0_36, v0x5591a9d8e2a0_37, v0x5591a9d8e2a0_38;
v0x5591a9d8e2a0_39 .array/port v0x5591a9d8e2a0, 39;
v0x5591a9d8e2a0_40 .array/port v0x5591a9d8e2a0, 40;
v0x5591a9d8e2a0_41 .array/port v0x5591a9d8e2a0, 41;
v0x5591a9d8e2a0_42 .array/port v0x5591a9d8e2a0, 42;
E_0x5591a9d58a40/10 .event anyedge, v0x5591a9d8e2a0_39, v0x5591a9d8e2a0_40, v0x5591a9d8e2a0_41, v0x5591a9d8e2a0_42;
v0x5591a9d8e2a0_43 .array/port v0x5591a9d8e2a0, 43;
v0x5591a9d8e2a0_44 .array/port v0x5591a9d8e2a0, 44;
v0x5591a9d8e2a0_45 .array/port v0x5591a9d8e2a0, 45;
v0x5591a9d8e2a0_46 .array/port v0x5591a9d8e2a0, 46;
E_0x5591a9d58a40/11 .event anyedge, v0x5591a9d8e2a0_43, v0x5591a9d8e2a0_44, v0x5591a9d8e2a0_45, v0x5591a9d8e2a0_46;
v0x5591a9d8e2a0_47 .array/port v0x5591a9d8e2a0, 47;
v0x5591a9d8e2a0_48 .array/port v0x5591a9d8e2a0, 48;
v0x5591a9d8e2a0_49 .array/port v0x5591a9d8e2a0, 49;
v0x5591a9d8e2a0_50 .array/port v0x5591a9d8e2a0, 50;
E_0x5591a9d58a40/12 .event anyedge, v0x5591a9d8e2a0_47, v0x5591a9d8e2a0_48, v0x5591a9d8e2a0_49, v0x5591a9d8e2a0_50;
v0x5591a9d8e2a0_51 .array/port v0x5591a9d8e2a0, 51;
v0x5591a9d8e2a0_52 .array/port v0x5591a9d8e2a0, 52;
v0x5591a9d8e2a0_53 .array/port v0x5591a9d8e2a0, 53;
v0x5591a9d8e2a0_54 .array/port v0x5591a9d8e2a0, 54;
E_0x5591a9d58a40/13 .event anyedge, v0x5591a9d8e2a0_51, v0x5591a9d8e2a0_52, v0x5591a9d8e2a0_53, v0x5591a9d8e2a0_54;
v0x5591a9d8e2a0_55 .array/port v0x5591a9d8e2a0, 55;
v0x5591a9d8e2a0_56 .array/port v0x5591a9d8e2a0, 56;
v0x5591a9d8e2a0_57 .array/port v0x5591a9d8e2a0, 57;
v0x5591a9d8e2a0_58 .array/port v0x5591a9d8e2a0, 58;
E_0x5591a9d58a40/14 .event anyedge, v0x5591a9d8e2a0_55, v0x5591a9d8e2a0_56, v0x5591a9d8e2a0_57, v0x5591a9d8e2a0_58;
v0x5591a9d8e2a0_59 .array/port v0x5591a9d8e2a0, 59;
v0x5591a9d8e2a0_60 .array/port v0x5591a9d8e2a0, 60;
v0x5591a9d8e2a0_61 .array/port v0x5591a9d8e2a0, 61;
v0x5591a9d8e2a0_62 .array/port v0x5591a9d8e2a0, 62;
E_0x5591a9d58a40/15 .event anyedge, v0x5591a9d8e2a0_59, v0x5591a9d8e2a0_60, v0x5591a9d8e2a0_61, v0x5591a9d8e2a0_62;
v0x5591a9d8e2a0_63 .array/port v0x5591a9d8e2a0, 63;
v0x5591a9d8e2a0_64 .array/port v0x5591a9d8e2a0, 64;
v0x5591a9d8e2a0_65 .array/port v0x5591a9d8e2a0, 65;
v0x5591a9d8e2a0_66 .array/port v0x5591a9d8e2a0, 66;
E_0x5591a9d58a40/16 .event anyedge, v0x5591a9d8e2a0_63, v0x5591a9d8e2a0_64, v0x5591a9d8e2a0_65, v0x5591a9d8e2a0_66;
v0x5591a9d8e2a0_67 .array/port v0x5591a9d8e2a0, 67;
v0x5591a9d8e2a0_68 .array/port v0x5591a9d8e2a0, 68;
v0x5591a9d8e2a0_69 .array/port v0x5591a9d8e2a0, 69;
v0x5591a9d8e2a0_70 .array/port v0x5591a9d8e2a0, 70;
E_0x5591a9d58a40/17 .event anyedge, v0x5591a9d8e2a0_67, v0x5591a9d8e2a0_68, v0x5591a9d8e2a0_69, v0x5591a9d8e2a0_70;
v0x5591a9d8e2a0_71 .array/port v0x5591a9d8e2a0, 71;
v0x5591a9d8e2a0_72 .array/port v0x5591a9d8e2a0, 72;
v0x5591a9d8e2a0_73 .array/port v0x5591a9d8e2a0, 73;
v0x5591a9d8e2a0_74 .array/port v0x5591a9d8e2a0, 74;
E_0x5591a9d58a40/18 .event anyedge, v0x5591a9d8e2a0_71, v0x5591a9d8e2a0_72, v0x5591a9d8e2a0_73, v0x5591a9d8e2a0_74;
v0x5591a9d8e2a0_75 .array/port v0x5591a9d8e2a0, 75;
v0x5591a9d8e2a0_76 .array/port v0x5591a9d8e2a0, 76;
v0x5591a9d8e2a0_77 .array/port v0x5591a9d8e2a0, 77;
v0x5591a9d8e2a0_78 .array/port v0x5591a9d8e2a0, 78;
E_0x5591a9d58a40/19 .event anyedge, v0x5591a9d8e2a0_75, v0x5591a9d8e2a0_76, v0x5591a9d8e2a0_77, v0x5591a9d8e2a0_78;
v0x5591a9d8e2a0_79 .array/port v0x5591a9d8e2a0, 79;
v0x5591a9d8e2a0_80 .array/port v0x5591a9d8e2a0, 80;
v0x5591a9d8e2a0_81 .array/port v0x5591a9d8e2a0, 81;
v0x5591a9d8e2a0_82 .array/port v0x5591a9d8e2a0, 82;
E_0x5591a9d58a40/20 .event anyedge, v0x5591a9d8e2a0_79, v0x5591a9d8e2a0_80, v0x5591a9d8e2a0_81, v0x5591a9d8e2a0_82;
v0x5591a9d8e2a0_83 .array/port v0x5591a9d8e2a0, 83;
v0x5591a9d8e2a0_84 .array/port v0x5591a9d8e2a0, 84;
v0x5591a9d8e2a0_85 .array/port v0x5591a9d8e2a0, 85;
v0x5591a9d8e2a0_86 .array/port v0x5591a9d8e2a0, 86;
E_0x5591a9d58a40/21 .event anyedge, v0x5591a9d8e2a0_83, v0x5591a9d8e2a0_84, v0x5591a9d8e2a0_85, v0x5591a9d8e2a0_86;
v0x5591a9d8e2a0_87 .array/port v0x5591a9d8e2a0, 87;
v0x5591a9d8e2a0_88 .array/port v0x5591a9d8e2a0, 88;
v0x5591a9d8e2a0_89 .array/port v0x5591a9d8e2a0, 89;
v0x5591a9d8e2a0_90 .array/port v0x5591a9d8e2a0, 90;
E_0x5591a9d58a40/22 .event anyedge, v0x5591a9d8e2a0_87, v0x5591a9d8e2a0_88, v0x5591a9d8e2a0_89, v0x5591a9d8e2a0_90;
v0x5591a9d8e2a0_91 .array/port v0x5591a9d8e2a0, 91;
v0x5591a9d8e2a0_92 .array/port v0x5591a9d8e2a0, 92;
v0x5591a9d8e2a0_93 .array/port v0x5591a9d8e2a0, 93;
v0x5591a9d8e2a0_94 .array/port v0x5591a9d8e2a0, 94;
E_0x5591a9d58a40/23 .event anyedge, v0x5591a9d8e2a0_91, v0x5591a9d8e2a0_92, v0x5591a9d8e2a0_93, v0x5591a9d8e2a0_94;
v0x5591a9d8e2a0_95 .array/port v0x5591a9d8e2a0, 95;
v0x5591a9d8e2a0_96 .array/port v0x5591a9d8e2a0, 96;
v0x5591a9d8e2a0_97 .array/port v0x5591a9d8e2a0, 97;
v0x5591a9d8e2a0_98 .array/port v0x5591a9d8e2a0, 98;
E_0x5591a9d58a40/24 .event anyedge, v0x5591a9d8e2a0_95, v0x5591a9d8e2a0_96, v0x5591a9d8e2a0_97, v0x5591a9d8e2a0_98;
v0x5591a9d8e2a0_99 .array/port v0x5591a9d8e2a0, 99;
v0x5591a9d8e2a0_100 .array/port v0x5591a9d8e2a0, 100;
v0x5591a9d8e2a0_101 .array/port v0x5591a9d8e2a0, 101;
v0x5591a9d8e2a0_102 .array/port v0x5591a9d8e2a0, 102;
E_0x5591a9d58a40/25 .event anyedge, v0x5591a9d8e2a0_99, v0x5591a9d8e2a0_100, v0x5591a9d8e2a0_101, v0x5591a9d8e2a0_102;
v0x5591a9d8e2a0_103 .array/port v0x5591a9d8e2a0, 103;
v0x5591a9d8e2a0_104 .array/port v0x5591a9d8e2a0, 104;
v0x5591a9d8e2a0_105 .array/port v0x5591a9d8e2a0, 105;
v0x5591a9d8e2a0_106 .array/port v0x5591a9d8e2a0, 106;
E_0x5591a9d58a40/26 .event anyedge, v0x5591a9d8e2a0_103, v0x5591a9d8e2a0_104, v0x5591a9d8e2a0_105, v0x5591a9d8e2a0_106;
v0x5591a9d8e2a0_107 .array/port v0x5591a9d8e2a0, 107;
v0x5591a9d8e2a0_108 .array/port v0x5591a9d8e2a0, 108;
v0x5591a9d8e2a0_109 .array/port v0x5591a9d8e2a0, 109;
v0x5591a9d8e2a0_110 .array/port v0x5591a9d8e2a0, 110;
E_0x5591a9d58a40/27 .event anyedge, v0x5591a9d8e2a0_107, v0x5591a9d8e2a0_108, v0x5591a9d8e2a0_109, v0x5591a9d8e2a0_110;
v0x5591a9d8e2a0_111 .array/port v0x5591a9d8e2a0, 111;
v0x5591a9d8e2a0_112 .array/port v0x5591a9d8e2a0, 112;
v0x5591a9d8e2a0_113 .array/port v0x5591a9d8e2a0, 113;
v0x5591a9d8e2a0_114 .array/port v0x5591a9d8e2a0, 114;
E_0x5591a9d58a40/28 .event anyedge, v0x5591a9d8e2a0_111, v0x5591a9d8e2a0_112, v0x5591a9d8e2a0_113, v0x5591a9d8e2a0_114;
v0x5591a9d8e2a0_115 .array/port v0x5591a9d8e2a0, 115;
v0x5591a9d8e2a0_116 .array/port v0x5591a9d8e2a0, 116;
v0x5591a9d8e2a0_117 .array/port v0x5591a9d8e2a0, 117;
v0x5591a9d8e2a0_118 .array/port v0x5591a9d8e2a0, 118;
E_0x5591a9d58a40/29 .event anyedge, v0x5591a9d8e2a0_115, v0x5591a9d8e2a0_116, v0x5591a9d8e2a0_117, v0x5591a9d8e2a0_118;
v0x5591a9d8e2a0_119 .array/port v0x5591a9d8e2a0, 119;
v0x5591a9d8e2a0_120 .array/port v0x5591a9d8e2a0, 120;
v0x5591a9d8e2a0_121 .array/port v0x5591a9d8e2a0, 121;
v0x5591a9d8e2a0_122 .array/port v0x5591a9d8e2a0, 122;
E_0x5591a9d58a40/30 .event anyedge, v0x5591a9d8e2a0_119, v0x5591a9d8e2a0_120, v0x5591a9d8e2a0_121, v0x5591a9d8e2a0_122;
v0x5591a9d8e2a0_123 .array/port v0x5591a9d8e2a0, 123;
v0x5591a9d8e2a0_124 .array/port v0x5591a9d8e2a0, 124;
v0x5591a9d8e2a0_125 .array/port v0x5591a9d8e2a0, 125;
v0x5591a9d8e2a0_126 .array/port v0x5591a9d8e2a0, 126;
E_0x5591a9d58a40/31 .event anyedge, v0x5591a9d8e2a0_123, v0x5591a9d8e2a0_124, v0x5591a9d8e2a0_125, v0x5591a9d8e2a0_126;
v0x5591a9d8e2a0_127 .array/port v0x5591a9d8e2a0, 127;
v0x5591a9d8e2a0_128 .array/port v0x5591a9d8e2a0, 128;
v0x5591a9d8e2a0_129 .array/port v0x5591a9d8e2a0, 129;
v0x5591a9d8e2a0_130 .array/port v0x5591a9d8e2a0, 130;
E_0x5591a9d58a40/32 .event anyedge, v0x5591a9d8e2a0_127, v0x5591a9d8e2a0_128, v0x5591a9d8e2a0_129, v0x5591a9d8e2a0_130;
v0x5591a9d8e2a0_131 .array/port v0x5591a9d8e2a0, 131;
v0x5591a9d8e2a0_132 .array/port v0x5591a9d8e2a0, 132;
v0x5591a9d8e2a0_133 .array/port v0x5591a9d8e2a0, 133;
v0x5591a9d8e2a0_134 .array/port v0x5591a9d8e2a0, 134;
E_0x5591a9d58a40/33 .event anyedge, v0x5591a9d8e2a0_131, v0x5591a9d8e2a0_132, v0x5591a9d8e2a0_133, v0x5591a9d8e2a0_134;
v0x5591a9d8e2a0_135 .array/port v0x5591a9d8e2a0, 135;
v0x5591a9d8e2a0_136 .array/port v0x5591a9d8e2a0, 136;
v0x5591a9d8e2a0_137 .array/port v0x5591a9d8e2a0, 137;
v0x5591a9d8e2a0_138 .array/port v0x5591a9d8e2a0, 138;
E_0x5591a9d58a40/34 .event anyedge, v0x5591a9d8e2a0_135, v0x5591a9d8e2a0_136, v0x5591a9d8e2a0_137, v0x5591a9d8e2a0_138;
v0x5591a9d8e2a0_139 .array/port v0x5591a9d8e2a0, 139;
v0x5591a9d8e2a0_140 .array/port v0x5591a9d8e2a0, 140;
v0x5591a9d8e2a0_141 .array/port v0x5591a9d8e2a0, 141;
v0x5591a9d8e2a0_142 .array/port v0x5591a9d8e2a0, 142;
E_0x5591a9d58a40/35 .event anyedge, v0x5591a9d8e2a0_139, v0x5591a9d8e2a0_140, v0x5591a9d8e2a0_141, v0x5591a9d8e2a0_142;
v0x5591a9d8e2a0_143 .array/port v0x5591a9d8e2a0, 143;
v0x5591a9d8e2a0_144 .array/port v0x5591a9d8e2a0, 144;
v0x5591a9d8e2a0_145 .array/port v0x5591a9d8e2a0, 145;
v0x5591a9d8e2a0_146 .array/port v0x5591a9d8e2a0, 146;
E_0x5591a9d58a40/36 .event anyedge, v0x5591a9d8e2a0_143, v0x5591a9d8e2a0_144, v0x5591a9d8e2a0_145, v0x5591a9d8e2a0_146;
v0x5591a9d8e2a0_147 .array/port v0x5591a9d8e2a0, 147;
v0x5591a9d8e2a0_148 .array/port v0x5591a9d8e2a0, 148;
v0x5591a9d8e2a0_149 .array/port v0x5591a9d8e2a0, 149;
v0x5591a9d8e2a0_150 .array/port v0x5591a9d8e2a0, 150;
E_0x5591a9d58a40/37 .event anyedge, v0x5591a9d8e2a0_147, v0x5591a9d8e2a0_148, v0x5591a9d8e2a0_149, v0x5591a9d8e2a0_150;
v0x5591a9d8e2a0_151 .array/port v0x5591a9d8e2a0, 151;
v0x5591a9d8e2a0_152 .array/port v0x5591a9d8e2a0, 152;
v0x5591a9d8e2a0_153 .array/port v0x5591a9d8e2a0, 153;
v0x5591a9d8e2a0_154 .array/port v0x5591a9d8e2a0, 154;
E_0x5591a9d58a40/38 .event anyedge, v0x5591a9d8e2a0_151, v0x5591a9d8e2a0_152, v0x5591a9d8e2a0_153, v0x5591a9d8e2a0_154;
v0x5591a9d8e2a0_155 .array/port v0x5591a9d8e2a0, 155;
v0x5591a9d8e2a0_156 .array/port v0x5591a9d8e2a0, 156;
v0x5591a9d8e2a0_157 .array/port v0x5591a9d8e2a0, 157;
v0x5591a9d8e2a0_158 .array/port v0x5591a9d8e2a0, 158;
E_0x5591a9d58a40/39 .event anyedge, v0x5591a9d8e2a0_155, v0x5591a9d8e2a0_156, v0x5591a9d8e2a0_157, v0x5591a9d8e2a0_158;
v0x5591a9d8e2a0_159 .array/port v0x5591a9d8e2a0, 159;
v0x5591a9d8e2a0_160 .array/port v0x5591a9d8e2a0, 160;
v0x5591a9d8e2a0_161 .array/port v0x5591a9d8e2a0, 161;
v0x5591a9d8e2a0_162 .array/port v0x5591a9d8e2a0, 162;
E_0x5591a9d58a40/40 .event anyedge, v0x5591a9d8e2a0_159, v0x5591a9d8e2a0_160, v0x5591a9d8e2a0_161, v0x5591a9d8e2a0_162;
v0x5591a9d8e2a0_163 .array/port v0x5591a9d8e2a0, 163;
v0x5591a9d8e2a0_164 .array/port v0x5591a9d8e2a0, 164;
v0x5591a9d8e2a0_165 .array/port v0x5591a9d8e2a0, 165;
v0x5591a9d8e2a0_166 .array/port v0x5591a9d8e2a0, 166;
E_0x5591a9d58a40/41 .event anyedge, v0x5591a9d8e2a0_163, v0x5591a9d8e2a0_164, v0x5591a9d8e2a0_165, v0x5591a9d8e2a0_166;
v0x5591a9d8e2a0_167 .array/port v0x5591a9d8e2a0, 167;
v0x5591a9d8e2a0_168 .array/port v0x5591a9d8e2a0, 168;
v0x5591a9d8e2a0_169 .array/port v0x5591a9d8e2a0, 169;
v0x5591a9d8e2a0_170 .array/port v0x5591a9d8e2a0, 170;
E_0x5591a9d58a40/42 .event anyedge, v0x5591a9d8e2a0_167, v0x5591a9d8e2a0_168, v0x5591a9d8e2a0_169, v0x5591a9d8e2a0_170;
v0x5591a9d8e2a0_171 .array/port v0x5591a9d8e2a0, 171;
v0x5591a9d8e2a0_172 .array/port v0x5591a9d8e2a0, 172;
v0x5591a9d8e2a0_173 .array/port v0x5591a9d8e2a0, 173;
v0x5591a9d8e2a0_174 .array/port v0x5591a9d8e2a0, 174;
E_0x5591a9d58a40/43 .event anyedge, v0x5591a9d8e2a0_171, v0x5591a9d8e2a0_172, v0x5591a9d8e2a0_173, v0x5591a9d8e2a0_174;
v0x5591a9d8e2a0_175 .array/port v0x5591a9d8e2a0, 175;
v0x5591a9d8e2a0_176 .array/port v0x5591a9d8e2a0, 176;
v0x5591a9d8e2a0_177 .array/port v0x5591a9d8e2a0, 177;
v0x5591a9d8e2a0_178 .array/port v0x5591a9d8e2a0, 178;
E_0x5591a9d58a40/44 .event anyedge, v0x5591a9d8e2a0_175, v0x5591a9d8e2a0_176, v0x5591a9d8e2a0_177, v0x5591a9d8e2a0_178;
v0x5591a9d8e2a0_179 .array/port v0x5591a9d8e2a0, 179;
v0x5591a9d8e2a0_180 .array/port v0x5591a9d8e2a0, 180;
v0x5591a9d8e2a0_181 .array/port v0x5591a9d8e2a0, 181;
v0x5591a9d8e2a0_182 .array/port v0x5591a9d8e2a0, 182;
E_0x5591a9d58a40/45 .event anyedge, v0x5591a9d8e2a0_179, v0x5591a9d8e2a0_180, v0x5591a9d8e2a0_181, v0x5591a9d8e2a0_182;
v0x5591a9d8e2a0_183 .array/port v0x5591a9d8e2a0, 183;
v0x5591a9d8e2a0_184 .array/port v0x5591a9d8e2a0, 184;
v0x5591a9d8e2a0_185 .array/port v0x5591a9d8e2a0, 185;
v0x5591a9d8e2a0_186 .array/port v0x5591a9d8e2a0, 186;
E_0x5591a9d58a40/46 .event anyedge, v0x5591a9d8e2a0_183, v0x5591a9d8e2a0_184, v0x5591a9d8e2a0_185, v0x5591a9d8e2a0_186;
v0x5591a9d8e2a0_187 .array/port v0x5591a9d8e2a0, 187;
v0x5591a9d8e2a0_188 .array/port v0x5591a9d8e2a0, 188;
v0x5591a9d8e2a0_189 .array/port v0x5591a9d8e2a0, 189;
v0x5591a9d8e2a0_190 .array/port v0x5591a9d8e2a0, 190;
E_0x5591a9d58a40/47 .event anyedge, v0x5591a9d8e2a0_187, v0x5591a9d8e2a0_188, v0x5591a9d8e2a0_189, v0x5591a9d8e2a0_190;
v0x5591a9d8e2a0_191 .array/port v0x5591a9d8e2a0, 191;
v0x5591a9d8e2a0_192 .array/port v0x5591a9d8e2a0, 192;
v0x5591a9d8e2a0_193 .array/port v0x5591a9d8e2a0, 193;
v0x5591a9d8e2a0_194 .array/port v0x5591a9d8e2a0, 194;
E_0x5591a9d58a40/48 .event anyedge, v0x5591a9d8e2a0_191, v0x5591a9d8e2a0_192, v0x5591a9d8e2a0_193, v0x5591a9d8e2a0_194;
v0x5591a9d8e2a0_195 .array/port v0x5591a9d8e2a0, 195;
v0x5591a9d8e2a0_196 .array/port v0x5591a9d8e2a0, 196;
v0x5591a9d8e2a0_197 .array/port v0x5591a9d8e2a0, 197;
v0x5591a9d8e2a0_198 .array/port v0x5591a9d8e2a0, 198;
E_0x5591a9d58a40/49 .event anyedge, v0x5591a9d8e2a0_195, v0x5591a9d8e2a0_196, v0x5591a9d8e2a0_197, v0x5591a9d8e2a0_198;
v0x5591a9d8e2a0_199 .array/port v0x5591a9d8e2a0, 199;
v0x5591a9d8e2a0_200 .array/port v0x5591a9d8e2a0, 200;
v0x5591a9d8e2a0_201 .array/port v0x5591a9d8e2a0, 201;
v0x5591a9d8e2a0_202 .array/port v0x5591a9d8e2a0, 202;
E_0x5591a9d58a40/50 .event anyedge, v0x5591a9d8e2a0_199, v0x5591a9d8e2a0_200, v0x5591a9d8e2a0_201, v0x5591a9d8e2a0_202;
v0x5591a9d8e2a0_203 .array/port v0x5591a9d8e2a0, 203;
v0x5591a9d8e2a0_204 .array/port v0x5591a9d8e2a0, 204;
v0x5591a9d8e2a0_205 .array/port v0x5591a9d8e2a0, 205;
v0x5591a9d8e2a0_206 .array/port v0x5591a9d8e2a0, 206;
E_0x5591a9d58a40/51 .event anyedge, v0x5591a9d8e2a0_203, v0x5591a9d8e2a0_204, v0x5591a9d8e2a0_205, v0x5591a9d8e2a0_206;
v0x5591a9d8e2a0_207 .array/port v0x5591a9d8e2a0, 207;
v0x5591a9d8e2a0_208 .array/port v0x5591a9d8e2a0, 208;
v0x5591a9d8e2a0_209 .array/port v0x5591a9d8e2a0, 209;
v0x5591a9d8e2a0_210 .array/port v0x5591a9d8e2a0, 210;
E_0x5591a9d58a40/52 .event anyedge, v0x5591a9d8e2a0_207, v0x5591a9d8e2a0_208, v0x5591a9d8e2a0_209, v0x5591a9d8e2a0_210;
v0x5591a9d8e2a0_211 .array/port v0x5591a9d8e2a0, 211;
v0x5591a9d8e2a0_212 .array/port v0x5591a9d8e2a0, 212;
v0x5591a9d8e2a0_213 .array/port v0x5591a9d8e2a0, 213;
v0x5591a9d8e2a0_214 .array/port v0x5591a9d8e2a0, 214;
E_0x5591a9d58a40/53 .event anyedge, v0x5591a9d8e2a0_211, v0x5591a9d8e2a0_212, v0x5591a9d8e2a0_213, v0x5591a9d8e2a0_214;
v0x5591a9d8e2a0_215 .array/port v0x5591a9d8e2a0, 215;
v0x5591a9d8e2a0_216 .array/port v0x5591a9d8e2a0, 216;
v0x5591a9d8e2a0_217 .array/port v0x5591a9d8e2a0, 217;
v0x5591a9d8e2a0_218 .array/port v0x5591a9d8e2a0, 218;
E_0x5591a9d58a40/54 .event anyedge, v0x5591a9d8e2a0_215, v0x5591a9d8e2a0_216, v0x5591a9d8e2a0_217, v0x5591a9d8e2a0_218;
v0x5591a9d8e2a0_219 .array/port v0x5591a9d8e2a0, 219;
v0x5591a9d8e2a0_220 .array/port v0x5591a9d8e2a0, 220;
v0x5591a9d8e2a0_221 .array/port v0x5591a9d8e2a0, 221;
v0x5591a9d8e2a0_222 .array/port v0x5591a9d8e2a0, 222;
E_0x5591a9d58a40/55 .event anyedge, v0x5591a9d8e2a0_219, v0x5591a9d8e2a0_220, v0x5591a9d8e2a0_221, v0x5591a9d8e2a0_222;
v0x5591a9d8e2a0_223 .array/port v0x5591a9d8e2a0, 223;
v0x5591a9d8e2a0_224 .array/port v0x5591a9d8e2a0, 224;
v0x5591a9d8e2a0_225 .array/port v0x5591a9d8e2a0, 225;
v0x5591a9d8e2a0_226 .array/port v0x5591a9d8e2a0, 226;
E_0x5591a9d58a40/56 .event anyedge, v0x5591a9d8e2a0_223, v0x5591a9d8e2a0_224, v0x5591a9d8e2a0_225, v0x5591a9d8e2a0_226;
v0x5591a9d8e2a0_227 .array/port v0x5591a9d8e2a0, 227;
v0x5591a9d8e2a0_228 .array/port v0x5591a9d8e2a0, 228;
v0x5591a9d8e2a0_229 .array/port v0x5591a9d8e2a0, 229;
v0x5591a9d8e2a0_230 .array/port v0x5591a9d8e2a0, 230;
E_0x5591a9d58a40/57 .event anyedge, v0x5591a9d8e2a0_227, v0x5591a9d8e2a0_228, v0x5591a9d8e2a0_229, v0x5591a9d8e2a0_230;
v0x5591a9d8e2a0_231 .array/port v0x5591a9d8e2a0, 231;
v0x5591a9d8e2a0_232 .array/port v0x5591a9d8e2a0, 232;
v0x5591a9d8e2a0_233 .array/port v0x5591a9d8e2a0, 233;
v0x5591a9d8e2a0_234 .array/port v0x5591a9d8e2a0, 234;
E_0x5591a9d58a40/58 .event anyedge, v0x5591a9d8e2a0_231, v0x5591a9d8e2a0_232, v0x5591a9d8e2a0_233, v0x5591a9d8e2a0_234;
v0x5591a9d8e2a0_235 .array/port v0x5591a9d8e2a0, 235;
v0x5591a9d8e2a0_236 .array/port v0x5591a9d8e2a0, 236;
v0x5591a9d8e2a0_237 .array/port v0x5591a9d8e2a0, 237;
v0x5591a9d8e2a0_238 .array/port v0x5591a9d8e2a0, 238;
E_0x5591a9d58a40/59 .event anyedge, v0x5591a9d8e2a0_235, v0x5591a9d8e2a0_236, v0x5591a9d8e2a0_237, v0x5591a9d8e2a0_238;
v0x5591a9d8e2a0_239 .array/port v0x5591a9d8e2a0, 239;
v0x5591a9d8e2a0_240 .array/port v0x5591a9d8e2a0, 240;
v0x5591a9d8e2a0_241 .array/port v0x5591a9d8e2a0, 241;
v0x5591a9d8e2a0_242 .array/port v0x5591a9d8e2a0, 242;
E_0x5591a9d58a40/60 .event anyedge, v0x5591a9d8e2a0_239, v0x5591a9d8e2a0_240, v0x5591a9d8e2a0_241, v0x5591a9d8e2a0_242;
v0x5591a9d8e2a0_243 .array/port v0x5591a9d8e2a0, 243;
v0x5591a9d8e2a0_244 .array/port v0x5591a9d8e2a0, 244;
v0x5591a9d8e2a0_245 .array/port v0x5591a9d8e2a0, 245;
v0x5591a9d8e2a0_246 .array/port v0x5591a9d8e2a0, 246;
E_0x5591a9d58a40/61 .event anyedge, v0x5591a9d8e2a0_243, v0x5591a9d8e2a0_244, v0x5591a9d8e2a0_245, v0x5591a9d8e2a0_246;
v0x5591a9d8e2a0_247 .array/port v0x5591a9d8e2a0, 247;
v0x5591a9d8e2a0_248 .array/port v0x5591a9d8e2a0, 248;
v0x5591a9d8e2a0_249 .array/port v0x5591a9d8e2a0, 249;
v0x5591a9d8e2a0_250 .array/port v0x5591a9d8e2a0, 250;
E_0x5591a9d58a40/62 .event anyedge, v0x5591a9d8e2a0_247, v0x5591a9d8e2a0_248, v0x5591a9d8e2a0_249, v0x5591a9d8e2a0_250;
v0x5591a9d8e2a0_251 .array/port v0x5591a9d8e2a0, 251;
v0x5591a9d8e2a0_252 .array/port v0x5591a9d8e2a0, 252;
v0x5591a9d8e2a0_253 .array/port v0x5591a9d8e2a0, 253;
v0x5591a9d8e2a0_254 .array/port v0x5591a9d8e2a0, 254;
E_0x5591a9d58a40/63 .event anyedge, v0x5591a9d8e2a0_251, v0x5591a9d8e2a0_252, v0x5591a9d8e2a0_253, v0x5591a9d8e2a0_254;
v0x5591a9d8e2a0_255 .array/port v0x5591a9d8e2a0, 255;
v0x5591a9d8e2a0_256 .array/port v0x5591a9d8e2a0, 256;
v0x5591a9d8e2a0_257 .array/port v0x5591a9d8e2a0, 257;
v0x5591a9d8e2a0_258 .array/port v0x5591a9d8e2a0, 258;
E_0x5591a9d58a40/64 .event anyedge, v0x5591a9d8e2a0_255, v0x5591a9d8e2a0_256, v0x5591a9d8e2a0_257, v0x5591a9d8e2a0_258;
v0x5591a9d8e2a0_259 .array/port v0x5591a9d8e2a0, 259;
v0x5591a9d8e2a0_260 .array/port v0x5591a9d8e2a0, 260;
v0x5591a9d8e2a0_261 .array/port v0x5591a9d8e2a0, 261;
v0x5591a9d8e2a0_262 .array/port v0x5591a9d8e2a0, 262;
E_0x5591a9d58a40/65 .event anyedge, v0x5591a9d8e2a0_259, v0x5591a9d8e2a0_260, v0x5591a9d8e2a0_261, v0x5591a9d8e2a0_262;
v0x5591a9d8e2a0_263 .array/port v0x5591a9d8e2a0, 263;
v0x5591a9d8e2a0_264 .array/port v0x5591a9d8e2a0, 264;
v0x5591a9d8e2a0_265 .array/port v0x5591a9d8e2a0, 265;
v0x5591a9d8e2a0_266 .array/port v0x5591a9d8e2a0, 266;
E_0x5591a9d58a40/66 .event anyedge, v0x5591a9d8e2a0_263, v0x5591a9d8e2a0_264, v0x5591a9d8e2a0_265, v0x5591a9d8e2a0_266;
v0x5591a9d8e2a0_267 .array/port v0x5591a9d8e2a0, 267;
v0x5591a9d8e2a0_268 .array/port v0x5591a9d8e2a0, 268;
v0x5591a9d8e2a0_269 .array/port v0x5591a9d8e2a0, 269;
v0x5591a9d8e2a0_270 .array/port v0x5591a9d8e2a0, 270;
E_0x5591a9d58a40/67 .event anyedge, v0x5591a9d8e2a0_267, v0x5591a9d8e2a0_268, v0x5591a9d8e2a0_269, v0x5591a9d8e2a0_270;
v0x5591a9d8e2a0_271 .array/port v0x5591a9d8e2a0, 271;
v0x5591a9d8e2a0_272 .array/port v0x5591a9d8e2a0, 272;
v0x5591a9d8e2a0_273 .array/port v0x5591a9d8e2a0, 273;
v0x5591a9d8e2a0_274 .array/port v0x5591a9d8e2a0, 274;
E_0x5591a9d58a40/68 .event anyedge, v0x5591a9d8e2a0_271, v0x5591a9d8e2a0_272, v0x5591a9d8e2a0_273, v0x5591a9d8e2a0_274;
v0x5591a9d8e2a0_275 .array/port v0x5591a9d8e2a0, 275;
v0x5591a9d8e2a0_276 .array/port v0x5591a9d8e2a0, 276;
v0x5591a9d8e2a0_277 .array/port v0x5591a9d8e2a0, 277;
v0x5591a9d8e2a0_278 .array/port v0x5591a9d8e2a0, 278;
E_0x5591a9d58a40/69 .event anyedge, v0x5591a9d8e2a0_275, v0x5591a9d8e2a0_276, v0x5591a9d8e2a0_277, v0x5591a9d8e2a0_278;
v0x5591a9d8e2a0_279 .array/port v0x5591a9d8e2a0, 279;
v0x5591a9d8e2a0_280 .array/port v0x5591a9d8e2a0, 280;
v0x5591a9d8e2a0_281 .array/port v0x5591a9d8e2a0, 281;
v0x5591a9d8e2a0_282 .array/port v0x5591a9d8e2a0, 282;
E_0x5591a9d58a40/70 .event anyedge, v0x5591a9d8e2a0_279, v0x5591a9d8e2a0_280, v0x5591a9d8e2a0_281, v0x5591a9d8e2a0_282;
v0x5591a9d8e2a0_283 .array/port v0x5591a9d8e2a0, 283;
v0x5591a9d8e2a0_284 .array/port v0x5591a9d8e2a0, 284;
v0x5591a9d8e2a0_285 .array/port v0x5591a9d8e2a0, 285;
v0x5591a9d8e2a0_286 .array/port v0x5591a9d8e2a0, 286;
E_0x5591a9d58a40/71 .event anyedge, v0x5591a9d8e2a0_283, v0x5591a9d8e2a0_284, v0x5591a9d8e2a0_285, v0x5591a9d8e2a0_286;
v0x5591a9d8e2a0_287 .array/port v0x5591a9d8e2a0, 287;
v0x5591a9d8e2a0_288 .array/port v0x5591a9d8e2a0, 288;
v0x5591a9d8e2a0_289 .array/port v0x5591a9d8e2a0, 289;
v0x5591a9d8e2a0_290 .array/port v0x5591a9d8e2a0, 290;
E_0x5591a9d58a40/72 .event anyedge, v0x5591a9d8e2a0_287, v0x5591a9d8e2a0_288, v0x5591a9d8e2a0_289, v0x5591a9d8e2a0_290;
v0x5591a9d8e2a0_291 .array/port v0x5591a9d8e2a0, 291;
v0x5591a9d8e2a0_292 .array/port v0x5591a9d8e2a0, 292;
v0x5591a9d8e2a0_293 .array/port v0x5591a9d8e2a0, 293;
v0x5591a9d8e2a0_294 .array/port v0x5591a9d8e2a0, 294;
E_0x5591a9d58a40/73 .event anyedge, v0x5591a9d8e2a0_291, v0x5591a9d8e2a0_292, v0x5591a9d8e2a0_293, v0x5591a9d8e2a0_294;
v0x5591a9d8e2a0_295 .array/port v0x5591a9d8e2a0, 295;
v0x5591a9d8e2a0_296 .array/port v0x5591a9d8e2a0, 296;
v0x5591a9d8e2a0_297 .array/port v0x5591a9d8e2a0, 297;
v0x5591a9d8e2a0_298 .array/port v0x5591a9d8e2a0, 298;
E_0x5591a9d58a40/74 .event anyedge, v0x5591a9d8e2a0_295, v0x5591a9d8e2a0_296, v0x5591a9d8e2a0_297, v0x5591a9d8e2a0_298;
v0x5591a9d8e2a0_299 .array/port v0x5591a9d8e2a0, 299;
v0x5591a9d8e2a0_300 .array/port v0x5591a9d8e2a0, 300;
v0x5591a9d8e2a0_301 .array/port v0x5591a9d8e2a0, 301;
v0x5591a9d8e2a0_302 .array/port v0x5591a9d8e2a0, 302;
E_0x5591a9d58a40/75 .event anyedge, v0x5591a9d8e2a0_299, v0x5591a9d8e2a0_300, v0x5591a9d8e2a0_301, v0x5591a9d8e2a0_302;
v0x5591a9d8e2a0_303 .array/port v0x5591a9d8e2a0, 303;
v0x5591a9d8e2a0_304 .array/port v0x5591a9d8e2a0, 304;
v0x5591a9d8e2a0_305 .array/port v0x5591a9d8e2a0, 305;
v0x5591a9d8e2a0_306 .array/port v0x5591a9d8e2a0, 306;
E_0x5591a9d58a40/76 .event anyedge, v0x5591a9d8e2a0_303, v0x5591a9d8e2a0_304, v0x5591a9d8e2a0_305, v0x5591a9d8e2a0_306;
v0x5591a9d8e2a0_307 .array/port v0x5591a9d8e2a0, 307;
v0x5591a9d8e2a0_308 .array/port v0x5591a9d8e2a0, 308;
v0x5591a9d8e2a0_309 .array/port v0x5591a9d8e2a0, 309;
v0x5591a9d8e2a0_310 .array/port v0x5591a9d8e2a0, 310;
E_0x5591a9d58a40/77 .event anyedge, v0x5591a9d8e2a0_307, v0x5591a9d8e2a0_308, v0x5591a9d8e2a0_309, v0x5591a9d8e2a0_310;
v0x5591a9d8e2a0_311 .array/port v0x5591a9d8e2a0, 311;
v0x5591a9d8e2a0_312 .array/port v0x5591a9d8e2a0, 312;
v0x5591a9d8e2a0_313 .array/port v0x5591a9d8e2a0, 313;
v0x5591a9d8e2a0_314 .array/port v0x5591a9d8e2a0, 314;
E_0x5591a9d58a40/78 .event anyedge, v0x5591a9d8e2a0_311, v0x5591a9d8e2a0_312, v0x5591a9d8e2a0_313, v0x5591a9d8e2a0_314;
v0x5591a9d8e2a0_315 .array/port v0x5591a9d8e2a0, 315;
v0x5591a9d8e2a0_316 .array/port v0x5591a9d8e2a0, 316;
v0x5591a9d8e2a0_317 .array/port v0x5591a9d8e2a0, 317;
v0x5591a9d8e2a0_318 .array/port v0x5591a9d8e2a0, 318;
E_0x5591a9d58a40/79 .event anyedge, v0x5591a9d8e2a0_315, v0x5591a9d8e2a0_316, v0x5591a9d8e2a0_317, v0x5591a9d8e2a0_318;
v0x5591a9d8e2a0_319 .array/port v0x5591a9d8e2a0, 319;
v0x5591a9d8e2a0_320 .array/port v0x5591a9d8e2a0, 320;
v0x5591a9d8e2a0_321 .array/port v0x5591a9d8e2a0, 321;
v0x5591a9d8e2a0_322 .array/port v0x5591a9d8e2a0, 322;
E_0x5591a9d58a40/80 .event anyedge, v0x5591a9d8e2a0_319, v0x5591a9d8e2a0_320, v0x5591a9d8e2a0_321, v0x5591a9d8e2a0_322;
v0x5591a9d8e2a0_323 .array/port v0x5591a9d8e2a0, 323;
v0x5591a9d8e2a0_324 .array/port v0x5591a9d8e2a0, 324;
v0x5591a9d8e2a0_325 .array/port v0x5591a9d8e2a0, 325;
v0x5591a9d8e2a0_326 .array/port v0x5591a9d8e2a0, 326;
E_0x5591a9d58a40/81 .event anyedge, v0x5591a9d8e2a0_323, v0x5591a9d8e2a0_324, v0x5591a9d8e2a0_325, v0x5591a9d8e2a0_326;
v0x5591a9d8e2a0_327 .array/port v0x5591a9d8e2a0, 327;
v0x5591a9d8e2a0_328 .array/port v0x5591a9d8e2a0, 328;
v0x5591a9d8e2a0_329 .array/port v0x5591a9d8e2a0, 329;
v0x5591a9d8e2a0_330 .array/port v0x5591a9d8e2a0, 330;
E_0x5591a9d58a40/82 .event anyedge, v0x5591a9d8e2a0_327, v0x5591a9d8e2a0_328, v0x5591a9d8e2a0_329, v0x5591a9d8e2a0_330;
v0x5591a9d8e2a0_331 .array/port v0x5591a9d8e2a0, 331;
v0x5591a9d8e2a0_332 .array/port v0x5591a9d8e2a0, 332;
v0x5591a9d8e2a0_333 .array/port v0x5591a9d8e2a0, 333;
v0x5591a9d8e2a0_334 .array/port v0x5591a9d8e2a0, 334;
E_0x5591a9d58a40/83 .event anyedge, v0x5591a9d8e2a0_331, v0x5591a9d8e2a0_332, v0x5591a9d8e2a0_333, v0x5591a9d8e2a0_334;
v0x5591a9d8e2a0_335 .array/port v0x5591a9d8e2a0, 335;
v0x5591a9d8e2a0_336 .array/port v0x5591a9d8e2a0, 336;
v0x5591a9d8e2a0_337 .array/port v0x5591a9d8e2a0, 337;
v0x5591a9d8e2a0_338 .array/port v0x5591a9d8e2a0, 338;
E_0x5591a9d58a40/84 .event anyedge, v0x5591a9d8e2a0_335, v0x5591a9d8e2a0_336, v0x5591a9d8e2a0_337, v0x5591a9d8e2a0_338;
v0x5591a9d8e2a0_339 .array/port v0x5591a9d8e2a0, 339;
v0x5591a9d8e2a0_340 .array/port v0x5591a9d8e2a0, 340;
v0x5591a9d8e2a0_341 .array/port v0x5591a9d8e2a0, 341;
v0x5591a9d8e2a0_342 .array/port v0x5591a9d8e2a0, 342;
E_0x5591a9d58a40/85 .event anyedge, v0x5591a9d8e2a0_339, v0x5591a9d8e2a0_340, v0x5591a9d8e2a0_341, v0x5591a9d8e2a0_342;
v0x5591a9d8e2a0_343 .array/port v0x5591a9d8e2a0, 343;
v0x5591a9d8e2a0_344 .array/port v0x5591a9d8e2a0, 344;
v0x5591a9d8e2a0_345 .array/port v0x5591a9d8e2a0, 345;
v0x5591a9d8e2a0_346 .array/port v0x5591a9d8e2a0, 346;
E_0x5591a9d58a40/86 .event anyedge, v0x5591a9d8e2a0_343, v0x5591a9d8e2a0_344, v0x5591a9d8e2a0_345, v0x5591a9d8e2a0_346;
v0x5591a9d8e2a0_347 .array/port v0x5591a9d8e2a0, 347;
v0x5591a9d8e2a0_348 .array/port v0x5591a9d8e2a0, 348;
v0x5591a9d8e2a0_349 .array/port v0x5591a9d8e2a0, 349;
v0x5591a9d8e2a0_350 .array/port v0x5591a9d8e2a0, 350;
E_0x5591a9d58a40/87 .event anyedge, v0x5591a9d8e2a0_347, v0x5591a9d8e2a0_348, v0x5591a9d8e2a0_349, v0x5591a9d8e2a0_350;
v0x5591a9d8e2a0_351 .array/port v0x5591a9d8e2a0, 351;
v0x5591a9d8e2a0_352 .array/port v0x5591a9d8e2a0, 352;
v0x5591a9d8e2a0_353 .array/port v0x5591a9d8e2a0, 353;
v0x5591a9d8e2a0_354 .array/port v0x5591a9d8e2a0, 354;
E_0x5591a9d58a40/88 .event anyedge, v0x5591a9d8e2a0_351, v0x5591a9d8e2a0_352, v0x5591a9d8e2a0_353, v0x5591a9d8e2a0_354;
v0x5591a9d8e2a0_355 .array/port v0x5591a9d8e2a0, 355;
v0x5591a9d8e2a0_356 .array/port v0x5591a9d8e2a0, 356;
v0x5591a9d8e2a0_357 .array/port v0x5591a9d8e2a0, 357;
v0x5591a9d8e2a0_358 .array/port v0x5591a9d8e2a0, 358;
E_0x5591a9d58a40/89 .event anyedge, v0x5591a9d8e2a0_355, v0x5591a9d8e2a0_356, v0x5591a9d8e2a0_357, v0x5591a9d8e2a0_358;
v0x5591a9d8e2a0_359 .array/port v0x5591a9d8e2a0, 359;
v0x5591a9d8e2a0_360 .array/port v0x5591a9d8e2a0, 360;
v0x5591a9d8e2a0_361 .array/port v0x5591a9d8e2a0, 361;
v0x5591a9d8e2a0_362 .array/port v0x5591a9d8e2a0, 362;
E_0x5591a9d58a40/90 .event anyedge, v0x5591a9d8e2a0_359, v0x5591a9d8e2a0_360, v0x5591a9d8e2a0_361, v0x5591a9d8e2a0_362;
v0x5591a9d8e2a0_363 .array/port v0x5591a9d8e2a0, 363;
v0x5591a9d8e2a0_364 .array/port v0x5591a9d8e2a0, 364;
v0x5591a9d8e2a0_365 .array/port v0x5591a9d8e2a0, 365;
v0x5591a9d8e2a0_366 .array/port v0x5591a9d8e2a0, 366;
E_0x5591a9d58a40/91 .event anyedge, v0x5591a9d8e2a0_363, v0x5591a9d8e2a0_364, v0x5591a9d8e2a0_365, v0x5591a9d8e2a0_366;
v0x5591a9d8e2a0_367 .array/port v0x5591a9d8e2a0, 367;
v0x5591a9d8e2a0_368 .array/port v0x5591a9d8e2a0, 368;
v0x5591a9d8e2a0_369 .array/port v0x5591a9d8e2a0, 369;
v0x5591a9d8e2a0_370 .array/port v0x5591a9d8e2a0, 370;
E_0x5591a9d58a40/92 .event anyedge, v0x5591a9d8e2a0_367, v0x5591a9d8e2a0_368, v0x5591a9d8e2a0_369, v0x5591a9d8e2a0_370;
v0x5591a9d8e2a0_371 .array/port v0x5591a9d8e2a0, 371;
v0x5591a9d8e2a0_372 .array/port v0x5591a9d8e2a0, 372;
v0x5591a9d8e2a0_373 .array/port v0x5591a9d8e2a0, 373;
v0x5591a9d8e2a0_374 .array/port v0x5591a9d8e2a0, 374;
E_0x5591a9d58a40/93 .event anyedge, v0x5591a9d8e2a0_371, v0x5591a9d8e2a0_372, v0x5591a9d8e2a0_373, v0x5591a9d8e2a0_374;
v0x5591a9d8e2a0_375 .array/port v0x5591a9d8e2a0, 375;
v0x5591a9d8e2a0_376 .array/port v0x5591a9d8e2a0, 376;
v0x5591a9d8e2a0_377 .array/port v0x5591a9d8e2a0, 377;
v0x5591a9d8e2a0_378 .array/port v0x5591a9d8e2a0, 378;
E_0x5591a9d58a40/94 .event anyedge, v0x5591a9d8e2a0_375, v0x5591a9d8e2a0_376, v0x5591a9d8e2a0_377, v0x5591a9d8e2a0_378;
v0x5591a9d8e2a0_379 .array/port v0x5591a9d8e2a0, 379;
v0x5591a9d8e2a0_380 .array/port v0x5591a9d8e2a0, 380;
v0x5591a9d8e2a0_381 .array/port v0x5591a9d8e2a0, 381;
v0x5591a9d8e2a0_382 .array/port v0x5591a9d8e2a0, 382;
E_0x5591a9d58a40/95 .event anyedge, v0x5591a9d8e2a0_379, v0x5591a9d8e2a0_380, v0x5591a9d8e2a0_381, v0x5591a9d8e2a0_382;
v0x5591a9d8e2a0_383 .array/port v0x5591a9d8e2a0, 383;
v0x5591a9d8e2a0_384 .array/port v0x5591a9d8e2a0, 384;
v0x5591a9d8e2a0_385 .array/port v0x5591a9d8e2a0, 385;
v0x5591a9d8e2a0_386 .array/port v0x5591a9d8e2a0, 386;
E_0x5591a9d58a40/96 .event anyedge, v0x5591a9d8e2a0_383, v0x5591a9d8e2a0_384, v0x5591a9d8e2a0_385, v0x5591a9d8e2a0_386;
v0x5591a9d8e2a0_387 .array/port v0x5591a9d8e2a0, 387;
v0x5591a9d8e2a0_388 .array/port v0x5591a9d8e2a0, 388;
v0x5591a9d8e2a0_389 .array/port v0x5591a9d8e2a0, 389;
v0x5591a9d8e2a0_390 .array/port v0x5591a9d8e2a0, 390;
E_0x5591a9d58a40/97 .event anyedge, v0x5591a9d8e2a0_387, v0x5591a9d8e2a0_388, v0x5591a9d8e2a0_389, v0x5591a9d8e2a0_390;
v0x5591a9d8e2a0_391 .array/port v0x5591a9d8e2a0, 391;
v0x5591a9d8e2a0_392 .array/port v0x5591a9d8e2a0, 392;
v0x5591a9d8e2a0_393 .array/port v0x5591a9d8e2a0, 393;
v0x5591a9d8e2a0_394 .array/port v0x5591a9d8e2a0, 394;
E_0x5591a9d58a40/98 .event anyedge, v0x5591a9d8e2a0_391, v0x5591a9d8e2a0_392, v0x5591a9d8e2a0_393, v0x5591a9d8e2a0_394;
v0x5591a9d8e2a0_395 .array/port v0x5591a9d8e2a0, 395;
v0x5591a9d8e2a0_396 .array/port v0x5591a9d8e2a0, 396;
v0x5591a9d8e2a0_397 .array/port v0x5591a9d8e2a0, 397;
v0x5591a9d8e2a0_398 .array/port v0x5591a9d8e2a0, 398;
E_0x5591a9d58a40/99 .event anyedge, v0x5591a9d8e2a0_395, v0x5591a9d8e2a0_396, v0x5591a9d8e2a0_397, v0x5591a9d8e2a0_398;
v0x5591a9d8e2a0_399 .array/port v0x5591a9d8e2a0, 399;
v0x5591a9d8e2a0_400 .array/port v0x5591a9d8e2a0, 400;
v0x5591a9d8e2a0_401 .array/port v0x5591a9d8e2a0, 401;
v0x5591a9d8e2a0_402 .array/port v0x5591a9d8e2a0, 402;
E_0x5591a9d58a40/100 .event anyedge, v0x5591a9d8e2a0_399, v0x5591a9d8e2a0_400, v0x5591a9d8e2a0_401, v0x5591a9d8e2a0_402;
v0x5591a9d8e2a0_403 .array/port v0x5591a9d8e2a0, 403;
v0x5591a9d8e2a0_404 .array/port v0x5591a9d8e2a0, 404;
v0x5591a9d8e2a0_405 .array/port v0x5591a9d8e2a0, 405;
v0x5591a9d8e2a0_406 .array/port v0x5591a9d8e2a0, 406;
E_0x5591a9d58a40/101 .event anyedge, v0x5591a9d8e2a0_403, v0x5591a9d8e2a0_404, v0x5591a9d8e2a0_405, v0x5591a9d8e2a0_406;
v0x5591a9d8e2a0_407 .array/port v0x5591a9d8e2a0, 407;
v0x5591a9d8e2a0_408 .array/port v0x5591a9d8e2a0, 408;
v0x5591a9d8e2a0_409 .array/port v0x5591a9d8e2a0, 409;
v0x5591a9d8e2a0_410 .array/port v0x5591a9d8e2a0, 410;
E_0x5591a9d58a40/102 .event anyedge, v0x5591a9d8e2a0_407, v0x5591a9d8e2a0_408, v0x5591a9d8e2a0_409, v0x5591a9d8e2a0_410;
v0x5591a9d8e2a0_411 .array/port v0x5591a9d8e2a0, 411;
v0x5591a9d8e2a0_412 .array/port v0x5591a9d8e2a0, 412;
v0x5591a9d8e2a0_413 .array/port v0x5591a9d8e2a0, 413;
v0x5591a9d8e2a0_414 .array/port v0x5591a9d8e2a0, 414;
E_0x5591a9d58a40/103 .event anyedge, v0x5591a9d8e2a0_411, v0x5591a9d8e2a0_412, v0x5591a9d8e2a0_413, v0x5591a9d8e2a0_414;
v0x5591a9d8e2a0_415 .array/port v0x5591a9d8e2a0, 415;
v0x5591a9d8e2a0_416 .array/port v0x5591a9d8e2a0, 416;
v0x5591a9d8e2a0_417 .array/port v0x5591a9d8e2a0, 417;
v0x5591a9d8e2a0_418 .array/port v0x5591a9d8e2a0, 418;
E_0x5591a9d58a40/104 .event anyedge, v0x5591a9d8e2a0_415, v0x5591a9d8e2a0_416, v0x5591a9d8e2a0_417, v0x5591a9d8e2a0_418;
v0x5591a9d8e2a0_419 .array/port v0x5591a9d8e2a0, 419;
v0x5591a9d8e2a0_420 .array/port v0x5591a9d8e2a0, 420;
v0x5591a9d8e2a0_421 .array/port v0x5591a9d8e2a0, 421;
v0x5591a9d8e2a0_422 .array/port v0x5591a9d8e2a0, 422;
E_0x5591a9d58a40/105 .event anyedge, v0x5591a9d8e2a0_419, v0x5591a9d8e2a0_420, v0x5591a9d8e2a0_421, v0x5591a9d8e2a0_422;
v0x5591a9d8e2a0_423 .array/port v0x5591a9d8e2a0, 423;
v0x5591a9d8e2a0_424 .array/port v0x5591a9d8e2a0, 424;
v0x5591a9d8e2a0_425 .array/port v0x5591a9d8e2a0, 425;
v0x5591a9d8e2a0_426 .array/port v0x5591a9d8e2a0, 426;
E_0x5591a9d58a40/106 .event anyedge, v0x5591a9d8e2a0_423, v0x5591a9d8e2a0_424, v0x5591a9d8e2a0_425, v0x5591a9d8e2a0_426;
v0x5591a9d8e2a0_427 .array/port v0x5591a9d8e2a0, 427;
v0x5591a9d8e2a0_428 .array/port v0x5591a9d8e2a0, 428;
v0x5591a9d8e2a0_429 .array/port v0x5591a9d8e2a0, 429;
v0x5591a9d8e2a0_430 .array/port v0x5591a9d8e2a0, 430;
E_0x5591a9d58a40/107 .event anyedge, v0x5591a9d8e2a0_427, v0x5591a9d8e2a0_428, v0x5591a9d8e2a0_429, v0x5591a9d8e2a0_430;
v0x5591a9d8e2a0_431 .array/port v0x5591a9d8e2a0, 431;
v0x5591a9d8e2a0_432 .array/port v0x5591a9d8e2a0, 432;
v0x5591a9d8e2a0_433 .array/port v0x5591a9d8e2a0, 433;
v0x5591a9d8e2a0_434 .array/port v0x5591a9d8e2a0, 434;
E_0x5591a9d58a40/108 .event anyedge, v0x5591a9d8e2a0_431, v0x5591a9d8e2a0_432, v0x5591a9d8e2a0_433, v0x5591a9d8e2a0_434;
v0x5591a9d8e2a0_435 .array/port v0x5591a9d8e2a0, 435;
v0x5591a9d8e2a0_436 .array/port v0x5591a9d8e2a0, 436;
v0x5591a9d8e2a0_437 .array/port v0x5591a9d8e2a0, 437;
v0x5591a9d8e2a0_438 .array/port v0x5591a9d8e2a0, 438;
E_0x5591a9d58a40/109 .event anyedge, v0x5591a9d8e2a0_435, v0x5591a9d8e2a0_436, v0x5591a9d8e2a0_437, v0x5591a9d8e2a0_438;
v0x5591a9d8e2a0_439 .array/port v0x5591a9d8e2a0, 439;
v0x5591a9d8e2a0_440 .array/port v0x5591a9d8e2a0, 440;
v0x5591a9d8e2a0_441 .array/port v0x5591a9d8e2a0, 441;
v0x5591a9d8e2a0_442 .array/port v0x5591a9d8e2a0, 442;
E_0x5591a9d58a40/110 .event anyedge, v0x5591a9d8e2a0_439, v0x5591a9d8e2a0_440, v0x5591a9d8e2a0_441, v0x5591a9d8e2a0_442;
v0x5591a9d8e2a0_443 .array/port v0x5591a9d8e2a0, 443;
v0x5591a9d8e2a0_444 .array/port v0x5591a9d8e2a0, 444;
v0x5591a9d8e2a0_445 .array/port v0x5591a9d8e2a0, 445;
v0x5591a9d8e2a0_446 .array/port v0x5591a9d8e2a0, 446;
E_0x5591a9d58a40/111 .event anyedge, v0x5591a9d8e2a0_443, v0x5591a9d8e2a0_444, v0x5591a9d8e2a0_445, v0x5591a9d8e2a0_446;
v0x5591a9d8e2a0_447 .array/port v0x5591a9d8e2a0, 447;
v0x5591a9d8e2a0_448 .array/port v0x5591a9d8e2a0, 448;
v0x5591a9d8e2a0_449 .array/port v0x5591a9d8e2a0, 449;
v0x5591a9d8e2a0_450 .array/port v0x5591a9d8e2a0, 450;
E_0x5591a9d58a40/112 .event anyedge, v0x5591a9d8e2a0_447, v0x5591a9d8e2a0_448, v0x5591a9d8e2a0_449, v0x5591a9d8e2a0_450;
v0x5591a9d8e2a0_451 .array/port v0x5591a9d8e2a0, 451;
v0x5591a9d8e2a0_452 .array/port v0x5591a9d8e2a0, 452;
v0x5591a9d8e2a0_453 .array/port v0x5591a9d8e2a0, 453;
v0x5591a9d8e2a0_454 .array/port v0x5591a9d8e2a0, 454;
E_0x5591a9d58a40/113 .event anyedge, v0x5591a9d8e2a0_451, v0x5591a9d8e2a0_452, v0x5591a9d8e2a0_453, v0x5591a9d8e2a0_454;
v0x5591a9d8e2a0_455 .array/port v0x5591a9d8e2a0, 455;
v0x5591a9d8e2a0_456 .array/port v0x5591a9d8e2a0, 456;
v0x5591a9d8e2a0_457 .array/port v0x5591a9d8e2a0, 457;
v0x5591a9d8e2a0_458 .array/port v0x5591a9d8e2a0, 458;
E_0x5591a9d58a40/114 .event anyedge, v0x5591a9d8e2a0_455, v0x5591a9d8e2a0_456, v0x5591a9d8e2a0_457, v0x5591a9d8e2a0_458;
v0x5591a9d8e2a0_459 .array/port v0x5591a9d8e2a0, 459;
v0x5591a9d8e2a0_460 .array/port v0x5591a9d8e2a0, 460;
v0x5591a9d8e2a0_461 .array/port v0x5591a9d8e2a0, 461;
v0x5591a9d8e2a0_462 .array/port v0x5591a9d8e2a0, 462;
E_0x5591a9d58a40/115 .event anyedge, v0x5591a9d8e2a0_459, v0x5591a9d8e2a0_460, v0x5591a9d8e2a0_461, v0x5591a9d8e2a0_462;
v0x5591a9d8e2a0_463 .array/port v0x5591a9d8e2a0, 463;
v0x5591a9d8e2a0_464 .array/port v0x5591a9d8e2a0, 464;
v0x5591a9d8e2a0_465 .array/port v0x5591a9d8e2a0, 465;
v0x5591a9d8e2a0_466 .array/port v0x5591a9d8e2a0, 466;
E_0x5591a9d58a40/116 .event anyedge, v0x5591a9d8e2a0_463, v0x5591a9d8e2a0_464, v0x5591a9d8e2a0_465, v0x5591a9d8e2a0_466;
v0x5591a9d8e2a0_467 .array/port v0x5591a9d8e2a0, 467;
v0x5591a9d8e2a0_468 .array/port v0x5591a9d8e2a0, 468;
v0x5591a9d8e2a0_469 .array/port v0x5591a9d8e2a0, 469;
v0x5591a9d8e2a0_470 .array/port v0x5591a9d8e2a0, 470;
E_0x5591a9d58a40/117 .event anyedge, v0x5591a9d8e2a0_467, v0x5591a9d8e2a0_468, v0x5591a9d8e2a0_469, v0x5591a9d8e2a0_470;
v0x5591a9d8e2a0_471 .array/port v0x5591a9d8e2a0, 471;
v0x5591a9d8e2a0_472 .array/port v0x5591a9d8e2a0, 472;
v0x5591a9d8e2a0_473 .array/port v0x5591a9d8e2a0, 473;
v0x5591a9d8e2a0_474 .array/port v0x5591a9d8e2a0, 474;
E_0x5591a9d58a40/118 .event anyedge, v0x5591a9d8e2a0_471, v0x5591a9d8e2a0_472, v0x5591a9d8e2a0_473, v0x5591a9d8e2a0_474;
v0x5591a9d8e2a0_475 .array/port v0x5591a9d8e2a0, 475;
v0x5591a9d8e2a0_476 .array/port v0x5591a9d8e2a0, 476;
v0x5591a9d8e2a0_477 .array/port v0x5591a9d8e2a0, 477;
v0x5591a9d8e2a0_478 .array/port v0x5591a9d8e2a0, 478;
E_0x5591a9d58a40/119 .event anyedge, v0x5591a9d8e2a0_475, v0x5591a9d8e2a0_476, v0x5591a9d8e2a0_477, v0x5591a9d8e2a0_478;
v0x5591a9d8e2a0_479 .array/port v0x5591a9d8e2a0, 479;
v0x5591a9d8e2a0_480 .array/port v0x5591a9d8e2a0, 480;
v0x5591a9d8e2a0_481 .array/port v0x5591a9d8e2a0, 481;
v0x5591a9d8e2a0_482 .array/port v0x5591a9d8e2a0, 482;
E_0x5591a9d58a40/120 .event anyedge, v0x5591a9d8e2a0_479, v0x5591a9d8e2a0_480, v0x5591a9d8e2a0_481, v0x5591a9d8e2a0_482;
v0x5591a9d8e2a0_483 .array/port v0x5591a9d8e2a0, 483;
v0x5591a9d8e2a0_484 .array/port v0x5591a9d8e2a0, 484;
v0x5591a9d8e2a0_485 .array/port v0x5591a9d8e2a0, 485;
v0x5591a9d8e2a0_486 .array/port v0x5591a9d8e2a0, 486;
E_0x5591a9d58a40/121 .event anyedge, v0x5591a9d8e2a0_483, v0x5591a9d8e2a0_484, v0x5591a9d8e2a0_485, v0x5591a9d8e2a0_486;
v0x5591a9d8e2a0_487 .array/port v0x5591a9d8e2a0, 487;
v0x5591a9d8e2a0_488 .array/port v0x5591a9d8e2a0, 488;
v0x5591a9d8e2a0_489 .array/port v0x5591a9d8e2a0, 489;
v0x5591a9d8e2a0_490 .array/port v0x5591a9d8e2a0, 490;
E_0x5591a9d58a40/122 .event anyedge, v0x5591a9d8e2a0_487, v0x5591a9d8e2a0_488, v0x5591a9d8e2a0_489, v0x5591a9d8e2a0_490;
v0x5591a9d8e2a0_491 .array/port v0x5591a9d8e2a0, 491;
v0x5591a9d8e2a0_492 .array/port v0x5591a9d8e2a0, 492;
v0x5591a9d8e2a0_493 .array/port v0x5591a9d8e2a0, 493;
v0x5591a9d8e2a0_494 .array/port v0x5591a9d8e2a0, 494;
E_0x5591a9d58a40/123 .event anyedge, v0x5591a9d8e2a0_491, v0x5591a9d8e2a0_492, v0x5591a9d8e2a0_493, v0x5591a9d8e2a0_494;
v0x5591a9d8e2a0_495 .array/port v0x5591a9d8e2a0, 495;
v0x5591a9d8e2a0_496 .array/port v0x5591a9d8e2a0, 496;
v0x5591a9d8e2a0_497 .array/port v0x5591a9d8e2a0, 497;
v0x5591a9d8e2a0_498 .array/port v0x5591a9d8e2a0, 498;
E_0x5591a9d58a40/124 .event anyedge, v0x5591a9d8e2a0_495, v0x5591a9d8e2a0_496, v0x5591a9d8e2a0_497, v0x5591a9d8e2a0_498;
v0x5591a9d8e2a0_499 .array/port v0x5591a9d8e2a0, 499;
v0x5591a9d8e2a0_500 .array/port v0x5591a9d8e2a0, 500;
v0x5591a9d8e2a0_501 .array/port v0x5591a9d8e2a0, 501;
v0x5591a9d8e2a0_502 .array/port v0x5591a9d8e2a0, 502;
E_0x5591a9d58a40/125 .event anyedge, v0x5591a9d8e2a0_499, v0x5591a9d8e2a0_500, v0x5591a9d8e2a0_501, v0x5591a9d8e2a0_502;
v0x5591a9d8e2a0_503 .array/port v0x5591a9d8e2a0, 503;
v0x5591a9d8e2a0_504 .array/port v0x5591a9d8e2a0, 504;
v0x5591a9d8e2a0_505 .array/port v0x5591a9d8e2a0, 505;
v0x5591a9d8e2a0_506 .array/port v0x5591a9d8e2a0, 506;
E_0x5591a9d58a40/126 .event anyedge, v0x5591a9d8e2a0_503, v0x5591a9d8e2a0_504, v0x5591a9d8e2a0_505, v0x5591a9d8e2a0_506;
v0x5591a9d8e2a0_507 .array/port v0x5591a9d8e2a0, 507;
v0x5591a9d8e2a0_508 .array/port v0x5591a9d8e2a0, 508;
v0x5591a9d8e2a0_509 .array/port v0x5591a9d8e2a0, 509;
v0x5591a9d8e2a0_510 .array/port v0x5591a9d8e2a0, 510;
E_0x5591a9d58a40/127 .event anyedge, v0x5591a9d8e2a0_507, v0x5591a9d8e2a0_508, v0x5591a9d8e2a0_509, v0x5591a9d8e2a0_510;
v0x5591a9d8e2a0_511 .array/port v0x5591a9d8e2a0, 511;
v0x5591a9d8e2a0_512 .array/port v0x5591a9d8e2a0, 512;
v0x5591a9d8e2a0_513 .array/port v0x5591a9d8e2a0, 513;
v0x5591a9d8e2a0_514 .array/port v0x5591a9d8e2a0, 514;
E_0x5591a9d58a40/128 .event anyedge, v0x5591a9d8e2a0_511, v0x5591a9d8e2a0_512, v0x5591a9d8e2a0_513, v0x5591a9d8e2a0_514;
v0x5591a9d8e2a0_515 .array/port v0x5591a9d8e2a0, 515;
v0x5591a9d8e2a0_516 .array/port v0x5591a9d8e2a0, 516;
v0x5591a9d8e2a0_517 .array/port v0x5591a9d8e2a0, 517;
v0x5591a9d8e2a0_518 .array/port v0x5591a9d8e2a0, 518;
E_0x5591a9d58a40/129 .event anyedge, v0x5591a9d8e2a0_515, v0x5591a9d8e2a0_516, v0x5591a9d8e2a0_517, v0x5591a9d8e2a0_518;
v0x5591a9d8e2a0_519 .array/port v0x5591a9d8e2a0, 519;
v0x5591a9d8e2a0_520 .array/port v0x5591a9d8e2a0, 520;
v0x5591a9d8e2a0_521 .array/port v0x5591a9d8e2a0, 521;
v0x5591a9d8e2a0_522 .array/port v0x5591a9d8e2a0, 522;
E_0x5591a9d58a40/130 .event anyedge, v0x5591a9d8e2a0_519, v0x5591a9d8e2a0_520, v0x5591a9d8e2a0_521, v0x5591a9d8e2a0_522;
v0x5591a9d8e2a0_523 .array/port v0x5591a9d8e2a0, 523;
v0x5591a9d8e2a0_524 .array/port v0x5591a9d8e2a0, 524;
v0x5591a9d8e2a0_525 .array/port v0x5591a9d8e2a0, 525;
v0x5591a9d8e2a0_526 .array/port v0x5591a9d8e2a0, 526;
E_0x5591a9d58a40/131 .event anyedge, v0x5591a9d8e2a0_523, v0x5591a9d8e2a0_524, v0x5591a9d8e2a0_525, v0x5591a9d8e2a0_526;
v0x5591a9d8e2a0_527 .array/port v0x5591a9d8e2a0, 527;
v0x5591a9d8e2a0_528 .array/port v0x5591a9d8e2a0, 528;
v0x5591a9d8e2a0_529 .array/port v0x5591a9d8e2a0, 529;
v0x5591a9d8e2a0_530 .array/port v0x5591a9d8e2a0, 530;
E_0x5591a9d58a40/132 .event anyedge, v0x5591a9d8e2a0_527, v0x5591a9d8e2a0_528, v0x5591a9d8e2a0_529, v0x5591a9d8e2a0_530;
v0x5591a9d8e2a0_531 .array/port v0x5591a9d8e2a0, 531;
v0x5591a9d8e2a0_532 .array/port v0x5591a9d8e2a0, 532;
v0x5591a9d8e2a0_533 .array/port v0x5591a9d8e2a0, 533;
v0x5591a9d8e2a0_534 .array/port v0x5591a9d8e2a0, 534;
E_0x5591a9d58a40/133 .event anyedge, v0x5591a9d8e2a0_531, v0x5591a9d8e2a0_532, v0x5591a9d8e2a0_533, v0x5591a9d8e2a0_534;
v0x5591a9d8e2a0_535 .array/port v0x5591a9d8e2a0, 535;
v0x5591a9d8e2a0_536 .array/port v0x5591a9d8e2a0, 536;
v0x5591a9d8e2a0_537 .array/port v0x5591a9d8e2a0, 537;
v0x5591a9d8e2a0_538 .array/port v0x5591a9d8e2a0, 538;
E_0x5591a9d58a40/134 .event anyedge, v0x5591a9d8e2a0_535, v0x5591a9d8e2a0_536, v0x5591a9d8e2a0_537, v0x5591a9d8e2a0_538;
v0x5591a9d8e2a0_539 .array/port v0x5591a9d8e2a0, 539;
v0x5591a9d8e2a0_540 .array/port v0x5591a9d8e2a0, 540;
v0x5591a9d8e2a0_541 .array/port v0x5591a9d8e2a0, 541;
v0x5591a9d8e2a0_542 .array/port v0x5591a9d8e2a0, 542;
E_0x5591a9d58a40/135 .event anyedge, v0x5591a9d8e2a0_539, v0x5591a9d8e2a0_540, v0x5591a9d8e2a0_541, v0x5591a9d8e2a0_542;
v0x5591a9d8e2a0_543 .array/port v0x5591a9d8e2a0, 543;
v0x5591a9d8e2a0_544 .array/port v0x5591a9d8e2a0, 544;
v0x5591a9d8e2a0_545 .array/port v0x5591a9d8e2a0, 545;
v0x5591a9d8e2a0_546 .array/port v0x5591a9d8e2a0, 546;
E_0x5591a9d58a40/136 .event anyedge, v0x5591a9d8e2a0_543, v0x5591a9d8e2a0_544, v0x5591a9d8e2a0_545, v0x5591a9d8e2a0_546;
v0x5591a9d8e2a0_547 .array/port v0x5591a9d8e2a0, 547;
v0x5591a9d8e2a0_548 .array/port v0x5591a9d8e2a0, 548;
v0x5591a9d8e2a0_549 .array/port v0x5591a9d8e2a0, 549;
v0x5591a9d8e2a0_550 .array/port v0x5591a9d8e2a0, 550;
E_0x5591a9d58a40/137 .event anyedge, v0x5591a9d8e2a0_547, v0x5591a9d8e2a0_548, v0x5591a9d8e2a0_549, v0x5591a9d8e2a0_550;
v0x5591a9d8e2a0_551 .array/port v0x5591a9d8e2a0, 551;
v0x5591a9d8e2a0_552 .array/port v0x5591a9d8e2a0, 552;
v0x5591a9d8e2a0_553 .array/port v0x5591a9d8e2a0, 553;
v0x5591a9d8e2a0_554 .array/port v0x5591a9d8e2a0, 554;
E_0x5591a9d58a40/138 .event anyedge, v0x5591a9d8e2a0_551, v0x5591a9d8e2a0_552, v0x5591a9d8e2a0_553, v0x5591a9d8e2a0_554;
v0x5591a9d8e2a0_555 .array/port v0x5591a9d8e2a0, 555;
v0x5591a9d8e2a0_556 .array/port v0x5591a9d8e2a0, 556;
v0x5591a9d8e2a0_557 .array/port v0x5591a9d8e2a0, 557;
v0x5591a9d8e2a0_558 .array/port v0x5591a9d8e2a0, 558;
E_0x5591a9d58a40/139 .event anyedge, v0x5591a9d8e2a0_555, v0x5591a9d8e2a0_556, v0x5591a9d8e2a0_557, v0x5591a9d8e2a0_558;
v0x5591a9d8e2a0_559 .array/port v0x5591a9d8e2a0, 559;
v0x5591a9d8e2a0_560 .array/port v0x5591a9d8e2a0, 560;
v0x5591a9d8e2a0_561 .array/port v0x5591a9d8e2a0, 561;
v0x5591a9d8e2a0_562 .array/port v0x5591a9d8e2a0, 562;
E_0x5591a9d58a40/140 .event anyedge, v0x5591a9d8e2a0_559, v0x5591a9d8e2a0_560, v0x5591a9d8e2a0_561, v0x5591a9d8e2a0_562;
v0x5591a9d8e2a0_563 .array/port v0x5591a9d8e2a0, 563;
v0x5591a9d8e2a0_564 .array/port v0x5591a9d8e2a0, 564;
v0x5591a9d8e2a0_565 .array/port v0x5591a9d8e2a0, 565;
v0x5591a9d8e2a0_566 .array/port v0x5591a9d8e2a0, 566;
E_0x5591a9d58a40/141 .event anyedge, v0x5591a9d8e2a0_563, v0x5591a9d8e2a0_564, v0x5591a9d8e2a0_565, v0x5591a9d8e2a0_566;
v0x5591a9d8e2a0_567 .array/port v0x5591a9d8e2a0, 567;
v0x5591a9d8e2a0_568 .array/port v0x5591a9d8e2a0, 568;
v0x5591a9d8e2a0_569 .array/port v0x5591a9d8e2a0, 569;
v0x5591a9d8e2a0_570 .array/port v0x5591a9d8e2a0, 570;
E_0x5591a9d58a40/142 .event anyedge, v0x5591a9d8e2a0_567, v0x5591a9d8e2a0_568, v0x5591a9d8e2a0_569, v0x5591a9d8e2a0_570;
v0x5591a9d8e2a0_571 .array/port v0x5591a9d8e2a0, 571;
v0x5591a9d8e2a0_572 .array/port v0x5591a9d8e2a0, 572;
v0x5591a9d8e2a0_573 .array/port v0x5591a9d8e2a0, 573;
v0x5591a9d8e2a0_574 .array/port v0x5591a9d8e2a0, 574;
E_0x5591a9d58a40/143 .event anyedge, v0x5591a9d8e2a0_571, v0x5591a9d8e2a0_572, v0x5591a9d8e2a0_573, v0x5591a9d8e2a0_574;
v0x5591a9d8e2a0_575 .array/port v0x5591a9d8e2a0, 575;
v0x5591a9d8e2a0_576 .array/port v0x5591a9d8e2a0, 576;
v0x5591a9d8e2a0_577 .array/port v0x5591a9d8e2a0, 577;
v0x5591a9d8e2a0_578 .array/port v0x5591a9d8e2a0, 578;
E_0x5591a9d58a40/144 .event anyedge, v0x5591a9d8e2a0_575, v0x5591a9d8e2a0_576, v0x5591a9d8e2a0_577, v0x5591a9d8e2a0_578;
v0x5591a9d8e2a0_579 .array/port v0x5591a9d8e2a0, 579;
v0x5591a9d8e2a0_580 .array/port v0x5591a9d8e2a0, 580;
v0x5591a9d8e2a0_581 .array/port v0x5591a9d8e2a0, 581;
v0x5591a9d8e2a0_582 .array/port v0x5591a9d8e2a0, 582;
E_0x5591a9d58a40/145 .event anyedge, v0x5591a9d8e2a0_579, v0x5591a9d8e2a0_580, v0x5591a9d8e2a0_581, v0x5591a9d8e2a0_582;
v0x5591a9d8e2a0_583 .array/port v0x5591a9d8e2a0, 583;
v0x5591a9d8e2a0_584 .array/port v0x5591a9d8e2a0, 584;
v0x5591a9d8e2a0_585 .array/port v0x5591a9d8e2a0, 585;
v0x5591a9d8e2a0_586 .array/port v0x5591a9d8e2a0, 586;
E_0x5591a9d58a40/146 .event anyedge, v0x5591a9d8e2a0_583, v0x5591a9d8e2a0_584, v0x5591a9d8e2a0_585, v0x5591a9d8e2a0_586;
v0x5591a9d8e2a0_587 .array/port v0x5591a9d8e2a0, 587;
v0x5591a9d8e2a0_588 .array/port v0x5591a9d8e2a0, 588;
v0x5591a9d8e2a0_589 .array/port v0x5591a9d8e2a0, 589;
v0x5591a9d8e2a0_590 .array/port v0x5591a9d8e2a0, 590;
E_0x5591a9d58a40/147 .event anyedge, v0x5591a9d8e2a0_587, v0x5591a9d8e2a0_588, v0x5591a9d8e2a0_589, v0x5591a9d8e2a0_590;
v0x5591a9d8e2a0_591 .array/port v0x5591a9d8e2a0, 591;
v0x5591a9d8e2a0_592 .array/port v0x5591a9d8e2a0, 592;
v0x5591a9d8e2a0_593 .array/port v0x5591a9d8e2a0, 593;
v0x5591a9d8e2a0_594 .array/port v0x5591a9d8e2a0, 594;
E_0x5591a9d58a40/148 .event anyedge, v0x5591a9d8e2a0_591, v0x5591a9d8e2a0_592, v0x5591a9d8e2a0_593, v0x5591a9d8e2a0_594;
v0x5591a9d8e2a0_595 .array/port v0x5591a9d8e2a0, 595;
v0x5591a9d8e2a0_596 .array/port v0x5591a9d8e2a0, 596;
v0x5591a9d8e2a0_597 .array/port v0x5591a9d8e2a0, 597;
v0x5591a9d8e2a0_598 .array/port v0x5591a9d8e2a0, 598;
E_0x5591a9d58a40/149 .event anyedge, v0x5591a9d8e2a0_595, v0x5591a9d8e2a0_596, v0x5591a9d8e2a0_597, v0x5591a9d8e2a0_598;
v0x5591a9d8e2a0_599 .array/port v0x5591a9d8e2a0, 599;
v0x5591a9d8e2a0_600 .array/port v0x5591a9d8e2a0, 600;
v0x5591a9d8e2a0_601 .array/port v0x5591a9d8e2a0, 601;
v0x5591a9d8e2a0_602 .array/port v0x5591a9d8e2a0, 602;
E_0x5591a9d58a40/150 .event anyedge, v0x5591a9d8e2a0_599, v0x5591a9d8e2a0_600, v0x5591a9d8e2a0_601, v0x5591a9d8e2a0_602;
v0x5591a9d8e2a0_603 .array/port v0x5591a9d8e2a0, 603;
v0x5591a9d8e2a0_604 .array/port v0x5591a9d8e2a0, 604;
v0x5591a9d8e2a0_605 .array/port v0x5591a9d8e2a0, 605;
v0x5591a9d8e2a0_606 .array/port v0x5591a9d8e2a0, 606;
E_0x5591a9d58a40/151 .event anyedge, v0x5591a9d8e2a0_603, v0x5591a9d8e2a0_604, v0x5591a9d8e2a0_605, v0x5591a9d8e2a0_606;
v0x5591a9d8e2a0_607 .array/port v0x5591a9d8e2a0, 607;
v0x5591a9d8e2a0_608 .array/port v0x5591a9d8e2a0, 608;
v0x5591a9d8e2a0_609 .array/port v0x5591a9d8e2a0, 609;
v0x5591a9d8e2a0_610 .array/port v0x5591a9d8e2a0, 610;
E_0x5591a9d58a40/152 .event anyedge, v0x5591a9d8e2a0_607, v0x5591a9d8e2a0_608, v0x5591a9d8e2a0_609, v0x5591a9d8e2a0_610;
v0x5591a9d8e2a0_611 .array/port v0x5591a9d8e2a0, 611;
v0x5591a9d8e2a0_612 .array/port v0x5591a9d8e2a0, 612;
v0x5591a9d8e2a0_613 .array/port v0x5591a9d8e2a0, 613;
v0x5591a9d8e2a0_614 .array/port v0x5591a9d8e2a0, 614;
E_0x5591a9d58a40/153 .event anyedge, v0x5591a9d8e2a0_611, v0x5591a9d8e2a0_612, v0x5591a9d8e2a0_613, v0x5591a9d8e2a0_614;
v0x5591a9d8e2a0_615 .array/port v0x5591a9d8e2a0, 615;
v0x5591a9d8e2a0_616 .array/port v0x5591a9d8e2a0, 616;
v0x5591a9d8e2a0_617 .array/port v0x5591a9d8e2a0, 617;
v0x5591a9d8e2a0_618 .array/port v0x5591a9d8e2a0, 618;
E_0x5591a9d58a40/154 .event anyedge, v0x5591a9d8e2a0_615, v0x5591a9d8e2a0_616, v0x5591a9d8e2a0_617, v0x5591a9d8e2a0_618;
v0x5591a9d8e2a0_619 .array/port v0x5591a9d8e2a0, 619;
v0x5591a9d8e2a0_620 .array/port v0x5591a9d8e2a0, 620;
v0x5591a9d8e2a0_621 .array/port v0x5591a9d8e2a0, 621;
v0x5591a9d8e2a0_622 .array/port v0x5591a9d8e2a0, 622;
E_0x5591a9d58a40/155 .event anyedge, v0x5591a9d8e2a0_619, v0x5591a9d8e2a0_620, v0x5591a9d8e2a0_621, v0x5591a9d8e2a0_622;
v0x5591a9d8e2a0_623 .array/port v0x5591a9d8e2a0, 623;
v0x5591a9d8e2a0_624 .array/port v0x5591a9d8e2a0, 624;
v0x5591a9d8e2a0_625 .array/port v0x5591a9d8e2a0, 625;
v0x5591a9d8e2a0_626 .array/port v0x5591a9d8e2a0, 626;
E_0x5591a9d58a40/156 .event anyedge, v0x5591a9d8e2a0_623, v0x5591a9d8e2a0_624, v0x5591a9d8e2a0_625, v0x5591a9d8e2a0_626;
v0x5591a9d8e2a0_627 .array/port v0x5591a9d8e2a0, 627;
v0x5591a9d8e2a0_628 .array/port v0x5591a9d8e2a0, 628;
v0x5591a9d8e2a0_629 .array/port v0x5591a9d8e2a0, 629;
v0x5591a9d8e2a0_630 .array/port v0x5591a9d8e2a0, 630;
E_0x5591a9d58a40/157 .event anyedge, v0x5591a9d8e2a0_627, v0x5591a9d8e2a0_628, v0x5591a9d8e2a0_629, v0x5591a9d8e2a0_630;
v0x5591a9d8e2a0_631 .array/port v0x5591a9d8e2a0, 631;
v0x5591a9d8e2a0_632 .array/port v0x5591a9d8e2a0, 632;
v0x5591a9d8e2a0_633 .array/port v0x5591a9d8e2a0, 633;
v0x5591a9d8e2a0_634 .array/port v0x5591a9d8e2a0, 634;
E_0x5591a9d58a40/158 .event anyedge, v0x5591a9d8e2a0_631, v0x5591a9d8e2a0_632, v0x5591a9d8e2a0_633, v0x5591a9d8e2a0_634;
v0x5591a9d8e2a0_635 .array/port v0x5591a9d8e2a0, 635;
v0x5591a9d8e2a0_636 .array/port v0x5591a9d8e2a0, 636;
v0x5591a9d8e2a0_637 .array/port v0x5591a9d8e2a0, 637;
v0x5591a9d8e2a0_638 .array/port v0x5591a9d8e2a0, 638;
E_0x5591a9d58a40/159 .event anyedge, v0x5591a9d8e2a0_635, v0x5591a9d8e2a0_636, v0x5591a9d8e2a0_637, v0x5591a9d8e2a0_638;
v0x5591a9d8e2a0_639 .array/port v0x5591a9d8e2a0, 639;
v0x5591a9d8e2a0_640 .array/port v0x5591a9d8e2a0, 640;
v0x5591a9d8e2a0_641 .array/port v0x5591a9d8e2a0, 641;
v0x5591a9d8e2a0_642 .array/port v0x5591a9d8e2a0, 642;
E_0x5591a9d58a40/160 .event anyedge, v0x5591a9d8e2a0_639, v0x5591a9d8e2a0_640, v0x5591a9d8e2a0_641, v0x5591a9d8e2a0_642;
v0x5591a9d8e2a0_643 .array/port v0x5591a9d8e2a0, 643;
v0x5591a9d8e2a0_644 .array/port v0x5591a9d8e2a0, 644;
v0x5591a9d8e2a0_645 .array/port v0x5591a9d8e2a0, 645;
v0x5591a9d8e2a0_646 .array/port v0x5591a9d8e2a0, 646;
E_0x5591a9d58a40/161 .event anyedge, v0x5591a9d8e2a0_643, v0x5591a9d8e2a0_644, v0x5591a9d8e2a0_645, v0x5591a9d8e2a0_646;
v0x5591a9d8e2a0_647 .array/port v0x5591a9d8e2a0, 647;
v0x5591a9d8e2a0_648 .array/port v0x5591a9d8e2a0, 648;
v0x5591a9d8e2a0_649 .array/port v0x5591a9d8e2a0, 649;
v0x5591a9d8e2a0_650 .array/port v0x5591a9d8e2a0, 650;
E_0x5591a9d58a40/162 .event anyedge, v0x5591a9d8e2a0_647, v0x5591a9d8e2a0_648, v0x5591a9d8e2a0_649, v0x5591a9d8e2a0_650;
v0x5591a9d8e2a0_651 .array/port v0x5591a9d8e2a0, 651;
v0x5591a9d8e2a0_652 .array/port v0x5591a9d8e2a0, 652;
v0x5591a9d8e2a0_653 .array/port v0x5591a9d8e2a0, 653;
v0x5591a9d8e2a0_654 .array/port v0x5591a9d8e2a0, 654;
E_0x5591a9d58a40/163 .event anyedge, v0x5591a9d8e2a0_651, v0x5591a9d8e2a0_652, v0x5591a9d8e2a0_653, v0x5591a9d8e2a0_654;
v0x5591a9d8e2a0_655 .array/port v0x5591a9d8e2a0, 655;
v0x5591a9d8e2a0_656 .array/port v0x5591a9d8e2a0, 656;
v0x5591a9d8e2a0_657 .array/port v0x5591a9d8e2a0, 657;
v0x5591a9d8e2a0_658 .array/port v0x5591a9d8e2a0, 658;
E_0x5591a9d58a40/164 .event anyedge, v0x5591a9d8e2a0_655, v0x5591a9d8e2a0_656, v0x5591a9d8e2a0_657, v0x5591a9d8e2a0_658;
v0x5591a9d8e2a0_659 .array/port v0x5591a9d8e2a0, 659;
v0x5591a9d8e2a0_660 .array/port v0x5591a9d8e2a0, 660;
v0x5591a9d8e2a0_661 .array/port v0x5591a9d8e2a0, 661;
v0x5591a9d8e2a0_662 .array/port v0x5591a9d8e2a0, 662;
E_0x5591a9d58a40/165 .event anyedge, v0x5591a9d8e2a0_659, v0x5591a9d8e2a0_660, v0x5591a9d8e2a0_661, v0x5591a9d8e2a0_662;
v0x5591a9d8e2a0_663 .array/port v0x5591a9d8e2a0, 663;
v0x5591a9d8e2a0_664 .array/port v0x5591a9d8e2a0, 664;
v0x5591a9d8e2a0_665 .array/port v0x5591a9d8e2a0, 665;
v0x5591a9d8e2a0_666 .array/port v0x5591a9d8e2a0, 666;
E_0x5591a9d58a40/166 .event anyedge, v0x5591a9d8e2a0_663, v0x5591a9d8e2a0_664, v0x5591a9d8e2a0_665, v0x5591a9d8e2a0_666;
v0x5591a9d8e2a0_667 .array/port v0x5591a9d8e2a0, 667;
v0x5591a9d8e2a0_668 .array/port v0x5591a9d8e2a0, 668;
v0x5591a9d8e2a0_669 .array/port v0x5591a9d8e2a0, 669;
v0x5591a9d8e2a0_670 .array/port v0x5591a9d8e2a0, 670;
E_0x5591a9d58a40/167 .event anyedge, v0x5591a9d8e2a0_667, v0x5591a9d8e2a0_668, v0x5591a9d8e2a0_669, v0x5591a9d8e2a0_670;
v0x5591a9d8e2a0_671 .array/port v0x5591a9d8e2a0, 671;
v0x5591a9d8e2a0_672 .array/port v0x5591a9d8e2a0, 672;
v0x5591a9d8e2a0_673 .array/port v0x5591a9d8e2a0, 673;
v0x5591a9d8e2a0_674 .array/port v0x5591a9d8e2a0, 674;
E_0x5591a9d58a40/168 .event anyedge, v0x5591a9d8e2a0_671, v0x5591a9d8e2a0_672, v0x5591a9d8e2a0_673, v0x5591a9d8e2a0_674;
v0x5591a9d8e2a0_675 .array/port v0x5591a9d8e2a0, 675;
v0x5591a9d8e2a0_676 .array/port v0x5591a9d8e2a0, 676;
v0x5591a9d8e2a0_677 .array/port v0x5591a9d8e2a0, 677;
v0x5591a9d8e2a0_678 .array/port v0x5591a9d8e2a0, 678;
E_0x5591a9d58a40/169 .event anyedge, v0x5591a9d8e2a0_675, v0x5591a9d8e2a0_676, v0x5591a9d8e2a0_677, v0x5591a9d8e2a0_678;
v0x5591a9d8e2a0_679 .array/port v0x5591a9d8e2a0, 679;
v0x5591a9d8e2a0_680 .array/port v0x5591a9d8e2a0, 680;
v0x5591a9d8e2a0_681 .array/port v0x5591a9d8e2a0, 681;
v0x5591a9d8e2a0_682 .array/port v0x5591a9d8e2a0, 682;
E_0x5591a9d58a40/170 .event anyedge, v0x5591a9d8e2a0_679, v0x5591a9d8e2a0_680, v0x5591a9d8e2a0_681, v0x5591a9d8e2a0_682;
v0x5591a9d8e2a0_683 .array/port v0x5591a9d8e2a0, 683;
v0x5591a9d8e2a0_684 .array/port v0x5591a9d8e2a0, 684;
v0x5591a9d8e2a0_685 .array/port v0x5591a9d8e2a0, 685;
v0x5591a9d8e2a0_686 .array/port v0x5591a9d8e2a0, 686;
E_0x5591a9d58a40/171 .event anyedge, v0x5591a9d8e2a0_683, v0x5591a9d8e2a0_684, v0x5591a9d8e2a0_685, v0x5591a9d8e2a0_686;
v0x5591a9d8e2a0_687 .array/port v0x5591a9d8e2a0, 687;
v0x5591a9d8e2a0_688 .array/port v0x5591a9d8e2a0, 688;
v0x5591a9d8e2a0_689 .array/port v0x5591a9d8e2a0, 689;
v0x5591a9d8e2a0_690 .array/port v0x5591a9d8e2a0, 690;
E_0x5591a9d58a40/172 .event anyedge, v0x5591a9d8e2a0_687, v0x5591a9d8e2a0_688, v0x5591a9d8e2a0_689, v0x5591a9d8e2a0_690;
v0x5591a9d8e2a0_691 .array/port v0x5591a9d8e2a0, 691;
v0x5591a9d8e2a0_692 .array/port v0x5591a9d8e2a0, 692;
v0x5591a9d8e2a0_693 .array/port v0x5591a9d8e2a0, 693;
v0x5591a9d8e2a0_694 .array/port v0x5591a9d8e2a0, 694;
E_0x5591a9d58a40/173 .event anyedge, v0x5591a9d8e2a0_691, v0x5591a9d8e2a0_692, v0x5591a9d8e2a0_693, v0x5591a9d8e2a0_694;
v0x5591a9d8e2a0_695 .array/port v0x5591a9d8e2a0, 695;
v0x5591a9d8e2a0_696 .array/port v0x5591a9d8e2a0, 696;
v0x5591a9d8e2a0_697 .array/port v0x5591a9d8e2a0, 697;
v0x5591a9d8e2a0_698 .array/port v0x5591a9d8e2a0, 698;
E_0x5591a9d58a40/174 .event anyedge, v0x5591a9d8e2a0_695, v0x5591a9d8e2a0_696, v0x5591a9d8e2a0_697, v0x5591a9d8e2a0_698;
v0x5591a9d8e2a0_699 .array/port v0x5591a9d8e2a0, 699;
v0x5591a9d8e2a0_700 .array/port v0x5591a9d8e2a0, 700;
v0x5591a9d8e2a0_701 .array/port v0x5591a9d8e2a0, 701;
v0x5591a9d8e2a0_702 .array/port v0x5591a9d8e2a0, 702;
E_0x5591a9d58a40/175 .event anyedge, v0x5591a9d8e2a0_699, v0x5591a9d8e2a0_700, v0x5591a9d8e2a0_701, v0x5591a9d8e2a0_702;
v0x5591a9d8e2a0_703 .array/port v0x5591a9d8e2a0, 703;
v0x5591a9d8e2a0_704 .array/port v0x5591a9d8e2a0, 704;
v0x5591a9d8e2a0_705 .array/port v0x5591a9d8e2a0, 705;
v0x5591a9d8e2a0_706 .array/port v0x5591a9d8e2a0, 706;
E_0x5591a9d58a40/176 .event anyedge, v0x5591a9d8e2a0_703, v0x5591a9d8e2a0_704, v0x5591a9d8e2a0_705, v0x5591a9d8e2a0_706;
v0x5591a9d8e2a0_707 .array/port v0x5591a9d8e2a0, 707;
v0x5591a9d8e2a0_708 .array/port v0x5591a9d8e2a0, 708;
v0x5591a9d8e2a0_709 .array/port v0x5591a9d8e2a0, 709;
v0x5591a9d8e2a0_710 .array/port v0x5591a9d8e2a0, 710;
E_0x5591a9d58a40/177 .event anyedge, v0x5591a9d8e2a0_707, v0x5591a9d8e2a0_708, v0x5591a9d8e2a0_709, v0x5591a9d8e2a0_710;
v0x5591a9d8e2a0_711 .array/port v0x5591a9d8e2a0, 711;
v0x5591a9d8e2a0_712 .array/port v0x5591a9d8e2a0, 712;
v0x5591a9d8e2a0_713 .array/port v0x5591a9d8e2a0, 713;
v0x5591a9d8e2a0_714 .array/port v0x5591a9d8e2a0, 714;
E_0x5591a9d58a40/178 .event anyedge, v0x5591a9d8e2a0_711, v0x5591a9d8e2a0_712, v0x5591a9d8e2a0_713, v0x5591a9d8e2a0_714;
v0x5591a9d8e2a0_715 .array/port v0x5591a9d8e2a0, 715;
v0x5591a9d8e2a0_716 .array/port v0x5591a9d8e2a0, 716;
v0x5591a9d8e2a0_717 .array/port v0x5591a9d8e2a0, 717;
v0x5591a9d8e2a0_718 .array/port v0x5591a9d8e2a0, 718;
E_0x5591a9d58a40/179 .event anyedge, v0x5591a9d8e2a0_715, v0x5591a9d8e2a0_716, v0x5591a9d8e2a0_717, v0x5591a9d8e2a0_718;
v0x5591a9d8e2a0_719 .array/port v0x5591a9d8e2a0, 719;
v0x5591a9d8e2a0_720 .array/port v0x5591a9d8e2a0, 720;
v0x5591a9d8e2a0_721 .array/port v0x5591a9d8e2a0, 721;
v0x5591a9d8e2a0_722 .array/port v0x5591a9d8e2a0, 722;
E_0x5591a9d58a40/180 .event anyedge, v0x5591a9d8e2a0_719, v0x5591a9d8e2a0_720, v0x5591a9d8e2a0_721, v0x5591a9d8e2a0_722;
v0x5591a9d8e2a0_723 .array/port v0x5591a9d8e2a0, 723;
v0x5591a9d8e2a0_724 .array/port v0x5591a9d8e2a0, 724;
v0x5591a9d8e2a0_725 .array/port v0x5591a9d8e2a0, 725;
v0x5591a9d8e2a0_726 .array/port v0x5591a9d8e2a0, 726;
E_0x5591a9d58a40/181 .event anyedge, v0x5591a9d8e2a0_723, v0x5591a9d8e2a0_724, v0x5591a9d8e2a0_725, v0x5591a9d8e2a0_726;
v0x5591a9d8e2a0_727 .array/port v0x5591a9d8e2a0, 727;
v0x5591a9d8e2a0_728 .array/port v0x5591a9d8e2a0, 728;
v0x5591a9d8e2a0_729 .array/port v0x5591a9d8e2a0, 729;
v0x5591a9d8e2a0_730 .array/port v0x5591a9d8e2a0, 730;
E_0x5591a9d58a40/182 .event anyedge, v0x5591a9d8e2a0_727, v0x5591a9d8e2a0_728, v0x5591a9d8e2a0_729, v0x5591a9d8e2a0_730;
v0x5591a9d8e2a0_731 .array/port v0x5591a9d8e2a0, 731;
v0x5591a9d8e2a0_732 .array/port v0x5591a9d8e2a0, 732;
v0x5591a9d8e2a0_733 .array/port v0x5591a9d8e2a0, 733;
v0x5591a9d8e2a0_734 .array/port v0x5591a9d8e2a0, 734;
E_0x5591a9d58a40/183 .event anyedge, v0x5591a9d8e2a0_731, v0x5591a9d8e2a0_732, v0x5591a9d8e2a0_733, v0x5591a9d8e2a0_734;
v0x5591a9d8e2a0_735 .array/port v0x5591a9d8e2a0, 735;
v0x5591a9d8e2a0_736 .array/port v0x5591a9d8e2a0, 736;
v0x5591a9d8e2a0_737 .array/port v0x5591a9d8e2a0, 737;
v0x5591a9d8e2a0_738 .array/port v0x5591a9d8e2a0, 738;
E_0x5591a9d58a40/184 .event anyedge, v0x5591a9d8e2a0_735, v0x5591a9d8e2a0_736, v0x5591a9d8e2a0_737, v0x5591a9d8e2a0_738;
v0x5591a9d8e2a0_739 .array/port v0x5591a9d8e2a0, 739;
v0x5591a9d8e2a0_740 .array/port v0x5591a9d8e2a0, 740;
v0x5591a9d8e2a0_741 .array/port v0x5591a9d8e2a0, 741;
v0x5591a9d8e2a0_742 .array/port v0x5591a9d8e2a0, 742;
E_0x5591a9d58a40/185 .event anyedge, v0x5591a9d8e2a0_739, v0x5591a9d8e2a0_740, v0x5591a9d8e2a0_741, v0x5591a9d8e2a0_742;
v0x5591a9d8e2a0_743 .array/port v0x5591a9d8e2a0, 743;
v0x5591a9d8e2a0_744 .array/port v0x5591a9d8e2a0, 744;
v0x5591a9d8e2a0_745 .array/port v0x5591a9d8e2a0, 745;
v0x5591a9d8e2a0_746 .array/port v0x5591a9d8e2a0, 746;
E_0x5591a9d58a40/186 .event anyedge, v0x5591a9d8e2a0_743, v0x5591a9d8e2a0_744, v0x5591a9d8e2a0_745, v0x5591a9d8e2a0_746;
v0x5591a9d8e2a0_747 .array/port v0x5591a9d8e2a0, 747;
v0x5591a9d8e2a0_748 .array/port v0x5591a9d8e2a0, 748;
v0x5591a9d8e2a0_749 .array/port v0x5591a9d8e2a0, 749;
v0x5591a9d8e2a0_750 .array/port v0x5591a9d8e2a0, 750;
E_0x5591a9d58a40/187 .event anyedge, v0x5591a9d8e2a0_747, v0x5591a9d8e2a0_748, v0x5591a9d8e2a0_749, v0x5591a9d8e2a0_750;
v0x5591a9d8e2a0_751 .array/port v0x5591a9d8e2a0, 751;
v0x5591a9d8e2a0_752 .array/port v0x5591a9d8e2a0, 752;
v0x5591a9d8e2a0_753 .array/port v0x5591a9d8e2a0, 753;
v0x5591a9d8e2a0_754 .array/port v0x5591a9d8e2a0, 754;
E_0x5591a9d58a40/188 .event anyedge, v0x5591a9d8e2a0_751, v0x5591a9d8e2a0_752, v0x5591a9d8e2a0_753, v0x5591a9d8e2a0_754;
v0x5591a9d8e2a0_755 .array/port v0x5591a9d8e2a0, 755;
v0x5591a9d8e2a0_756 .array/port v0x5591a9d8e2a0, 756;
v0x5591a9d8e2a0_757 .array/port v0x5591a9d8e2a0, 757;
v0x5591a9d8e2a0_758 .array/port v0x5591a9d8e2a0, 758;
E_0x5591a9d58a40/189 .event anyedge, v0x5591a9d8e2a0_755, v0x5591a9d8e2a0_756, v0x5591a9d8e2a0_757, v0x5591a9d8e2a0_758;
v0x5591a9d8e2a0_759 .array/port v0x5591a9d8e2a0, 759;
v0x5591a9d8e2a0_760 .array/port v0x5591a9d8e2a0, 760;
v0x5591a9d8e2a0_761 .array/port v0x5591a9d8e2a0, 761;
v0x5591a9d8e2a0_762 .array/port v0x5591a9d8e2a0, 762;
E_0x5591a9d58a40/190 .event anyedge, v0x5591a9d8e2a0_759, v0x5591a9d8e2a0_760, v0x5591a9d8e2a0_761, v0x5591a9d8e2a0_762;
v0x5591a9d8e2a0_763 .array/port v0x5591a9d8e2a0, 763;
v0x5591a9d8e2a0_764 .array/port v0x5591a9d8e2a0, 764;
v0x5591a9d8e2a0_765 .array/port v0x5591a9d8e2a0, 765;
v0x5591a9d8e2a0_766 .array/port v0x5591a9d8e2a0, 766;
E_0x5591a9d58a40/191 .event anyedge, v0x5591a9d8e2a0_763, v0x5591a9d8e2a0_764, v0x5591a9d8e2a0_765, v0x5591a9d8e2a0_766;
v0x5591a9d8e2a0_767 .array/port v0x5591a9d8e2a0, 767;
v0x5591a9d8e2a0_768 .array/port v0x5591a9d8e2a0, 768;
v0x5591a9d8e2a0_769 .array/port v0x5591a9d8e2a0, 769;
v0x5591a9d8e2a0_770 .array/port v0x5591a9d8e2a0, 770;
E_0x5591a9d58a40/192 .event anyedge, v0x5591a9d8e2a0_767, v0x5591a9d8e2a0_768, v0x5591a9d8e2a0_769, v0x5591a9d8e2a0_770;
v0x5591a9d8e2a0_771 .array/port v0x5591a9d8e2a0, 771;
v0x5591a9d8e2a0_772 .array/port v0x5591a9d8e2a0, 772;
v0x5591a9d8e2a0_773 .array/port v0x5591a9d8e2a0, 773;
v0x5591a9d8e2a0_774 .array/port v0x5591a9d8e2a0, 774;
E_0x5591a9d58a40/193 .event anyedge, v0x5591a9d8e2a0_771, v0x5591a9d8e2a0_772, v0x5591a9d8e2a0_773, v0x5591a9d8e2a0_774;
v0x5591a9d8e2a0_775 .array/port v0x5591a9d8e2a0, 775;
v0x5591a9d8e2a0_776 .array/port v0x5591a9d8e2a0, 776;
v0x5591a9d8e2a0_777 .array/port v0x5591a9d8e2a0, 777;
v0x5591a9d8e2a0_778 .array/port v0x5591a9d8e2a0, 778;
E_0x5591a9d58a40/194 .event anyedge, v0x5591a9d8e2a0_775, v0x5591a9d8e2a0_776, v0x5591a9d8e2a0_777, v0x5591a9d8e2a0_778;
v0x5591a9d8e2a0_779 .array/port v0x5591a9d8e2a0, 779;
v0x5591a9d8e2a0_780 .array/port v0x5591a9d8e2a0, 780;
v0x5591a9d8e2a0_781 .array/port v0x5591a9d8e2a0, 781;
v0x5591a9d8e2a0_782 .array/port v0x5591a9d8e2a0, 782;
E_0x5591a9d58a40/195 .event anyedge, v0x5591a9d8e2a0_779, v0x5591a9d8e2a0_780, v0x5591a9d8e2a0_781, v0x5591a9d8e2a0_782;
v0x5591a9d8e2a0_783 .array/port v0x5591a9d8e2a0, 783;
v0x5591a9d8e2a0_784 .array/port v0x5591a9d8e2a0, 784;
v0x5591a9d8e2a0_785 .array/port v0x5591a9d8e2a0, 785;
v0x5591a9d8e2a0_786 .array/port v0x5591a9d8e2a0, 786;
E_0x5591a9d58a40/196 .event anyedge, v0x5591a9d8e2a0_783, v0x5591a9d8e2a0_784, v0x5591a9d8e2a0_785, v0x5591a9d8e2a0_786;
v0x5591a9d8e2a0_787 .array/port v0x5591a9d8e2a0, 787;
v0x5591a9d8e2a0_788 .array/port v0x5591a9d8e2a0, 788;
v0x5591a9d8e2a0_789 .array/port v0x5591a9d8e2a0, 789;
v0x5591a9d8e2a0_790 .array/port v0x5591a9d8e2a0, 790;
E_0x5591a9d58a40/197 .event anyedge, v0x5591a9d8e2a0_787, v0x5591a9d8e2a0_788, v0x5591a9d8e2a0_789, v0x5591a9d8e2a0_790;
v0x5591a9d8e2a0_791 .array/port v0x5591a9d8e2a0, 791;
v0x5591a9d8e2a0_792 .array/port v0x5591a9d8e2a0, 792;
v0x5591a9d8e2a0_793 .array/port v0x5591a9d8e2a0, 793;
v0x5591a9d8e2a0_794 .array/port v0x5591a9d8e2a0, 794;
E_0x5591a9d58a40/198 .event anyedge, v0x5591a9d8e2a0_791, v0x5591a9d8e2a0_792, v0x5591a9d8e2a0_793, v0x5591a9d8e2a0_794;
v0x5591a9d8e2a0_795 .array/port v0x5591a9d8e2a0, 795;
v0x5591a9d8e2a0_796 .array/port v0x5591a9d8e2a0, 796;
v0x5591a9d8e2a0_797 .array/port v0x5591a9d8e2a0, 797;
v0x5591a9d8e2a0_798 .array/port v0x5591a9d8e2a0, 798;
E_0x5591a9d58a40/199 .event anyedge, v0x5591a9d8e2a0_795, v0x5591a9d8e2a0_796, v0x5591a9d8e2a0_797, v0x5591a9d8e2a0_798;
v0x5591a9d8e2a0_799 .array/port v0x5591a9d8e2a0, 799;
v0x5591a9d8e2a0_800 .array/port v0x5591a9d8e2a0, 800;
v0x5591a9d8e2a0_801 .array/port v0x5591a9d8e2a0, 801;
v0x5591a9d8e2a0_802 .array/port v0x5591a9d8e2a0, 802;
E_0x5591a9d58a40/200 .event anyedge, v0x5591a9d8e2a0_799, v0x5591a9d8e2a0_800, v0x5591a9d8e2a0_801, v0x5591a9d8e2a0_802;
v0x5591a9d8e2a0_803 .array/port v0x5591a9d8e2a0, 803;
v0x5591a9d8e2a0_804 .array/port v0x5591a9d8e2a0, 804;
v0x5591a9d8e2a0_805 .array/port v0x5591a9d8e2a0, 805;
v0x5591a9d8e2a0_806 .array/port v0x5591a9d8e2a0, 806;
E_0x5591a9d58a40/201 .event anyedge, v0x5591a9d8e2a0_803, v0x5591a9d8e2a0_804, v0x5591a9d8e2a0_805, v0x5591a9d8e2a0_806;
v0x5591a9d8e2a0_807 .array/port v0x5591a9d8e2a0, 807;
v0x5591a9d8e2a0_808 .array/port v0x5591a9d8e2a0, 808;
v0x5591a9d8e2a0_809 .array/port v0x5591a9d8e2a0, 809;
v0x5591a9d8e2a0_810 .array/port v0x5591a9d8e2a0, 810;
E_0x5591a9d58a40/202 .event anyedge, v0x5591a9d8e2a0_807, v0x5591a9d8e2a0_808, v0x5591a9d8e2a0_809, v0x5591a9d8e2a0_810;
v0x5591a9d8e2a0_811 .array/port v0x5591a9d8e2a0, 811;
v0x5591a9d8e2a0_812 .array/port v0x5591a9d8e2a0, 812;
v0x5591a9d8e2a0_813 .array/port v0x5591a9d8e2a0, 813;
v0x5591a9d8e2a0_814 .array/port v0x5591a9d8e2a0, 814;
E_0x5591a9d58a40/203 .event anyedge, v0x5591a9d8e2a0_811, v0x5591a9d8e2a0_812, v0x5591a9d8e2a0_813, v0x5591a9d8e2a0_814;
v0x5591a9d8e2a0_815 .array/port v0x5591a9d8e2a0, 815;
v0x5591a9d8e2a0_816 .array/port v0x5591a9d8e2a0, 816;
v0x5591a9d8e2a0_817 .array/port v0x5591a9d8e2a0, 817;
v0x5591a9d8e2a0_818 .array/port v0x5591a9d8e2a0, 818;
E_0x5591a9d58a40/204 .event anyedge, v0x5591a9d8e2a0_815, v0x5591a9d8e2a0_816, v0x5591a9d8e2a0_817, v0x5591a9d8e2a0_818;
v0x5591a9d8e2a0_819 .array/port v0x5591a9d8e2a0, 819;
v0x5591a9d8e2a0_820 .array/port v0x5591a9d8e2a0, 820;
v0x5591a9d8e2a0_821 .array/port v0x5591a9d8e2a0, 821;
v0x5591a9d8e2a0_822 .array/port v0x5591a9d8e2a0, 822;
E_0x5591a9d58a40/205 .event anyedge, v0x5591a9d8e2a0_819, v0x5591a9d8e2a0_820, v0x5591a9d8e2a0_821, v0x5591a9d8e2a0_822;
v0x5591a9d8e2a0_823 .array/port v0x5591a9d8e2a0, 823;
v0x5591a9d8e2a0_824 .array/port v0x5591a9d8e2a0, 824;
v0x5591a9d8e2a0_825 .array/port v0x5591a9d8e2a0, 825;
v0x5591a9d8e2a0_826 .array/port v0x5591a9d8e2a0, 826;
E_0x5591a9d58a40/206 .event anyedge, v0x5591a9d8e2a0_823, v0x5591a9d8e2a0_824, v0x5591a9d8e2a0_825, v0x5591a9d8e2a0_826;
v0x5591a9d8e2a0_827 .array/port v0x5591a9d8e2a0, 827;
v0x5591a9d8e2a0_828 .array/port v0x5591a9d8e2a0, 828;
v0x5591a9d8e2a0_829 .array/port v0x5591a9d8e2a0, 829;
v0x5591a9d8e2a0_830 .array/port v0x5591a9d8e2a0, 830;
E_0x5591a9d58a40/207 .event anyedge, v0x5591a9d8e2a0_827, v0x5591a9d8e2a0_828, v0x5591a9d8e2a0_829, v0x5591a9d8e2a0_830;
v0x5591a9d8e2a0_831 .array/port v0x5591a9d8e2a0, 831;
v0x5591a9d8e2a0_832 .array/port v0x5591a9d8e2a0, 832;
v0x5591a9d8e2a0_833 .array/port v0x5591a9d8e2a0, 833;
v0x5591a9d8e2a0_834 .array/port v0x5591a9d8e2a0, 834;
E_0x5591a9d58a40/208 .event anyedge, v0x5591a9d8e2a0_831, v0x5591a9d8e2a0_832, v0x5591a9d8e2a0_833, v0x5591a9d8e2a0_834;
v0x5591a9d8e2a0_835 .array/port v0x5591a9d8e2a0, 835;
v0x5591a9d8e2a0_836 .array/port v0x5591a9d8e2a0, 836;
v0x5591a9d8e2a0_837 .array/port v0x5591a9d8e2a0, 837;
v0x5591a9d8e2a0_838 .array/port v0x5591a9d8e2a0, 838;
E_0x5591a9d58a40/209 .event anyedge, v0x5591a9d8e2a0_835, v0x5591a9d8e2a0_836, v0x5591a9d8e2a0_837, v0x5591a9d8e2a0_838;
v0x5591a9d8e2a0_839 .array/port v0x5591a9d8e2a0, 839;
v0x5591a9d8e2a0_840 .array/port v0x5591a9d8e2a0, 840;
v0x5591a9d8e2a0_841 .array/port v0x5591a9d8e2a0, 841;
v0x5591a9d8e2a0_842 .array/port v0x5591a9d8e2a0, 842;
E_0x5591a9d58a40/210 .event anyedge, v0x5591a9d8e2a0_839, v0x5591a9d8e2a0_840, v0x5591a9d8e2a0_841, v0x5591a9d8e2a0_842;
v0x5591a9d8e2a0_843 .array/port v0x5591a9d8e2a0, 843;
v0x5591a9d8e2a0_844 .array/port v0x5591a9d8e2a0, 844;
v0x5591a9d8e2a0_845 .array/port v0x5591a9d8e2a0, 845;
v0x5591a9d8e2a0_846 .array/port v0x5591a9d8e2a0, 846;
E_0x5591a9d58a40/211 .event anyedge, v0x5591a9d8e2a0_843, v0x5591a9d8e2a0_844, v0x5591a9d8e2a0_845, v0x5591a9d8e2a0_846;
v0x5591a9d8e2a0_847 .array/port v0x5591a9d8e2a0, 847;
v0x5591a9d8e2a0_848 .array/port v0x5591a9d8e2a0, 848;
v0x5591a9d8e2a0_849 .array/port v0x5591a9d8e2a0, 849;
v0x5591a9d8e2a0_850 .array/port v0x5591a9d8e2a0, 850;
E_0x5591a9d58a40/212 .event anyedge, v0x5591a9d8e2a0_847, v0x5591a9d8e2a0_848, v0x5591a9d8e2a0_849, v0x5591a9d8e2a0_850;
v0x5591a9d8e2a0_851 .array/port v0x5591a9d8e2a0, 851;
v0x5591a9d8e2a0_852 .array/port v0x5591a9d8e2a0, 852;
v0x5591a9d8e2a0_853 .array/port v0x5591a9d8e2a0, 853;
v0x5591a9d8e2a0_854 .array/port v0x5591a9d8e2a0, 854;
E_0x5591a9d58a40/213 .event anyedge, v0x5591a9d8e2a0_851, v0x5591a9d8e2a0_852, v0x5591a9d8e2a0_853, v0x5591a9d8e2a0_854;
v0x5591a9d8e2a0_855 .array/port v0x5591a9d8e2a0, 855;
v0x5591a9d8e2a0_856 .array/port v0x5591a9d8e2a0, 856;
v0x5591a9d8e2a0_857 .array/port v0x5591a9d8e2a0, 857;
v0x5591a9d8e2a0_858 .array/port v0x5591a9d8e2a0, 858;
E_0x5591a9d58a40/214 .event anyedge, v0x5591a9d8e2a0_855, v0x5591a9d8e2a0_856, v0x5591a9d8e2a0_857, v0x5591a9d8e2a0_858;
v0x5591a9d8e2a0_859 .array/port v0x5591a9d8e2a0, 859;
v0x5591a9d8e2a0_860 .array/port v0x5591a9d8e2a0, 860;
v0x5591a9d8e2a0_861 .array/port v0x5591a9d8e2a0, 861;
v0x5591a9d8e2a0_862 .array/port v0x5591a9d8e2a0, 862;
E_0x5591a9d58a40/215 .event anyedge, v0x5591a9d8e2a0_859, v0x5591a9d8e2a0_860, v0x5591a9d8e2a0_861, v0x5591a9d8e2a0_862;
v0x5591a9d8e2a0_863 .array/port v0x5591a9d8e2a0, 863;
v0x5591a9d8e2a0_864 .array/port v0x5591a9d8e2a0, 864;
v0x5591a9d8e2a0_865 .array/port v0x5591a9d8e2a0, 865;
v0x5591a9d8e2a0_866 .array/port v0x5591a9d8e2a0, 866;
E_0x5591a9d58a40/216 .event anyedge, v0x5591a9d8e2a0_863, v0x5591a9d8e2a0_864, v0x5591a9d8e2a0_865, v0x5591a9d8e2a0_866;
v0x5591a9d8e2a0_867 .array/port v0x5591a9d8e2a0, 867;
v0x5591a9d8e2a0_868 .array/port v0x5591a9d8e2a0, 868;
v0x5591a9d8e2a0_869 .array/port v0x5591a9d8e2a0, 869;
v0x5591a9d8e2a0_870 .array/port v0x5591a9d8e2a0, 870;
E_0x5591a9d58a40/217 .event anyedge, v0x5591a9d8e2a0_867, v0x5591a9d8e2a0_868, v0x5591a9d8e2a0_869, v0x5591a9d8e2a0_870;
v0x5591a9d8e2a0_871 .array/port v0x5591a9d8e2a0, 871;
v0x5591a9d8e2a0_872 .array/port v0x5591a9d8e2a0, 872;
v0x5591a9d8e2a0_873 .array/port v0x5591a9d8e2a0, 873;
v0x5591a9d8e2a0_874 .array/port v0x5591a9d8e2a0, 874;
E_0x5591a9d58a40/218 .event anyedge, v0x5591a9d8e2a0_871, v0x5591a9d8e2a0_872, v0x5591a9d8e2a0_873, v0x5591a9d8e2a0_874;
v0x5591a9d8e2a0_875 .array/port v0x5591a9d8e2a0, 875;
v0x5591a9d8e2a0_876 .array/port v0x5591a9d8e2a0, 876;
v0x5591a9d8e2a0_877 .array/port v0x5591a9d8e2a0, 877;
v0x5591a9d8e2a0_878 .array/port v0x5591a9d8e2a0, 878;
E_0x5591a9d58a40/219 .event anyedge, v0x5591a9d8e2a0_875, v0x5591a9d8e2a0_876, v0x5591a9d8e2a0_877, v0x5591a9d8e2a0_878;
v0x5591a9d8e2a0_879 .array/port v0x5591a9d8e2a0, 879;
v0x5591a9d8e2a0_880 .array/port v0x5591a9d8e2a0, 880;
v0x5591a9d8e2a0_881 .array/port v0x5591a9d8e2a0, 881;
v0x5591a9d8e2a0_882 .array/port v0x5591a9d8e2a0, 882;
E_0x5591a9d58a40/220 .event anyedge, v0x5591a9d8e2a0_879, v0x5591a9d8e2a0_880, v0x5591a9d8e2a0_881, v0x5591a9d8e2a0_882;
v0x5591a9d8e2a0_883 .array/port v0x5591a9d8e2a0, 883;
v0x5591a9d8e2a0_884 .array/port v0x5591a9d8e2a0, 884;
v0x5591a9d8e2a0_885 .array/port v0x5591a9d8e2a0, 885;
v0x5591a9d8e2a0_886 .array/port v0x5591a9d8e2a0, 886;
E_0x5591a9d58a40/221 .event anyedge, v0x5591a9d8e2a0_883, v0x5591a9d8e2a0_884, v0x5591a9d8e2a0_885, v0x5591a9d8e2a0_886;
v0x5591a9d8e2a0_887 .array/port v0x5591a9d8e2a0, 887;
v0x5591a9d8e2a0_888 .array/port v0x5591a9d8e2a0, 888;
v0x5591a9d8e2a0_889 .array/port v0x5591a9d8e2a0, 889;
v0x5591a9d8e2a0_890 .array/port v0x5591a9d8e2a0, 890;
E_0x5591a9d58a40/222 .event anyedge, v0x5591a9d8e2a0_887, v0x5591a9d8e2a0_888, v0x5591a9d8e2a0_889, v0x5591a9d8e2a0_890;
v0x5591a9d8e2a0_891 .array/port v0x5591a9d8e2a0, 891;
v0x5591a9d8e2a0_892 .array/port v0x5591a9d8e2a0, 892;
v0x5591a9d8e2a0_893 .array/port v0x5591a9d8e2a0, 893;
v0x5591a9d8e2a0_894 .array/port v0x5591a9d8e2a0, 894;
E_0x5591a9d58a40/223 .event anyedge, v0x5591a9d8e2a0_891, v0x5591a9d8e2a0_892, v0x5591a9d8e2a0_893, v0x5591a9d8e2a0_894;
v0x5591a9d8e2a0_895 .array/port v0x5591a9d8e2a0, 895;
v0x5591a9d8e2a0_896 .array/port v0x5591a9d8e2a0, 896;
v0x5591a9d8e2a0_897 .array/port v0x5591a9d8e2a0, 897;
v0x5591a9d8e2a0_898 .array/port v0x5591a9d8e2a0, 898;
E_0x5591a9d58a40/224 .event anyedge, v0x5591a9d8e2a0_895, v0x5591a9d8e2a0_896, v0x5591a9d8e2a0_897, v0x5591a9d8e2a0_898;
v0x5591a9d8e2a0_899 .array/port v0x5591a9d8e2a0, 899;
v0x5591a9d8e2a0_900 .array/port v0x5591a9d8e2a0, 900;
v0x5591a9d8e2a0_901 .array/port v0x5591a9d8e2a0, 901;
v0x5591a9d8e2a0_902 .array/port v0x5591a9d8e2a0, 902;
E_0x5591a9d58a40/225 .event anyedge, v0x5591a9d8e2a0_899, v0x5591a9d8e2a0_900, v0x5591a9d8e2a0_901, v0x5591a9d8e2a0_902;
v0x5591a9d8e2a0_903 .array/port v0x5591a9d8e2a0, 903;
v0x5591a9d8e2a0_904 .array/port v0x5591a9d8e2a0, 904;
v0x5591a9d8e2a0_905 .array/port v0x5591a9d8e2a0, 905;
v0x5591a9d8e2a0_906 .array/port v0x5591a9d8e2a0, 906;
E_0x5591a9d58a40/226 .event anyedge, v0x5591a9d8e2a0_903, v0x5591a9d8e2a0_904, v0x5591a9d8e2a0_905, v0x5591a9d8e2a0_906;
v0x5591a9d8e2a0_907 .array/port v0x5591a9d8e2a0, 907;
v0x5591a9d8e2a0_908 .array/port v0x5591a9d8e2a0, 908;
v0x5591a9d8e2a0_909 .array/port v0x5591a9d8e2a0, 909;
v0x5591a9d8e2a0_910 .array/port v0x5591a9d8e2a0, 910;
E_0x5591a9d58a40/227 .event anyedge, v0x5591a9d8e2a0_907, v0x5591a9d8e2a0_908, v0x5591a9d8e2a0_909, v0x5591a9d8e2a0_910;
v0x5591a9d8e2a0_911 .array/port v0x5591a9d8e2a0, 911;
v0x5591a9d8e2a0_912 .array/port v0x5591a9d8e2a0, 912;
v0x5591a9d8e2a0_913 .array/port v0x5591a9d8e2a0, 913;
v0x5591a9d8e2a0_914 .array/port v0x5591a9d8e2a0, 914;
E_0x5591a9d58a40/228 .event anyedge, v0x5591a9d8e2a0_911, v0x5591a9d8e2a0_912, v0x5591a9d8e2a0_913, v0x5591a9d8e2a0_914;
v0x5591a9d8e2a0_915 .array/port v0x5591a9d8e2a0, 915;
v0x5591a9d8e2a0_916 .array/port v0x5591a9d8e2a0, 916;
v0x5591a9d8e2a0_917 .array/port v0x5591a9d8e2a0, 917;
v0x5591a9d8e2a0_918 .array/port v0x5591a9d8e2a0, 918;
E_0x5591a9d58a40/229 .event anyedge, v0x5591a9d8e2a0_915, v0x5591a9d8e2a0_916, v0x5591a9d8e2a0_917, v0x5591a9d8e2a0_918;
v0x5591a9d8e2a0_919 .array/port v0x5591a9d8e2a0, 919;
v0x5591a9d8e2a0_920 .array/port v0x5591a9d8e2a0, 920;
v0x5591a9d8e2a0_921 .array/port v0x5591a9d8e2a0, 921;
v0x5591a9d8e2a0_922 .array/port v0x5591a9d8e2a0, 922;
E_0x5591a9d58a40/230 .event anyedge, v0x5591a9d8e2a0_919, v0x5591a9d8e2a0_920, v0x5591a9d8e2a0_921, v0x5591a9d8e2a0_922;
v0x5591a9d8e2a0_923 .array/port v0x5591a9d8e2a0, 923;
v0x5591a9d8e2a0_924 .array/port v0x5591a9d8e2a0, 924;
v0x5591a9d8e2a0_925 .array/port v0x5591a9d8e2a0, 925;
v0x5591a9d8e2a0_926 .array/port v0x5591a9d8e2a0, 926;
E_0x5591a9d58a40/231 .event anyedge, v0x5591a9d8e2a0_923, v0x5591a9d8e2a0_924, v0x5591a9d8e2a0_925, v0x5591a9d8e2a0_926;
v0x5591a9d8e2a0_927 .array/port v0x5591a9d8e2a0, 927;
v0x5591a9d8e2a0_928 .array/port v0x5591a9d8e2a0, 928;
v0x5591a9d8e2a0_929 .array/port v0x5591a9d8e2a0, 929;
v0x5591a9d8e2a0_930 .array/port v0x5591a9d8e2a0, 930;
E_0x5591a9d58a40/232 .event anyedge, v0x5591a9d8e2a0_927, v0x5591a9d8e2a0_928, v0x5591a9d8e2a0_929, v0x5591a9d8e2a0_930;
v0x5591a9d8e2a0_931 .array/port v0x5591a9d8e2a0, 931;
v0x5591a9d8e2a0_932 .array/port v0x5591a9d8e2a0, 932;
v0x5591a9d8e2a0_933 .array/port v0x5591a9d8e2a0, 933;
v0x5591a9d8e2a0_934 .array/port v0x5591a9d8e2a0, 934;
E_0x5591a9d58a40/233 .event anyedge, v0x5591a9d8e2a0_931, v0x5591a9d8e2a0_932, v0x5591a9d8e2a0_933, v0x5591a9d8e2a0_934;
v0x5591a9d8e2a0_935 .array/port v0x5591a9d8e2a0, 935;
v0x5591a9d8e2a0_936 .array/port v0x5591a9d8e2a0, 936;
v0x5591a9d8e2a0_937 .array/port v0x5591a9d8e2a0, 937;
v0x5591a9d8e2a0_938 .array/port v0x5591a9d8e2a0, 938;
E_0x5591a9d58a40/234 .event anyedge, v0x5591a9d8e2a0_935, v0x5591a9d8e2a0_936, v0x5591a9d8e2a0_937, v0x5591a9d8e2a0_938;
v0x5591a9d8e2a0_939 .array/port v0x5591a9d8e2a0, 939;
v0x5591a9d8e2a0_940 .array/port v0x5591a9d8e2a0, 940;
v0x5591a9d8e2a0_941 .array/port v0x5591a9d8e2a0, 941;
v0x5591a9d8e2a0_942 .array/port v0x5591a9d8e2a0, 942;
E_0x5591a9d58a40/235 .event anyedge, v0x5591a9d8e2a0_939, v0x5591a9d8e2a0_940, v0x5591a9d8e2a0_941, v0x5591a9d8e2a0_942;
v0x5591a9d8e2a0_943 .array/port v0x5591a9d8e2a0, 943;
v0x5591a9d8e2a0_944 .array/port v0x5591a9d8e2a0, 944;
v0x5591a9d8e2a0_945 .array/port v0x5591a9d8e2a0, 945;
v0x5591a9d8e2a0_946 .array/port v0x5591a9d8e2a0, 946;
E_0x5591a9d58a40/236 .event anyedge, v0x5591a9d8e2a0_943, v0x5591a9d8e2a0_944, v0x5591a9d8e2a0_945, v0x5591a9d8e2a0_946;
v0x5591a9d8e2a0_947 .array/port v0x5591a9d8e2a0, 947;
v0x5591a9d8e2a0_948 .array/port v0x5591a9d8e2a0, 948;
v0x5591a9d8e2a0_949 .array/port v0x5591a9d8e2a0, 949;
v0x5591a9d8e2a0_950 .array/port v0x5591a9d8e2a0, 950;
E_0x5591a9d58a40/237 .event anyedge, v0x5591a9d8e2a0_947, v0x5591a9d8e2a0_948, v0x5591a9d8e2a0_949, v0x5591a9d8e2a0_950;
v0x5591a9d8e2a0_951 .array/port v0x5591a9d8e2a0, 951;
v0x5591a9d8e2a0_952 .array/port v0x5591a9d8e2a0, 952;
v0x5591a9d8e2a0_953 .array/port v0x5591a9d8e2a0, 953;
v0x5591a9d8e2a0_954 .array/port v0x5591a9d8e2a0, 954;
E_0x5591a9d58a40/238 .event anyedge, v0x5591a9d8e2a0_951, v0x5591a9d8e2a0_952, v0x5591a9d8e2a0_953, v0x5591a9d8e2a0_954;
v0x5591a9d8e2a0_955 .array/port v0x5591a9d8e2a0, 955;
v0x5591a9d8e2a0_956 .array/port v0x5591a9d8e2a0, 956;
v0x5591a9d8e2a0_957 .array/port v0x5591a9d8e2a0, 957;
v0x5591a9d8e2a0_958 .array/port v0x5591a9d8e2a0, 958;
E_0x5591a9d58a40/239 .event anyedge, v0x5591a9d8e2a0_955, v0x5591a9d8e2a0_956, v0x5591a9d8e2a0_957, v0x5591a9d8e2a0_958;
v0x5591a9d8e2a0_959 .array/port v0x5591a9d8e2a0, 959;
v0x5591a9d8e2a0_960 .array/port v0x5591a9d8e2a0, 960;
v0x5591a9d8e2a0_961 .array/port v0x5591a9d8e2a0, 961;
v0x5591a9d8e2a0_962 .array/port v0x5591a9d8e2a0, 962;
E_0x5591a9d58a40/240 .event anyedge, v0x5591a9d8e2a0_959, v0x5591a9d8e2a0_960, v0x5591a9d8e2a0_961, v0x5591a9d8e2a0_962;
v0x5591a9d8e2a0_963 .array/port v0x5591a9d8e2a0, 963;
v0x5591a9d8e2a0_964 .array/port v0x5591a9d8e2a0, 964;
v0x5591a9d8e2a0_965 .array/port v0x5591a9d8e2a0, 965;
v0x5591a9d8e2a0_966 .array/port v0x5591a9d8e2a0, 966;
E_0x5591a9d58a40/241 .event anyedge, v0x5591a9d8e2a0_963, v0x5591a9d8e2a0_964, v0x5591a9d8e2a0_965, v0x5591a9d8e2a0_966;
v0x5591a9d8e2a0_967 .array/port v0x5591a9d8e2a0, 967;
v0x5591a9d8e2a0_968 .array/port v0x5591a9d8e2a0, 968;
v0x5591a9d8e2a0_969 .array/port v0x5591a9d8e2a0, 969;
v0x5591a9d8e2a0_970 .array/port v0x5591a9d8e2a0, 970;
E_0x5591a9d58a40/242 .event anyedge, v0x5591a9d8e2a0_967, v0x5591a9d8e2a0_968, v0x5591a9d8e2a0_969, v0x5591a9d8e2a0_970;
v0x5591a9d8e2a0_971 .array/port v0x5591a9d8e2a0, 971;
v0x5591a9d8e2a0_972 .array/port v0x5591a9d8e2a0, 972;
v0x5591a9d8e2a0_973 .array/port v0x5591a9d8e2a0, 973;
v0x5591a9d8e2a0_974 .array/port v0x5591a9d8e2a0, 974;
E_0x5591a9d58a40/243 .event anyedge, v0x5591a9d8e2a0_971, v0x5591a9d8e2a0_972, v0x5591a9d8e2a0_973, v0x5591a9d8e2a0_974;
v0x5591a9d8e2a0_975 .array/port v0x5591a9d8e2a0, 975;
v0x5591a9d8e2a0_976 .array/port v0x5591a9d8e2a0, 976;
v0x5591a9d8e2a0_977 .array/port v0x5591a9d8e2a0, 977;
v0x5591a9d8e2a0_978 .array/port v0x5591a9d8e2a0, 978;
E_0x5591a9d58a40/244 .event anyedge, v0x5591a9d8e2a0_975, v0x5591a9d8e2a0_976, v0x5591a9d8e2a0_977, v0x5591a9d8e2a0_978;
v0x5591a9d8e2a0_979 .array/port v0x5591a9d8e2a0, 979;
v0x5591a9d8e2a0_980 .array/port v0x5591a9d8e2a0, 980;
v0x5591a9d8e2a0_981 .array/port v0x5591a9d8e2a0, 981;
v0x5591a9d8e2a0_982 .array/port v0x5591a9d8e2a0, 982;
E_0x5591a9d58a40/245 .event anyedge, v0x5591a9d8e2a0_979, v0x5591a9d8e2a0_980, v0x5591a9d8e2a0_981, v0x5591a9d8e2a0_982;
v0x5591a9d8e2a0_983 .array/port v0x5591a9d8e2a0, 983;
v0x5591a9d8e2a0_984 .array/port v0x5591a9d8e2a0, 984;
v0x5591a9d8e2a0_985 .array/port v0x5591a9d8e2a0, 985;
v0x5591a9d8e2a0_986 .array/port v0x5591a9d8e2a0, 986;
E_0x5591a9d58a40/246 .event anyedge, v0x5591a9d8e2a0_983, v0x5591a9d8e2a0_984, v0x5591a9d8e2a0_985, v0x5591a9d8e2a0_986;
v0x5591a9d8e2a0_987 .array/port v0x5591a9d8e2a0, 987;
v0x5591a9d8e2a0_988 .array/port v0x5591a9d8e2a0, 988;
v0x5591a9d8e2a0_989 .array/port v0x5591a9d8e2a0, 989;
v0x5591a9d8e2a0_990 .array/port v0x5591a9d8e2a0, 990;
E_0x5591a9d58a40/247 .event anyedge, v0x5591a9d8e2a0_987, v0x5591a9d8e2a0_988, v0x5591a9d8e2a0_989, v0x5591a9d8e2a0_990;
v0x5591a9d8e2a0_991 .array/port v0x5591a9d8e2a0, 991;
v0x5591a9d8e2a0_992 .array/port v0x5591a9d8e2a0, 992;
v0x5591a9d8e2a0_993 .array/port v0x5591a9d8e2a0, 993;
v0x5591a9d8e2a0_994 .array/port v0x5591a9d8e2a0, 994;
E_0x5591a9d58a40/248 .event anyedge, v0x5591a9d8e2a0_991, v0x5591a9d8e2a0_992, v0x5591a9d8e2a0_993, v0x5591a9d8e2a0_994;
v0x5591a9d8e2a0_995 .array/port v0x5591a9d8e2a0, 995;
v0x5591a9d8e2a0_996 .array/port v0x5591a9d8e2a0, 996;
v0x5591a9d8e2a0_997 .array/port v0x5591a9d8e2a0, 997;
v0x5591a9d8e2a0_998 .array/port v0x5591a9d8e2a0, 998;
E_0x5591a9d58a40/249 .event anyedge, v0x5591a9d8e2a0_995, v0x5591a9d8e2a0_996, v0x5591a9d8e2a0_997, v0x5591a9d8e2a0_998;
v0x5591a9d8e2a0_999 .array/port v0x5591a9d8e2a0, 999;
v0x5591a9d8e2a0_1000 .array/port v0x5591a9d8e2a0, 1000;
v0x5591a9d8e2a0_1001 .array/port v0x5591a9d8e2a0, 1001;
v0x5591a9d8e2a0_1002 .array/port v0x5591a9d8e2a0, 1002;
E_0x5591a9d58a40/250 .event anyedge, v0x5591a9d8e2a0_999, v0x5591a9d8e2a0_1000, v0x5591a9d8e2a0_1001, v0x5591a9d8e2a0_1002;
v0x5591a9d8e2a0_1003 .array/port v0x5591a9d8e2a0, 1003;
v0x5591a9d8e2a0_1004 .array/port v0x5591a9d8e2a0, 1004;
v0x5591a9d8e2a0_1005 .array/port v0x5591a9d8e2a0, 1005;
v0x5591a9d8e2a0_1006 .array/port v0x5591a9d8e2a0, 1006;
E_0x5591a9d58a40/251 .event anyedge, v0x5591a9d8e2a0_1003, v0x5591a9d8e2a0_1004, v0x5591a9d8e2a0_1005, v0x5591a9d8e2a0_1006;
v0x5591a9d8e2a0_1007 .array/port v0x5591a9d8e2a0, 1007;
v0x5591a9d8e2a0_1008 .array/port v0x5591a9d8e2a0, 1008;
v0x5591a9d8e2a0_1009 .array/port v0x5591a9d8e2a0, 1009;
v0x5591a9d8e2a0_1010 .array/port v0x5591a9d8e2a0, 1010;
E_0x5591a9d58a40/252 .event anyedge, v0x5591a9d8e2a0_1007, v0x5591a9d8e2a0_1008, v0x5591a9d8e2a0_1009, v0x5591a9d8e2a0_1010;
v0x5591a9d8e2a0_1011 .array/port v0x5591a9d8e2a0, 1011;
v0x5591a9d8e2a0_1012 .array/port v0x5591a9d8e2a0, 1012;
v0x5591a9d8e2a0_1013 .array/port v0x5591a9d8e2a0, 1013;
v0x5591a9d8e2a0_1014 .array/port v0x5591a9d8e2a0, 1014;
E_0x5591a9d58a40/253 .event anyedge, v0x5591a9d8e2a0_1011, v0x5591a9d8e2a0_1012, v0x5591a9d8e2a0_1013, v0x5591a9d8e2a0_1014;
v0x5591a9d8e2a0_1015 .array/port v0x5591a9d8e2a0, 1015;
v0x5591a9d8e2a0_1016 .array/port v0x5591a9d8e2a0, 1016;
v0x5591a9d8e2a0_1017 .array/port v0x5591a9d8e2a0, 1017;
v0x5591a9d8e2a0_1018 .array/port v0x5591a9d8e2a0, 1018;
E_0x5591a9d58a40/254 .event anyedge, v0x5591a9d8e2a0_1015, v0x5591a9d8e2a0_1016, v0x5591a9d8e2a0_1017, v0x5591a9d8e2a0_1018;
v0x5591a9d8e2a0_1019 .array/port v0x5591a9d8e2a0, 1019;
v0x5591a9d8e2a0_1020 .array/port v0x5591a9d8e2a0, 1020;
v0x5591a9d8e2a0_1021 .array/port v0x5591a9d8e2a0, 1021;
v0x5591a9d8e2a0_1022 .array/port v0x5591a9d8e2a0, 1022;
E_0x5591a9d58a40/255 .event anyedge, v0x5591a9d8e2a0_1019, v0x5591a9d8e2a0_1020, v0x5591a9d8e2a0_1021, v0x5591a9d8e2a0_1022;
v0x5591a9d8e2a0_1023 .array/port v0x5591a9d8e2a0, 1023;
E_0x5591a9d58a40/256 .event anyedge, v0x5591a9d8e2a0_1023, v0x5591a9d8e1c0_0;
E_0x5591a9d58a40 .event/or E_0x5591a9d58a40/0, E_0x5591a9d58a40/1, E_0x5591a9d58a40/2, E_0x5591a9d58a40/3, E_0x5591a9d58a40/4, E_0x5591a9d58a40/5, E_0x5591a9d58a40/6, E_0x5591a9d58a40/7, E_0x5591a9d58a40/8, E_0x5591a9d58a40/9, E_0x5591a9d58a40/10, E_0x5591a9d58a40/11, E_0x5591a9d58a40/12, E_0x5591a9d58a40/13, E_0x5591a9d58a40/14, E_0x5591a9d58a40/15, E_0x5591a9d58a40/16, E_0x5591a9d58a40/17, E_0x5591a9d58a40/18, E_0x5591a9d58a40/19, E_0x5591a9d58a40/20, E_0x5591a9d58a40/21, E_0x5591a9d58a40/22, E_0x5591a9d58a40/23, E_0x5591a9d58a40/24, E_0x5591a9d58a40/25, E_0x5591a9d58a40/26, E_0x5591a9d58a40/27, E_0x5591a9d58a40/28, E_0x5591a9d58a40/29, E_0x5591a9d58a40/30, E_0x5591a9d58a40/31, E_0x5591a9d58a40/32, E_0x5591a9d58a40/33, E_0x5591a9d58a40/34, E_0x5591a9d58a40/35, E_0x5591a9d58a40/36, E_0x5591a9d58a40/37, E_0x5591a9d58a40/38, E_0x5591a9d58a40/39, E_0x5591a9d58a40/40, E_0x5591a9d58a40/41, E_0x5591a9d58a40/42, E_0x5591a9d58a40/43, E_0x5591a9d58a40/44, E_0x5591a9d58a40/45, E_0x5591a9d58a40/46, E_0x5591a9d58a40/47, E_0x5591a9d58a40/48, E_0x5591a9d58a40/49, E_0x5591a9d58a40/50, E_0x5591a9d58a40/51, E_0x5591a9d58a40/52, E_0x5591a9d58a40/53, E_0x5591a9d58a40/54, E_0x5591a9d58a40/55, E_0x5591a9d58a40/56, E_0x5591a9d58a40/57, E_0x5591a9d58a40/58, E_0x5591a9d58a40/59, E_0x5591a9d58a40/60, E_0x5591a9d58a40/61, E_0x5591a9d58a40/62, E_0x5591a9d58a40/63, E_0x5591a9d58a40/64, E_0x5591a9d58a40/65, E_0x5591a9d58a40/66, E_0x5591a9d58a40/67, E_0x5591a9d58a40/68, E_0x5591a9d58a40/69, E_0x5591a9d58a40/70, E_0x5591a9d58a40/71, E_0x5591a9d58a40/72, E_0x5591a9d58a40/73, E_0x5591a9d58a40/74, E_0x5591a9d58a40/75, E_0x5591a9d58a40/76, E_0x5591a9d58a40/77, E_0x5591a9d58a40/78, E_0x5591a9d58a40/79, E_0x5591a9d58a40/80, E_0x5591a9d58a40/81, E_0x5591a9d58a40/82, E_0x5591a9d58a40/83, E_0x5591a9d58a40/84, E_0x5591a9d58a40/85, E_0x5591a9d58a40/86, E_0x5591a9d58a40/87, E_0x5591a9d58a40/88, E_0x5591a9d58a40/89, E_0x5591a9d58a40/90, E_0x5591a9d58a40/91, E_0x5591a9d58a40/92, E_0x5591a9d58a40/93, E_0x5591a9d58a40/94, E_0x5591a9d58a40/95, E_0x5591a9d58a40/96, E_0x5591a9d58a40/97, E_0x5591a9d58a40/98, E_0x5591a9d58a40/99, E_0x5591a9d58a40/100, E_0x5591a9d58a40/101, E_0x5591a9d58a40/102, E_0x5591a9d58a40/103, E_0x5591a9d58a40/104, E_0x5591a9d58a40/105, E_0x5591a9d58a40/106, E_0x5591a9d58a40/107, E_0x5591a9d58a40/108, E_0x5591a9d58a40/109, E_0x5591a9d58a40/110, E_0x5591a9d58a40/111, E_0x5591a9d58a40/112, E_0x5591a9d58a40/113, E_0x5591a9d58a40/114, E_0x5591a9d58a40/115, E_0x5591a9d58a40/116, E_0x5591a9d58a40/117, E_0x5591a9d58a40/118, E_0x5591a9d58a40/119, E_0x5591a9d58a40/120, E_0x5591a9d58a40/121, E_0x5591a9d58a40/122, E_0x5591a9d58a40/123, E_0x5591a9d58a40/124, E_0x5591a9d58a40/125, E_0x5591a9d58a40/126, E_0x5591a9d58a40/127, E_0x5591a9d58a40/128, E_0x5591a9d58a40/129, E_0x5591a9d58a40/130, E_0x5591a9d58a40/131, E_0x5591a9d58a40/132, E_0x5591a9d58a40/133, E_0x5591a9d58a40/134, E_0x5591a9d58a40/135, E_0x5591a9d58a40/136, E_0x5591a9d58a40/137, E_0x5591a9d58a40/138, E_0x5591a9d58a40/139, E_0x5591a9d58a40/140, E_0x5591a9d58a40/141, E_0x5591a9d58a40/142, E_0x5591a9d58a40/143, E_0x5591a9d58a40/144, E_0x5591a9d58a40/145, E_0x5591a9d58a40/146, E_0x5591a9d58a40/147, E_0x5591a9d58a40/148, E_0x5591a9d58a40/149, E_0x5591a9d58a40/150, E_0x5591a9d58a40/151, E_0x5591a9d58a40/152, E_0x5591a9d58a40/153, E_0x5591a9d58a40/154, E_0x5591a9d58a40/155, E_0x5591a9d58a40/156, E_0x5591a9d58a40/157, E_0x5591a9d58a40/158, E_0x5591a9d58a40/159, E_0x5591a9d58a40/160, E_0x5591a9d58a40/161, E_0x5591a9d58a40/162, E_0x5591a9d58a40/163, E_0x5591a9d58a40/164, E_0x5591a9d58a40/165, E_0x5591a9d58a40/166, E_0x5591a9d58a40/167, E_0x5591a9d58a40/168, E_0x5591a9d58a40/169, E_0x5591a9d58a40/170, E_0x5591a9d58a40/171, E_0x5591a9d58a40/172, E_0x5591a9d58a40/173, E_0x5591a9d58a40/174, E_0x5591a9d58a40/175, E_0x5591a9d58a40/176, E_0x5591a9d58a40/177, E_0x5591a9d58a40/178, E_0x5591a9d58a40/179, E_0x5591a9d58a40/180, E_0x5591a9d58a40/181, E_0x5591a9d58a40/182, E_0x5591a9d58a40/183, E_0x5591a9d58a40/184, E_0x5591a9d58a40/185, E_0x5591a9d58a40/186, E_0x5591a9d58a40/187, E_0x5591a9d58a40/188, E_0x5591a9d58a40/189, E_0x5591a9d58a40/190, E_0x5591a9d58a40/191, E_0x5591a9d58a40/192, E_0x5591a9d58a40/193, E_0x5591a9d58a40/194, E_0x5591a9d58a40/195, E_0x5591a9d58a40/196, E_0x5591a9d58a40/197, E_0x5591a9d58a40/198, E_0x5591a9d58a40/199, E_0x5591a9d58a40/200, E_0x5591a9d58a40/201, E_0x5591a9d58a40/202, E_0x5591a9d58a40/203, E_0x5591a9d58a40/204, E_0x5591a9d58a40/205, E_0x5591a9d58a40/206, E_0x5591a9d58a40/207, E_0x5591a9d58a40/208, E_0x5591a9d58a40/209, E_0x5591a9d58a40/210, E_0x5591a9d58a40/211, E_0x5591a9d58a40/212, E_0x5591a9d58a40/213, E_0x5591a9d58a40/214, E_0x5591a9d58a40/215, E_0x5591a9d58a40/216, E_0x5591a9d58a40/217, E_0x5591a9d58a40/218, E_0x5591a9d58a40/219, E_0x5591a9d58a40/220, E_0x5591a9d58a40/221, E_0x5591a9d58a40/222, E_0x5591a9d58a40/223, E_0x5591a9d58a40/224, E_0x5591a9d58a40/225, E_0x5591a9d58a40/226, E_0x5591a9d58a40/227, E_0x5591a9d58a40/228, E_0x5591a9d58a40/229, E_0x5591a9d58a40/230, E_0x5591a9d58a40/231, E_0x5591a9d58a40/232, E_0x5591a9d58a40/233, E_0x5591a9d58a40/234, E_0x5591a9d58a40/235, E_0x5591a9d58a40/236, E_0x5591a9d58a40/237, E_0x5591a9d58a40/238, E_0x5591a9d58a40/239, E_0x5591a9d58a40/240, E_0x5591a9d58a40/241, E_0x5591a9d58a40/242, E_0x5591a9d58a40/243, E_0x5591a9d58a40/244, E_0x5591a9d58a40/245, E_0x5591a9d58a40/246, E_0x5591a9d58a40/247, E_0x5591a9d58a40/248, E_0x5591a9d58a40/249, E_0x5591a9d58a40/250, E_0x5591a9d58a40/251, E_0x5591a9d58a40/252, E_0x5591a9d58a40/253, E_0x5591a9d58a40/254, E_0x5591a9d58a40/255, E_0x5591a9d58a40/256;
    .scope S_0x5591a9d1f490;
T_0 ;
    %pushi/vec4 78467, 0, 32;
    %ix/load 4, 0, 0;
    %flag_set/imm 4, 0;
    %store/vec4a v0x5591a9d8e2a0, 4, 0;
    %pushi/vec4 1127171, 0, 32;
    %ix/load 4, 1, 0;
    %flag_set/imm 4, 0;
    %store/vec4a v0x5591a9d8e2a0, 4, 0;
    %pushi/vec4 5440051, 0, 32;
    %ix/load 4, 2, 0;
    %flag_set/imm 4, 0;
    %store/vec4a v0x5591a9d8e2a0, 4, 0;
    %pushi/vec4 2175875, 0, 32;
    %ix/load 4, 0, 0;
    %flag_set/imm 4, 0;
    %store/vec4a v0x5591a9d8e2a0, 4, 0;
    %pushi/vec4 7471667, 0, 32;
    %ix/load 4, 4, 0;
    %flag_set/imm 4, 0;
    %store/vec4a v0x5591a9d8e2a0, 4, 0;
    %pushi/vec4 3224579, 0, 32;
    %ix/load 4, 5, 0;
    %flag_set/imm 4, 0;
    %store/vec4a v0x5591a9d8e2a0, 4, 0;
    %pushi/vec4 8520243, 0, 32;
    %ix/load 4, 6, 0;
    %flag_set/imm 4, 0;
    %store/vec4a v0x5591a9d8e2a0, 4, 0;
    %pushi/vec4 4273283, 0, 32;
    %ix/load 4, 7, 0;
    %flag_set/imm 4, 0;
    %store/vec4a v0x5591a9d8e2a0, 4, 0;
    %pushi/vec4 9568819, 0, 32;
    %ix/load 4, 8, 0;
    %flag_set/imm 4, 0;
    %store/vec4a v0x5591a9d8e2a0, 4, 0;
    %pushi/vec4 4304931, 0, 32;
    %ix/load 4, 9, 0;
    %flag_set/imm 4, 0;
    %store/vec4a v0x5591a9d8e2a0, 4, 0;
    %pushi/vec4 111875, 0, 32;
    %ix/load 4, 10, 0;
    %flag_set/imm 4, 0;
    %store/vec4a v0x5591a9d8e2a0, 4, 0;
    %pushi/vec4 10814771, 0, 32;
    %ix/load 4, 11, 0;
    %flag_set/imm 4, 0;
    %store/vec4a v0x5591a9d8e2a0, 4, 0;
    %pushi/vec4 10596387, 0, 32;
    %ix/load 4, 12, 0;
    %flag_set/imm 4, 0;
    %store/vec4a v0x5591a9d8e2a0, 4, 0;
    %end;
    .thread T_0;
    .scope S_0x5591a9d1f490;
T_1 ;
    %wait E_0x5591a9d58a40;
    %load/vec4 v0x5591a9d98350_0;
    %parti/s 7, 0, 2;
    %ix/load 5, 2, 0;
    %flag_set/imm 4, 0;
    %shiftr 5;
    %pad/u 12;
    %ix/vec4 4;
    %load/vec4a v0x5591a9d8e2a0, 4;
    %store/vec4 v0x5591a9d8e1c0_0, 0, 32;
    %load/vec4 v0x5591a9d8e1c0_0;
    %store/vec4 v0x5591a9d21400_0, 0, 32;
    %jmp T_1;
    .thread T_1, $push;
# The file index is used to find the file name in the following table.
:file_names 3;
    "N/A";
    "<interactive>";
    "instructions.v";
